18/12/12 09:35:49.492 017 W1 <D> <f:CoreApplication> starting ...........................................  
18/12/12 09:35:49.517 017 W1 <D> <f:CoreApplication> bean-info xml files
C:\Users\CP\Downloads\workspace\coreframe-webponent\out\artifacts\coreframe_webponent_Web_exploded\WEB-INF\coreframe\service\base.xml
C:\Users\CP\Downloads\workspace\coreframe-webponent\out\artifacts\coreframe_webponent_Web_exploded\WEB-INF\coreframe\service\adapters\dbms.xml
C:\Users\CP\Downloads\workspace\coreframe-webponent\out\artifacts\coreframe_webponent_Web_exploded\WEB-INF\coreframe\service\adapters\file.xml
C:\Users\CP\Downloads\workspace\coreframe-webponent\out\artifacts\coreframe_webponent_Web_exploded\WEB-INF\coreframe\service\adapters\http.xml
C:\Users\CP\Downloads\workspace\coreframe-webponent\out\artifacts\coreframe_webponent_Web_exploded\WEB-INF\coreframe\service\adapters\java.xml
C:\Users\CP\Downloads\workspace\coreframe-webponent\out\artifacts\coreframe_webponent_Web_exploded\WEB-INF\coreframe\service\adapters\mail.xml
C:\Users\CP\Downloads\workspace\coreframe-webponent\out\artifacts\coreframe_webponent_Web_exploded\WEB-INF\coreframe\service\adapters\soap.xml
C:\Users\CP\Downloads\workspace\coreframe-webponent\out\artifacts\coreframe_webponent_Web_exploded\WEB-INF\coreframe\service\web\filter.xml
C:\Users\CP\Downloads\workspace\coreframe-webponent\out\artifacts\coreframe_webponent_Web_exploded\WEB-INF\coreframe\service\web\naming.xml
C:\Users\CP\Downloads\workspace\coreframe-webponent\out\artifacts\coreframe_webponent_Web_exploded\WEB-INF\coreframe\service\web\security.xml
C:\Users\CP\Downloads\workspace\coreframe-webponent\out\artifacts\coreframe_webponent_Web_exploded\WEB-INF\coreframe\service\web\servlet.xml
C:\Users\CP\Downloads\workspace\coreframe-webponent\out\artifacts\coreframe_webponent_Web_exploded\WEB-INF\coreframe\service\web\thymeleaf.xml
C:\Users\CP\Downloads\workspace\coreframe-webponent\out\artifacts\coreframe_webponent_Web_exploded\WEB-INF\coreframe\service\web\transform.xml
C:\Users\CP\Downloads\workspace\coreframe-webponent\out\artifacts\coreframe_webponent_Web_exploded\WEB-INF\coreframe\service\web\web-sitemap.xml
C:\Users\CP\Downloads\workspace\coreframe-webponent\out\artifacts\coreframe_webponent_Web_exploded\WEB-INF\coreframe\service\event\server-event-listener.xml
C:\Users\CP\Downloads\workspace\coreframe-webponent\out\artifacts\coreframe_webponent_Web_exploded\WEB-INF\coreframe\service\schedule\schedule.xml
C:\Users\CP\Downloads\workspace\coreframe-webponent\out\artifacts\coreframe_webponent_Web_exploded\WEB-INF\coreframe\service\apm\performance-pack.xml

18/12/12 09:35:49.851 017 W1 <D> bean-info filePath: C:\Users\CP\Downloads\workspace\coreframe-webponent\out\artifacts\coreframe_webponent_Web_exploded\WEB-INF\coreframe\service\base.xml
  #coreframe.serviceManager	coreframe.service.ServiceManager true
  #coreframe.dbPoolService	coreframe.db.DbPoolService true
  #corelogic.connectionFactory	corelogic.adapter.BaseConnectionFactory true
  #corelogic.adapterService	corelogic.spi.management.AdapterManagementService true
18/12/12 09:35:50.033 017 W1 <D> bean-info filePath: C:\Users\CP\Downloads\workspace\coreframe-webponent\out\artifacts\coreframe_webponent_Web_exploded\WEB-INF\coreframe\service\adapters\dbms.xml
  #adapter.dbms	corelogic.adapter.dbms.ResourceAdapterImpl true
18/12/12 09:35:50.076 017 W1 <D> bean-info filePath: C:\Users\CP\Downloads\workspace\coreframe-webponent\out\artifacts\coreframe_webponent_Web_exploded\WEB-INF\coreframe\service\adapters\file.xml
  #adapter.file	corelogic.adapter.file.ResourceAdapterImpl true
  #adapter.file2	corelogic.adapter.file.ResourceAdapterImpl true
  #adapter.file3	corelogic.adapter.file.ResourceAdapterImpl true
18/12/12 09:35:50.081 017 W1 <D> bean-info filePath: C:\Users\CP\Downloads\workspace\coreframe-webponent\out\artifacts\coreframe_webponent_Web_exploded\WEB-INF\coreframe\service\adapters\http.xml
  #adapter.http	corelogic.adapter.http.HttpResourceAdapter true
18/12/12 09:35:50.090 017 W1 <D> bean-info filePath: C:\Users\CP\Downloads\workspace\coreframe-webponent\out\artifacts\coreframe_webponent_Web_exploded\WEB-INF\coreframe\service\adapters\java.xml
  #adapter.java	corelogic.adapter.java.ResourceAdapterImtpl true
18/12/12 09:35:50.103 017 W1 <D> bean-info filePath: C:\Users\CP\Downloads\workspace\coreframe-webponent\out\artifacts\coreframe_webponent_Web_exploded\WEB-INF\coreframe\service\adapters\mail.xml
  #adapter.mail	corelogic.adapter.mail.ResourceAdapterImpl true
18/12/12 09:35:50.221 017 W1 <D> bean-info filePath: C:\Users\CP\Downloads\workspace\coreframe-webponent\out\artifacts\coreframe_webponent_Web_exploded\WEB-INF\coreframe\service\adapters\soap.xml
  #adapter.soap	corelogic.adapter.http.HttpResourceAdapter true
18/12/12 09:35:50.222 017 W1 <D> bean-info filePath: C:\Users\CP\Downloads\workspace\coreframe-webponent\out\artifacts\coreframe_webponent_Web_exploded\WEB-INF\coreframe\service\web\filter.xml
18/12/12 09:35:50.263 017 W1 <D> bean-info filePath: C:\Users\CP\Downloads\workspace\coreframe-webponent\out\artifacts\coreframe_webponent_Web_exploded\WEB-INF\coreframe\service\web\naming.xml
  #coreframe.namingTemplate	coreframe.db.meta.CsvNamingTemplate true
  #coreframe.bldManager	corelogic.spi.admin.DbmsBldManager true
18/12/12 09:35:50.312 017 W1 <D> bean-info filePath: C:\Users\CP\Downloads\workspace\coreframe-webponent\out\artifacts\coreframe_webponent_Web_exploded\WEB-INF\coreframe\service\web\security.xml
  #coreframe.webSecurityManager	coreframe.security.impl.EsapiSecurityManager true
  #coreview.defaultWebAuthorizer	coreframe.security.impl.DefaultFrameworkAdminAuthorizer true
18/12/12 09:35:50.399 017 W1 <D> bean-info filePath: C:\Users\CP\Downloads\workspace\coreframe-webponent\out\artifacts\coreframe_webponent_Web_exploded\WEB-INF\coreframe\service\web\servlet.xml
  #corelogic.httpCommandManager	corelogic.servlet.CommandManager true
  #corelogic.BldExecutorCommand	corelogic.servlet.command.BldExecutorCommand true
  #corelogic.BldSchemaCommand	corelogic.servlet.command.BldSchemaCommand true
  #corelogic.codeGenCommand	corelogic.servlet.command.CodeGenCommand true
18/12/12 09:35:50.413 017 W1 <D> bean-info filePath: C:\Users\CP\Downloads\workspace\coreframe-webponent\out\artifacts\coreframe_webponent_Web_exploded\WEB-INF\coreframe\service\web\thymeleaf.xml
  #thymeleaf	coreview.thymeleaf.ThymeleafViewTemplateEngine true
18/12/12 09:35:50.920 017 W1 <D> bean-info filePath: C:\Users\CP\Downloads\workspace\coreframe-webponent\out\artifacts\coreframe_webponent_Web_exploded\WEB-INF\coreframe\service\web\transform.xml
  #transform.xml	corelogic.transform.impl.XmlTransformerImpl false
  #transform.soap	corelogic.transform.impl.SoapTransformerImpl false
  #transform.json	corelogic.transform.impl.JSONTransformerImpl false
  #transform.htm	corelogic.transform.impl.HtmlTransformerImpl false
  #transform.html	corelogic.transform.impl.HtmlTransformerImpl false
  #transform.xhtml	corelogic.transform.impl.XhtmlTransformerImpl false
  #transform.cvs	corelogic.transform.impl.CommaTransformerImpl false
  #transform.txt	corelogic.transform.impl.TabSplitTextTransformerImpl false
  #transform.binary	corelogic.transform.impl.BinaryTransformerImpl false
  #schemaTransform.xml	corelogic.transform.schema.impl.XmlSchemaTransformer true
  #schemaTransform.xsd	corelogic.transform.schema.impl.XsdSchemaTransformer true
  #schemaTransform.wsdl	corelogic.transform.schema.impl.WsdlSchemaTransformer true
  #schemaTransform.json	corelogic.transform.schema.impl.JSONSchemaTransformer true
  #corelogic.sourceGenerator.jsp	corelogic.transform.sourcecode.impl.JspSourceGenerator true
  #corelogic.sourceGenerator.jstl	corelogic.transform.sourcecode.impl.JstlSourceGenerator true
  #corelogic.sourceGenerator.ajax	corelogic.transform.sourcecode.impl.AjaxSourceGenerator true
18/12/12 09:35:51.031 017 W1 <D> bean-info filePath: C:\Users\CP\Downloads\workspace\coreframe-webponent\out\artifacts\coreframe_webponent_Web_exploded\WEB-INF\coreframe\service\web\web-sitemap.xml
  #coreview.layout.dao	coreview.layout.dao.XmlFileDao true
  #coreview.menuDao	coreview.menu.dao.XmlMenuDao true
  #coreview.layout.layoutMgr	coreview.layout.LayoutManager true
  #coreview.menuMgr	coreview.menu.bean.MenuMgrBean true
  #coreview.WebsiteManagementService	coreview.WebsiteManagementService true
  #coreview.WebPagePublisher	coreview.menu.WebPagePublisher true
  #coreview.urlRouteService	coreview.route.impl.RESTfulRouteService true
  #coreview.ElementManagerService	coreview.layout.element.impl.ElementManagerServiceImpl true
  #service.less.lessCompileService	coreframe.service.less.LessService true
18/12/12 09:35:51.105 017 W1 <D> bean-info filePath: C:\Users\CP\Downloads\workspace\coreframe-webponent\out\artifacts\coreframe_webponent_Web_exploded\WEB-INF\coreframe\service\event\server-event-listener.xml
  #coreframe.eventManager	coreframe.service.event.FrameworkEventManagerImpl true
  #coreframe.event.webpageAccess	coreframe.service.event.listener.WebpageAccessEventListener true
18/12/12 09:35:51.109 017 W1 <D> bean-info filePath: C:\Users\CP\Downloads\workspace\coreframe-webponent\out\artifacts\coreframe_webponent_Web_exploded\WEB-INF\coreframe\service\schedule\schedule.xml
  #corelogic.ScheduleService	corelogic.schedule.ScheduleService true
18/12/12 09:35:51.137 017 W1 <D> bean-info filePath: C:\Users\CP\Downloads\workspace\coreframe-webponent\out\artifacts\coreframe_webponent_Web_exploded\WEB-INF\coreframe\service\apm\performance-pack.xml
  #coreframe.service.performance	coreframe.service.performance.PerformanceMonitorService true
  #coreframe.event.listener.chkPerform	coreframe.service.event.listener.PerformanceCheckListener true
  #coreframe.event.listener.chkPerformBld	coreframe.service.event.listener.BldProcessEventListener true
  #coreframe.event.processDelay	coreframe.service.event.listener.ProcessDelayEventListener true
  #coreframe.event.listener.webpageError	coreframe.service.event.listener.WebpageErrorEventListener true
  #coreframe.event.sessionMonitor	coreframe.service.monitor.WebuserCounter true18/12/12 09:35:49.474 017 W1 <S> <f:CoreApplication> coreFRAME 5.0.266
18/12/12 09:35:49.492 017 W1 <S> <f:CoreApplication> coreFRAME jar:file:/C:/Users/CP/Downloads/workspace/coreframe-webponent/out/artifacts/coreframe_webponent_Web_exploded/WEB-INF/lib/coreframe-core-5.0.20.jar!/coreframe/CoreApplication.class
18/12/12 09:35:49.518 017 W1 <S> * coreFRAME thread pool number:10
18/12/12 09:35:49.519 017 W1 <S> <f:CoreApplication> beanFactory:coreframe.beans.DefaultBeanFactory

18/12/12 09:35:51.628 017 W1 <D> <f:FrameworkEventManager> scope:cf:webuserWebpageError class:coreframe.service.event.listener.WebpageErrorEventListener
18/12/12 09:35:51.636 017 W1 <D> <f:FrameworkEventManager> scope:cf:webuserWebpageAccess class:coreframe.service.event.listener.PerformanceCheckListener
18/12/12 09:35:52.532 017 W1 <D> <f:FrameworkEventManager> scope:cf:corelogicBldProcess class:coreframe.service.event.listener.BldProcessEventListener
18/12/12 09:35:52.515 017 W1 <I> <l:AdapterManagementService> regist adapter : file-reader-binary
18/12/12 09:35:52.574 017 W1 <I> <l:AdapterManagementService> regist adapter : soap
18/12/12 09:35:52.574 017 W1 <I> <f:EsapiSecurityManager> set homeDir [org.owasp.esapi.resources]C:\Users\CP\Downloads\workspace\coreframe-webponent\out\artifacts\coreframe_webponent_Web_exploded\WEB-INF\coreframe\security
18/12/12 09:35:52.826 017 W1 <I> <f:EsapiSecurityManager> skipUrlRegExp:/apps/admin
18/12/12 09:35:51.753 017 W1 <S> <f:ServiceManager> regist service:PerformanceMonitorService
18/12/12 09:35:52.473 017 W1 <S> <f:ServiceManager> regist service:ScheduleService
18/12/12 09:35:52.515 017 W1 <S> <f:ServiceManager> regist service:businessLogicService
18/12/12 09:35:52.831 017 W1 <S> <f:ServiceManager> regist service:LessService
18/12/12 09:35:52.852 017 W1 <S> <f:ServiceManager> regist service:DbPooling Service
18/12/12 09:35:52.836 017 W1 <I> <l:AdapterManagementService> regist adapter : http
18/12/12 09:35:52.839 017 W1 <I> <l:AdapterManagementService> regist adapter : file-reader
18/12/12 09:35:52.846 017 W1 <I> <l:AdapterManagementService> regist adapter : file-writer
18/12/12 09:35:52.891 017 W1 <I> corelogic.adapter.dbms.ProcessorFactoryImpl instance create
18/12/12 09:35:52.892 017 W1 <I> <l:AdapterManagementService> regist adapter : dbms
18/12/12 09:35:52.860 017 W1 <S> <f:ServiceManager> regist service:ElementManagerServiceImpl
18/12/12 09:35:52.905 017 W1 <S> <f:ServiceManager> regist service:WebPagePublisher
18/12/12 09:35:52.910 017 W1 <S> <f:ServiceManager> regist service:WebsiteManagementService
18/12/12 09:35:52.935 017 W1 <S> <f:ServiceManager> regist service:RESTfulRouteService
18/12/12 09:35:52.984 017 W1 <S> <f:CoreApplication> supportJTA:false use JdbcTransaction
18/12/12 09:35:52.538 017 W1 <D> <f:FrameworkEventManager> scope:cf:webuserSessionCreate class:coreframe.service.monitor.WebuserCounter
18/12/12 09:35:52.538 017 W1 <D> <f:FrameworkEventManager> scope:cf:webuserSessionDestory class:coreframe.service.monitor.WebuserCounter
18/12/12 09:35:52.548 017 W1 <D> <f:FrameworkEventManager> scope:cf:webuserProcessDelay class:coreframe.service.event.listener.ProcessDelayEventListener
18/12/12 09:35:53.100 017 W1 <D> <v:ElementManagerService> regist element:calendar
18/12/12 09:35:53.101 017 W1 <D> <v:ElementManagerService> regist element:chart
18/12/12 09:35:53.104 017 W1 <D> <v:ElementManagerService> regist element:coreframe-client
18/12/12 09:35:53.105 017 W1 <D> <v:ElementManagerService> regist element:data-bind
18/12/12 09:35:53.108 017 W1 <D> <v:ElementManagerService> regist element:chart_comm
18/12/12 09:35:53.194 017 W1 <D> <v:ElementManagerService> regist element:chart
18/12/12 09:35:53.198 017 W1 <D> <v:ElementManagerService> regist element:grid
18/12/12 09:35:53.200 017 W1 <D> <v:ElementManagerService> regist element:tab.pc
18/12/12 09:35:53.200 017 W1 <D> <v:ElementManagerService> regist element:tab.mobile
18/12/12 09:35:53.201 017 W1 <D> <v:ElementManagerService> regist element:tab.tablet
18/12/12 09:35:53.201 017 W1 <D> <v:ElementManagerService> regist element:dialog.pc
18/12/12 09:35:53.201 017 W1 <D> <v:ElementManagerService> regist element:dialog.tablet
18/12/12 09:35:53.202 017 W1 <D> <v:ElementManagerService> regist element:dialog.mobile
18/12/12 09:35:53.203 017 W1 <D> <v:ElementManagerService> regist element:websocket.pc
18/12/12 09:35:53.203 017 W1 <D> <v:ElementManagerService> regist element:websocket.mobile
18/12/12 09:35:53.203 017 W1 <D> <v:ElementManagerService> regist element:websocket.tablet
18/12/12 09:35:53.205 017 W1 <D> <v:ElementManagerService> regist element:websocket.tablet-low
18/12/12 09:35:53.205 017 W1 <D> <v:ElementManagerService> regist element:jquery
18/12/12 09:35:53.207 017 W1 <D> <v:ElementManagerService> regist element:bootstrap
18/12/12 09:35:53.208 017 W1 <D> <v:ElementManagerService> regist element:codemirror
18/12/12 09:35:53.208 017 W1 <D> <v:ElementManagerService> regist element:hammer
18/12/12 09:35:53.209 017 W1 <D> <v:ElementManagerService> regist element:less
18/12/12 09:35:53.209 017 W1 <D> <v:ElementManagerService> regist element:underscore
18/12/12 09:35:53.209 017 W1 <D> <v:ElementManagerService> regist element:getDevice.pc
18/12/12 09:35:53.210 017 W1 <D> <v:ElementManagerService> regist element:getDevice.mobile
18/12/12 09:35:53.211 017 W1 <D> <v:ElementManagerService> regist element:getDevice.tablet
18/12/12 09:35:53.212 017 W1 <D> <v:ElementManagerService> regist element:getDevice.tablet-low
18/12/12 09:35:53.220 017 W1 <D> <f:ConnectionManager> derbyPool : coreframe.db.jdbc.CacheDriver
18/12/12 09:35:53.997 017 W1 <D> [JDBC Pool:derbyPool] init
18/12/12 09:35:54.004 017 W1 <D> [JDBC Pool:derbyPool] * info:{}
18/12/12 09:35:54.004 017 W1 <D> [JDBC Pool:derbyPool] * url:jdbc:derby:C:\Users\CP\Downloads\workspace\coreframe-webponent\out\artifacts\coreframe_webponent_Web_exploded\WEB-INF\coreframe/_work/filedb/samples
18/12/12 09:35:54.005 017 W1 <D> [JDBC Pool:derbyPool] info:{}
18/12/12 09:35:55.410 017 W1 <D> <f:ConnectionManager> getConnection [JDBC] derbyPool coreframe.db.jdbc.CacheConnection@4e61311a
18/12/12 09:35:55.427 017 W1 <D> <f:ConnectionManager> cf-system : coreframe.db.jdbc.CacheDriver
18/12/12 09:35:55.427 017 W1 <D> [JDBC Pool:cf-system] init
18/12/12 09:35:55.427 017 W1 <D> [JDBC Pool:cf-system] * info:{}
18/12/12 09:35:52.919 017 W1 <I> <l:AdapterManagementService> regist adapter : java
18/12/12 09:35:52.983 017 W1 <I> <l:AdapterManagementService> regist adapter : mail
18/12/12 09:35:53.212 017 W1 <I> <v:ElementManagerService> load element info
18/12/12 09:35:53.217 017 W1 <I> <f:ConnectionManager>  use default url:derbyPool
18/12/12 09:35:55.408 017 W1 <I> [JDBC Pool:derbyPool] 1 connection created.
18/12/12 09:35:55.426 017 W1 <I> <f:DbPoolService> connection test OK:derbyPool
18/12/12 09:35:55.880 017 W1 <I> [JDBC Pool:cf-system] 1 connection created.
18/12/12 09:35:55.881 017 W1 <I> <f:DbPoolService> connection test OK:cf-system
18/12/12 09:35:55.891 017 W1 <I> <l:BLContextFactory> check_interval_time:1000
18/12/12 09:35:55.892 017 W1 <I> <l:BLContextFactory> initLoadBldMode:normal
18/12/12 09:35:52.984 017 W1 <S> <f:CoreApplication> init - complete
18/12/12 09:35:53.015 017 W1 <S> <f:ServiceManager> start service:PerformanceMonitorService
18/12/12 09:35:53.214 017 W1 <S> <f:ServiceManager> start service:ElementManagerServiceImpl
18/12/12 09:35:53.972 017 W1 <S> <CacheDriver> regist ConnectionPool : derbyPool
18/12/12 09:35:55.427 017 W1 <S> <CacheDriver> regist ConnectionPool : cf-system
18/12/12 09:35:55.881 017 W1 <S> <f:ServiceManager> start service:DbPooling Service
18/12/12 09:35:55.892 017 W1 <I> <l:BLContextFactory> load schema root dir : C:\Users\CP\Downloads\workspace\coreframe-webponent\out\artifacts\coreframe_webponent_Web_exploded\WEB-INF\coreframe\bld
18/12/12 09:35:55.892 017 W1 <I> <l:AdapterManagementService> adapter start : file-writer
18/12/12 09:35:55.892 017 W1 <I> <l:AdapterManagementService> adapter start : java
18/12/12 09:35:55.892 017 W1 <I> <adapter> Java adapter start
18/12/12 09:35:55.892 017 W1 <I> <l:AdapterManagementService> adapter start : file-reader-binary
18/12/12 09:35:55.892 017 W1 <I> <l:AdapterManagementService> adapter start : mail
18/12/12 09:35:55.892 017 W1 <I> <adapter> Mail adapter start
18/12/12 09:35:55.893 017 W1 <I> <l:AdapterManagementService> adapter start : file-reader
18/12/12 09:35:55.893 017 W1 <I> <l:AdapterManagementService> adapter start : http
18/12/12 09:35:55.893 017 W1 <I> <adapter> Http adapter start
18/12/12 09:35:55.894 017 W1 <I> <l:AdapterManagementService> adapter start : dbms
18/12/12 09:35:55.894 017 W1 <I> <adapter> DBMS adapter start
18/12/12 09:35:55.894 017 W1 <I> <l:AdapterManagementService> adapter start : soap
18/12/12 09:35:55.894 017 W1 <I> <adapter> Http adapter start
18/12/12 09:35:55.907 017 W1 <I> <v:RESTfulRouteService> REG C:\Users\CP\Downloads\workspace\coreframe-webponent\out\artifacts\coreframe_webponent_Web_exploded\WEB-INF\coreframe\web\url-route\admin.xml
18/12/12 09:35:55.925 017 W1 <I> <v:RESTfulRouteService> REG C:\Users\CP\Downloads\workspace\coreframe-webponent\out\artifacts\coreframe_webponent_Web_exploded\WEB-INF\coreframe\web\url-route\sample.xml
18/12/12 09:35:55.961 017 W1 <I> <t:XmlFileDao> regist [default] /templets/default/templet.jsp
18/12/12 09:35:55.962 017 W1 <I> <t:XmlFileDao> regist [admin] /templets/admin/templet.jsp
18/12/12 09:35:55.963 017 W1 <I> <t:XmlFileDao> regist [mobile] /templets/mobile/templet.jsp
18/12/12 09:35:55.427 017 W1 <D> [JDBC Pool:cf-system] * url:jdbc:derby:C:\Users\CP\Downloads\workspace\coreframe-webponent\out\artifacts\coreframe_webponent_Web_exploded\WEB-INF\coreframe/_work/filedb/admin
18/12/12 09:35:55.428 017 W1 <D> [JDBC Pool:cf-system] info:{}
18/12/12 09:35:55.881 017 W1 <D> <f:ConnectionManager> getConnection [JDBC] cf-system coreframe.db.jdbc.CacheConnection@57a8b451
18/12/12 09:35:55.963 017 W1 <I> <t:XmlFileDao> regist [advance] /templets/default/templet.jsp
18/12/12 09:35:56.002 017 W1 <I> <t:XmlFileDao> regist [no-apply] null
18/12/12 09:35:56.003 017 W1 <I> <t:XmlFileDao> regist [wts] /WEB-APP/wts/templets/desktop/templet.jsp
18/12/12 09:35:56.004 017 W1 <I> <t:XmlFileDao> regist [pub] /templets/pub/pcTemplet.jsp
18/12/12 09:35:56.005 017 W1 <I> <t:XmlFileDao> regist [builder] /WEB-APP/builder/templets/pcUtestTemplet.jsp
18/12/12 09:35:55.892 017 W1 <S> <l:AdapterManagementService> regist adapter count 8
18/12/12 09:35:55.894 017 W1 <S> <f:ServiceManager> start service:businessLogicService
18/12/12 09:35:55.931 017 W1 <S> <f:ServiceManager> start service:RESTfulRouteService
18/12/12 09:35:56.265 017 W1 <S> <f:ServiceManager> start service:WebsiteManagementService
18/12/12 09:35:56.266 017 W1 <S> <f:ServiceManager> running CoreService :6
18/12/12 09:35:58.423 017 W1 <S> <f:ServiceManager> running Service(UserService) :318/12/12 09:35:56.014 017 W1 <I> <t:MenuMgrBean> Menu DAO class : coreview.menu.dao.XmlMenuDao
18/12/12 09:35:56.015 017 W1 <I> <t:XmlMenuDao> load menu dir:C:\Users\CP\Downloads\workspace\coreframe-webponent\out\artifacts\coreframe_webponent_Web_exploded\WEB-INF\coreframe name:sitemap.xml
18/12/12 09:35:56.015 017 W1 <I> LOADING MENU ITEM .............................
18/12/12 09:35:56.262 017 W1 <I> <t:XmlMenuDao> load menu info sucess. loadtime:247
18/12/12 09:35:58.424 017 W1 <I> * coreFRAME Property Information 
 * BLD_ROOT_DIRECTORY
	C:\Users\CP\Downloads\workspace\coreframe-webponent\out\artifacts\coreframe_webponent_Web_exploded\WEB-INF\coreframe\bld
 * SERVLET_CONTEXT_EVENT
	javax.servlet.ServletContextEvent[source=org.apache.catalina.core.ApplicationContextFacade@752a49b3]
 * FRAMEWORK_LOADTIME
	2018-12-12 09:35:58
 * WEB_CONTEXT_NAME
	
 * class.dynamic.value
	4
 * COREFRAME_CONFIG_HOME
	C:\Users\CP\Downloads\workspace\coreframe-webponent\out\artifacts\coreframe_webponent_Web_exploded\WEB-INF\coreframe
 * target.encoding
	utf-8
 * COREFRAME_CONFIG_FILE
	C:\Users\CP\Downloads\workspace\coreframe-webponent\out\artifacts\coreframe_webponent_Web_exploded\WEB-INF\coreframe\config.xml
 * WEB_DOCUMENT_ROOT
	C:\Users\CP\Downloads\workspace\coreframe-webponent\out\artifacts\coreframe_webponent_Web_exploded\
 * domain.name
	http://yourdomainname.com
 * WEBAPP_HOME_DIRS
	[]18/12/12 09:35:56.010 017 W1 <D> <t:MenuMgrBean> 초기화  documentRoot:C:\Users\CP\Downloads\workspace\coreframe-webponent\out\artifacts\coreframe_webponent_Web_exploded\
18/12/12 09:35:56.010 017 W1 <D> <t:MenuMgrBean> 초기화  contextPath:
18/12/12 09:35:56.014 017 W1 <D> <t:MenuMgrBean> 초기화  isReload:true
18/12/12 09:35:56.266 017 W1 <D> <f:FrameworkEventManager> scope:cf:serverStart class:coreframe.service.less.LessService
18/12/12 09:35:58.424 017 W1 <D> **********************************************************
18/12/12 09:35:58.424 017 W1 <D> **********************************************************
18/12/12 09:35:59.463 085 W1 <D> <LessService> LessServiceStart! 1 less files. [encoding : UTF-8] [initCompile : false] [reloadCheckTimeSec : 2][compress : false]
18/12/12 09:35:59.464 085 W1 <D> <LessService> envJsPath   : C:\Users\CP\Downloads\workspace\coreframe-webponent\out\artifacts\coreframe_webponent_Web_exploded\/WEB-INF/coreframe/service/web/env.rhino.js
18/12/12 09:35:59.464 085 W1 <D> <LessService> lessJsPath  : C:\Users\CP\Downloads\workspace\coreframe-webponent\out\artifacts\coreframe_webponent_Web_exploded\/WEB-APP/webponent/thirdParty/less/less-1.3.3.min.js

18/12/12 09:35:58.423 017 W1 <S> <f:CoreApplication> startService - complete
18/12/12 09:35:58.424 017 W1 <S> coreFRAME complete startup process. Version:5.0.266
18/12/12 09:35:58.424 017 W1 <S> <f:FrameworkContextListener> context:  version:5.0.266 Apache Tomcat/8.5.34
18/12/12 09:35:58.426 017 W1 <S> <t:UIFilter> coreVIEW Filter init.
18/12/12 09:35:58.427 017 W1 <S> <t:UIFilter> coreVIEW Filter init complete. contextPath:

18/12/12 09:35:58.427 017 W1 <I> <t:UIFilter> exclude-dir:/templets
18/12/12 09:35:58.427 017 W1 <I> <t:UIFilter> Command 구현객체 미지정
18/12/12 09:35:58.427 017 W1 <I> <t:UIFilter> compactHTML:false
18/12/12 09:35:58.427 017 W1 <I> <t:UIFilter> layout DAO:coreview.layout.LayoutManager
18/12/12 09:35:58.673 087 W1 <I> <ScheduleService> crontab file:C:\Users\CP\Downloads\workspace\coreframe-webponent\out\artifacts\coreframe_webponent_Web_exploded\WEB-INF\coreframe/service/schedule/crontab.txt
18/12/12 09:52:53.614 090 W1 <S> **********************************************************
18/12/12 09:52:53.615 090 W1 <S> <f:CoreApplication> coreFRAME stopping
18/12/12 09:52:54.121 090 W1 <S> <CacheDriver> stop ConnectionPool:derbyPool [1]
18/12/12 09:52:54.122 090 W1 <S> <CacheDriver> stop ConnectionPool:cf-system [1]
18/12/12 09:52:56.486 090 W1 <I> <adapter> Java adapter stop
18/12/12 09:52:56.486 090 W1 <I> <adapter> Mail adapter stop
18/12/12 09:52:56.486 090 W1 <I> <adapter> Http adapter stop
18/12/12 09:52:56.486 090 W1 <I> <adapter> DBMS adapter stop
18/12/12 09:52:56.486 090 W1 <I> <adapter> Http adapter stop
18/12/12 09:35:59.487 085 W1 <D> <LessService> C:\Users\CP\Downloads\workspace\coreframe-webponent\out\artifacts\coreframe_webponent_Web_exploded\WEB-APP\webponent\thirdParty\less\library.less
18/12/12 09:53:33.793 017 W1 <D> <f:CoreApplication> starting ...........................................  
18/12/12 09:53:33.809 017 W1 <D> <f:CoreApplication> bean-info xml files
C:\Users\CP\Downloads\workspace\coreframe-webponent\out\artifacts\coreframe_webponent_Web_exploded\WEB-INF\coreframe\service\base.xml
C:\Users\CP\Downloads\workspace\coreframe-webponent\out\artifacts\coreframe_webponent_Web_exploded\WEB-INF\coreframe\service\adapters\dbms.xml
C:\Users\CP\Downloads\workspace\coreframe-webponent\out\artifacts\coreframe_webponent_Web_exploded\WEB-INF\coreframe\service\adapters\file.xml
C:\Users\CP\Downloads\workspace\coreframe-webponent\out\artifacts\coreframe_webponent_Web_exploded\WEB-INF\coreframe\service\adapters\http.xml
C:\Users\CP\Downloads\workspace\coreframe-webponent\out\artifacts\coreframe_webponent_Web_exploded\WEB-INF\coreframe\service\adapters\java.xml
C:\Users\CP\Downloads\workspace\coreframe-webponent\out\artifacts\coreframe_webponent_Web_exploded\WEB-INF\coreframe\service\adapters\mail.xml
C:\Users\CP\Downloads\workspace\coreframe-webponent\out\artifacts\coreframe_webponent_Web_exploded\WEB-INF\coreframe\service\adapters\soap.xml
C:\Users\CP\Downloads\workspace\coreframe-webponent\out\artifacts\coreframe_webponent_Web_exploded\WEB-INF\coreframe\service\web\filter.xml
C:\Users\CP\Downloads\workspace\coreframe-webponent\out\artifacts\coreframe_webponent_Web_exploded\WEB-INF\coreframe\service\web\naming.xml
C:\Users\CP\Downloads\workspace\coreframe-webponent\out\artifacts\coreframe_webponent_Web_exploded\WEB-INF\coreframe\service\web\security.xml
C:\Users\CP\Downloads\workspace\coreframe-webponent\out\artifacts\coreframe_webponent_Web_exploded\WEB-INF\coreframe\service\web\servlet.xml
C:\Users\CP\Downloads\workspace\coreframe-webponent\out\artifacts\coreframe_webponent_Web_exploded\WEB-INF\coreframe\service\web\thymeleaf.xml
C:\Users\CP\Downloads\workspace\coreframe-webponent\out\artifacts\coreframe_webponent_Web_exploded\WEB-INF\coreframe\service\web\transform.xml
C:\Users\CP\Downloads\workspace\coreframe-webponent\out\artifacts\coreframe_webponent_Web_exploded\WEB-INF\coreframe\service\web\web-sitemap.xml
C:\Users\CP\Downloads\workspace\coreframe-webponent\out\artifacts\coreframe_webponent_Web_exploded\WEB-INF\coreframe\service\event\server-event-listener.xml
C:\Users\CP\Downloads\workspace\coreframe-webponent\out\artifacts\coreframe_webponent_Web_exploded\WEB-INF\coreframe\service\schedule\schedule.xml
C:\Users\CP\Downloads\workspace\coreframe-webponent\out\artifacts\coreframe_webponent_Web_exploded\WEB-INF\coreframe\service\apm\performance-pack.xml

18/12/12 09:53:34.341 017 W1 <D> bean-info filePath: C:\Users\CP\Downloads\workspace\coreframe-webponent\out\artifacts\coreframe_webponent_Web_exploded\WEB-INF\coreframe\service\base.xml
  #coreframe.serviceManager	coreframe.service.ServiceManager true
  #coreframe.dbPoolService	coreframe.db.DbPoolService true
  #corelogic.connectionFactory	corelogic.adapter.BaseConnectionFactory true
  #corelogic.adapterService	corelogic.spi.management.AdapterManagementService true
18/12/12 09:53:34.408 017 W1 <D> bean-info filePath: C:\Users\CP\Downloads\workspace\coreframe-webponent\out\artifacts\coreframe_webponent_Web_exploded\WEB-INF\coreframe\service\adapters\dbms.xml
  #adapter.dbms	corelogic.adapter.dbms.ResourceAdapterImpl true
18/12/12 09:53:34.426 017 W1 <D> bean-info filePath: C:\Users\CP\Downloads\workspace\coreframe-webponent\out\artifacts\coreframe_webponent_Web_exploded\WEB-INF\coreframe\service\adapters\file.xml
  #adapter.file	corelogic.adapter.file.ResourceAdapterImpl true
  #adapter.file2	corelogic.adapter.file.ResourceAdapterImpl true
  #adapter.file3	corelogic.adapter.file.ResourceAdapterImpl true
18/12/12 09:53:34.431 017 W1 <D> bean-info filePath: C:\Users\CP\Downloads\workspace\coreframe-webponent\out\artifacts\coreframe_webponent_Web_exploded\WEB-INF\coreframe\service\adapters\http.xml
  #adapter.http	corelogic.adapter.http.HttpResourceAdapter true
18/12/12 09:53:34.436 017 W1 <D> bean-info filePath: C:\Users\CP\Downloads\workspace\coreframe-webponent\out\artifacts\coreframe_webponent_Web_exploded\WEB-INF\coreframe\service\adapters\java.xml
  #adapter.java	corelogic.adapter.java.ResourceAdapterImtpl true
18/12/12 09:53:34.440 017 W1 <D> bean-info filePath: C:\Users\CP\Downloads\workspace\coreframe-webponent\out\artifacts\coreframe_webponent_Web_exploded\WEB-INF\coreframe\service\adapters\mail.xml
  #adapter.mail	corelogic.adapter.mail.ResourceAdapterImpl true
18/12/12 09:53:34.442 017 W1 <D> bean-info filePath: C:\Users\CP\Downloads\workspace\coreframe-webponent\out\artifacts\coreframe_webponent_Web_exploded\WEB-INF\coreframe\service\adapters\soap.xml
  #adapter.soap	corelogic.adapter.http.HttpResourceAdapter true
18/12/12 09:53:34.443 017 W1 <D> bean-info filePath: C:\Users\CP\Downloads\workspace\coreframe-webponent\out\artifacts\coreframe_webponent_Web_exploded\WEB-INF\coreframe\service\web\filter.xml
18/12/12 09:53:34.460 017 W1 <D> bean-info filePath: C:\Users\CP\Downloads\workspace\coreframe-webponent\out\artifacts\coreframe_webponent_Web_exploded\WEB-INF\coreframe\service\web\naming.xml
  #coreframe.namingTemplate	coreframe.db.meta.CsvNamingTemplate true
  #coreframe.bldManager	corelogic.spi.admin.DbmsBldManager true
18/12/12 09:53:34.474 017 W1 <D> bean-info filePath: C:\Users\CP\Downloads\workspace\coreframe-webponent\out\artifacts\coreframe_webponent_Web_exploded\WEB-INF\coreframe\service\web\security.xml
  #coreframe.webSecurityManager	coreframe.security.impl.EsapiSecurityManager true
  #coreview.defaultWebAuthorizer	coreframe.security.impl.DefaultFrameworkAdminAuthorizer true
18/12/12 09:53:34.493 017 W1 <D> bean-info filePath: C:\Users\CP\Downloads\workspace\coreframe-webponent\out\artifacts\coreframe_webponent_Web_exploded\WEB-INF\coreframe\service\web\servlet.xml
  #corelogic.httpCommandManager	corelogic.servlet.CommandManager true
  #corelogic.BldExecutorCommand	corelogic.servlet.command.BldExecutorCommand true
  #corelogic.BldSchemaCommand	corelogic.servlet.command.BldSchemaCommand true
  #corelogic.codeGenCommand	corelogic.servlet.command.CodeGenCommand true
18/12/12 09:53:34.508 017 W1 <D> bean-info filePath: C:\Users\CP\Downloads\workspace\coreframe-webponent\out\artifacts\coreframe_webponent_Web_exploded\WEB-INF\coreframe\service\web\thymeleaf.xml
  #thymeleaf	coreview.thymeleaf.ThymeleafViewTemplateEngine true
18/12/12 09:53:34.683 017 W1 <D> bean-info filePath: C:\Users\CP\Downloads\workspace\coreframe-webponent\out\artifacts\coreframe_webponent_Web_exploded\WEB-INF\coreframe\service\web\transform.xml
  #transform.xml	corelogic.transform.impl.XmlTransformerImpl false
  #transform.soap	corelogic.transform.impl.SoapTransformerImpl false
  #transform.json	corelogic.transform.impl.JSONTransformerImpl false
  #transform.htm	corelogic.transform.impl.HtmlTransformerImpl false
  #transform.html	corelogic.transform.impl.HtmlTransformerImpl false
  #transform.xhtml	corelogic.transform.impl.XhtmlTransformerImpl false
  #transform.cvs	corelogic.transform.impl.CommaTransformerImpl false
  #transform.txt	corelogic.transform.impl.TabSplitTextTransformerImpl false
  #transform.binary	corelogic.transform.impl.BinaryTransformerImpl false
  #schemaTransform.xml	corelogic.transform.schema.impl.XmlSchemaTransformer true
  #schemaTransform.xsd	corelogic.transform.schema.impl.XsdSchemaTransformer true
  #schemaTransform.wsdl	corelogic.transform.schema.impl.WsdlSchemaTransformer true
  #schemaTransform.json	corelogic.transform.schema.impl.JSONSchemaTransformer true
  #corelogic.sourceGenerator.jsp	corelogic.transform.sourcecode.impl.JspSourceGenerator true
  #corelogic.sourceGenerator.jstl	corelogic.transform.sourcecode.impl.JstlSourceGenerator true
  #corelogic.sourceGenerator.ajax	corelogic.transform.sourcecode.impl.AjaxSourceGenerator true
18/12/12 09:53:34.795 017 W1 <D> bean-info filePath: C:\Users\CP\Downloads\workspace\coreframe-webponent\out\artifacts\coreframe_webponent_Web_exploded\WEB-INF\coreframe\service\web\web-sitemap.xml
  #coreview.layout.dao	coreview.layout.dao.XmlFileDao true
  #coreview.menuDao	coreview.menu.dao.XmlMenuDao true
  #coreview.layout.layoutMgr	coreview.layout.LayoutManager true
  #coreview.menuMgr	coreview.menu.bean.MenuMgrBean true
  #coreview.WebsiteManagementService	coreview.WebsiteManagementService true
  #coreview.WebPagePublisher	coreview.menu.WebPagePublisher true
  #coreview.urlRouteService	coreview.route.impl.RESTfulRouteService true
  #coreview.ElementManagerService	coreview.layout.element.impl.ElementManagerServiceImpl true
  #service.less.lessCompileService	coreframe.service.less.LessService true
18/12/12 09:53:34.810 017 W1 <D> bean-info filePath: C:\Users\CP\Downloads\workspace\coreframe-webponent\out\artifacts\coreframe_webponent_Web_exploded\WEB-INF\coreframe\service\event\server-event-listener.xml
  #coreframe.eventManager	coreframe.service.event.FrameworkEventManagerImpl true
  #coreframe.event.webpageAccess	coreframe.service.event.listener.WebpageAccessEventListener true
18/12/12 09:53:34.816 017 W1 <D> bean-info filePath: C:\Users\CP\Downloads\workspace\coreframe-webponent\out\artifacts\coreframe_webponent_Web_exploded\WEB-INF\coreframe\service\schedule\schedule.xml
  #corelogic.ScheduleService	corelogic.schedule.ScheduleService true
18/12/12 09:53:34.835 017 W1 <D> bean-info filePath: C:\Users\CP\Downloads\workspace\coreframe-webponent\out\artifacts\coreframe_webponent_Web_exploded\WEB-INF\coreframe\service\apm\performance-pack.xml
  #coreframe.service.performance	coreframe.service.performance.PerformanceMonitorService true
  #coreframe.event.listener.chkPerform	coreframe.service.event.listener.PerformanceCheckListener true
  #coreframe.event.listener.chkPerformBld	coreframe.service.event.listener.BldProcessEventListener true
  #coreframe.event.processDelay	coreframe.service.event.listener.ProcessDelayEventListener true
  #coreframe.event.listener.webpageError	coreframe.service.event.listener.WebpageErrorEventListener true
  #coreframe.event.sessionMonitor	coreframe.service.monitor.WebuserCounter true18/12/12 09:53:33.781 017 W1 <S> <f:CoreApplication> coreFRAME 5.0.266
18/12/12 09:53:33.793 017 W1 <S> <f:CoreApplication> coreFRAME jar:file:/C:/Users/CP/Downloads/workspace/coreframe-webponent/out/artifacts/coreframe_webponent_Web_exploded/WEB-INF/lib/coreframe-core-5.0.20.jar!/coreframe/CoreApplication.class
18/12/12 09:53:33.810 017 W1 <S> * coreFRAME thread pool number:10
18/12/12 09:53:33.810 017 W1 <S> <f:CoreApplication> beanFactory:coreframe.beans.DefaultBeanFactory

18/12/12 09:53:34.860 017 W1 <D> <f:FrameworkEventManager> scope:cf:webuserWebpageError class:coreframe.service.event.listener.WebpageErrorEventListener
18/12/12 09:53:34.871 017 W1 <D> <f:FrameworkEventManager> scope:cf:webuserWebpageAccess class:coreframe.service.event.listener.PerformanceCheckListener
18/12/12 09:53:35.431 017 W1 <D> <f:FrameworkEventManager> scope:cf:corelogicBldProcess class:coreframe.service.event.listener.BldProcessEventListener
18/12/12 09:53:35.420 017 W1 <I> <l:AdapterManagementService> regist adapter : file-reader-binary
18/12/12 09:53:35.463 017 W1 <I> <l:AdapterManagementService> regist adapter : soap
18/12/12 09:53:35.464 017 W1 <I> <f:EsapiSecurityManager> set homeDir [org.owasp.esapi.resources]C:\Users\CP\Downloads\workspace\coreframe-webponent\out\artifacts\coreframe_webponent_Web_exploded\WEB-INF\coreframe\security
18/12/12 09:53:35.602 017 W1 <I> <f:EsapiSecurityManager> skipUrlRegExp:/apps/admin
18/12/12 09:53:34.929 017 W1 <S> <f:ServiceManager> regist service:PerformanceMonitorService
18/12/12 09:53:35.395 017 W1 <S> <f:ServiceManager> regist service:ScheduleService
18/12/12 09:53:35.419 017 W1 <S> <f:ServiceManager> regist service:businessLogicService
18/12/12 09:53:35.607 017 W1 <S> <f:ServiceManager> regist service:LessService
18/12/12 09:53:35.619 017 W1 <S> <f:ServiceManager> regist service:DbPooling Service
18/12/12 09:53:35.610 017 W1 <I> <l:AdapterManagementService> regist adapter : http
18/12/12 09:53:35.611 017 W1 <I> <l:AdapterManagementService> regist adapter : file-reader
18/12/12 09:53:35.611 017 W1 <I> <l:AdapterManagementService> regist adapter : file-writer
18/12/12 09:53:35.653 017 W1 <I> corelogic.adapter.dbms.ProcessorFactoryImpl instance create
18/12/12 09:53:35.654 017 W1 <I> <l:AdapterManagementService> regist adapter : dbms
18/12/12 09:53:35.627 017 W1 <S> <f:ServiceManager> regist service:ElementManagerServiceImpl
18/12/12 09:53:35.663 017 W1 <S> <f:ServiceManager> regist service:WebPagePublisher
18/12/12 09:53:35.670 017 W1 <S> <f:ServiceManager> regist service:WebsiteManagementService
18/12/12 09:53:35.714 017 W1 <S> <f:ServiceManager> regist service:RESTfulRouteService
18/12/12 09:53:35.737 017 W1 <S> <f:CoreApplication> supportJTA:false use JdbcTransaction
18/12/12 09:53:35.436 017 W1 <D> <f:FrameworkEventManager> scope:cf:webuserSessionCreate class:coreframe.service.monitor.WebuserCounter
18/12/12 09:53:35.437 017 W1 <D> <f:FrameworkEventManager> scope:cf:webuserSessionDestory class:coreframe.service.monitor.WebuserCounter
18/12/12 09:53:35.446 017 W1 <D> <f:FrameworkEventManager> scope:cf:webuserProcessDelay class:coreframe.service.event.listener.ProcessDelayEventListener
18/12/12 09:53:35.877 017 W1 <D> <v:ElementManagerService> regist element:calendar
18/12/12 09:53:35.878 017 W1 <D> <v:ElementManagerService> regist element:chart
18/12/12 09:53:35.881 017 W1 <D> <v:ElementManagerService> regist element:coreframe-client
18/12/12 09:53:35.881 017 W1 <D> <v:ElementManagerService> regist element:data-bind
18/12/12 09:53:35.882 017 W1 <D> <v:ElementManagerService> regist element:chart_comm
18/12/12 09:53:35.882 017 W1 <D> <v:ElementManagerService> regist element:chart
18/12/12 09:53:35.887 017 W1 <D> <v:ElementManagerService> regist element:grid
18/12/12 09:53:35.891 017 W1 <D> <v:ElementManagerService> regist element:tab.pc
18/12/12 09:53:35.891 017 W1 <D> <v:ElementManagerService> regist element:tab.mobile
18/12/12 09:53:35.891 017 W1 <D> <v:ElementManagerService> regist element:tab.tablet
18/12/12 09:53:35.892 017 W1 <D> <v:ElementManagerService> regist element:dialog.pc
18/12/12 09:53:35.892 017 W1 <D> <v:ElementManagerService> regist element:dialog.tablet
18/12/12 09:53:35.892 017 W1 <D> <v:ElementManagerService> regist element:dialog.mobile
18/12/12 09:53:35.893 017 W1 <D> <v:ElementManagerService> regist element:websocket.pc
18/12/12 09:53:35.894 017 W1 <D> <v:ElementManagerService> regist element:websocket.mobile
18/12/12 09:53:35.894 017 W1 <D> <v:ElementManagerService> regist element:websocket.tablet
18/12/12 09:53:35.894 017 W1 <D> <v:ElementManagerService> regist element:websocket.tablet-low
18/12/12 09:53:35.895 017 W1 <D> <v:ElementManagerService> regist element:jquery
18/12/12 09:53:35.895 017 W1 <D> <v:ElementManagerService> regist element:bootstrap
18/12/12 09:53:35.896 017 W1 <D> <v:ElementManagerService> regist element:codemirror
18/12/12 09:53:35.896 017 W1 <D> <v:ElementManagerService> regist element:hammer
18/12/12 09:53:35.896 017 W1 <D> <v:ElementManagerService> regist element:less
18/12/12 09:53:35.897 017 W1 <D> <v:ElementManagerService> regist element:underscore
18/12/12 09:53:35.679 017 W1 <I> <l:AdapterManagementService> regist adapter : java
18/12/12 09:53:35.736 017 W1 <I> <l:AdapterManagementService> regist adapter : mail
18/12/12 09:53:35.899 017 W1 <I> <v:ElementManagerService> load element info
18/12/12 09:53:35.931 017 W1 <I> <v:RESTfulRouteService> REG C:\Users\CP\Downloads\workspace\coreframe-webponent\out\artifacts\coreframe_webponent_Web_exploded\WEB-INF\coreframe\web\url-route\admin.xml
18/12/12 09:53:35.897 017 W1 <D> <v:ElementManagerService> regist element:getDevice.pc
18/12/12 09:53:35.898 017 W1 <D> <v:ElementManagerService> regist element:getDevice.mobile
18/12/12 09:53:35.898 017 W1 <D> <v:ElementManagerService> regist element:getDevice.tablet
18/12/12 09:53:35.899 017 W1 <D> <v:ElementManagerService> regist element:getDevice.tablet-low
18/12/12 09:53:35.971 017 W1 <D> <f:ConnectionManager> derbyPool : coreframe.db.jdbc.CacheDriver
18/12/12 09:53:36.721 017 W1 <D> [JDBC Pool:derbyPool] init
18/12/12 09:53:36.721 017 W1 <D> [JDBC Pool:derbyPool] * info:{}
18/12/12 09:53:36.721 017 W1 <D> [JDBC Pool:derbyPool] * url:jdbc:derby:C:\Users\CP\Downloads\workspace\coreframe-webponent\out\artifacts\coreframe_webponent_Web_exploded\WEB-INF\coreframe/_work/filedb/samples
18/12/12 09:53:36.721 017 W1 <D> [JDBC Pool:derbyPool] info:{}
18/12/12 09:53:38.583 017 W1 <D> <f:ConnectionManager> getConnection [JDBC] derbyPool coreframe.db.jdbc.CacheConnection@47d51dc
18/12/12 09:53:38.588 017 W1 <D> <f:ConnectionManager> cf-system : coreframe.db.jdbc.CacheDriver
18/12/12 09:53:38.589 017 W1 <D> [JDBC Pool:cf-system] init
18/12/12 09:53:38.589 017 W1 <D> [JDBC Pool:cf-system] * info:{}
18/12/12 09:53:35.959 017 W1 <I> <v:RESTfulRouteService> REG C:\Users\CP\Downloads\workspace\coreframe-webponent\out\artifacts\coreframe_webponent_Web_exploded\WEB-INF\coreframe\web\url-route\sample.xml
18/12/12 09:53:35.968 017 W1 <I> <f:ConnectionManager>  use default url:derbyPool
18/12/12 09:53:38.545 017 W1 <I> [JDBC Pool:derbyPool] 1 connection created.
18/12/12 09:53:38.587 017 W1 <I> <f:DbPoolService> connection test OK:derbyPool
18/12/12 09:53:35.737 017 W1 <S> <f:CoreApplication> init - complete
18/12/12 09:53:35.787 017 W1 <S> <f:ServiceManager> start service:PerformanceMonitorService
18/12/12 09:53:35.902 017 W1 <S> <f:ServiceManager> start service:ElementManagerServiceImpl
18/12/12 09:53:35.965 017 W1 <S> <f:ServiceManager> start service:RESTfulRouteService
18/12/12 09:53:36.712 017 W1 <S> <CacheDriver> regist ConnectionPool : derbyPool
18/12/12 09:53:38.589 017 W1 <S> <CacheDriver> regist ConnectionPool : cf-system
18/12/12 09:53:38.777 017 W1 <I> [JDBC Pool:cf-system] 1 connection created.
18/12/12 09:53:38.778 017 W1 <I> <f:DbPoolService> connection test OK:cf-system
18/12/12 09:53:38.785 017 W1 <I> <l:BLContextFactory> check_interval_time:1000
18/12/12 09:53:38.786 017 W1 <I> <l:BLContextFactory> initLoadBldMode:normal
18/12/12 09:53:38.790 017 W1 <I> <l:BLContextFactory> load schema root dir : C:\Users\CP\Downloads\workspace\coreframe-webponent\out\artifacts\coreframe_webponent_Web_exploded\WEB-INF\coreframe\bld
18/12/12 09:53:38.791 017 W1 <I> <l:AdapterManagementService> adapter start : file-writer
18/12/12 09:53:38.791 017 W1 <I> <l:AdapterManagementService> adapter start : java
18/12/12 09:53:38.791 017 W1 <I> <adapter> Java adapter start
18/12/12 09:53:38.792 017 W1 <I> <l:AdapterManagementService> adapter start : file-reader-binary
18/12/12 09:53:38.792 017 W1 <I> <l:AdapterManagementService> adapter start : mail
18/12/12 09:53:38.792 017 W1 <I> <adapter> Mail adapter start
18/12/12 09:53:38.792 017 W1 <I> <l:AdapterManagementService> adapter start : file-reader
18/12/12 09:53:38.793 017 W1 <I> <l:AdapterManagementService> adapter start : http
18/12/12 09:53:38.793 017 W1 <I> <adapter> Http adapter start
18/12/12 09:53:38.793 017 W1 <I> <l:AdapterManagementService> adapter start : dbms
18/12/12 09:53:38.794 017 W1 <I> <adapter> DBMS adapter start
18/12/12 09:53:38.794 017 W1 <I> <l:AdapterManagementService> adapter start : soap
18/12/12 09:53:38.794 017 W1 <I> <adapter> Http adapter start
18/12/12 09:53:38.806 017 W1 <I> <t:XmlFileDao> regist [default] /templets/default/templet.jsp
18/12/12 09:53:38.806 017 W1 <I> <t:XmlFileDao> regist [admin] /templets/admin/templet.jsp
18/12/12 09:53:38.807 017 W1 <I> <t:XmlFileDao> regist [mobile] /templets/mobile/templet.jsp
18/12/12 09:53:38.808 017 W1 <I> <t:XmlFileDao> regist [advance] /templets/default/templet.jsp
18/12/12 09:53:38.809 017 W1 <I> <t:XmlFileDao> regist [no-apply] null
18/12/12 09:53:38.810 017 W1 <I> <t:XmlFileDao> regist [wts] /WEB-APP/wts/templets/desktop/templet.jsp
18/12/12 09:53:38.811 017 W1 <I> <t:XmlFileDao> regist [pub] /templets/pub/pcTemplet.jsp
18/12/12 09:53:38.589 017 W1 <D> [JDBC Pool:cf-system] * url:jdbc:derby:C:\Users\CP\Downloads\workspace\coreframe-webponent\out\artifacts\coreframe_webponent_Web_exploded\WEB-INF\coreframe/_work/filedb/admin
18/12/12 09:53:38.590 017 W1 <D> [JDBC Pool:cf-system] info:{}
18/12/12 09:53:38.778 017 W1 <D> <f:ConnectionManager> getConnection [JDBC] cf-system coreframe.db.jdbc.CacheConnection@6fe9cd55
18/12/12 09:53:38.812 017 W1 <I> <t:XmlFileDao> regist [builder] /WEB-APP/builder/templets/pcUtestTemplet.jsp
18/12/12 09:53:38.815 017 W1 <I> <t:MenuMgrBean> Menu DAO class : coreview.menu.dao.XmlMenuDao
18/12/12 09:53:38.815 017 W1 <I> <t:XmlMenuDao> load menu dir:C:\Users\CP\Downloads\workspace\coreframe-webponent\out\artifacts\coreframe_webponent_Web_exploded\WEB-INF\coreframe name:sitemap.xml
18/12/12 09:53:38.826 017 W1 <I> LOADING MENU ITEM .............................
18/12/12 09:53:38.778 017 W1 <S> <f:ServiceManager> start service:DbPooling Service
18/12/12 09:53:38.791 017 W1 <S> <l:AdapterManagementService> regist adapter count 8
18/12/12 09:53:38.794 017 W1 <S> <f:ServiceManager> start service:businessLogicService
18/12/12 09:53:38.898 017 W1 <S> <f:ServiceManager> start service:WebsiteManagementService
18/12/12 09:53:38.898 017 W1 <S> <f:ServiceManager> running CoreService :6
18/12/12 09:53:38.898 017 W1 <S> <f:ServiceManager> running Service(UserService) :3
18/12/12 09:53:38.895 017 W1 <I> <t:XmlMenuDao> load menu info sucess. loadtime:80
18/12/12 09:53:38.899 017 W1 <I> * coreFRAME Property Information 
 * BLD_ROOT_DIRECTORY
	C:\Users\CP\Downloads\workspace\coreframe-webponent\out\artifacts\coreframe_webponent_Web_exploded\WEB-INF\coreframe\bld
 * SERVLET_CONTEXT_EVENT
	javax.servlet.ServletContextEvent[source=org.apache.catalina.core.ApplicationContextFacade@2258bf79]
 * FRAMEWORK_LOADTIME
	2018-12-12 09:53:38
 * WEB_CONTEXT_NAME
	
 * class.dynamic.value
	4
 * COREFRAME_CONFIG_HOME
	C:\Users\CP\Downloads\workspace\coreframe-webponent\out\artifacts\coreframe_webponent_Web_exploded\WEB-INF\coreframe
 * target.encoding
	utf-8
 * COREFRAME_CONFIG_FILE
	C:\Users\CP\Downloads\workspace\coreframe-webponent\out\artifacts\coreframe_webponent_Web_exploded\WEB-INF\coreframe\config.xml
 * WEB_DOCUMENT_ROOT
	C:\Users\CP\Downloads\workspace\coreframe-webponent\out\artifacts\coreframe_webponent_Web_exploded\
 * domain.name
	http://yourdomainname.com
 * WEBAPP_HOME_DIRS
	[]18/12/12 09:53:38.814 017 W1 <D> <t:MenuMgrBean> 초기화  documentRoot:C:\Users\CP\Downloads\workspace\coreframe-webponent\out\artifacts\coreframe_webponent_Web_exploded\
18/12/12 09:53:38.815 017 W1 <D> <t:MenuMgrBean> 초기화  contextPath:
18/12/12 09:53:38.815 017 W1 <D> <t:MenuMgrBean> 초기화  isReload:true
18/12/12 09:53:38.898 017 W1 <D> <f:FrameworkEventManager> scope:cf:serverStart class:corelogic.schedule.ScheduleService
18/12/12 09:53:38.899 017 W1 <D> **********************************************************
18/12/12 09:53:38.899 017 W1 <D> **********************************************************
18/12/12 09:53:39.660 085 W1 <D> <LessService> LessServiceStart! 1 less files. [encoding : UTF-8] [initCompile : false] [reloadCheckTimeSec : 2][compress : false]
18/12/12 09:53:39.661 085 W1 <D> <LessService> envJsPath   : C:\Users\CP\Downloads\workspace\coreframe-webponent\out\artifacts\coreframe_webponent_Web_exploded\/WEB-INF/coreframe/service/web/env.rhino.js
18/12/12 09:53:39.661 085 W1 <D> <LessService> lessJsPath  : C:\Users\CP\Downloads\workspace\coreframe-webponent\out\artifacts\coreframe_webponent_Web_exploded\/WEB-APP/webponent/thirdParty/less/less-1.3.3.min.js
