18/12/17 09:25:39.430 017 W1 <D> <f:CoreApplication> starting ...........................................  
18/12/17 09:25:39.451 017 W1 <D> <f:CoreApplication> bean-info xml files
C:\Users\CP\Downloads\workspace\coreframe-webponent\out\artifacts\coreframe_webponent_Web_exploded\WEB-INF\coreframe\service\base.xml
C:\Users\CP\Downloads\workspace\coreframe-webponent\out\artifacts\coreframe_webponent_Web_exploded\WEB-INF\coreframe\service\adapters\dbms.xml
C:\Users\CP\Downloads\workspace\coreframe-webponent\out\artifacts\coreframe_webponent_Web_exploded\WEB-INF\coreframe\service\adapters\file.xml
C:\Users\CP\Downloads\workspace\coreframe-webponent\out\artifacts\coreframe_webponent_Web_exploded\WEB-INF\coreframe\service\adapters\http.xml
C:\Users\CP\Downloads\workspace\coreframe-webponent\out\artifacts\coreframe_webponent_Web_exploded\WEB-INF\coreframe\service\adapters\java.xml
C:\Users\CP\Downloads\workspace\coreframe-webponent\out\artifacts\coreframe_webponent_Web_exploded\WEB-INF\coreframe\service\adapters\mail.xml
C:\Users\CP\Downloads\workspace\coreframe-webponent\out\artifacts\coreframe_webponent_Web_exploded\WEB-INF\coreframe\service\adapters\soap.xml
C:\Users\CP\Downloads\workspace\coreframe-webponent\out\artifacts\coreframe_webponent_Web_exploded\WEB-INF\coreframe\service\web\filter.xml
C:\Users\CP\Downloads\workspace\coreframe-webponent\out\artifacts\coreframe_webponent_Web_exploded\WEB-INF\coreframe\service\web\naming.xml
C:\Users\CP\Downloads\workspace\coreframe-webponent\out\artifacts\coreframe_webponent_Web_exploded\WEB-INF\coreframe\service\web\security.xml
C:\Users\CP\Downloads\workspace\coreframe-webponent\out\artifacts\coreframe_webponent_Web_exploded\WEB-INF\coreframe\service\web\servlet.xml
C:\Users\CP\Downloads\workspace\coreframe-webponent\out\artifacts\coreframe_webponent_Web_exploded\WEB-INF\coreframe\service\web\thymeleaf.xml
C:\Users\CP\Downloads\workspace\coreframe-webponent\out\artifacts\coreframe_webponent_Web_exploded\WEB-INF\coreframe\service\web\transform.xml
C:\Users\CP\Downloads\workspace\coreframe-webponent\out\artifacts\coreframe_webponent_Web_exploded\WEB-INF\coreframe\service\web\web-sitemap.xml
C:\Users\CP\Downloads\workspace\coreframe-webponent\out\artifacts\coreframe_webponent_Web_exploded\WEB-INF\coreframe\service\event\server-event-listener.xml
C:\Users\CP\Downloads\workspace\coreframe-webponent\out\artifacts\coreframe_webponent_Web_exploded\WEB-INF\coreframe\service\schedule\schedule.xml
C:\Users\CP\Downloads\workspace\coreframe-webponent\out\artifacts\coreframe_webponent_Web_exploded\WEB-INF\coreframe\service\apm\performance-pack.xml

18/12/17 09:25:39.711 017 W1 <D> bean-info filePath: C:\Users\CP\Downloads\workspace\coreframe-webponent\out\artifacts\coreframe_webponent_Web_exploded\WEB-INF\coreframe\service\base.xml
  #coreframe.serviceManager	coreframe.service.ServiceManager true
  #coreframe.dbPoolService	coreframe.db.DbPoolService true
  #corelogic.connectionFactory	corelogic.adapter.BaseConnectionFactory true
  #corelogic.adapterService	corelogic.spi.management.AdapterManagementService true
18/12/17 09:25:39.736 017 W1 <D> bean-info filePath: C:\Users\CP\Downloads\workspace\coreframe-webponent\out\artifacts\coreframe_webponent_Web_exploded\WEB-INF\coreframe\service\adapters\dbms.xml
  #adapter.dbms	corelogic.adapter.dbms.ResourceAdapterImpl true
18/12/17 09:25:39.931 017 W1 <D> bean-info filePath: C:\Users\CP\Downloads\workspace\coreframe-webponent\out\artifacts\coreframe_webponent_Web_exploded\WEB-INF\coreframe\service\adapters\file.xml
  #adapter.file	corelogic.adapter.file.ResourceAdapterImpl true
  #adapter.file2	corelogic.adapter.file.ResourceAdapterImpl true
  #adapter.file3	corelogic.adapter.file.ResourceAdapterImpl true
18/12/17 09:25:39.936 017 W1 <D> bean-info filePath: C:\Users\CP\Downloads\workspace\coreframe-webponent\out\artifacts\coreframe_webponent_Web_exploded\WEB-INF\coreframe\service\adapters\http.xml
  #adapter.http	corelogic.adapter.http.HttpResourceAdapter true
18/12/17 09:25:39.944 017 W1 <D> bean-info filePath: C:\Users\CP\Downloads\workspace\coreframe-webponent\out\artifacts\coreframe_webponent_Web_exploded\WEB-INF\coreframe\service\adapters\java.xml
  #adapter.java	corelogic.adapter.java.ResourceAdapterImtpl true
18/12/17 09:25:39.969 017 W1 <D> bean-info filePath: C:\Users\CP\Downloads\workspace\coreframe-webponent\out\artifacts\coreframe_webponent_Web_exploded\WEB-INF\coreframe\service\adapters\mail.xml
  #adapter.mail	corelogic.adapter.mail.ResourceAdapterImpl true
18/12/17 09:25:39.988 017 W1 <D> bean-info filePath: C:\Users\CP\Downloads\workspace\coreframe-webponent\out\artifacts\coreframe_webponent_Web_exploded\WEB-INF\coreframe\service\adapters\soap.xml
  #adapter.soap	corelogic.adapter.http.HttpResourceAdapter true
18/12/17 09:25:39.989 017 W1 <D> bean-info filePath: C:\Users\CP\Downloads\workspace\coreframe-webponent\out\artifacts\coreframe_webponent_Web_exploded\WEB-INF\coreframe\service\web\filter.xml
18/12/17 09:25:40.012 017 W1 <D> bean-info filePath: C:\Users\CP\Downloads\workspace\coreframe-webponent\out\artifacts\coreframe_webponent_Web_exploded\WEB-INF\coreframe\service\web\naming.xml
  #coreframe.namingTemplate	coreframe.db.meta.CsvNamingTemplate true
  #coreframe.bldManager	corelogic.spi.admin.DbmsBldManager true
18/12/17 09:25:40.044 017 W1 <D> bean-info filePath: C:\Users\CP\Downloads\workspace\coreframe-webponent\out\artifacts\coreframe_webponent_Web_exploded\WEB-INF\coreframe\service\web\security.xml
  #coreframe.webSecurityManager	coreframe.security.impl.EsapiSecurityManager true
  #coreview.defaultWebAuthorizer	coreframe.security.impl.DefaultFrameworkAdminAuthorizer true
18/12/17 09:25:40.074 017 W1 <D> bean-info filePath: C:\Users\CP\Downloads\workspace\coreframe-webponent\out\artifacts\coreframe_webponent_Web_exploded\WEB-INF\coreframe\service\web\servlet.xml
  #corelogic.httpCommandManager	corelogic.servlet.CommandManager true
  #corelogic.BldExecutorCommand	corelogic.servlet.command.BldExecutorCommand true
  #corelogic.BldSchemaCommand	corelogic.servlet.command.BldSchemaCommand true
  #corelogic.codeGenCommand	corelogic.servlet.command.CodeGenCommand true
18/12/17 09:25:40.090 017 W1 <D> bean-info filePath: C:\Users\CP\Downloads\workspace\coreframe-webponent\out\artifacts\coreframe_webponent_Web_exploded\WEB-INF\coreframe\service\web\thymeleaf.xml
  #thymeleaf	coreview.thymeleaf.ThymeleafViewTemplateEngine true
18/12/17 09:25:40.159 017 W1 <D> bean-info filePath: C:\Users\CP\Downloads\workspace\coreframe-webponent\out\artifacts\coreframe_webponent_Web_exploded\WEB-INF\coreframe\service\web\transform.xml
  #transform.xml	corelogic.transform.impl.XmlTransformerImpl false
  #transform.soap	corelogic.transform.impl.SoapTransformerImpl false
  #transform.json	corelogic.transform.impl.JSONTransformerImpl false
  #transform.htm	corelogic.transform.impl.HtmlTransformerImpl false
  #transform.html	corelogic.transform.impl.HtmlTransformerImpl false
  #transform.xhtml	corelogic.transform.impl.XhtmlTransformerImpl false
  #transform.cvs	corelogic.transform.impl.CommaTransformerImpl false
  #transform.txt	corelogic.transform.impl.TabSplitTextTransformerImpl false
  #transform.binary	corelogic.transform.impl.BinaryTransformerImpl false
  #schemaTransform.xml	corelogic.transform.schema.impl.XmlSchemaTransformer true
  #schemaTransform.xsd	corelogic.transform.schema.impl.XsdSchemaTransformer true
  #schemaTransform.wsdl	corelogic.transform.schema.impl.WsdlSchemaTransformer true
  #schemaTransform.json	corelogic.transform.schema.impl.JSONSchemaTransformer true
  #corelogic.sourceGenerator.jsp	corelogic.transform.sourcecode.impl.JspSourceGenerator true
  #corelogic.sourceGenerator.jstl	corelogic.transform.sourcecode.impl.JstlSourceGenerator true
  #corelogic.sourceGenerator.ajax	corelogic.transform.sourcecode.impl.AjaxSourceGenerator true
18/12/17 09:25:40.210 017 W1 <D> bean-info filePath: C:\Users\CP\Downloads\workspace\coreframe-webponent\out\artifacts\coreframe_webponent_Web_exploded\WEB-INF\coreframe\service\web\web-sitemap.xml
  #coreview.layout.dao	coreview.layout.dao.XmlFileDao true
  #coreview.menuDao	coreview.menu.dao.XmlMenuDao true
  #coreview.layout.layoutMgr	coreview.layout.LayoutManager true
  #coreview.menuMgr	coreview.menu.bean.MenuMgrBean true
  #coreview.WebsiteManagementService	coreview.WebsiteManagementService true
  #coreview.WebPagePublisher	coreview.menu.WebPagePublisher true
  #coreview.urlRouteService	coreview.route.impl.RESTfulRouteService true
  #coreview.ElementManagerService	coreview.layout.element.impl.ElementManagerServiceImpl true
  #service.less.lessCompileService	coreframe.service.less.LessService true
18/12/17 09:25:40.221 017 W1 <D> bean-info filePath: C:\Users\CP\Downloads\workspace\coreframe-webponent\out\artifacts\coreframe_webponent_Web_exploded\WEB-INF\coreframe\service\event\server-event-listener.xml
  #coreframe.eventManager	coreframe.service.event.FrameworkEventManagerImpl true
  #coreframe.event.webpageAccess	coreframe.service.event.listener.WebpageAccessEventListener true
18/12/17 09:25:40.225 017 W1 <D> bean-info filePath: C:\Users\CP\Downloads\workspace\coreframe-webponent\out\artifacts\coreframe_webponent_Web_exploded\WEB-INF\coreframe\service\schedule\schedule.xml
  #corelogic.ScheduleService	corelogic.schedule.ScheduleService true
18/12/17 09:25:40.244 017 W1 <D> bean-info filePath: C:\Users\CP\Downloads\workspace\coreframe-webponent\out\artifacts\coreframe_webponent_Web_exploded\WEB-INF\coreframe\service\apm\performance-pack.xml
  #coreframe.service.performance	coreframe.service.performance.PerformanceMonitorService true
  #coreframe.event.listener.chkPerform	coreframe.service.event.listener.PerformanceCheckListener true
  #coreframe.event.listener.chkPerformBld	coreframe.service.event.listener.BldProcessEventListener true
  #coreframe.event.processDelay	coreframe.service.event.listener.ProcessDelayEventListener true
  #coreframe.event.listener.webpageError	coreframe.service.event.listener.WebpageErrorEventListener true
  #coreframe.event.sessionMonitor	coreframe.service.monitor.WebuserCounter true18/12/17 09:25:39.417 017 W1 <S> <f:CoreApplication> coreFRAME 5.0.266
18/12/17 09:25:39.430 017 W1 <S> <f:CoreApplication> coreFRAME jar:file:/C:/Users/CP/Downloads/workspace/coreframe-webponent/out/artifacts/coreframe_webponent_Web_exploded/WEB-INF/lib/coreframe-core-5.0.20.jar!/coreframe/CoreApplication.class
18/12/17 09:25:39.452 017 W1 <S> * coreFRAME thread pool number:10
18/12/17 09:25:39.453 017 W1 <S> <f:CoreApplication> beanFactory:coreframe.beans.DefaultBeanFactory

18/12/17 09:25:40.332 017 W1 <D> <f:FrameworkEventManager> scope:cf:webuserWebpageError class:coreframe.service.event.listener.WebpageErrorEventListener
18/12/17 09:25:40.340 017 W1 <D> <f:FrameworkEventManager> scope:cf:webuserWebpageAccess class:coreframe.service.event.listener.PerformanceCheckListener
18/12/17 09:25:40.955 017 W1 <D> <f:FrameworkEventManager> scope:cf:corelogicBldProcess class:coreframe.service.event.listener.BldProcessEventListener
18/12/17 09:25:40.927 017 W1 <I> <l:AdapterManagementService> regist adapter : file-reader-binary
18/12/17 09:25:40.982 017 W1 <I> <l:AdapterManagementService> regist adapter : soap
18/12/17 09:25:40.982 017 W1 <I> <f:EsapiSecurityManager> set homeDir [org.owasp.esapi.resources]C:\Users\CP\Downloads\workspace\coreframe-webponent\out\artifacts\coreframe_webponent_Web_exploded\WEB-INF\coreframe\security
18/12/17 09:25:41.129 017 W1 <I> <f:EsapiSecurityManager> skipUrlRegExp:/apps/admin
18/12/17 09:25:40.462 017 W1 <S> <f:ServiceManager> regist service:PerformanceMonitorService
18/12/17 09:25:40.812 017 W1 <S> <f:ServiceManager> regist service:ScheduleService
18/12/17 09:25:40.925 017 W1 <S> <f:ServiceManager> regist service:businessLogicService
18/12/17 09:25:41.129 017 W1 <S> <f:ServiceManager> regist service:LessService
18/12/17 09:25:41.145 017 W1 <S> <f:ServiceManager> regist service:DbPooling Service
18/12/17 09:25:41.145 017 W1 <I> <l:AdapterManagementService> regist adapter : http
18/12/17 09:25:41.145 017 W1 <I> <l:AdapterManagementService> regist adapter : file-reader
18/12/17 09:25:41.145 017 W1 <I> <l:AdapterManagementService> regist adapter : file-writer
18/12/17 09:25:41.176 017 W1 <I> corelogic.adapter.dbms.ProcessorFactoryImpl instance create
18/12/17 09:25:41.176 017 W1 <I> <l:AdapterManagementService> regist adapter : dbms
18/12/17 09:25:41.161 017 W1 <S> <f:ServiceManager> regist service:ElementManagerServiceImpl
18/12/17 09:25:41.192 017 W1 <S> <f:ServiceManager> regist service:WebPagePublisher
18/12/17 09:25:41.192 017 W1 <S> <f:ServiceManager> regist service:WebsiteManagementService
18/12/17 09:25:41.208 017 W1 <S> <f:ServiceManager> regist service:RESTfulRouteService
18/12/17 09:25:41.254 017 W1 <S> <f:CoreApplication> supportJTA:false use JdbcTransaction
18/12/17 09:25:40.959 017 W1 <D> <f:FrameworkEventManager> scope:cf:webuserSessionCreate class:coreframe.service.monitor.WebuserCounter
18/12/17 09:25:40.959 017 W1 <D> <f:FrameworkEventManager> scope:cf:webuserSessionDestory class:coreframe.service.monitor.WebuserCounter
18/12/17 09:25:40.967 017 W1 <D> <f:FrameworkEventManager> scope:cf:webuserProcessDelay class:coreframe.service.event.listener.ProcessDelayEventListener
18/12/17 09:25:41.333 017 W1 <D> <v:ElementManagerService> regist element:calendar
18/12/17 09:25:41.333 017 W1 <D> <v:ElementManagerService> regist element:chart
18/12/17 09:25:41.333 017 W1 <D> <v:ElementManagerService> regist element:coreframe-client
18/12/17 09:25:41.333 017 W1 <D> <v:ElementManagerService> regist element:data-bind
18/12/17 09:25:41.348 017 W1 <D> <v:ElementManagerService> regist element:chart_comm
18/12/17 09:25:41.348 017 W1 <D> <v:ElementManagerService> regist element:chart
18/12/17 09:25:41.364 017 W1 <D> <v:ElementManagerService> regist element:grid
18/12/17 09:25:41.364 017 W1 <D> <v:ElementManagerService> regist element:tab.pc
18/12/17 09:25:41.364 017 W1 <D> <v:ElementManagerService> regist element:tab.mobile
18/12/17 09:25:41.364 017 W1 <D> <v:ElementManagerService> regist element:tab.tablet
18/12/17 09:25:41.364 017 W1 <D> <v:ElementManagerService> regist element:dialog.pc
18/12/17 09:25:41.364 017 W1 <D> <v:ElementManagerService> regist element:dialog.tablet
18/12/17 09:25:41.364 017 W1 <D> <v:ElementManagerService> regist element:dialog.mobile
18/12/17 09:25:41.364 017 W1 <D> <v:ElementManagerService> regist element:websocket.pc
18/12/17 09:25:41.364 017 W1 <D> <v:ElementManagerService> regist element:websocket.mobile
18/12/17 09:25:41.364 017 W1 <D> <v:ElementManagerService> regist element:websocket.tablet
18/12/17 09:25:41.364 017 W1 <D> <v:ElementManagerService> regist element:websocket.tablet-low
18/12/17 09:25:41.379 017 W1 <D> <v:ElementManagerService> regist element:jquery
18/12/17 09:25:41.379 017 W1 <D> <v:ElementManagerService> regist element:bootstrap
18/12/17 09:25:41.379 017 W1 <D> <v:ElementManagerService> regist element:codemirror
18/12/17 09:25:41.379 017 W1 <D> <v:ElementManagerService> regist element:hammer
18/12/17 09:25:41.379 017 W1 <D> <v:ElementManagerService> regist element:less
18/12/17 09:25:41.379 017 W1 <D> <v:ElementManagerService> regist element:underscore
18/12/17 09:25:41.379 017 W1 <D> <v:ElementManagerService> regist element:getDevice.pc
18/12/17 09:25:41.379 017 W1 <D> <v:ElementManagerService> regist element:getDevice.mobile
18/12/17 09:25:41.379 017 W1 <D> <v:ElementManagerService> regist element:getDevice.tablet
18/12/17 09:25:41.379 017 W1 <D> <v:ElementManagerService> regist element:getDevice.tablet-low
18/12/17 09:25:41.395 017 W1 <D> <f:ConnectionManager> derbyPool : coreframe.db.jdbc.CacheDriver
18/12/17 09:25:41.867 017 W1 <D> [JDBC Pool:derbyPool] init
18/12/17 09:25:41.867 017 W1 <D> [JDBC Pool:derbyPool] * info:{}
18/12/17 09:25:41.867 017 W1 <D> [JDBC Pool:derbyPool] * url:jdbc:derby:C:\Users\CP\Downloads\workspace\coreframe-webponent\out\artifacts\coreframe_webponent_Web_exploded\WEB-INF\coreframe/_work/filedb/samples
18/12/17 09:25:41.868 017 W1 <D> [JDBC Pool:derbyPool] info:{}
18/12/17 09:25:42.606 017 W1 <D> <f:ConnectionManager> getConnection [JDBC] derbyPool coreframe.db.jdbc.CacheConnection@170aeda0
18/12/17 09:25:42.622 017 W1 <D> <f:ConnectionManager> cf-system : coreframe.db.jdbc.CacheDriver
18/12/17 09:25:42.622 017 W1 <D> [JDBC Pool:cf-system] init
18/12/17 09:25:42.622 017 W1 <D> [JDBC Pool:cf-system] * info:{}
18/12/17 09:25:41.208 017 W1 <I> <l:AdapterManagementService> regist adapter : java
18/12/17 09:25:41.239 017 W1 <I> <l:AdapterManagementService> regist adapter : mail
18/12/17 09:25:41.379 017 W1 <I> <v:ElementManagerService> load element info
18/12/17 09:25:41.395 017 W1 <I> <f:ConnectionManager>  use default url:derbyPool
18/12/17 09:25:42.606 017 W1 <I> [JDBC Pool:derbyPool] 1 connection created.
18/12/17 09:25:42.622 017 W1 <I> <f:DbPoolService> connection test OK:derbyPool
18/12/17 09:25:42.762 017 W1 <I> [JDBC Pool:cf-system] 1 connection created.
18/12/17 09:25:42.762 017 W1 <I> <f:DbPoolService> connection test OK:cf-system
18/12/17 09:25:42.762 017 W1 <I> <l:BLContextFactory> check_interval_time:1000
18/12/17 09:25:42.762 017 W1 <I> <l:BLContextFactory> initLoadBldMode:normal
18/12/17 09:25:41.254 017 W1 <S> <f:CoreApplication> init - complete
18/12/17 09:25:41.379 017 W1 <S> <f:ServiceManager> start service:ElementManagerServiceImpl
18/12/17 09:25:41.379 017 W1 <S> <f:ServiceManager> start service:PerformanceMonitorService
18/12/17 09:25:41.864 017 W1 <S> <CacheDriver> regist ConnectionPool : derbyPool
18/12/17 09:25:42.622 017 W1 <S> <CacheDriver> regist ConnectionPool : cf-system
18/12/17 09:25:42.762 017 W1 <S> <f:ServiceManager> start service:DbPooling Service
18/12/17 09:25:42.762 017 W1 <I> <l:BLContextFactory> load schema root dir : C:\Users\CP\Downloads\workspace\coreframe-webponent\out\artifacts\coreframe_webponent_Web_exploded\WEB-INF\coreframe\bld
18/12/17 09:25:42.762 017 W1 <I> <l:AdapterManagementService> adapter start : file-writer
18/12/17 09:25:42.762 017 W1 <I> <l:AdapterManagementService> adapter start : java
18/12/17 09:25:42.762 017 W1 <I> <adapter> Java adapter start
18/12/17 09:25:42.762 017 W1 <I> <l:AdapterManagementService> adapter start : file-reader-binary
18/12/17 09:25:42.762 017 W1 <I> <l:AdapterManagementService> adapter start : mail
18/12/17 09:25:42.762 017 W1 <I> <adapter> Mail adapter start
18/12/17 09:25:42.762 017 W1 <I> <l:AdapterManagementService> adapter start : file-reader
18/12/17 09:25:42.762 017 W1 <I> <l:AdapterManagementService> adapter start : http
18/12/17 09:25:42.762 017 W1 <I> <adapter> Http adapter start
18/12/17 09:25:42.762 017 W1 <I> <l:AdapterManagementService> adapter start : dbms
18/12/17 09:25:42.762 017 W1 <I> <adapter> DBMS adapter start
18/12/17 09:25:42.762 017 W1 <I> <l:AdapterManagementService> adapter start : soap
18/12/17 09:25:42.762 017 W1 <I> <adapter> Http adapter start
18/12/17 09:25:42.778 017 W1 <I> <t:XmlFileDao> regist [default] /templets/default/templet.jsp
18/12/17 09:25:42.778 017 W1 <I> <t:XmlFileDao> regist [admin] /templets/admin/templet.jsp
18/12/17 09:25:42.778 017 W1 <I> <t:XmlFileDao> regist [mobile] /templets/mobile/templet.jsp
18/12/17 09:25:42.778 017 W1 <I> <t:XmlFileDao> regist [advance] /templets/default/templet.jsp
18/12/17 09:25:42.778 017 W1 <I> <t:XmlFileDao> regist [no-apply] null
18/12/17 09:25:42.778 017 W1 <I> <t:XmlFileDao> regist [wts] /WEB-APP/wts/templets/desktop/templet.jsp
18/12/17 09:25:42.778 017 W1 <I> <t:XmlFileDao> regist [pub] /templets/pub/pcTemplet.jsp
18/12/17 09:25:42.622 017 W1 <D> [JDBC Pool:cf-system] * url:jdbc:derby:C:\Users\CP\Downloads\workspace\coreframe-webponent\out\artifacts\coreframe_webponent_Web_exploded\WEB-INF\coreframe/_work/filedb/admin
18/12/17 09:25:42.622 017 W1 <D> [JDBC Pool:cf-system] info:{}
18/12/17 09:25:42.762 017 W1 <D> <f:ConnectionManager> getConnection [JDBC] cf-system coreframe.db.jdbc.CacheConnection@5de4e8d6
18/12/17 09:25:42.778 017 W1 <I> <t:XmlFileDao> regist [builder] /WEB-APP/builder/templets/pcUtestTemplet.jsp
18/12/17 09:25:42.793 017 W1 <I> <t:MenuMgrBean> Menu DAO class : coreview.menu.dao.XmlMenuDao
18/12/17 09:25:42.793 017 W1 <I> <t:XmlMenuDao> load menu dir:C:\Users\CP\Downloads\workspace\coreframe-webponent\out\artifacts\coreframe_webponent_Web_exploded\WEB-INF\coreframe name:sitemap.xml
18/12/17 09:25:42.793 017 W1 <I> LOADING MENU ITEM .............................
18/12/17 09:25:42.762 017 W1 <S> <l:AdapterManagementService> regist adapter count 8
18/12/17 09:25:42.762 017 W1 <S> <f:ServiceManager> start service:businessLogicService
18/12/17 09:25:42.856 017 W1 <S> <f:ServiceManager> start service:WebsiteManagementService
18/12/17 09:25:42.965 017 W1 <S> <f:ServiceManager> start service:RESTfulRouteService
18/12/17 09:25:42.965 017 W1 <S> <f:ServiceManager> running CoreService :6
18/12/17 09:25:42.965 017 W1 <S> <f:ServiceManager> running Service(UserService) :318/12/17 09:25:42.856 017 W1 <I> <t:XmlMenuDao> load menu info sucess. loadtime:63
18/12/17 09:25:42.887 017 W1 <I> <v:RESTfulRouteService> REG C:\Users\CP\Downloads\workspace\coreframe-webponent\out\artifacts\coreframe_webponent_Web_exploded\WEB-INF\coreframe\web\url-route\admin.xml
18/12/17 09:25:42.965 017 W1 <I> <v:RESTfulRouteService> REG C:\Users\CP\Downloads\workspace\coreframe-webponent\out\artifacts\coreframe_webponent_Web_exploded\WEB-INF\coreframe\web\url-route\sample.xml
18/12/17 09:25:42.965 017 W1 <I> * coreFRAME Property Information 
 * BLD_ROOT_DIRECTORY
	C:\Users\CP\Downloads\workspace\coreframe-webponent\out\artifacts\coreframe_webponent_Web_exploded\WEB-INF\coreframe\bld
 * SERVLET_CONTEXT_EVENT
	javax.servlet.ServletContextEvent[source=org.apache.catalina.core.ApplicationContextFacade@bf3bba1]
 * FRAMEWORK_LOADTIME
	2018-12-17 09:25:42
 * WEB_CONTEXT_NAME
	
 * class.dynamic.value
	4
 * COREFRAME_CONFIG_HOME
	C:\Users\CP\Downloads\workspace\coreframe-webponent\out\artifacts\coreframe_webponent_Web_exploded\WEB-INF\coreframe
 * target.encoding
	utf-8
 * COREFRAME_CONFIG_FILE
	C:\Users\CP\Downloads\workspace\coreframe-webponent\out\artifacts\coreframe_webponent_Web_exploded\WEB-INF\coreframe\config.xml
 * WEB_DOCUMENT_ROOT
	C:\Users\CP\Downloads\workspace\coreframe-webponent\out\artifacts\coreframe_webponent_Web_exploded\
 * domain.name
	http://yourdomainname.com
 * WEBAPP_HOME_DIRS
	[]18/12/17 09:25:42.793 017 W1 <D> <t:MenuMgrBean> 초기화  documentRoot:C:\Users\CP\Downloads\workspace\coreframe-webponent\out\artifacts\coreframe_webponent_Web_exploded\
18/12/17 09:25:42.793 017 W1 <D> <t:MenuMgrBean> 초기화  contextPath:
18/12/17 09:25:42.793 017 W1 <D> <t:MenuMgrBean> 초기화  isReload:true
18/12/17 09:25:42.965 017 W1 <D> <f:FrameworkEventManager> scope:cf:serverStart class:coreframe.service.less.LessService
18/12/17 09:25:42.965 017 W1 <D> **********************************************************
18/12/17 09:25:42.965 017 W1 <D> **********************************************************
18/12/17 09:25:43.436 084 W1 <D> <LessService> LessServiceStart! 1 less files. [encoding : UTF-8] [initCompile : false] [reloadCheckTimeSec : 2][compress : false]
18/12/17 09:25:43.436 084 W1 <D> <LessService> envJsPath   : C:\Users\CP\Downloads\workspace\coreframe-webponent\out\artifacts\coreframe_webponent_Web_exploded\/WEB-INF/coreframe/service/web/env.rhino.js
18/12/17 09:25:43.436 084 W1 <D> <LessService> lessJsPath  : C:\Users\CP\Downloads\workspace\coreframe-webponent\out\artifacts\coreframe_webponent_Web_exploded\/WEB-APP/webponent/thirdParty/less/less-1.3.3.min.js
18/12/17 09:51:43.607 029 W1 <E> <t:UIFilter> ServletException:/myProject/main.jsp
org.apache.jasper.JasperException: org.apache.jasper.JasperException: Unable to compile class for JSP
	at org.apache.jasper.servlet.JspServletWrapper.handleJspException(JspServletWrapper.java:579)
	at org.apache.jasper.servlet.JspServletWrapper.service(JspServletWrapper.java:403)
	at org.apache.jasper.servlet.JspServlet.serviceJspFile(JspServlet.java:386)
	at org.apache.jasper.servlet.JspServlet.service(JspServlet.java:330)
	at javax.servlet.http.HttpServlet.service(HttpServlet.java:742)
	at org.apache.catalina.core.ApplicationFilterChain.internalDoFilter(ApplicationFilterChain.java:231)
	at org.apache.catalina.core.ApplicationFilterChain.doFilter(ApplicationFilterChain.java:166)
	at org.apache.tomcat.websocket.server.WsFilter.doFilter(WsFilter.java:52)
	at org.apache.catalina.core.ApplicationFilterChain.internalDoFilter(ApplicationFilterChain.java:193)
	at org.apache.catalina.core.ApplicationFilterChain.doFilter(ApplicationFilterChain.java:166)
	at coreview.layout.filter.UIFilter.doFilter(UIFilter.java:534)
	at org.apache.catalina.core.ApplicationFilterChain.internalDoFilter(ApplicationFilterChain.java:193)
	at org.apache.catalina.core.ApplicationFilterChain.doFilter(ApplicationFilterChain.java:166)
	at org.apache.catalina.core.StandardWrapperValve.invoke(StandardWrapperValve.java:198)
	at org.apache.catalina.core.StandardContextValve.invoke(StandardContextValve.java:96)
	at org.apache.catalina.authenticator.AuthenticatorBase.invoke(AuthenticatorBase.java:493)
	at org.apache.catalina.core.StandardHostValve.invoke(StandardHostValve.java:140)
	at org.apache.catalina.valves.ErrorReportValve.invoke(ErrorReportValve.java:81)
	at org.apache.catalina.valves.AbstractAccessLogValve.invoke(AbstractAccessLogValve.java:650)
	at org.apache.catalina.core.StandardEngineValve.invoke(StandardEngineValve.java:87)
	at org.apache.catalina.connector.CoyoteAdapter.service(CoyoteAdapter.java:342)
	at org.apache.coyote.http11.Http11Processor.service(Http11Processor.java:800)
	at org.apache.coyote.AbstractProcessorLight.process(AbstractProcessorLight.java:66)
	at org.apache.coyote.AbstractProtocol$ConnectionHandler.process(AbstractProtocol.java:806)
	at org.apache.tomcat.util.net.NioEndpoint$SocketProcessor.doRun(NioEndpoint.java:1498)
	at org.apache.tomcat.util.net.SocketProcessorBase.run(SocketProcessorBase.java:49)
	at java.util.concurrent.ThreadPoolExecutor.runWorker(ThreadPoolExecutor.java:1149)
	at java.util.concurrent.ThreadPoolExecutor$Worker.run(ThreadPoolExecutor.java:624)
	at org.apache.tomcat.util.threads.TaskThread$WrappingRunnable.run(TaskThread.java:61)
	at java.lang.Thread.run(Thread.java:748)
Caused by: org.apache.jasper.JasperException: Unable to compile class for JSP
	at org.apache.jasper.JspCompilationContext.compile(JspCompilationContext.java:610)
	at org.apache.jasper.servlet.JspServletWrapper.service(JspServletWrapper.java:382)
	... 28 more
Caused by: java.lang.IllegalArgumentException: Negative time
	at java.io.File.setLastModified(File.java:1427)
	at org.apache.jasper.compiler.Compiler.compile(Compiler.java:376)
	at org.apache.jasper.compiler.Compiler.compile(Compiler.java:350)
	at org.apache.jasper.compiler.Compiler.compile(Compiler.java:334)
	at org.apache.jasper.JspCompilationContext.compile(JspCompilationContext.java:595)
	... 29 more

18/12/17 14:32:56.593 033 W1 <E> <t:UIFilter> ServletException:/myProject/list.jsp
org.apache.jasper.JasperException: org.apache.jasper.JasperException: Unable to compile class for JSP
	at org.apache.jasper.servlet.JspServletWrapper.handleJspException(JspServletWrapper.java:579)
	at org.apache.jasper.servlet.JspServletWrapper.service(JspServletWrapper.java:403)
	at org.apache.jasper.servlet.JspServlet.serviceJspFile(JspServlet.java:386)
	at org.apache.jasper.servlet.JspServlet.service(JspServlet.java:330)
	at javax.servlet.http.HttpServlet.service(HttpServlet.java:742)
	at org.apache.catalina.core.ApplicationFilterChain.internalDoFilter(ApplicationFilterChain.java:231)
	at org.apache.catalina.core.ApplicationFilterChain.doFilter(ApplicationFilterChain.java:166)
	at org.apache.tomcat.websocket.server.WsFilter.doFilter(WsFilter.java:52)
	at org.apache.catalina.core.ApplicationFilterChain.internalDoFilter(ApplicationFilterChain.java:193)
	at org.apache.catalina.core.ApplicationFilterChain.doFilter(ApplicationFilterChain.java:166)
	at coreview.layout.filter.UIFilter.doFilter(UIFilter.java:534)
	at org.apache.catalina.core.ApplicationFilterChain.internalDoFilter(ApplicationFilterChain.java:193)
	at org.apache.catalina.core.ApplicationFilterChain.doFilter(ApplicationFilterChain.java:166)
	at org.apache.catalina.core.StandardWrapperValve.invoke(StandardWrapperValve.java:198)
	at org.apache.catalina.core.StandardContextValve.invoke(StandardContextValve.java:96)
	at org.apache.catalina.authenticator.AuthenticatorBase.invoke(AuthenticatorBase.java:493)
	at org.apache.catalina.core.StandardHostValve.invoke(StandardHostValve.java:140)
	at org.apache.catalina.valves.ErrorReportValve.invoke(ErrorReportValve.java:81)
	at org.apache.catalina.valves.AbstractAccessLogValve.invoke(AbstractAccessLogValve.java:650)
	at org.apache.catalina.core.StandardEngineValve.invoke(StandardEngineValve.java:87)
	at org.apache.catalina.connector.CoyoteAdapter.service(CoyoteAdapter.java:342)
	at org.apache.coyote.http11.Http11Processor.service(Http11Processor.java:800)
	at org.apache.coyote.AbstractProcessorLight.process(AbstractProcessorLight.java:66)
	at org.apache.coyote.AbstractProtocol$ConnectionHandler.process(AbstractProtocol.java:806)
	at org.apache.tomcat.util.net.NioEndpoint$SocketProcessor.doRun(NioEndpoint.java:1498)
	at org.apache.tomcat.util.net.SocketProcessorBase.run(SocketProcessorBase.java:49)
	at java.util.concurrent.ThreadPoolExecutor.runWorker(ThreadPoolExecutor.java:1149)
	at java.util.concurrent.ThreadPoolExecutor$Worker.run(ThreadPoolExecutor.java:624)
	at org.apache.tomcat.util.threads.TaskThread$WrappingRunnable.run(TaskThread.java:61)
	at java.lang.Thread.run(Thread.java:748)
Caused by: org.apache.jasper.JasperException: Unable to compile class for JSP
	at org.apache.jasper.JspCompilationContext.compile(JspCompilationContext.java:610)
	at org.apache.jasper.servlet.JspServletWrapper.service(JspServletWrapper.java:382)
	... 28 more
Caused by: java.lang.IllegalArgumentException: Negative time
	at java.io.File.setLastModified(File.java:1427)
	at org.apache.jasper.compiler.Compiler.compile(Compiler.java:376)
	at org.apache.jasper.compiler.Compiler.compile(Compiler.java:350)
	at org.apache.jasper.compiler.Compiler.compile(Compiler.java:334)
	at org.apache.jasper.JspCompilationContext.compile(JspCompilationContext.java:595)
	... 29 more

