18/12/07 09:11:39.722 068 W1 <U> GUEST FA304DD0911AED6461DB3AD869501C2B null -1 /coreframe-webponent/myProject/list.jsp NO-BLD
18/12/07 09:11:40.740 068 W1 <U> GUEST FA304DD0911AED6461DB3AD869501C2B null -1 /coreframe-webponent/myProject/webponent.licenseKey.js NO-BLD
18/12/07 09:12:25.361 066 W1 <U> GUEST FA304DD0911AED6461DB3AD869501C2B null -1 /coreframe-webponent/myProject/list.jsp NO-BLD
18/12/07 09:12:25.431 063 W1 <U> GUEST FA304DD0911AED6461DB3AD869501C2B null -1 /coreframe-webponent/myProject/webponent.licenseKey.js NO-BLD
18/12/07 09:13:58.008 065 W1 <U> GUEST FA304DD0911AED6461DB3AD869501C2B null -1 /coreframe-webponent/myProject/list.jsp NO-BLD
18/12/07 09:13:58.157 062 W1 <U> GUEST FA304DD0911AED6461DB3AD869501C2B null -1 /coreframe-webponent/myProject/webponent.licenseKey.js NO-BLD
18/12/07 09:14:26.115 069 W1 <U> GUEST FA304DD0911AED6461DB3AD869501C2B null -1 /coreframe-webponent/myProject/list.jsp NO-BLD
18/12/07 09:14:26.441 069 W1 <U> GUEST FA304DD0911AED6461DB3AD869501C2B null -1 /coreframe-webponent/myProject/webponent.licenseKey.js NO-BLD
18/12/07 09:14:43.070 069 W1 <U> GUEST FA304DD0911AED6461DB3AD869501C2B null -1 /coreframe-webponent/myProject/list.jsp NO-BLD
18/12/07 09:14:43.135 067 W1 <U> GUEST FA304DD0911AED6461DB3AD869501C2B null -1 /coreframe-webponent/myProject/webponent.licenseKey.js NO-BLD
18/12/07 09:15:31.309 062 W1 <U> GUEST FA304DD0911AED6461DB3AD869501C2B null -1 /coreframe-webponent/myProject/list.jsp NO-BLD
18/12/07 09:15:31.395 065 W1 <U> GUEST FA304DD0911AED6461DB3AD869501C2B null -1 /coreframe-webponent/myProject/webponent.licenseKey.js NO-BLD
18/12/07 09:15:43.024 064 W1 <U> GUEST FA304DD0911AED6461DB3AD869501C2B null -1 /coreframe-webponent/myProject/list.jsp NO-BLD
18/12/07 09:15:43.153 063 W1 <U> GUEST FA304DD0911AED6461DB3AD869501C2B null -1 /coreframe-webponent/myProject/webponent.licenseKey.js NO-BLD
18/12/07 09:16:37.416 062 W1 <U> GUEST FA304DD0911AED6461DB3AD869501C2B null -1 /coreframe-webponent/myProject/list.jsp NO-BLD
18/12/07 09:16:37.518 067 W1 <U> GUEST FA304DD0911AED6461DB3AD869501C2B null -1 /coreframe-webponent/myProject/webponent.licenseKey.js NO-BLD
18/12/07 09:16:40.100 065 W1 <U> GUEST FA304DD0911AED6461DB3AD869501C2B null -1 /coreframe-webponent/myProject/list.jsp NO-BLD
18/12/07 09:16:40.362 062 W1 <U> GUEST FA304DD0911AED6461DB3AD869501C2B null -1 /coreframe-webponent/myProject/webponent.licenseKey.js NO-BLD
18/12/07 09:16:44.706 068 W1 <U> GUEST FA304DD0911AED6461DB3AD869501C2B null -1 /coreframe-webponent/myProject/list.jsp NO-BLD
18/12/07 09:16:44.758 063 W1 <U> GUEST FA304DD0911AED6461DB3AD869501C2B null -1 /coreframe-webponent/myProject/list.jsp NO-BLD
18/12/07 09:16:44.779 067 W1 <U> GUEST FA304DD0911AED6461DB3AD869501C2B null -1 /coreframe-webponent/myProject/webponent.licenseKey.js NO-BLD
18/12/07 09:16:45.077 068 W1 <U> GUEST FA304DD0911AED6461DB3AD869501C2B null -1 /coreframe-webponent/myProject/list.jsp NO-BLD
18/12/07 09:16:46.712 064 W1 <U> GUEST FA304DD0911AED6461DB3AD869501C2B null -1 /coreframe-webponent/myProject/webponent.licenseKey.js NO-BLD
18/12/07 09:16:52.304 063 W1 <U> GUEST FA304DD0911AED6461DB3AD869501C2B null -1 /coreframe-webponent/myProject/list.jsp NO-BLD
18/12/07 09:16:52.522 062 W1 <U> GUEST FA304DD0911AED6461DB3AD869501C2B null -1 /coreframe-webponent/myProject/webponent.licenseKey.js NO-BLD
18/12/07 09:17:03.899 064 W1 <U> GUEST FA304DD0911AED6461DB3AD869501C2B null -1 /coreframe-webponent/myProject/list.jsp NO-BLD
18/12/07 09:17:04.092 067 W1 <U> GUEST FA304DD0911AED6461DB3AD869501C2B null -1 /coreframe-webponent/myProject/webponent.licenseKey.js NO-BLD
18/12/07 09:17:11.425 067 W1 <U> GUEST FA304DD0911AED6461DB3AD869501C2B null -1 /coreframe-webponent/myProject/list.jsp NO-BLD
18/12/07 09:17:11.527 064 W1 <U> GUEST FA304DD0911AED6461DB3AD869501C2B null -1 /coreframe-webponent/myProject/webponent.licenseKey.js NO-BLD
18/12/07 09:17:16.392 062 W1 <U> GUEST FA304DD0911AED6461DB3AD869501C2B null -1 /coreframe-webponent/myProject/list.jsp NO-BLD
18/12/07 09:17:16.541 064 W1 <U> GUEST FA304DD0911AED6461DB3AD869501C2B null -1 /coreframe-webponent/myProject/webponent.licenseKey.js NO-BLD
18/12/07 09:17:26.256 064 W1 <U> GUEST FA304DD0911AED6461DB3AD869501C2B null -1 /coreframe-webponent/myProject/list.jsp NO-BLD
18/12/07 09:17:26.507 066 W1 <U> GUEST FA304DD0911AED6461DB3AD869501C2B null -1 /coreframe-webponent/myProject/webponent.licenseKey.js NO-BLD
18/12/07 09:17:47.933 062 W1 <U> GUEST FA304DD0911AED6461DB3AD869501C2B null -1 /coreframe-webponent/myProject/list.jsp NO-BLD
18/12/07 09:17:47.933 062 W1 <U> GUEST FA304DD0911AED6461DB3AD869501C2B null -1 /coreframe-webponent/myProject/webponent.licenseKey.js NO-BLD
18/12/07 09:18:03.287 067 W1 <U> GUEST FA304DD0911AED6461DB3AD869501C2B null -1 /coreframe-webponent/myProject/list.jsp NO-BLD
18/12/07 09:18:03.452 069 W1 <U> GUEST FA304DD0911AED6461DB3AD869501C2B null -1 /coreframe-webponent/myProject/webponent.licenseKey.js NO-BLD
18/12/07 09:18:14.294 062 W1 <U> GUEST FA304DD0911AED6461DB3AD869501C2B null -1 /coreframe-webponent/myProject/list.jsp NO-BLD
18/12/07 09:18:14.294 062 W1 <U> GUEST FA304DD0911AED6461DB3AD869501C2B null -1 /coreframe-webponent/myProject/list.jsp NO-BLD
18/12/07 09:18:14.456 063 W1 <U> GUEST FA304DD0911AED6461DB3AD869501C2B null -1 /coreframe-webponent/myProject/webponent.licenseKey.js NO-BLD
18/12/07 09:18:15.569 067 W1 <U> GUEST FA304DD0911AED6461DB3AD869501C2B null -1 /coreframe-webponent/myProject/list.jsp NO-BLD
18/12/07 09:18:15.631 066 W1 <U> GUEST FA304DD0911AED6461DB3AD869501C2B null -1 /coreframe-webponent/myProject/webponent.licenseKey.js NO-BLD
18/12/07 09:18:16.612 067 W1 <U> GUEST FA304DD0911AED6461DB3AD869501C2B null -1 /coreframe-webponent/myProject/list.jsp NO-BLD
18/12/07 09:18:16.709 063 W1 <U> GUEST FA304DD0911AED6461DB3AD869501C2B null -1 /coreframe-webponent/myProject/webponent.licenseKey.js NO-BLD
18/12/07 09:18:17.952 065 W1 <U> GUEST FA304DD0911AED6461DB3AD869501C2B null -1 /coreframe-webponent/myProject/list.jsp NO-BLD
18/12/07 09:18:18.095 067 W1 <U> GUEST FA304DD0911AED6461DB3AD869501C2B null -1 /coreframe-webponent/myProject/webponent.licenseKey.js NO-BLD
18/12/07 09:18:19.375 063 W1 <U> GUEST FA304DD0911AED6461DB3AD869501C2B null -1 /coreframe-webponent/myProject/list.jsp NO-BLD
18/12/07 09:18:19.449 065 W1 <U> GUEST FA304DD0911AED6461DB3AD869501C2B null -1 /coreframe-webponent/myProject/webponent.licenseKey.js NO-BLD
18/12/07 09:19:05.057 063 W1 <U> GUEST FA304DD0911AED6461DB3AD869501C2B null -1 /coreframe-webponent/myProject/list.jsp NO-BLD
18/12/07 09:19:06.678 068 W1 <U> GUEST FA304DD0911AED6461DB3AD869501C2B null -1 /coreframe-webponent/myProject/list.jsp NO-BLD
18/12/07 09:19:06.678 068 W1 <U> GUEST FA304DD0911AED6461DB3AD869501C2B null -1 /coreframe-webponent/myProject/list.jsp NO-BLD
18/12/07 09:19:06.885 063 W1 <U> GUEST FA304DD0911AED6461DB3AD869501C2B null -1 /coreframe-webponent/myProject/webponent.licenseKey.js NO-BLD
18/12/07 09:19:22.153 064 W1 <U> GUEST FA304DD0911AED6461DB3AD869501C2B null -1 /coreframe-webponent/myProject/list.jsp NO-BLD
18/12/07 09:19:22.892 067 W1 <U> GUEST FA304DD0911AED6461DB3AD869501C2B null -1 /coreframe-webponent/myProject/webponent.licenseKey.js NO-BLD
18/12/07 09:19:27.857 062 W1 <U> GUEST FA304DD0911AED6461DB3AD869501C2B null -1 /coreframe-webponent/myProject/list.jsp NO-BLD
18/12/07 09:19:28.022 066 W1 <U> GUEST FA304DD0911AED6461DB3AD869501C2B null -1 /coreframe-webponent/myProject/webponent.licenseKey.js NO-BLD
18/12/07 09:19:36.546 065 W1 <U> GUEST FA304DD0911AED6461DB3AD869501C2B null -1 /coreframe-webponent/myProject/list.jsp NO-BLD
18/12/07 09:19:36.648 068 W1 <U> GUEST FA304DD0911AED6461DB3AD869501C2B null -1 /coreframe-webponent/myProject/webponent.licenseKey.js NO-BLD
18/12/07 09:20:04.185 067 W1 <U> GUEST FA304DD0911AED6461DB3AD869501C2B null -1 /coreframe-webponent/myProject/list.jsp NO-BLD
18/12/07 09:20:04.293 063 W1 <U> GUEST FA304DD0911AED6461DB3AD869501C2B null -1 /coreframe-webponent/myProject/webponent.licenseKey.js NO-BLD
18/12/07 09:22:11.970 065 W1 <U> GUEST FA304DD0911AED6461DB3AD869501C2B null -1 /coreframe-webponent/myProject/list.jsp NO-BLD
18/12/07 09:22:12.148 069 W1 <U> GUEST FA304DD0911AED6461DB3AD869501C2B null -1 /coreframe-webponent/myProject/webponent.licenseKey.js NO-BLD
18/12/07 09:22:19.304 069 W1 <U> GUEST FA304DD0911AED6461DB3AD869501C2B null -1 /coreframe-webponent/myProject/list.jsp NO-BLD
18/12/07 09:22:19.409 063 W1 <U> GUEST FA304DD0911AED6461DB3AD869501C2B null -1 /coreframe-webponent/myProject/webponent.licenseKey.js NO-BLD
18/12/07 09:22:57.543 063 W1 <U> GUEST FA304DD0911AED6461DB3AD869501C2B null -1 /coreframe-webponent/myProject/list.jsp NO-BLD
18/12/07 09:22:57.714 066 W1 <U> GUEST FA304DD0911AED6461DB3AD869501C2B null -1 /coreframe-webponent/myProject/webponent.licenseKey.js NO-BLD
18/12/07 09:23:49.503 068 W1 <U> GUEST FA304DD0911AED6461DB3AD869501C2B null -1 /coreframe-webponent/myProject/list.jsp NO-BLD
18/12/07 09:23:49.666 065 W1 <U> GUEST FA304DD0911AED6461DB3AD869501C2B null -1 /coreframe-webponent/myProject/webponent.licenseKey.js NO-BLD
18/12/07 09:24:47.291 066 W1 <U> GUEST FA304DD0911AED6461DB3AD869501C2B null -1 /coreframe-webponent/myProject/list.jsp NO-BLD
18/12/07 09:24:47.472 063 W1 <U> GUEST FA304DD0911AED6461DB3AD869501C2B null -1 /coreframe-webponent/myProject/webponent.licenseKey.js NO-BLD
18/12/07 09:25:03.022 068 W1 <U> GUEST FA304DD0911AED6461DB3AD869501C2B null -1 /coreframe-webponent/myProject/list.jsp NO-BLD
18/12/07 09:25:03.241 063 W1 <U> GUEST FA304DD0911AED6461DB3AD869501C2B null -1 /coreframe-webponent/myProject/webponent.licenseKey.js NO-BLD
18/12/07 09:25:09.725 062 W1 <U> GUEST FA304DD0911AED6461DB3AD869501C2B null -1 /coreframe-webponent/myProject/list.jsp NO-BLD
18/12/07 09:25:09.957 068 W1 <U> GUEST FA304DD0911AED6461DB3AD869501C2B null -1 /coreframe-webponent/myProject/webponent.licenseKey.js NO-BLD
18/12/07 09:25:13.211 065 W1 <U> GUEST FA304DD0911AED6461DB3AD869501C2B null -1 /coreframe-webponent/myProject/list.jsp NO-BLD
18/12/07 09:25:13.331 069 W1 <U> GUEST FA304DD0911AED6461DB3AD869501C2B null -1 /coreframe-webponent/myProject/webponent.licenseKey.js NO-BLD
18/12/07 09:25:39.487 067 W1 <U> GUEST FA304DD0911AED6461DB3AD869501C2B null -1 /coreframe-webponent/myProject/list.jsp NO-BLD
18/12/07 09:25:39.701 069 W1 <U> GUEST FA304DD0911AED6461DB3AD869501C2B null -1 /coreframe-webponent/myProject/webponent.licenseKey.js NO-BLD
18/12/07 09:25:41.720 067 W1 <U> GUEST FA304DD0911AED6461DB3AD869501C2B null -1 /coreframe-webponent/myProject/list.jsp NO-BLD
18/12/07 09:25:41.910 065 W1 <U> GUEST FA304DD0911AED6461DB3AD869501C2B null -1 /coreframe-webponent/myProject/webponent.licenseKey.js NO-BLD
18/12/07 09:25:48.059 063 W1 <U> GUEST FA304DD0911AED6461DB3AD869501C2B null -1 /coreframe-webponent/myProject/list.jsp NO-BLD
18/12/07 09:25:48.134 063 W1 <U> GUEST FA304DD0911AED6461DB3AD869501C2B null -1 /coreframe-webponent/myProject/webponent.licenseKey.js NO-BLD
18/12/07 09:25:50.657 063 W1 <U> GUEST FA304DD0911AED6461DB3AD869501C2B null -1 /coreframe-webponent/myProject/list.jsp NO-BLD
18/12/07 09:25:50.727 068 W1 <U> GUEST FA304DD0911AED6461DB3AD869501C2B null -1 /coreframe-webponent/myProject/webponent.licenseKey.js NO-BLD
18/12/07 09:25:57.804 062 W1 <U> GUEST FA304DD0911AED6461DB3AD869501C2B null -1 /coreframe-webponent/myProject/list.jsp NO-BLD
18/12/07 09:26:03.422 064 W1 <U> GUEST FA304DD0911AED6461DB3AD869501C2B null -1 /coreframe-webponent/myProject/list.jsp NO-BLD
18/12/07 09:26:03.555 062 W1 <U> GUEST FA304DD0911AED6461DB3AD869501C2B null -1 /coreframe-webponent/myProject/webponent.licenseKey.js NO-BLD
18/12/07 09:26:11.496 068 W1 <U> GUEST FA304DD0911AED6461DB3AD869501C2B null -1 /coreframe-webponent/myProject/list.jsp NO-BLD
18/12/07 09:26:11.782 064 W1 <U> GUEST FA304DD0911AED6461DB3AD869501C2B null -1 /coreframe-webponent/myProject/webponent.licenseKey.js NO-BLD
18/12/07 09:26:15.164 068 W1 <U> GUEST FA304DD0911AED6461DB3AD869501C2B null -1 /coreframe-webponent/myProject/list.jsp NO-BLD
18/12/07 09:26:15.265 064 W1 <U> GUEST FA304DD0911AED6461DB3AD869501C2B null -1 /coreframe-webponent/myProject/webponent.licenseKey.js NO-BLD
18/12/07 09:26:18.866 067 W1 <U> GUEST FA304DD0911AED6461DB3AD869501C2B null -1 /coreframe-webponent/myProject/list.jsp NO-BLD
18/12/07 09:26:18.880 067 W1 <U> GUEST FA304DD0911AED6461DB3AD869501C2B null -1 /coreframe-webponent/myProject/list.jsp NO-BLD
18/12/07 09:26:18.971 069 W1 <U> GUEST FA304DD0911AED6461DB3AD869501C2B null -1 /coreframe-webponent/myProject/webponent.licenseKey.js NO-BLD
18/12/07 09:36:55.150 066 W1 <U> GUEST FA304DD0911AED6461DB3AD869501C2B null -1 /coreframe-webponent/myProject/list.jsp NO-BLD
18/12/07 09:36:55.407 063 W1 <U> GUEST FA304DD0911AED6461DB3AD869501C2B null -1 /coreframe-webponent/myProject/webponent.licenseKey.js NO-BLD
18/12/07 09:36:58.898 065 W1 <U> GUEST FA304DD0911AED6461DB3AD869501C2B null -1 /coreframe-webponent/myProject/list.jsp NO-BLD
18/12/07 09:36:58.995 067 W1 <U> GUEST FA304DD0911AED6461DB3AD869501C2B null -1 /coreframe-webponent/myProject/webponent.licenseKey.js NO-BLD
18/12/07 09:37:27.024 069 W1 <U> GUEST FA304DD0911AED6461DB3AD869501C2B null -1 /coreframe-webponent/myProject/list.jsp NO-BLD
18/12/07 09:37:27.113 066 W1 <U> GUEST FA304DD0911AED6461DB3AD869501C2B null -1 /coreframe-webponent/myProject/webponent.licenseKey.js NO-BLD
18/12/07 09:38:07.713 064 W1 <U> GUEST FA304DD0911AED6461DB3AD869501C2B null -1 /coreframe-webponent/myProject/list.jsp NO-BLD
18/12/07 09:38:07.880 065 W1 <U> GUEST FA304DD0911AED6461DB3AD869501C2B null -1 /coreframe-webponent/myProject/webponent.licenseKey.js NO-BLD
18/12/07 09:49:25.176 062 W1 <U> GUEST FA304DD0911AED6461DB3AD869501C2B null -1 /coreframe-webponent/myProject/list.jsp NO-BLD
18/12/07 09:49:25.296 062 W1 <U> GUEST FA304DD0911AED6461DB3AD869501C2B null -1 /coreframe-webponent/myProject/webponent.licenseKey.js NO-BLD
18/12/07 09:50:15.256 062 W1 <U> GUEST FA304DD0911AED6461DB3AD869501C2B null -1 /coreframe-webponent/myProject/list.jsp NO-BLD
18/12/07 09:50:15.417 069 W1 <U> GUEST FA304DD0911AED6461DB3AD869501C2B null -1 /coreframe-webponent/myProject/webponent.licenseKey.js NO-BLD
18/12/07 09:50:40.159 069 W1 <U> GUEST FA304DD0911AED6461DB3AD869501C2B null -1 /coreframe-webponent/myProject/list.jsp NO-BLD
18/12/07 09:50:40.267 062 W1 <U> GUEST FA304DD0911AED6461DB3AD869501C2B null -1 /coreframe-webponent/myProject/webponent.licenseKey.js NO-BLD
18/12/07 09:51:39.470 064 W1 <U> GUEST FA304DD0911AED6461DB3AD869501C2B null -1 /coreframe-webponent/myProject/list.jsp NO-BLD
18/12/07 09:51:39.612 066 W1 <U> GUEST FA304DD0911AED6461DB3AD869501C2B null -1 /coreframe-webponent/myProject/webponent.licenseKey.js NO-BLD
18/12/07 09:53:47.120 069 W1 <U> GUEST FA304DD0911AED6461DB3AD869501C2B null -1 /coreframe-webponent/myProject/list.jsp NO-BLD
18/12/07 09:53:47.334 066 W1 <U> GUEST FA304DD0911AED6461DB3AD869501C2B null -1 /coreframe-webponent/myProject/webponent.licenseKey.js NO-BLD
18/12/07 09:55:22.608 066 W1 <U> GUEST FA304DD0911AED6461DB3AD869501C2B null -1 /coreframe-webponent/myProject/list.jsp NO-BLD
18/12/07 09:55:22.963 062 W1 <U> GUEST FA304DD0911AED6461DB3AD869501C2B null -1 /coreframe-webponent/myProject/webponent.licenseKey.js NO-BLD
18/12/07 11:05:50.194 065 W1 <U> GUEST FA304DD0911AED6461DB3AD869501C2B null -1 /coreframe-webponent/myProject/list.jsp NO-BLD
18/12/07 11:05:50.382 067 W1 <U> GUEST FA304DD0911AED6461DB3AD869501C2B null -1 /coreframe-webponent/myProject/webponent.licenseKey.js NO-BLD
18/12/07 11:05:50.458 069 W1 <U> GUEST FA304DD0911AED6461DB3AD869501C2B null -1 /coreframe-webponent/myProject/js/pie_arrests.js NO-BLD
18/12/07 11:05:55.596 063 W1 <U> GUEST FA304DD0911AED6461DB3AD869501C2B null -1 /coreframe-webponent/myProject/list.jsp NO-BLD
18/12/07 11:05:55.674 064 W1 <U> GUEST FA304DD0911AED6461DB3AD869501C2B null -1 /coreframe-webponent/myProject/webponent.licenseKey.js NO-BLD
18/12/07 11:05:55.856 063 W1 <U> GUEST FA304DD0911AED6461DB3AD869501C2B null -1 /coreframe-webponent/myProject/js/pie_arrests.js NO-BLD
18/12/07 11:06:59.046 063 W1 <U> GUEST FA304DD0911AED6461DB3AD869501C2B null -1 /coreframe-webponent/myProject/list.jsp NO-BLD
18/12/07 11:06:59.548 064 W1 <U> GUEST FA304DD0911AED6461DB3AD869501C2B null -1 /coreframe-webponent/myProject/webponent.licenseKey.js NO-BLD
18/12/07 11:07:00.558 068 W1 <U> GUEST FA304DD0911AED6461DB3AD869501C2B null -1 /coreframe-webponent/myProject/js/korea_map.js NO-BLD
18/12/07 11:07:00.558 068 W1 <U> GUEST FA304DD0911AED6461DB3AD869501C2B null -1 /coreframe-webponent/myProject/js/pie_arrests.js NO-BLD
18/12/07 11:07:28.988 068 W1 <U> GUEST FA304DD0911AED6461DB3AD869501C2B null -1 /coreframe-webponent/myProject/list.jsp NO-BLD
18/12/07 11:07:29.339 069 W1 <U> GUEST FA304DD0911AED6461DB3AD869501C2B null -1 /coreframe-webponent/myProject/webponent.licenseKey.js NO-BLD
18/12/07 11:07:29.600 069 W1 <U> GUEST FA304DD0911AED6461DB3AD869501C2B null -1 /coreframe-webponent/myProject/js/pie_arrests.js NO-BLD
18/12/07 11:07:29.654 064 W1 <U> GUEST FA304DD0911AED6461DB3AD869501C2B null -1 /coreframe-webponent/myProject/js/korea_map.js NO-BLD
18/12/07 11:07:41.516 069 W1 <U> GUEST FA304DD0911AED6461DB3AD869501C2B null -1 /coreframe-webponent/myProject/list.jsp NO-BLD
18/12/07 11:07:41.728 064 W1 <U> GUEST FA304DD0911AED6461DB3AD869501C2B null -1 /coreframe-webponent/myProject/webponent.licenseKey.js NO-BLD
18/12/07 11:07:42.040 062 W1 <U> GUEST FA304DD0911AED6461DB3AD869501C2B null -1 /coreframe-webponent/myProject/js/pie_arrests.js NO-BLD
18/12/07 11:07:42.060 068 W1 <U> GUEST FA304DD0911AED6461DB3AD869501C2B null -1 /coreframe-webponent/myProject/js/korea_map.js NO-BLD
18/12/07 11:07:44.812 069 W1 <U> GUEST FA304DD0911AED6461DB3AD869501C2B null -1 /coreframe-webponent/myProject/list.jsp NO-BLD
18/12/07 11:07:44.896 065 W1 <U> GUEST FA304DD0911AED6461DB3AD869501C2B null -1 /coreframe-webponent/myProject/webponent.licenseKey.js NO-BLD
18/12/07 11:07:45.036 064 W1 <U> GUEST FA304DD0911AED6461DB3AD869501C2B null -1 /coreframe-webponent/myProject/js/korea_map.js NO-BLD
18/12/07 11:07:45.111 065 W1 <U> GUEST FA304DD0911AED6461DB3AD869501C2B null -1 /coreframe-webponent/myProject/js/pie_arrests.js NO-BLD
18/12/07 11:07:56.873 066 W1 <U> GUEST FA304DD0911AED6461DB3AD869501C2B null -1 /coreframe-webponent/myProject/list.jsp NO-BLD
18/12/07 11:07:56.936 062 W1 <U> GUEST FA304DD0911AED6461DB3AD869501C2B null -1 /coreframe-webponent/myProject/webponent.licenseKey.js NO-BLD
18/12/07 11:07:57.034 069 W1 <U> GUEST FA304DD0911AED6461DB3AD869501C2B null -1 /coreframe-webponent/myProject/js/pie_arrests.js NO-BLD
18/12/07 11:07:57.079 065 W1 <U> GUEST FA304DD0911AED6461DB3AD869501C2B null -1 /coreframe-webponent/myProject/js/korea_map.js NO-BLD
18/12/07 13:17:26.065 065 W1 <U> GUEST C4B03669AB0B80BF3B97BBB368001BB1 null -1 /coreframe-webponent/myProject/list.jsp NO-BLD
18/12/07 13:17:26.184 069 W1 <U> GUEST C4B03669AB0B80BF3B97BBB368001BB1 null -1 /coreframe-webponent/myProject/webponent.licenseKey.js NO-BLD
18/12/07 13:17:26.569 068 W1 <U> GUEST C4B03669AB0B80BF3B97BBB368001BB1 null -1 /coreframe-webponent/myProject/js/pie_arrests.js NO-BLD
18/12/07 13:17:26.569 068 W1 <U> GUEST C4B03669AB0B80BF3B97BBB368001BB1 null -1 /coreframe-webponent/myProject/js/korea_map.js NO-BLD
18/12/07 13:17:46.520 063 W1 <U> GUEST C4B03669AB0B80BF3B97BBB368001BB1 null -1 /coreframe-webponent/myProject/list.jsp NO-BLD
18/12/07 13:17:47.080 069 W1 <U> GUEST C4B03669AB0B80BF3B97BBB368001BB1 null -1 /coreframe-webponent/myProject/webponent.licenseKey.js NO-BLD
18/12/07 13:17:47.703 062 W1 <U> GUEST C4B03669AB0B80BF3B97BBB368001BB1 null -1 /coreframe-webponent/myProject/js/pie_arrests.js NO-BLD
18/12/07 13:17:47.703 062 W1 <U> GUEST C4B03669AB0B80BF3B97BBB368001BB1 null -1 /coreframe-webponent/myProject/js/korea_map.js NO-BLD
18/12/07 13:17:51.629 064 W1 <U> GUEST C4B03669AB0B80BF3B97BBB368001BB1 null -1 /coreframe-webponent/myProject/list.jsp NO-BLD
18/12/07 13:17:51.778 062 W1 <U> GUEST C4B03669AB0B80BF3B97BBB368001BB1 null -1 /coreframe-webponent/myProject/webponent.licenseKey.js NO-BLD
18/12/07 13:17:52.002 063 W1 <U> GUEST C4B03669AB0B80BF3B97BBB368001BB1 null -1 /coreframe-webponent/myProject/js/pie_arrests.js NO-BLD
18/12/07 13:17:52.002 063 W1 <U> GUEST C4B03669AB0B80BF3B97BBB368001BB1 null -1 /coreframe-webponent/myProject/js/korea_map.js NO-BLD
18/12/07 13:18:00.797 065 W1 <U> GUEST C4B03669AB0B80BF3B97BBB368001BB1 null -1 /coreframe-webponent/myProject/list.jsp NO-BLD
18/12/07 13:18:00.884 064 W1 <U> GUEST C4B03669AB0B80BF3B97BBB368001BB1 null -1 /coreframe-webponent/myProject/webponent.licenseKey.js NO-BLD
18/12/07 13:18:01.079 063 W1 <U> GUEST C4B03669AB0B80BF3B97BBB368001BB1 null -1 /coreframe-webponent/myProject/js/pie_arrests.js NO-BLD
18/12/07 13:18:01.079 063 W1 <U> GUEST C4B03669AB0B80BF3B97BBB368001BB1 null -1 /coreframe-webponent/myProject/js/korea_map.js NO-BLD
18/12/07 13:18:05.412 066 W1 <U> GUEST C4B03669AB0B80BF3B97BBB368001BB1 null -1 /coreframe-webponent/myProject/list.jsp NO-BLD
18/12/07 13:18:05.515 069 W1 <U> GUEST C4B03669AB0B80BF3B97BBB368001BB1 null -1 /coreframe-webponent/myProject/webponent.licenseKey.js NO-BLD
18/12/07 13:18:05.617 067 W1 <U> GUEST C4B03669AB0B80BF3B97BBB368001BB1 null -1 /coreframe-webponent/myProject/js/pie_arrests.js NO-BLD
18/12/07 13:18:05.655 063 W1 <U> GUEST C4B03669AB0B80BF3B97BBB368001BB1 null -1 /coreframe-webponent/myProject/js/korea_map.js NO-BLD
18/12/07 13:18:16.147 062 W1 <U> GUEST C4B03669AB0B80BF3B97BBB368001BB1 null -1 /coreframe-webponent/myProject/list.jsp NO-BLD
18/12/07 13:18:16.221 065 W1 <U> GUEST C4B03669AB0B80BF3B97BBB368001BB1 null -1 /coreframe-webponent/myProject/webponent.licenseKey.js NO-BLD
18/12/07 13:18:16.335 062 W1 <U> GUEST C4B03669AB0B80BF3B97BBB368001BB1 null -1 /coreframe-webponent/myProject/js/pie_arrests.js NO-BLD
18/12/07 13:18:16.468 064 W1 <U> GUEST C4B03669AB0B80BF3B97BBB368001BB1 null -1 /coreframe-webponent/myProject/js/korea_map.js NO-BLD
18/12/07 13:18:21.876 062 W1 <U> GUEST C4B03669AB0B80BF3B97BBB368001BB1 null -1 /coreframe-webponent/myProject/list.jsp NO-BLD
18/12/07 13:18:21.967 069 W1 <U> GUEST C4B03669AB0B80BF3B97BBB368001BB1 null -1 /coreframe-webponent/myProject/webponent.licenseKey.js NO-BLD
18/12/07 13:18:22.110 065 W1 <U> GUEST C4B03669AB0B80BF3B97BBB368001BB1 null -1 /coreframe-webponent/myProject/js/pie_arrests.js NO-BLD
18/12/07 13:18:22.149 064 W1 <U> GUEST C4B03669AB0B80BF3B97BBB368001BB1 null -1 /coreframe-webponent/myProject/js/korea_map.js NO-BLD
18/12/07 15:49:04.835 064 W1 <U> GUEST D0B3C7DE6BC73A67CCEA17356954AFBC null -1 /coreframe-webponent/myProject/list.jsp NO-BLD
18/12/07 15:49:04.933 062 W1 <U> GUEST D0B3C7DE6BC73A67CCEA17356954AFBC null -1 /coreframe-webponent/myProject/webponent.licenseKey.js NO-BLD
18/12/07 15:49:05.128 062 W1 <U> GUEST D0B3C7DE6BC73A67CCEA17356954AFBC null -1 /coreframe-webponent/myProject/js/pie_arrests.js NO-BLD
18/12/07 15:49:05.140 069 W1 <U> GUEST D0B3C7DE6BC73A67CCEA17356954AFBC null -1 /coreframe-webponent/myProject/js/korea_map.js NO-BLD
18/12/07 15:49:05.140 069 W1 <U> GUEST D0B3C7DE6BC73A67CCEA17356954AFBC null -1 /coreframe-webponent/myProject/js/bar_month.js NO-BLD
18/12/07 15:50:22.741 067 W1 <U> GUEST D0B3C7DE6BC73A67CCEA17356954AFBC null -1 /coreframe-webponent/myProject/list.jsp NO-BLD
18/12/07 15:50:22.820 069 W1 <U> GUEST D0B3C7DE6BC73A67CCEA17356954AFBC null -1 /coreframe-webponent/myProject/webponent.licenseKey.js NO-BLD
18/12/07 15:50:22.958 064 W1 <U> GUEST D0B3C7DE6BC73A67CCEA17356954AFBC null -1 /coreframe-webponent/myProject/js/korea_map.js NO-BLD
18/12/07 15:50:22.958 064 W1 <U> GUEST D0B3C7DE6BC73A67CCEA17356954AFBC null -1 /coreframe-webponent/myProject/js/bar_month.js NO-BLD
18/12/07 15:50:22.958 064 W1 <U> GUEST D0B3C7DE6BC73A67CCEA17356954AFBC null -1 /coreframe-webponent/myProject/js/pie_arrests.js NO-BLD
18/12/07 15:50:41.928 066 W1 <U> GUEST D0B3C7DE6BC73A67CCEA17356954AFBC null -1 /coreframe-webponent/myProject/list.jsp NO-BLD
18/12/07 15:50:42.015 067 W1 <U> GUEST D0B3C7DE6BC73A67CCEA17356954AFBC null -1 /coreframe-webponent/myProject/webponent.licenseKey.js NO-BLD
18/12/07 15:50:42.164 063 W1 <U> GUEST D0B3C7DE6BC73A67CCEA17356954AFBC null -1 /coreframe-webponent/myProject/js/pie_arrests.js NO-BLD
18/12/07 15:50:42.227 066 W1 <U> GUEST D0B3C7DE6BC73A67CCEA17356954AFBC null -1 /coreframe-webponent/myProject/js/bar_month.js NO-BLD
18/12/07 15:51:50.724 066 W1 <U> GUEST D0B3C7DE6BC73A67CCEA17356954AFBC null -1 /coreframe-webponent/myProject/list.jsp NO-BLD
18/12/07 15:51:50.834 067 W1 <U> GUEST D0B3C7DE6BC73A67CCEA17356954AFBC null -1 /coreframe-webponent/myProject/webponent.licenseKey.js NO-BLD
18/12/07 15:51:51.070 069 W1 <U> GUEST D0B3C7DE6BC73A67CCEA17356954AFBC null -1 /coreframe-webponent/myProject/js/pie_arrests.js NO-BLD
18/12/07 15:51:51.099 062 W1 <U> GUEST D0B3C7DE6BC73A67CCEA17356954AFBC null -1 /coreframe-webponent/myProject/js/bar_month.js NO-BLD
18/12/07 15:51:58.128 062 W1 <U> GUEST D0B3C7DE6BC73A67CCEA17356954AFBC null -1 /coreframe-webponent/myProject/list.jsp NO-BLD
18/12/07 15:51:58.198 065 W1 <U> GUEST D0B3C7DE6BC73A67CCEA17356954AFBC null -1 /coreframe-webponent/myProject/webponent.licenseKey.js NO-BLD
18/12/07 15:51:58.361 064 W1 <U> GUEST D0B3C7DE6BC73A67CCEA17356954AFBC null -1 /coreframe-webponent/myProject/js/pie_arrests.js NO-BLD
18/12/07 15:51:58.396 065 W1 <U> GUEST D0B3C7DE6BC73A67CCEA17356954AFBC null -1 /coreframe-webponent/myProject/js/bar_month.js NO-BLD
18/12/07 15:52:28.527 069 W1 <U> GUEST D0B3C7DE6BC73A67CCEA17356954AFBC null -1 /coreframe-webponent/myProject/list.jsp NO-BLD
18/12/07 15:52:29.054 063 W1 <U> GUEST D0B3C7DE6BC73A67CCEA17356954AFBC null -1 /coreframe-webponent/myProject/webponent.licenseKey.js NO-BLD
18/12/07 15:52:29.717 068 W1 <U> GUEST D0B3C7DE6BC73A67CCEA17356954AFBC null -1 /coreframe-webponent/myProject/js/pie_arrests.js NO-BLD
18/12/07 15:52:29.717 068 W1 <U> GUEST D0B3C7DE6BC73A67CCEA17356954AFBC null -1 /coreframe-webponent/myProject/js/bar_month.js NO-BLD
18/12/07 15:54:37.037 062 W1 <U> GUEST D0B3C7DE6BC73A67CCEA17356954AFBC null -1 /coreframe-webponent/myProject/list.jsp NO-BLD
18/12/07 15:54:37.193 062 W1 <U> GUEST D0B3C7DE6BC73A67CCEA17356954AFBC null -1 /coreframe-webponent/myProject/webponent.licenseKey.js NO-BLD
18/12/07 15:54:37.232 066 W1 <U> GUEST D0B3C7DE6BC73A67CCEA17356954AFBC null -1 /coreframe-webponent/myProject/js/pie_arrests.js NO-BLD
18/12/07 15:54:37.232 066 W1 <U> GUEST D0B3C7DE6BC73A67CCEA17356954AFBC null -1 /coreframe-webponent/myProject/js/bar_month.js NO-BLD
18/12/07 15:54:47.215 067 W1 <U> GUEST D0B3C7DE6BC73A67CCEA17356954AFBC null -1 /coreframe-webponent/myProject/list.jsp NO-BLD
18/12/07 15:54:47.473 063 W1 <U> GUEST D0B3C7DE6BC73A67CCEA17356954AFBC null -1 /coreframe-webponent/myProject/webponent.licenseKey.js NO-BLD
18/12/07 15:54:47.578 069 W1 <U> GUEST D0B3C7DE6BC73A67CCEA17356954AFBC null -1 /coreframe-webponent/myProject/js/pie_arrests.js NO-BLD
18/12/07 15:54:47.951 069 W1 <U> GUEST D0B3C7DE6BC73A67CCEA17356954AFBC null -1 /coreframe-webponent/myProject/js/bar_month.js NO-BLD
18/12/07 15:55:12.260 068 W1 <U> GUEST D0B3C7DE6BC73A67CCEA17356954AFBC null -1 /coreframe-webponent/myProject/list.jsp NO-BLD
18/12/07 15:55:12.367 065 W1 <U> GUEST D0B3C7DE6BC73A67CCEA17356954AFBC null -1 /coreframe-webponent/myProject/webponent.licenseKey.js NO-BLD
18/12/07 15:55:12.553 066 W1 <U> GUEST D0B3C7DE6BC73A67CCEA17356954AFBC null -1 /coreframe-webponent/myProject/js/pie_arrests.js NO-BLD
18/12/07 15:55:12.553 067 W1 <U> GUEST D0B3C7DE6BC73A67CCEA17356954AFBC null -1 /coreframe-webponent/myProject/js/bar_month.js NO-BLD
18/12/07 15:55:18.764 068 W1 <U> GUEST D0B3C7DE6BC73A67CCEA17356954AFBC null -1 /coreframe-webponent/myProject/list.jsp NO-BLD
18/12/07 15:55:18.880 069 W1 <U> GUEST D0B3C7DE6BC73A67CCEA17356954AFBC null -1 /coreframe-webponent/myProject/webponent.licenseKey.js NO-BLD
18/12/07 15:55:19.010 064 W1 <U> GUEST D0B3C7DE6BC73A67CCEA17356954AFBC null -1 /coreframe-webponent/myProject/js/bar_month.js NO-BLD
18/12/07 15:55:19.010 064 W1 <U> GUEST D0B3C7DE6BC73A67CCEA17356954AFBC null -1 /coreframe-webponent/myProject/js/pie_arrests.js NO-BLD
18/12/07 15:55:25.335 069 W1 <U> GUEST D0B3C7DE6BC73A67CCEA17356954AFBC null -1 /coreframe-webponent/myProject/list.jsp NO-BLD
18/12/07 15:55:25.547 069 W1 <U> GUEST D0B3C7DE6BC73A67CCEA17356954AFBC null -1 /coreframe-webponent/myProject/webponent.licenseKey.js NO-BLD
18/12/07 15:55:25.776 066 W1 <U> GUEST D0B3C7DE6BC73A67CCEA17356954AFBC null -1 /coreframe-webponent/myProject/js/pie_arrests.js NO-BLD
18/12/07 15:55:25.776 066 W1 <U> GUEST D0B3C7DE6BC73A67CCEA17356954AFBC null -1 /coreframe-webponent/myProject/js/bar_month.js NO-BLD
18/12/07 15:55:44.869 064 W1 <U> GUEST D0B3C7DE6BC73A67CCEA17356954AFBC null -1 /coreframe-webponent/myProject/list.jsp NO-BLD
18/12/07 15:55:44.991 062 W1 <U> GUEST D0B3C7DE6BC73A67CCEA17356954AFBC null -1 /coreframe-webponent/myProject/webponent.licenseKey.js NO-BLD
18/12/07 15:55:45.229 063 W1 <U> GUEST D0B3C7DE6BC73A67CCEA17356954AFBC null -1 /coreframe-webponent/myProject/js/bar_month.js NO-BLD
18/12/07 15:55:45.262 067 W1 <U> GUEST D0B3C7DE6BC73A67CCEA17356954AFBC null -1 /coreframe-webponent/myProject/js/pie_arrests.js NO-BLD
18/12/07 15:55:47.558 066 W1 <U> GUEST D0B3C7DE6BC73A67CCEA17356954AFBC null -1 /coreframe-webponent/myProject/list.jsp NO-BLD
18/12/07 15:55:47.647 065 W1 <U> GUEST D0B3C7DE6BC73A67CCEA17356954AFBC null -1 /coreframe-webponent/myProject/webponent.licenseKey.js NO-BLD
18/12/07 15:55:47.771 069 W1 <U> GUEST D0B3C7DE6BC73A67CCEA17356954AFBC null -1 /coreframe-webponent/myProject/js/pie_arrests.js NO-BLD
18/12/07 15:55:47.782 066 W1 <U> GUEST D0B3C7DE6BC73A67CCEA17356954AFBC null -1 /coreframe-webponent/myProject/js/bar_month.js NO-BLD
18/12/07 15:55:49.583 063 W1 <U> GUEST D0B3C7DE6BC73A67CCEA17356954AFBC null -1 /coreframe-webponent/myProject/list.jsp NO-BLD
18/12/07 15:55:49.583 063 W1 <U> GUEST D0B3C7DE6BC73A67CCEA17356954AFBC null -1 /coreframe-webponent/myProject/list.jsp NO-BLD
18/12/07 15:55:49.622 062 W1 <U> GUEST D0B3C7DE6BC73A67CCEA17356954AFBC null -1 /coreframe-webponent/myProject/list.jsp NO-BLD
18/12/07 15:55:50.155 069 W1 <U> GUEST D0B3C7DE6BC73A67CCEA17356954AFBC null -1 /coreframe-webponent/myProject/webponent.licenseKey.js NO-BLD
18/12/07 15:55:50.155 069 W1 <U> GUEST D0B3C7DE6BC73A67CCEA17356954AFBC null -1 /coreframe-webponent/myProject/list.jsp NO-BLD
18/12/07 15:55:50.155 069 W1 <U> GUEST D0B3C7DE6BC73A67CCEA17356954AFBC null -1 /coreframe-webponent/myProject/list.jsp NO-BLD
18/12/07 15:55:50.849 062 W1 <U> GUEST D0B3C7DE6BC73A67CCEA17356954AFBC null -1 /coreframe-webponent/myProject/webponent.licenseKey.js NO-BLD
18/12/07 15:55:50.849 062 W1 <U> GUEST D0B3C7DE6BC73A67CCEA17356954AFBC null -1 /coreframe-webponent/myProject/list.jsp NO-BLD
18/12/07 15:55:50.849 062 W1 <U> GUEST D0B3C7DE6BC73A67CCEA17356954AFBC null -1 /coreframe-webponent/myProject/webponent.licenseKey.js NO-BLD
18/12/07 15:55:50.975 065 W1 <U> GUEST D0B3C7DE6BC73A67CCEA17356954AFBC null -1 /coreframe-webponent/myProject/js/pie_arrests.js NO-BLD
18/12/07 15:55:51.012 069 W1 <U> GUEST D0B3C7DE6BC73A67CCEA17356954AFBC null -1 /coreframe-webponent/myProject/js/bar_month.js NO-BLD
18/12/07 15:55:57.862 067 W1 <U> GUEST D0B3C7DE6BC73A67CCEA17356954AFBC null -1 /coreframe-webponent/myProject/list.jsp NO-BLD
18/12/07 15:55:57.966 068 W1 <U> GUEST D0B3C7DE6BC73A67CCEA17356954AFBC null -1 /coreframe-webponent/myProject/webponent.licenseKey.js NO-BLD
18/12/07 15:55:58.146 068 W1 <U> GUEST D0B3C7DE6BC73A67CCEA17356954AFBC null -1 /coreframe-webponent/myProject/js/bar_month.js NO-BLD
18/12/07 15:55:58.186 068 W1 <U> GUEST D0B3C7DE6BC73A67CCEA17356954AFBC null -1 /coreframe-webponent/myProject/js/pie_arrests.js NO-BLD
18/12/07 16:18:05.730 064 W1 <U> GUEST D0B3C7DE6BC73A67CCEA17356954AFBC null -1 /coreframe-webponent/myProject/list.jsp NO-BLD
18/12/07 16:18:05.812 062 W1 <U> GUEST D0B3C7DE6BC73A67CCEA17356954AFBC null -1 /coreframe-webponent/myProject/webponent.licenseKey.js NO-BLD
18/12/07 16:18:05.938 069 W1 <U> GUEST D0B3C7DE6BC73A67CCEA17356954AFBC null -1 /coreframe-webponent/myProject/js/pie_arrests.js NO-BLD
18/12/07 16:18:05.953 063 W1 <U> GUEST D0B3C7DE6BC73A67CCEA17356954AFBC null -1 /coreframe-webponent/myProject/js/bar_month.js NO-BLD
18/12/07 16:18:16.420 065 W1 <U> GUEST D0B3C7DE6BC73A67CCEA17356954AFBC null -1 /coreframe-webponent/myProject/list.jsp NO-BLD
18/12/07 16:18:16.504 069 W1 <U> GUEST D0B3C7DE6BC73A67CCEA17356954AFBC null -1 /coreframe-webponent/myProject/webponent.licenseKey.js NO-BLD
18/12/07 16:18:16.635 062 W1 <U> GUEST D0B3C7DE6BC73A67CCEA17356954AFBC null -1 /coreframe-webponent/myProject/js/pie_arrests.js NO-BLD
18/12/07 16:18:16.635 062 W1 <U> GUEST D0B3C7DE6BC73A67CCEA17356954AFBC null -1 /coreframe-webponent/myProject/js/bar_month.js NO-BLD
18/12/07 16:35:12.996 069 W1 <U> GUEST D0B3C7DE6BC73A67CCEA17356954AFBC null -1 /coreframe-webponent/myProject/list.jsp NO-BLD
18/12/07 16:35:13.080 066 W1 <U> GUEST D0B3C7DE6BC73A67CCEA17356954AFBC null -1 /coreframe-webponent/myProject/webponent.licenseKey.js NO-BLD
18/12/07 16:35:13.286 068 W1 <U> GUEST D0B3C7DE6BC73A67CCEA17356954AFBC null -1 /coreframe-webponent/myProject/js/pie_arrests.js NO-BLD
18/12/07 16:35:13.299 069 W1 <U> GUEST D0B3C7DE6BC73A67CCEA17356954AFBC null -1 /coreframe-webponent/myProject/js/bar_month.js NO-BLD
18/12/07 16:36:05.728 064 W1 <U> GUEST D0B3C7DE6BC73A67CCEA17356954AFBC null -1 /coreframe-webponent/myProject/list.jsp NO-BLD
18/12/07 16:36:06.178 063 W1 <U> GUEST D0B3C7DE6BC73A67CCEA17356954AFBC null -1 /coreframe-webponent/myProject/webponent.licenseKey.js NO-BLD
18/12/07 16:36:06.178 063 W1 <U> GUEST D0B3C7DE6BC73A67CCEA17356954AFBC null -1 /coreframe-webponent/myProject/js/bar_month.js NO-BLD
18/12/07 16:36:06.194 068 W1 <U> GUEST D0B3C7DE6BC73A67CCEA17356954AFBC null -1 /coreframe-webponent/myProject/js/pie_arrests.js NO-BLD
18/12/07 16:36:30.913 066 W1 <U> GUEST D0B3C7DE6BC73A67CCEA17356954AFBC null -1 /coreframe-webponent/myProject/list.jsp NO-BLD
18/12/07 16:36:30.996 063 W1 <U> GUEST D0B3C7DE6BC73A67CCEA17356954AFBC null -1 /coreframe-webponent/myProject/webponent.licenseKey.js NO-BLD
18/12/07 16:36:31.194 062 W1 <U> GUEST D0B3C7DE6BC73A67CCEA17356954AFBC null -1 /coreframe-webponent/myProject/js/bar_month.js NO-BLD
18/12/07 16:36:31.194 065 W1 <U> GUEST D0B3C7DE6BC73A67CCEA17356954AFBC null -1 /coreframe-webponent/myProject/js/pie_arrests.js NO-BLD
18/12/07 16:36:59.973 064 W1 <U> GUEST D0B3C7DE6BC73A67CCEA17356954AFBC null -1 /coreframe-webponent/myProject/list.jsp NO-BLD
18/12/07 16:36:59.973 064 W1 <U> GUEST D0B3C7DE6BC73A67CCEA17356954AFBC null -1 /coreframe-webponent/myProject/webponent.licenseKey.js NO-BLD
18/12/07 16:37:00.440 062 W1 <U> GUEST D0B3C7DE6BC73A67CCEA17356954AFBC null -1 /coreframe-webponent/myProject/js/pie_arrests.js NO-BLD
18/12/07 16:37:00.473 063 W1 <U> GUEST D0B3C7DE6BC73A67CCEA17356954AFBC null -1 /coreframe-webponent/myProject/js/bar_month.js NO-BLD
18/12/07 16:37:54.505 062 W1 <U> GUEST D0B3C7DE6BC73A67CCEA17356954AFBC null -1 /coreframe-webponent/myProject/list.jsp NO-BLD
18/12/07 16:37:54.736 069 W1 <U> GUEST D0B3C7DE6BC73A67CCEA17356954AFBC null -1 /coreframe-webponent/myProject/webponent.licenseKey.js NO-BLD
18/12/07 16:37:54.736 062 W1 <U> GUEST D0B3C7DE6BC73A67CCEA17356954AFBC null -1 /coreframe-webponent/myProject/js/pie_arrests.js NO-BLD
18/12/07 16:37:54.838 064 W1 <U> GUEST D0B3C7DE6BC73A67CCEA17356954AFBC null -1 /coreframe-webponent/myProject/js/bar_month.js NO-BLD
18/12/07 16:38:25.839 062 W1 <U> GUEST D0B3C7DE6BC73A67CCEA17356954AFBC null -1 /coreframe-webponent/myProject/list.jsp NO-BLD
18/12/07 16:38:26.042 062 W1 <U> GUEST D0B3C7DE6BC73A67CCEA17356954AFBC null -1 /coreframe-webponent/myProject/webponent.licenseKey.js NO-BLD
18/12/07 16:38:26.177 064 W1 <U> GUEST D0B3C7DE6BC73A67CCEA17356954AFBC null -1 /coreframe-webponent/myProject/js/pie_arrests.js NO-BLD
18/12/07 16:38:26.177 064 W1 <U> GUEST D0B3C7DE6BC73A67CCEA17356954AFBC null -1 /coreframe-webponent/myProject/js/bar_month.js NO-BLD
18/12/07 16:38:26.237 063 W1 <U> GUEST D0B3C7DE6BC73A67CCEA17356954AFBC null -1 /coreframe-webponent/myProject/js/korea_map.js NO-BLD
18/12/07 16:38:44.004 063 W1 <U> GUEST D0B3C7DE6BC73A67CCEA17356954AFBC null -1 /coreframe-webponent/myProject/list.jsp NO-BLD
18/12/07 16:38:45.001 062 W1 <U> GUEST D0B3C7DE6BC73A67CCEA17356954AFBC null -1 /coreframe-webponent/myProject/webponent.licenseKey.js NO-BLD
18/12/07 16:38:45.214 065 W1 <U> GUEST D0B3C7DE6BC73A67CCEA17356954AFBC null -1 /coreframe-webponent/myProject/js/pie_arrests.js NO-BLD
18/12/07 16:38:45.240 067 W1 <U> GUEST D0B3C7DE6BC73A67CCEA17356954AFBC null -1 /coreframe-webponent/myProject/js/bar_month.js NO-BLD
18/12/07 16:38:45.250 066 W1 <U> GUEST D0B3C7DE6BC73A67CCEA17356954AFBC null -1 /coreframe-webponent/myProject/js/korea_map.js NO-BLD
18/12/07 16:39:00.891 065 W1 <U> GUEST D0B3C7DE6BC73A67CCEA17356954AFBC null -1 /coreframe-webponent/myProject/list.jsp NO-BLD
18/12/07 16:39:01.040 069 W1 <U> GUEST D0B3C7DE6BC73A67CCEA17356954AFBC null -1 /coreframe-webponent/myProject/webponent.licenseKey.js NO-BLD
18/12/07 16:39:01.185 066 W1 <U> GUEST D0B3C7DE6BC73A67CCEA17356954AFBC null -1 /coreframe-webponent/myProject/js/bar_month.js NO-BLD
18/12/07 16:39:01.212 065 W1 <U> GUEST D0B3C7DE6BC73A67CCEA17356954AFBC null -1 /coreframe-webponent/myProject/js/pie_arrests.js NO-BLD
18/12/07 16:39:27.559 064 W1 <U> GUEST D0B3C7DE6BC73A67CCEA17356954AFBC null -1 /coreframe-webponent/myProject/list.jsp NO-BLD
18/12/07 16:39:28.471 065 W1 <U> GUEST D0B3C7DE6BC73A67CCEA17356954AFBC null -1 /coreframe-webponent/myProject/webponent.licenseKey.js NO-BLD
18/12/07 16:39:28.776 066 W1 <U> GUEST D0B3C7DE6BC73A67CCEA17356954AFBC null -1 /coreframe-webponent/myProject/js/bar_month.js NO-BLD
18/12/07 16:39:28.800 069 W1 <U> GUEST D0B3C7DE6BC73A67CCEA17356954AFBC null -1 /coreframe-webponent/myProject/js/pie_arrests.js NO-BLD
18/12/07 16:44:27.953 069 W1 <U> GUEST D0B3C7DE6BC73A67CCEA17356954AFBC null -1 /coreframe-webponent/myProject/list.jsp NO-BLD
18/12/07 16:44:28.139 066 W1 <U> GUEST D0B3C7DE6BC73A67CCEA17356954AFBC null -1 /coreframe-webponent/myProject/webponent.licenseKey.js NO-BLD
18/12/07 16:44:28.316 068 W1 <U> GUEST D0B3C7DE6BC73A67CCEA17356954AFBC null -1 /coreframe-webponent/myProject/js/bar_month.js NO-BLD
18/12/07 16:44:28.328 064 W1 <U> GUEST D0B3C7DE6BC73A67CCEA17356954AFBC null -1 /coreframe-webponent/myProject/js/pie_arrests.js NO-BLD
18/12/07 16:48:37.080 062 W1 <U> GUEST D0B3C7DE6BC73A67CCEA17356954AFBC null -1 /coreframe-webponent/myProject/list.jsp NO-BLD
18/12/07 16:48:37.192 068 W1 <U> GUEST D0B3C7DE6BC73A67CCEA17356954AFBC null -1 /coreframe-webponent/myProject/webponent.licenseKey.js NO-BLD
18/12/07 16:48:37.327 064 W1 <U> GUEST D0B3C7DE6BC73A67CCEA17356954AFBC null -1 /coreframe-webponent/myProject/js/pie_arrests.js NO-BLD
18/12/07 16:48:37.388 062 W1 <U> GUEST D0B3C7DE6BC73A67CCEA17356954AFBC null -1 /coreframe-webponent/myProject/js/bar_month.js NO-BLD
18/12/07 16:49:08.412 062 W1 <U> GUEST D0B3C7DE6BC73A67CCEA17356954AFBC null -1 /coreframe-webponent/myProject/list.jsp NO-BLD
18/12/07 16:49:08.662 069 W1 <U> GUEST D0B3C7DE6BC73A67CCEA17356954AFBC null -1 /coreframe-webponent/myProject/webponent.licenseKey.js NO-BLD
18/12/07 16:49:08.857 069 W1 <U> GUEST D0B3C7DE6BC73A67CCEA17356954AFBC null -1 /coreframe-webponent/myProject/js/pie_arrests.js NO-BLD
18/12/07 16:49:08.880 066 W1 <U> GUEST D0B3C7DE6BC73A67CCEA17356954AFBC null -1 /coreframe-webponent/myProject/js/bar_month.js NO-BLD
18/12/07 16:50:01.654 068 W1 <U> GUEST D0B3C7DE6BC73A67CCEA17356954AFBC null -1 /coreframe-webponent/myProject/list.jsp NO-BLD
18/12/07 16:50:01.923 069 W1 <U> GUEST D0B3C7DE6BC73A67CCEA17356954AFBC null -1 /coreframe-webponent/myProject/webponent.licenseKey.js NO-BLD
18/12/07 16:50:02.095 068 W1 <U> GUEST D0B3C7DE6BC73A67CCEA17356954AFBC null -1 /coreframe-webponent/myProject/js/pie_arrests.js NO-BLD
18/12/07 16:50:02.095 068 W1 <U> GUEST D0B3C7DE6BC73A67CCEA17356954AFBC null -1 /coreframe-webponent/myProject/js/bar_month.js NO-BLD
18/12/07 16:56:16.684 068 W1 <U> GUEST D0B3C7DE6BC73A67CCEA17356954AFBC null -1 /coreframe-webponent/myProject/list.jsp NO-BLD
18/12/07 16:56:16.765 065 W1 <U> GUEST D0B3C7DE6BC73A67CCEA17356954AFBC null -1 /coreframe-webponent/myProject/webponent.licenseKey.js NO-BLD
18/12/07 16:56:17.063 063 W1 <U> GUEST D0B3C7DE6BC73A67CCEA17356954AFBC null -1 /coreframe-webponent/myProject/js/pie_arrests.js NO-BLD
18/12/07 16:56:17.063 063 W1 <U> GUEST D0B3C7DE6BC73A67CCEA17356954AFBC null -1 /coreframe-webponent/myProject/js/bar_month.js NO-BLD
18/12/07 16:57:37.207 068 W1 <U> GUEST D0B3C7DE6BC73A67CCEA17356954AFBC null -1 /coreframe-webponent/myProject/list.jsp NO-BLD
18/12/07 16:57:37.328 068 W1 <U> GUEST D0B3C7DE6BC73A67CCEA17356954AFBC null -1 /coreframe-webponent/myProject/webponent.licenseKey.js NO-BLD
18/12/07 16:57:37.478 067 W1 <U> GUEST D0B3C7DE6BC73A67CCEA17356954AFBC null -1 /coreframe-webponent/myProject/js/bar_month.js NO-BLD
18/12/07 16:57:37.555 063 W1 <U> GUEST D0B3C7DE6BC73A67CCEA17356954AFBC null -1 /coreframe-webponent/myProject/js/pie_arrests.js NO-BLD
18/12/07 16:59:17.260 065 W1 <U> GUEST D0B3C7DE6BC73A67CCEA17356954AFBC null -1 /coreframe-webponent/myProject/list.jsp NO-BLD
18/12/07 16:59:17.327 063 W1 <U> GUEST D0B3C7DE6BC73A67CCEA17356954AFBC null -1 /coreframe-webponent/myProject/webponent.licenseKey.js NO-BLD
18/12/07 16:59:17.641 064 W1 <U> GUEST D0B3C7DE6BC73A67CCEA17356954AFBC null -1 /coreframe-webponent/myProject/js/pie_arrests.js NO-BLD
18/12/07 16:59:17.650 067 W1 <U> GUEST D0B3C7DE6BC73A67CCEA17356954AFBC null -1 /coreframe-webponent/myProject/js/bar_month.js NO-BLD
18/12/07 16:59:34.289 065 W1 <U> GUEST D0B3C7DE6BC73A67CCEA17356954AFBC null -1 /coreframe-webponent/myProject/list.jsp NO-BLD
18/12/07 16:59:34.394 069 W1 <U> GUEST D0B3C7DE6BC73A67CCEA17356954AFBC null -1 /coreframe-webponent/myProject/webponent.licenseKey.js NO-BLD
18/12/07 16:59:34.550 068 W1 <U> GUEST D0B3C7DE6BC73A67CCEA17356954AFBC null -1 /coreframe-webponent/myProject/js/pie_arrests.js NO-BLD
18/12/07 16:59:38.249 067 W1 <U> GUEST D0B3C7DE6BC73A67CCEA17356954AFBC null -1 /coreframe-webponent/myProject/list.jsp NO-BLD
18/12/07 16:59:38.370 063 W1 <U> GUEST D0B3C7DE6BC73A67CCEA17356954AFBC null -1 /coreframe-webponent/myProject/webponent.licenseKey.js NO-BLD
18/12/07 16:59:38.589 068 W1 <U> GUEST D0B3C7DE6BC73A67CCEA17356954AFBC null -1 /coreframe-webponent/myProject/js/pie_arrests.js NO-BLD
18/12/07 16:59:39.409 065 W1 <U> GUEST D0B3C7DE6BC73A67CCEA17356954AFBC null -1 /coreframe-webponent/myProject/list.jsp NO-BLD
18/12/07 16:59:39.613 064 W1 <U> GUEST D0B3C7DE6BC73A67CCEA17356954AFBC null -1 /coreframe-webponent/myProject/webponent.licenseKey.js NO-BLD
18/12/07 16:59:39.620 064 W1 <U> GUEST D0B3C7DE6BC73A67CCEA17356954AFBC null -1 /coreframe-webponent/myProject/js/pie_arrests.js NO-BLD
18/12/07 16:59:42.278 063 W1 <U> GUEST D0B3C7DE6BC73A67CCEA17356954AFBC null -1 /coreframe-webponent/myProject/list.jsp NO-BLD
18/12/07 16:59:42.504 066 W1 <U> GUEST D0B3C7DE6BC73A67CCEA17356954AFBC null -1 /coreframe-webponent/myProject/webponent.licenseKey.js NO-BLD
18/12/07 16:59:42.518 063 W1 <U> GUEST D0B3C7DE6BC73A67CCEA17356954AFBC null -1 /coreframe-webponent/myProject/js/pie_arrests.js NO-BLD
18/12/07 16:59:45.025 064 W1 <U> GUEST D0B3C7DE6BC73A67CCEA17356954AFBC null -1 /coreframe-webponent/myProject/list.jsp NO-BLD
18/12/07 16:59:45.152 066 W1 <U> GUEST D0B3C7DE6BC73A67CCEA17356954AFBC null -1 /coreframe-webponent/myProject/webponent.licenseKey.js NO-BLD
18/12/07 16:59:45.255 062 W1 <U> GUEST D0B3C7DE6BC73A67CCEA17356954AFBC null -1 /coreframe-webponent/myProject/js/pie_arrests.js NO-BLD
18/12/07 16:59:46.452 062 W1 <U> GUEST D0B3C7DE6BC73A67CCEA17356954AFBC null -1 /coreframe-webponent/myProject/list.jsp NO-BLD
18/12/07 16:59:46.583 062 W1 <U> GUEST D0B3C7DE6BC73A67CCEA17356954AFBC null -1 /coreframe-webponent/myProject/webponent.licenseKey.js NO-BLD
18/12/07 16:59:46.708 067 W1 <U> GUEST D0B3C7DE6BC73A67CCEA17356954AFBC null -1 /coreframe-webponent/myProject/js/pie_arrests.js NO-BLD
18/12/07 16:59:48.793 069 W1 <U> GUEST D0B3C7DE6BC73A67CCEA17356954AFBC null -1 /coreframe-webponent/myProject/list.jsp NO-BLD
18/12/07 16:59:48.920 067 W1 <U> GUEST D0B3C7DE6BC73A67CCEA17356954AFBC null -1 /coreframe-webponent/myProject/webponent.licenseKey.js NO-BLD
18/12/07 16:59:49.079 064 W1 <U> GUEST D0B3C7DE6BC73A67CCEA17356954AFBC null -1 /coreframe-webponent/myProject/js/pie_arrests.js NO-BLD
18/12/07 16:59:52.237 065 W1 <U> GUEST D0B3C7DE6BC73A67CCEA17356954AFBC null -1 /coreframe-webponent/myProject/list.jsp NO-BLD
18/12/07 16:59:52.308 067 W1 <U> GUEST D0B3C7DE6BC73A67CCEA17356954AFBC null -1 /coreframe-webponent/myProject/webponent.licenseKey.js NO-BLD
18/12/07 16:59:52.573 063 W1 <U> GUEST D0B3C7DE6BC73A67CCEA17356954AFBC null -1 /coreframe-webponent/myProject/js/pie_arrests.js NO-BLD
18/12/07 17:00:02.855 064 W1 <U> GUEST D0B3C7DE6BC73A67CCEA17356954AFBC null -1 /coreframe-webponent/myProject/list.jsp NO-BLD
18/12/07 17:00:03.052 064 W1 <U> GUEST D0B3C7DE6BC73A67CCEA17356954AFBC null -1 /coreframe-webponent/myProject/webponent.licenseKey.js NO-BLD
18/12/07 17:00:03.056 066 W1 <U> GUEST D0B3C7DE6BC73A67CCEA17356954AFBC null -1 /coreframe-webponent/myProject/js/pie_arrests.js NO-BLD
18/12/07 17:00:17.396 067 W1 <U> GUEST D0B3C7DE6BC73A67CCEA17356954AFBC null -1 /coreframe-webponent/myProject/list.jsp NO-BLD
18/12/07 17:00:17.515 063 W1 <U> GUEST D0B3C7DE6BC73A67CCEA17356954AFBC null -1 /coreframe-webponent/myProject/webponent.licenseKey.js NO-BLD
18/12/07 17:00:17.719 066 W1 <U> GUEST D0B3C7DE6BC73A67CCEA17356954AFBC null -1 /coreframe-webponent/myProject/js/pie_arrests.js NO-BLD
18/12/07 17:00:35.449 064 W1 <U> GUEST D0B3C7DE6BC73A67CCEA17356954AFBC null -1 /coreframe-webponent/myProject/list.jsp NO-BLD
18/12/07 17:00:35.576 068 W1 <U> GUEST D0B3C7DE6BC73A67CCEA17356954AFBC null -1 /coreframe-webponent/myProject/webponent.licenseKey.js NO-BLD
18/12/07 17:00:35.756 064 W1 <U> GUEST D0B3C7DE6BC73A67CCEA17356954AFBC null -1 /coreframe-webponent/myProject/js/bar_month.js NO-BLD
18/12/07 17:00:36.049 064 W1 <U> GUEST D0B3C7DE6BC73A67CCEA17356954AFBC null -1 /coreframe-webponent/myProject/js/pie_arrests.js NO-BLD
18/12/07 17:00:37.323 069 W1 <U> GUEST D0B3C7DE6BC73A67CCEA17356954AFBC null -1 /coreframe-webponent/myProject/list.jsp NO-BLD
18/12/07 17:00:37.551 068 W1 <U> GUEST D0B3C7DE6BC73A67CCEA17356954AFBC null -1 /coreframe-webponent/myProject/webponent.licenseKey.js NO-BLD
18/12/07 17:00:37.560 064 W1 <U> GUEST D0B3C7DE6BC73A67CCEA17356954AFBC null -1 /coreframe-webponent/myProject/js/pie_arrests.js NO-BLD
18/12/07 17:00:37.604 068 W1 <U> GUEST D0B3C7DE6BC73A67CCEA17356954AFBC null -1 /coreframe-webponent/myProject/js/bar_month.js NO-BLD
18/12/07 17:01:19.549 063 W1 <U> GUEST D0B3C7DE6BC73A67CCEA17356954AFBC null -1 /coreframe-webponent/myProject/list.jsp NO-BLD
18/12/07 17:01:19.794 065 W1 <U> GUEST D0B3C7DE6BC73A67CCEA17356954AFBC null -1 /coreframe-webponent/myProject/js/pie_arrests.js NO-BLD
18/12/07 17:01:19.794 065 W1 <U> GUEST D0B3C7DE6BC73A67CCEA17356954AFBC null -1 /coreframe-webponent/myProject/js/bar_month.js NO-BLD
18/12/07 17:01:19.794 065 W1 <U> GUEST D0B3C7DE6BC73A67CCEA17356954AFBC null -1 /coreframe-webponent/myProject/webponent.licenseKey.js NO-BLD
18/12/07 17:05:20.529 065 W1 <U> GUEST D0B3C7DE6BC73A67CCEA17356954AFBC null -1 /coreframe-webponent/myProject/list.jsp NO-BLD
18/12/07 17:05:20.621 064 W1 <U> GUEST D0B3C7DE6BC73A67CCEA17356954AFBC null -1 /coreframe-webponent/myProject/webponent.licenseKey.js NO-BLD
18/12/07 17:05:20.797 069 W1 <U> GUEST D0B3C7DE6BC73A67CCEA17356954AFBC null -1 /coreframe-webponent/myProject/js/bar_month.js NO-BLD
18/12/07 17:05:20.833 068 W1 <U> GUEST D0B3C7DE6BC73A67CCEA17356954AFBC null -1 /coreframe-webponent/myProject/js/pie_arrests.js NO-BLD
18/12/07 17:06:31.129 065 W1 <U> GUEST D0B3C7DE6BC73A67CCEA17356954AFBC null -1 /coreframe-webponent/myProject/list.jsp NO-BLD
18/12/07 17:06:31.194 069 W1 <U> GUEST D0B3C7DE6BC73A67CCEA17356954AFBC null -1 /coreframe-webponent/myProject/webponent.licenseKey.js NO-BLD
18/12/07 17:06:31.460 068 W1 <U> GUEST D0B3C7DE6BC73A67CCEA17356954AFBC null -1 /coreframe-webponent/myProject/js/pie_arrests.js NO-BLD
18/12/07 17:06:31.460 068 W1 <U> GUEST D0B3C7DE6BC73A67CCEA17356954AFBC null -1 /coreframe-webponent/myProject/js/bar_month.js NO-BLD
18/12/07 17:06:32.803 066 W1 <U> GUEST D0B3C7DE6BC73A67CCEA17356954AFBC null -1 /coreframe-webponent/myProject/list.jsp NO-BLD
18/12/07 17:06:32.888 069 W1 <U> GUEST D0B3C7DE6BC73A67CCEA17356954AFBC null -1 /coreframe-webponent/myProject/webponent.licenseKey.js NO-BLD
18/12/07 17:06:33.018 064 W1 <U> GUEST D0B3C7DE6BC73A67CCEA17356954AFBC null -1 /coreframe-webponent/myProject/js/pie_arrests.js NO-BLD
18/12/07 17:06:33.018 064 W1 <U> GUEST D0B3C7DE6BC73A67CCEA17356954AFBC null -1 /coreframe-webponent/myProject/js/bar_month.js NO-BLD
18/12/07 17:06:33.331 065 W1 <U> GUEST D0B3C7DE6BC73A67CCEA17356954AFBC null -1 /coreframe-webponent/myProject/list.jsp NO-BLD
18/12/07 17:06:33.617 062 W1 <U> GUEST D0B3C7DE6BC73A67CCEA17356954AFBC null -1 /coreframe-webponent/myProject/webponent.licenseKey.js NO-BLD
18/12/07 17:06:33.618 062 W1 <U> GUEST D0B3C7DE6BC73A67CCEA17356954AFBC null -1 /coreframe-webponent/myProject/js/pie_arrests.js NO-BLD
18/12/07 17:06:33.618 062 W1 <U> GUEST D0B3C7DE6BC73A67CCEA17356954AFBC null -1 /coreframe-webponent/myProject/js/bar_month.js NO-BLD
18/12/07 17:20:35.681 068 W1 <U> GUEST D0B3C7DE6BC73A67CCEA17356954AFBC null -1 /coreframe-webponent/myProject/list.jsp NO-BLD
18/12/07 17:20:35.947 064 W1 <U> GUEST D0B3C7DE6BC73A67CCEA17356954AFBC null -1 /coreframe-webponent/myProject/webponent.licenseKey.js NO-BLD
18/12/07 17:20:36.015 062 W1 <U> GUEST D0B3C7DE6BC73A67CCEA17356954AFBC null -1 /coreframe-webponent/myProject/js/pie_arrests.js NO-BLD
18/12/07 17:20:36.067 067 W1 <U> GUEST D0B3C7DE6BC73A67CCEA17356954AFBC null -1 /coreframe-webponent/myProject/js/bar_month.js NO-BLD
18/12/07 17:20:39.532 066 W1 <U> GUEST D0B3C7DE6BC73A67CCEA17356954AFBC null -1 /coreframe-webponent/myProject/list.jsp NO-BLD
18/12/07 17:20:39.599 068 W1 <U> GUEST D0B3C7DE6BC73A67CCEA17356954AFBC null -1 /coreframe-webponent/myProject/webponent.licenseKey.js NO-BLD
18/12/07 17:20:39.811 068 W1 <U> GUEST D0B3C7DE6BC73A67CCEA17356954AFBC null -1 /coreframe-webponent/myProject/js/pie_arrests.js NO-BLD
18/12/07 17:20:39.811 069 W1 <U> GUEST D0B3C7DE6BC73A67CCEA17356954AFBC null -1 /coreframe-webponent/myProject/js/bar_month.js NO-BLD
18/12/07 17:20:40.831 063 W1 <U> GUEST D0B3C7DE6BC73A67CCEA17356954AFBC null -1 /coreframe-webponent/myProject/list.jsp NO-BLD
18/12/07 17:20:40.904 064 W1 <U> GUEST D0B3C7DE6BC73A67CCEA17356954AFBC null -1 /coreframe-webponent/myProject/webponent.licenseKey.js NO-BLD
18/12/07 17:20:41.123 067 W1 <U> GUEST D0B3C7DE6BC73A67CCEA17356954AFBC null -1 /coreframe-webponent/myProject/js/pie_arrests.js NO-BLD
18/12/07 17:20:41.177 069 W1 <U> GUEST D0B3C7DE6BC73A67CCEA17356954AFBC null -1 /coreframe-webponent/myProject/js/bar_month.js NO-BLD
18/12/07 17:20:42.129 062 W1 <U> GUEST D0B3C7DE6BC73A67CCEA17356954AFBC null -1 /coreframe-webponent/myProject/list.jsp NO-BLD
18/12/07 17:20:42.271 067 W1 <U> GUEST D0B3C7DE6BC73A67CCEA17356954AFBC null -1 /coreframe-webponent/myProject/webponent.licenseKey.js NO-BLD
18/12/07 17:20:42.409 063 W1 <U> GUEST D0B3C7DE6BC73A67CCEA17356954AFBC null -1 /coreframe-webponent/myProject/js/bar_month.js NO-BLD
18/12/07 17:20:42.439 066 W1 <U> GUEST D0B3C7DE6BC73A67CCEA17356954AFBC null -1 /coreframe-webponent/myProject/js/pie_arrests.js NO-BLD
18/12/07 17:20:42.721 065 W1 <U> GUEST D0B3C7DE6BC73A67CCEA17356954AFBC null -1 /coreframe-webponent/myProject/list.jsp NO-BLD
18/12/07 17:20:42.735 069 W1 <U> GUEST D0B3C7DE6BC73A67CCEA17356954AFBC null -1 /coreframe-webponent/myProject/list.jsp NO-BLD
18/12/07 17:20:45.478 066 W1 <U> GUEST D0B3C7DE6BC73A67CCEA17356954AFBC null -1 /coreframe-webponent/myProject/webponent.licenseKey.js NO-BLD
18/12/07 17:20:45.478 066 W1 <U> GUEST D0B3C7DE6BC73A67CCEA17356954AFBC null -1 /coreframe-webponent/myProject/js/pie_arrests.js NO-BLD
18/12/07 17:20:45.493 062 W1 <U> GUEST D0B3C7DE6BC73A67CCEA17356954AFBC null -1 /coreframe-webponent/myProject/js/bar_month.js NO-BLD
18/12/07 17:25:47.630 068 W1 <U> GUEST D0B3C7DE6BC73A67CCEA17356954AFBC null -1 /coreframe-webponent/myProject/list.jsp NO-BLD
18/12/07 17:25:47.787 063 W1 <U> GUEST D0B3C7DE6BC73A67CCEA17356954AFBC null -1 /coreframe-webponent/myProject/webponent.licenseKey.js NO-BLD
18/12/07 17:25:47.866 068 W1 <U> GUEST D0B3C7DE6BC73A67CCEA17356954AFBC null -1 /coreframe-webponent/myProject/js/pie_arrests.js NO-BLD
18/12/07 17:25:47.899 062 W1 <U> GUEST D0B3C7DE6BC73A67CCEA17356954AFBC null -1 /coreframe-webponent/myProject/js/bar_month.js NO-BLD
18/12/07 17:25:49.787 063 W1 <U> GUEST D0B3C7DE6BC73A67CCEA17356954AFBC null -1 /coreframe-webponent/myProject/list.jsp NO-BLD
18/12/07 17:25:49.873 065 W1 <U> GUEST D0B3C7DE6BC73A67CCEA17356954AFBC null -1 /coreframe-webponent/myProject/webponent.licenseKey.js NO-BLD
18/12/07 17:25:50.086 067 W1 <U> GUEST D0B3C7DE6BC73A67CCEA17356954AFBC null -1 /coreframe-webponent/myProject/js/bar_month.js NO-BLD
18/12/07 17:25:50.086 068 W1 <U> GUEST D0B3C7DE6BC73A67CCEA17356954AFBC null -1 /coreframe-webponent/myProject/js/pie_arrests.js NO-BLD
18/12/07 17:25:50.922 062 W1 <U> GUEST D0B3C7DE6BC73A67CCEA17356954AFBC null -1 /coreframe-webponent/myProject/list.jsp NO-BLD
18/12/07 17:25:51.244 066 W1 <U> GUEST D0B3C7DE6BC73A67CCEA17356954AFBC null -1 /coreframe-webponent/myProject/js/pie_arrests.js NO-BLD
18/12/07 17:25:51.244 069 W1 <U> GUEST D0B3C7DE6BC73A67CCEA17356954AFBC null -1 /coreframe-webponent/myProject/webponent.licenseKey.js NO-BLD
18/12/07 17:25:51.244 069 W1 <U> GUEST D0B3C7DE6BC73A67CCEA17356954AFBC null -1 /coreframe-webponent/myProject/js/bar_month.js NO-BLD
18/12/07 17:54:09.570 067 W1 <U> GUEST D0B3C7DE6BC73A67CCEA17356954AFBC null -1 /coreframe-webponent/myProject/list.jsp NO-BLD
18/12/07 17:54:09.677 066 W1 <U> GUEST D0B3C7DE6BC73A67CCEA17356954AFBC null -1 /coreframe-webponent/myProject/webponent.licenseKey.js NO-BLD
18/12/07 17:54:09.809 067 W1 <U> GUEST D0B3C7DE6BC73A67CCEA17356954AFBC null -1 /coreframe-webponent/myProject/js/pie_arrests.js NO-BLD
18/12/07 17:54:09.844 063 W1 <U> GUEST D0B3C7DE6BC73A67CCEA17356954AFBC null -1 /coreframe-webponent/myProject/js/bar_month.js NO-BLD
