18/12/06 09:06:52.018 066 W1 <U> GUEST 31902B917E8969F19D1DD4B1722D79D4 null -1 /coreframe-webponent/myProject/list.jsp NO-BLD
18/12/06 09:06:52.146 067 W1 <U> GUEST 31902B917E8969F19D1DD4B1722D79D4 null -1 /coreframe-webponent/myProject/webponent.licenseKey.js NO-BLD
18/12/06 09:06:54.190 067 W1 <U> GUEST 31902B917E8969F19D1DD4B1722D79D4 null -1 /coreframe-webponent/myProject/list.jsp NO-BLD
18/12/06 09:06:54.262 061 W1 <U> GUEST 31902B917E8969F19D1DD4B1722D79D4 null -1 /coreframe-webponent/myProject/webponent.licenseKey.js NO-BLD
18/12/06 09:07:09.780 067 W1 <U> GUEST 31902B917E8969F19D1DD4B1722D79D4 null -1 /coreframe-webponent/myProject/list.jsp NO-BLD
18/12/06 09:07:10.100 066 W1 <U> GUEST 31902B917E8969F19D1DD4B1722D79D4 null -1 /coreframe-webponent/myProject/webponent.licenseKey.js NO-BLD
18/12/06 09:07:17.424 067 W1 <U> GUEST 31902B917E8969F19D1DD4B1722D79D4 null -1 /coreframe-webponent/myProject/list.jsp NO-BLD
18/12/06 09:07:17.644 062 W1 <U> GUEST 31902B917E8969F19D1DD4B1722D79D4 null -1 /coreframe-webponent/myProject/webponent.licenseKey.js NO-BLD
18/12/06 09:07:27.232 064 W1 <U> GUEST 31902B917E8969F19D1DD4B1722D79D4 null -1 /coreframe-webponent/myProject/list.jsp NO-BLD
18/12/06 09:07:27.319 064 W1 <U> GUEST 31902B917E8969F19D1DD4B1722D79D4 null -1 /coreframe-webponent/myProject/webponent.licenseKey.js NO-BLD
18/12/06 09:07:32.451 061 W1 <U> GUEST 31902B917E8969F19D1DD4B1722D79D4 null -1 /coreframe-webponent/myProject/list.jsp NO-BLD
18/12/06 09:07:32.651 062 W1 <U> GUEST 31902B917E8969F19D1DD4B1722D79D4 null -1 /coreframe-webponent/myProject/webponent.licenseKey.js NO-BLD
18/12/06 09:07:32.861 063 W1 <U> GUEST 31902B917E8969F19D1DD4B1722D79D4 null -1 /coreframe-webponent/myProject/list.jsp NO-BLD
18/12/06 09:07:33.359 062 W1 <U> GUEST 31902B917E8969F19D1DD4B1722D79D4 null -1 /coreframe-webponent/myProject/webponent.licenseKey.js NO-BLD
18/12/06 09:07:39.012 064 W1 <U> GUEST 31902B917E8969F19D1DD4B1722D79D4 null -1 /coreframe-webponent/myProject/list.jsp NO-BLD
18/12/06 09:07:39.058 064 W1 <U> GUEST 31902B917E8969F19D1DD4B1722D79D4 null -1 /coreframe-webponent/myProject/webponent.licenseKey.js NO-BLD
18/12/06 09:07:51.965 064 W1 <U> GUEST 31902B917E8969F19D1DD4B1722D79D4 null -1 /coreframe-webponent/myProject/list.jsp NO-BLD
18/12/06 09:07:52.044 062 W1 <U> GUEST 31902B917E8969F19D1DD4B1722D79D4 null -1 /coreframe-webponent/myProject/webponent.licenseKey.js NO-BLD
18/12/06 09:09:51.568 068 W1 <U> GUEST 013C7BD5F8080EAD5132C0F975219CEE null -1 /coreframe-webponent/corelogic/myProject/list.jsp NO-BLD
18/12/06 09:10:09.103 064 W1 <U> GUEST 013C7BD5F8080EAD5132C0F975219CEE null -1 /coreframe-webponent/myProject/list.jsp NO-BLD
18/12/06 09:10:09.178 064 W1 <U> GUEST 013C7BD5F8080EAD5132C0F975219CEE null -1 /coreframe-webponent/myProject/webponent.licenseKey.js NO-BLD
18/12/06 09:10:25.666 065 W1 <U> GUEST 013C7BD5F8080EAD5132C0F975219CEE null -1 /coreframe-webponent/myProject/list.jsp NO-BLD
18/12/06 09:10:25.759 063 W1 <U> GUEST 013C7BD5F8080EAD5132C0F975219CEE null -1 /coreframe-webponent/myProject/webponent.licenseKey.js NO-BLD
18/12/06 09:19:53.224 060 W1 <U> GUEST C876A260B53DBE11F3744F3DC64919FE null -1 /coreframe-webponent/myProject/list.jsp NO-BLD
18/12/06 09:19:53.339 061 W1 <U> GUEST C876A260B53DBE11F3744F3DC64919FE null -1 /coreframe-webponent/myProject/webponent.licenseKey.js NO-BLD
18/12/06 09:20:02.289 060 W1 <U> GUEST C876A260B53DBE11F3744F3DC64919FE null -1 /coreframe-webponent/myProject/list.jsp NO-BLD
18/12/06 09:20:02.437 060 W1 <U> GUEST C876A260B53DBE11F3744F3DC64919FE null -1 /coreframe-webponent/myProject/webponent.licenseKey.js NO-BLD
18/12/06 09:20:06.421 060 W1 <U> GUEST C876A260B53DBE11F3744F3DC64919FE null -1 /coreframe-webponent/myProject/list.jsp NO-BLD
18/12/06 09:20:06.606 064 W1 <U> GUEST C876A260B53DBE11F3744F3DC64919FE null -1 /coreframe-webponent/myProject/webponent.licenseKey.js NO-BLD
18/12/06 09:20:22.248 062 W1 <U> GUEST C876A260B53DBE11F3744F3DC64919FE null -1 /coreframe-webponent/myProject/list.jsp NO-BLD
18/12/06 09:20:22.313 065 W1 <U> GUEST C876A260B53DBE11F3744F3DC64919FE null -1 /coreframe-webponent/myProject/webponent.licenseKey.js NO-BLD
18/12/06 09:20:23.153 060 W1 <U> GUEST C876A260B53DBE11F3744F3DC64919FE null -1 /coreframe-webponent/myProject/list.jsp NO-BLD
18/12/06 09:20:23.272 064 W1 <U> GUEST C876A260B53DBE11F3744F3DC64919FE null -1 /coreframe-webponent/myProject/webponent.licenseKey.js NO-BLD
18/12/06 09:20:28.614 060 W1 <U> GUEST C876A260B53DBE11F3744F3DC64919FE null -1 /coreframe-webponent/myProject/list.jsp NO-BLD
18/12/06 09:20:29.162 062 W1 <U> GUEST C876A260B53DBE11F3744F3DC64919FE null -1 /coreframe-webponent/myProject/webponent.licenseKey.js NO-BLD
18/12/06 09:22:07.238 060 W1 <U> GUEST C876A260B53DBE11F3744F3DC64919FE null -1 /coreframe-webponent/myProject/list.jsp NO-BLD
18/12/06 09:22:07.392 062 W1 <U> GUEST C876A260B53DBE11F3744F3DC64919FE null -1 /coreframe-webponent/myProject/webponent.licenseKey.js NO-BLD
18/12/06 09:22:18.328 066 W1 <U> GUEST C876A260B53DBE11F3744F3DC64919FE null -1 /coreframe-webponent/myProject/list.jsp NO-BLD
18/12/06 09:22:19.266 061 W1 <U> GUEST C876A260B53DBE11F3744F3DC64919FE null -1 /coreframe-webponent/myProject/webponent.licenseKey.js NO-BLD
18/12/06 13:23:02.500 068 W1 <U> GUEST 4E1816FEBEFEE8F87797DEB5F2ECF474 null -1 /coreframe-webponent/myProject/list.jsp NO-BLD
18/12/06 13:23:02.850 063 W1 <U> GUEST 4E1816FEBEFEE8F87797DEB5F2ECF474 null -1 /coreframe-webponent/myProject/webponent.licenseKey.js NO-BLD
18/12/06 13:34:35.000 066 W1 <U> GUEST 85E915D9B81F2A5F90B86228F889FFF3 null -1 /coreframe-webponent/myProject/list.jsp NO-BLD
18/12/06 13:34:35.190 066 W1 <U> GUEST 85E915D9B81F2A5F90B86228F889FFF3 null -1 /coreframe-webponent/myProject/webponent.licenseKey.js NO-BLD
18/12/06 13:34:52.714 067 W1 <U> GUEST 85E915D9B81F2A5F90B86228F889FFF3 null -1 /coreframe-webponent/myProject/list.jsp NO-BLD
18/12/06 13:34:52.921 067 W1 <U> GUEST 85E915D9B81F2A5F90B86228F889FFF3 null -1 /coreframe-webponent/myProject/webponent.licenseKey.js NO-BLD
18/12/06 13:35:13.826 063 W1 <U> GUEST 85E915D9B81F2A5F90B86228F889FFF3 null -1 /coreframe-webponent/myProject/list.jsp NO-BLD
18/12/06 13:35:14.045 062 W1 <U> GUEST 85E915D9B81F2A5F90B86228F889FFF3 null -1 /coreframe-webponent/myProject/webponent.licenseKey.js NO-BLD
18/12/06 13:35:18.789 064 W1 <U> GUEST 85E915D9B81F2A5F90B86228F889FFF3 null -1 /coreframe-webponent/myProject/list.jsp NO-BLD
18/12/06 13:35:18.834 068 W1 <U> GUEST 85E915D9B81F2A5F90B86228F889FFF3 null -1 /coreframe-webponent/myProject/webponent.licenseKey.js NO-BLD
18/12/06 13:36:33.982 064 W1 <U> GUEST 85E915D9B81F2A5F90B86228F889FFF3 null -1 /coreframe-webponent/myProject/list.jsp NO-BLD
18/12/06 13:36:34.348 067 W1 <U> GUEST 85E915D9B81F2A5F90B86228F889FFF3 null -1 /coreframe-webponent/myProject/webponent.licenseKey.js NO-BLD
18/12/06 13:36:58.908 068 W1 <U> GUEST 85E915D9B81F2A5F90B86228F889FFF3 null -1 /coreframe-webponent/myProject/list.jsp NO-BLD
18/12/06 13:36:59.553 063 W1 <U> GUEST 85E915D9B81F2A5F90B86228F889FFF3 null -1 /coreframe-webponent/myProject/webponent.licenseKey.js NO-BLD
18/12/06 13:39:18.298 065 W1 <U> GUEST 85E915D9B81F2A5F90B86228F889FFF3 null -1 /coreframe-webponent/myProject/list.jsp NO-BLD
18/12/06 13:39:18.788 065 W1 <U> GUEST 85E915D9B81F2A5F90B86228F889FFF3 null -1 /coreframe-webponent/myProject/webponent.licenseKey.js NO-BLD
18/12/06 13:39:37.474 069 W1 <U> GUEST 85E915D9B81F2A5F90B86228F889FFF3 null -1 /coreframe-webponent/myProject/list.jsp NO-BLD
18/12/06 13:39:37.585 062 W1 <U> GUEST 85E915D9B81F2A5F90B86228F889FFF3 null -1 /coreframe-webponent/myProject/webponent.licenseKey.js NO-BLD
18/12/06 13:39:45.713 064 W1 <U> GUEST 85E915D9B81F2A5F90B86228F889FFF3 null -1 /coreframe-webponent/myProject/list.jsp NO-BLD
18/12/06 13:39:46.216 064 W1 <U> GUEST 85E915D9B81F2A5F90B86228F889FFF3 null -1 /coreframe-webponent/myProject/webponent.licenseKey.js NO-BLD
18/12/06 13:40:18.466 066 W1 <U> GUEST 85E915D9B81F2A5F90B86228F889FFF3 null -1 /coreframe-webponent/myProject/list.jsp NO-BLD
18/12/06 13:40:19.151 063 W1 <U> GUEST 85E915D9B81F2A5F90B86228F889FFF3 null -1 /coreframe-webponent/myProject/webponent.licenseKey.js NO-BLD
18/12/06 13:41:47.910 062 W1 <U> GUEST 85E915D9B81F2A5F90B86228F889FFF3 null -1 /coreframe-webponent/myProject/list.jsp NO-BLD
18/12/06 13:41:48.142 065 W1 <U> GUEST 85E915D9B81F2A5F90B86228F889FFF3 null -1 /coreframe-webponent/myProject/webponent.licenseKey.js NO-BLD
18/12/06 13:47:42.226 064 W1 <U> GUEST 85E915D9B81F2A5F90B86228F889FFF3 null -1 /coreframe-webponent/myProject/list.jsp NO-BLD
18/12/06 13:47:42.308 063 W1 <U> GUEST 85E915D9B81F2A5F90B86228F889FFF3 null -1 /coreframe-webponent/myProject/webponent.licenseKey.js NO-BLD
18/12/06 14:09:19.418 064 W1 <U> GUEST 85E915D9B81F2A5F90B86228F889FFF3 null -1 /coreframe-webponent/myProject/list.jsp NO-BLD
18/12/06 14:09:19.518 068 W1 <U> GUEST 85E915D9B81F2A5F90B86228F889FFF3 null -1 /coreframe-webponent/myProject/webponent.licenseKey.js NO-BLD
18/12/06 14:09:19.707 064 W1 <U> GUEST 85E915D9B81F2A5F90B86228F889FFF3 null -1 /coreframe-webponent/myProject/list.jsp NO-BLD
18/12/06 14:09:19.840 063 W1 <U> GUEST 85E915D9B81F2A5F90B86228F889FFF3 null -1 /coreframe-webponent/myProject/webponent.licenseKey.js NO-BLD
18/12/06 14:36:34.749 063 W1 <U> GUEST 85E915D9B81F2A5F90B86228F889FFF3 null -1 /coreframe-webponent/myProject/list.jsp NO-BLD
18/12/06 14:36:35.026 062 W1 <U> GUEST 85E915D9B81F2A5F90B86228F889FFF3 null -1 /coreframe-webponent/myProject/webponent.licenseKey.js NO-BLD
18/12/06 15:00:26.806 063 W1 <U> GUEST 85E915D9B81F2A5F90B86228F889FFF3 null -1 /coreframe-webponent/myProject/list.jsp NO-BLD
18/12/06 15:00:27.032 067 W1 <U> GUEST 85E915D9B81F2A5F90B86228F889FFF3 null -1 /coreframe-webponent/myProject/webponent.licenseKey.js NO-BLD
18/12/06 15:05:23.573 064 W1 <U> GUEST 85E915D9B81F2A5F90B86228F889FFF3 null -1 /coreframe-webponent/myProject/list.jsp NO-BLD
18/12/06 15:05:23.669 065 W1 <U> GUEST 85E915D9B81F2A5F90B86228F889FFF3 null -1 /coreframe-webponent/myProject/webponent.licenseKey.js NO-BLD
18/12/06 15:05:24.627 062 W1 <U> GUEST 85E915D9B81F2A5F90B86228F889FFF3 null -1 /coreframe-webponent/myProject/list.jsp NO-BLD
18/12/06 15:08:29.409 066 W1 <U> GUEST 85E915D9B81F2A5F90B86228F889FFF3 null -1 /coreframe-webponent/myProject/list.jsp NO-BLD
18/12/06 15:08:29.617 065 W1 <U> GUEST 85E915D9B81F2A5F90B86228F889FFF3 null -1 /coreframe-webponent/myProject/webponent.licenseKey.js NO-BLD
18/12/06 15:08:42.466 063 W1 <U> GUEST 85E915D9B81F2A5F90B86228F889FFF3 null -1 /coreframe-webponent/myProject/list.jsp NO-BLD
18/12/06 15:08:42.539 067 W1 <U> GUEST 85E915D9B81F2A5F90B86228F889FFF3 null -1 /coreframe-webponent/myProject/webponent.licenseKey.js NO-BLD
18/12/06 15:10:39.215 062 W1 <U> GUEST 85E915D9B81F2A5F90B86228F889FFF3 null -1 /coreframe-webponent/myProject/list.jsp NO-BLD
18/12/06 15:10:39.409 066 W1 <U> GUEST 85E915D9B81F2A5F90B86228F889FFF3 null -1 /coreframe-webponent/myProject/webponent.licenseKey.js NO-BLD
18/12/06 15:10:56.414 062 W1 <U> GUEST 85E915D9B81F2A5F90B86228F889FFF3 null -1 /coreframe-webponent/myProject/list.jsp NO-BLD
18/12/06 15:10:56.509 064 W1 <U> GUEST 85E915D9B81F2A5F90B86228F889FFF3 null -1 /coreframe-webponent/myProject/webponent.licenseKey.js NO-BLD
18/12/06 15:13:59.322 064 W1 <U> GUEST 85E915D9B81F2A5F90B86228F889FFF3 null -1 /coreframe-webponent/myProject/list.jsp NO-BLD
18/12/06 15:14:06.189 064 W1 <U> GUEST 85E915D9B81F2A5F90B86228F889FFF3 null -1 /coreframe-webponent/myProject/list.jsp NO-BLD
18/12/06 15:14:06.337 063 W1 <U> GUEST 85E915D9B81F2A5F90B86228F889FFF3 null -1 /coreframe-webponent/myProject/webponent.licenseKey.js NO-BLD
18/12/06 15:14:36.702 064 W1 <U> GUEST 85E915D9B81F2A5F90B86228F889FFF3 null -1 /coreframe-webponent/myProject/list.jsp NO-BLD
18/12/06 15:14:36.852 066 W1 <U> GUEST 85E915D9B81F2A5F90B86228F889FFF3 null -1 /coreframe-webponent/myProject/webponent.licenseKey.js NO-BLD
18/12/06 15:14:45.201 063 W1 <U> GUEST 85E915D9B81F2A5F90B86228F889FFF3 null -1 /coreframe-webponent/myProject/list.jsp NO-BLD
18/12/06 15:14:45.287 067 W1 <U> GUEST 85E915D9B81F2A5F90B86228F889FFF3 null -1 /coreframe-webponent/myProject/webponent.licenseKey.js NO-BLD
18/12/06 15:15:17.203 068 W1 <U> GUEST 85E915D9B81F2A5F90B86228F889FFF3 null -1 /coreframe-webponent/myProject/list.jsp NO-BLD
18/12/06 15:15:17.266 063 W1 <U> GUEST 85E915D9B81F2A5F90B86228F889FFF3 null -1 /coreframe-webponent/myProject/webponent.licenseKey.js NO-BLD
18/12/06 15:15:31.444 068 W1 <U> GUEST 85E915D9B81F2A5F90B86228F889FFF3 null -1 /coreframe-webponent/myProject/list.jsp NO-BLD
18/12/06 15:15:32.038 067 W1 <U> GUEST 85E915D9B81F2A5F90B86228F889FFF3 null -1 /coreframe-webponent/myProject/webponent.licenseKey.js NO-BLD
18/12/06 15:15:55.659 063 W1 <U> GUEST 85E915D9B81F2A5F90B86228F889FFF3 null -1 /coreframe-webponent/myProject/list.jsp NO-BLD
18/12/06 15:15:55.755 067 W1 <U> GUEST 85E915D9B81F2A5F90B86228F889FFF3 null -1 /coreframe-webponent/myProject/webponent.licenseKey.js NO-BLD
18/12/06 15:15:58.566 066 W1 <U> GUEST 85E915D9B81F2A5F90B86228F889FFF3 null -1 /coreframe-webponent/myProject/list.jsp NO-BLD
18/12/06 15:15:58.694 065 W1 <U> GUEST 85E915D9B81F2A5F90B86228F889FFF3 null -1 /coreframe-webponent/myProject/webponent.licenseKey.js NO-BLD
18/12/06 15:16:00.425 069 W1 <U> GUEST 85E915D9B81F2A5F90B86228F889FFF3 null -1 /coreframe-webponent/myProject/list.jsp NO-BLD
18/12/06 15:16:00.547 069 W1 <U> GUEST 85E915D9B81F2A5F90B86228F889FFF3 null -1 /coreframe-webponent/myProject/webponent.licenseKey.js NO-BLD
18/12/06 15:16:01.453 067 W1 <U> GUEST 85E915D9B81F2A5F90B86228F889FFF3 null -1 /coreframe-webponent/myProject/list.jsp NO-BLD
18/12/06 15:16:01.549 062 W1 <U> GUEST 85E915D9B81F2A5F90B86228F889FFF3 null -1 /coreframe-webponent/myProject/webponent.licenseKey.js NO-BLD
18/12/06 15:16:02.736 065 W1 <U> GUEST 85E915D9B81F2A5F90B86228F889FFF3 null -1 /coreframe-webponent/myProject/list.jsp NO-BLD
18/12/06 15:16:02.814 064 W1 <U> GUEST 85E915D9B81F2A5F90B86228F889FFF3 null -1 /coreframe-webponent/myProject/webponent.licenseKey.js NO-BLD
18/12/06 15:16:10.931 066 W1 <U> GUEST 85E915D9B81F2A5F90B86228F889FFF3 null -1 /coreframe-webponent/myProject/list.jsp NO-BLD
18/12/06 15:16:11.155 068 W1 <U> GUEST 85E915D9B81F2A5F90B86228F889FFF3 null -1 /coreframe-webponent/myProject/webponent.licenseKey.js NO-BLD
18/12/06 15:16:12.301 066 W1 <U> GUEST 85E915D9B81F2A5F90B86228F889FFF3 null -1 /coreframe-webponent/myProject/list.jsp NO-BLD
18/12/06 15:16:12.359 068 W1 <U> GUEST 85E915D9B81F2A5F90B86228F889FFF3 null -1 /coreframe-webponent/myProject/webponent.licenseKey.js NO-BLD
18/12/06 15:16:13.743 066 W1 <U> GUEST 85E915D9B81F2A5F90B86228F889FFF3 null -1 /coreframe-webponent/myProject/list.jsp NO-BLD
18/12/06 15:16:13.886 062 W1 <U> GUEST 85E915D9B81F2A5F90B86228F889FFF3 null -1 /coreframe-webponent/myProject/webponent.licenseKey.js NO-BLD
18/12/06 15:16:14.703 068 W1 <U> GUEST 85E915D9B81F2A5F90B86228F889FFF3 null -1 /coreframe-webponent/myProject/list.jsp NO-BLD
18/12/06 15:16:15.094 062 W1 <U> GUEST 85E915D9B81F2A5F90B86228F889FFF3 null -1 /coreframe-webponent/myProject/webponent.licenseKey.js NO-BLD
18/12/06 15:16:57.596 063 W1 <U> GUEST 85E915D9B81F2A5F90B86228F889FFF3 null -1 /coreframe-webponent/myProject/list.jsp NO-BLD
18/12/06 15:16:57.677 066 W1 <U> GUEST 85E915D9B81F2A5F90B86228F889FFF3 null -1 /coreframe-webponent/myProject/webponent.licenseKey.js NO-BLD
18/12/06 15:17:07.317 063 W1 <U> GUEST 85E915D9B81F2A5F90B86228F889FFF3 null -1 /coreframe-webponent/myProject/list.jsp NO-BLD
18/12/06 15:17:07.422 069 W1 <U> GUEST 85E915D9B81F2A5F90B86228F889FFF3 null -1 /coreframe-webponent/myProject/webponent.licenseKey.js NO-BLD
18/12/06 15:17:13.501 069 W1 <U> GUEST 85E915D9B81F2A5F90B86228F889FFF3 null -1 /coreframe-webponent/myProject/list.jsp NO-BLD
18/12/06 15:17:13.784 064 W1 <U> GUEST 85E915D9B81F2A5F90B86228F889FFF3 null -1 /coreframe-webponent/myProject/webponent.licenseKey.js NO-BLD
18/12/06 15:17:18.021 068 W1 <U> GUEST 85E915D9B81F2A5F90B86228F889FFF3 null -1 /coreframe-webponent/myProject/list.jsp NO-BLD
18/12/06 15:17:18.084 066 W1 <U> GUEST 85E915D9B81F2A5F90B86228F889FFF3 null -1 /coreframe-webponent/myProject/webponent.licenseKey.js NO-BLD
18/12/06 15:17:20.072 062 W1 <U> GUEST 85E915D9B81F2A5F90B86228F889FFF3 null -1 /coreframe-webponent/myProject/list.jsp NO-BLD
18/12/06 15:17:20.190 065 W1 <U> GUEST 85E915D9B81F2A5F90B86228F889FFF3 null -1 /coreframe-webponent/myProject/webponent.licenseKey.js NO-BLD
18/12/06 15:17:20.392 067 W1 <U> GUEST 85E915D9B81F2A5F90B86228F889FFF3 null -1 /coreframe-webponent/myProject/list.jsp NO-BLD
18/12/06 15:17:20.479 063 W1 <U> GUEST 85E915D9B81F2A5F90B86228F889FFF3 null -1 /coreframe-webponent/myProject/list.jsp NO-BLD
18/12/06 15:17:20.492 062 W1 <U> GUEST 85E915D9B81F2A5F90B86228F889FFF3 null -1 /coreframe-webponent/myProject/list.jsp NO-BLD
18/12/06 15:17:20.677 067 W1 <U> GUEST 85E915D9B81F2A5F90B86228F889FFF3 null -1 /coreframe-webponent/myProject/webponent.licenseKey.js NO-BLD
18/12/06 15:17:20.677 067 W1 <U> GUEST 85E915D9B81F2A5F90B86228F889FFF3 null -1 /coreframe-webponent/myProject/list.jsp NO-BLD
18/12/06 15:17:20.837 062 W1 <U> GUEST 85E915D9B81F2A5F90B86228F889FFF3 null -1 /coreframe-webponent/myProject/webponent.licenseKey.js NO-BLD
18/12/06 15:17:25.629 069 W1 <U> GUEST 85E915D9B81F2A5F90B86228F889FFF3 null -1 /coreframe-webponent/myProject/list.jsp NO-BLD
18/12/06 15:17:25.735 065 W1 <U> GUEST 85E915D9B81F2A5F90B86228F889FFF3 null -1 /coreframe-webponent/myProject/webponent.licenseKey.js NO-BLD
18/12/06 15:17:27.795 066 W1 <U> GUEST 85E915D9B81F2A5F90B86228F889FFF3 null -1 /coreframe-webponent/myProject/list.jsp NO-BLD
18/12/06 15:17:27.831 063 W1 <U> GUEST 85E915D9B81F2A5F90B86228F889FFF3 null -1 /coreframe-webponent/myProject/webponent.licenseKey.js NO-BLD
18/12/06 15:17:38.994 065 W1 <U> GUEST 85E915D9B81F2A5F90B86228F889FFF3 null -1 /coreframe-webponent/myProject/list.jsp NO-BLD
18/12/06 15:17:39.433 063 W1 <U> GUEST 85E915D9B81F2A5F90B86228F889FFF3 null -1 /coreframe-webponent/myProject/webponent.licenseKey.js NO-BLD
18/12/06 15:17:49.968 066 W1 <U> GUEST 85E915D9B81F2A5F90B86228F889FFF3 null -1 /coreframe-webponent/myProject/list.jsp NO-BLD
18/12/06 15:17:50.320 068 W1 <U> GUEST 85E915D9B81F2A5F90B86228F889FFF3 null -1 /coreframe-webponent/myProject/webponent.licenseKey.js NO-BLD
18/12/06 15:18:08.502 066 W1 <U> GUEST 85E915D9B81F2A5F90B86228F889FFF3 null -1 /coreframe-webponent/myProject/list.jsp NO-BLD
18/12/06 15:18:08.829 063 W1 <U> GUEST 85E915D9B81F2A5F90B86228F889FFF3 null -1 /coreframe-webponent/myProject/webponent.licenseKey.js NO-BLD
18/12/06 15:30:15.864 064 W1 <U> GUEST 85E915D9B81F2A5F90B86228F889FFF3 null -1 /coreframe-webponent/myProject/list.jsp NO-BLD
18/12/06 15:30:15.956 063 W1 <U> GUEST 85E915D9B81F2A5F90B86228F889FFF3 null -1 /coreframe-webponent/myProject/webponent.licenseKey.js NO-BLD
18/12/06 15:31:37.851 068 W1 <U> GUEST 85E915D9B81F2A5F90B86228F889FFF3 null -1 /coreframe-webponent/myProject/list.jsp NO-BLD
18/12/06 15:31:38.003 069 W1 <U> GUEST 85E915D9B81F2A5F90B86228F889FFF3 null -1 /coreframe-webponent/myProject/webponent.licenseKey.js NO-BLD
18/12/06 15:31:41.040 067 W1 <U> GUEST 85E915D9B81F2A5F90B86228F889FFF3 null -1 /coreframe-webponent/myProject/list.jsp NO-BLD
18/12/06 15:31:41.099 063 W1 <U> GUEST 85E915D9B81F2A5F90B86228F889FFF3 null -1 /coreframe-webponent/myProject/webponent.licenseKey.js NO-BLD
18/12/06 15:31:48.627 062 W1 <U> GUEST 85E915D9B81F2A5F90B86228F889FFF3 null -1 /coreframe-webponent/myProject/list.jsp NO-BLD
18/12/06 15:31:48.786 068 W1 <U> GUEST 85E915D9B81F2A5F90B86228F889FFF3 null -1 /coreframe-webponent/myProject/webponent.licenseKey.js NO-BLD
18/12/06 15:31:49.481 066 W1 <U> GUEST 85E915D9B81F2A5F90B86228F889FFF3 null -1 /coreframe-webponent/myProject/list.jsp NO-BLD
18/12/06 15:31:54.711 067 W1 <U> GUEST 85E915D9B81F2A5F90B86228F889FFF3 null -1 /coreframe-webponent/myProject/list.jsp NO-BLD
18/12/06 15:31:54.869 067 W1 <U> GUEST 85E915D9B81F2A5F90B86228F889FFF3 null -1 /coreframe-webponent/myProject/webponent.licenseKey.js NO-BLD
18/12/06 15:31:55.537 069 W1 <U> GUEST 85E915D9B81F2A5F90B86228F889FFF3 null -1 /coreframe-webponent/myProject/list.jsp NO-BLD
18/12/06 15:32:06.459 066 W1 <U> GUEST 85E915D9B81F2A5F90B86228F889FFF3 null -1 /coreframe-webponent/myProject/list.jsp NO-BLD
18/12/06 15:32:06.637 067 W1 <U> GUEST 85E915D9B81F2A5F90B86228F889FFF3 null -1 /coreframe-webponent/myProject/webponent.licenseKey.js NO-BLD
18/12/06 15:45:31.645 065 W1 <U> GUEST 85E915D9B81F2A5F90B86228F889FFF3 null -1 /coreframe-webponent/myProject/list.jsp NO-BLD
18/12/06 15:45:31.727 062 W1 <U> GUEST 85E915D9B81F2A5F90B86228F889FFF3 null -1 /coreframe-webponent/myProject/webponent.licenseKey.js NO-BLD
18/12/06 15:45:43.800 064 W1 <U> GUEST 85E915D9B81F2A5F90B86228F889FFF3 null -1 /coreframe-webponent/myProject/list.jsp NO-BLD
18/12/06 15:45:43.830 066 W1 <U> GUEST 85E915D9B81F2A5F90B86228F889FFF3 null -1 /coreframe-webponent/myProject/webponent.licenseKey.js NO-BLD
18/12/06 15:47:07.936 069 W1 <U> GUEST 85E915D9B81F2A5F90B86228F889FFF3 null -1 /coreframe-webponent/myProject/list.jsp NO-BLD
18/12/06 15:47:07.966 068 W1 <U> GUEST 85E915D9B81F2A5F90B86228F889FFF3 null -1 /coreframe-webponent/myProject/webponent.licenseKey.js NO-BLD
18/12/06 15:47:23.258 062 W1 <U> GUEST 85E915D9B81F2A5F90B86228F889FFF3 null -1 /coreframe-webponent/myProject/list.jsp NO-BLD
18/12/06 15:47:23.412 067 W1 <U> GUEST 85E915D9B81F2A5F90B86228F889FFF3 null -1 /coreframe-webponent/myProject/webponent.licenseKey.js NO-BLD
18/12/06 15:47:28.147 063 W1 <U> GUEST 85E915D9B81F2A5F90B86228F889FFF3 null -1 /coreframe-webponent/myProject/list.jsp NO-BLD
18/12/06 15:47:28.360 067 W1 <U> GUEST 85E915D9B81F2A5F90B86228F889FFF3 null -1 /coreframe-webponent/myProject/webponent.licenseKey.js NO-BLD
18/12/06 15:47:29.971 068 W1 <U> GUEST 85E915D9B81F2A5F90B86228F889FFF3 null -1 /coreframe-webponent/myProject/list.jsp NO-BLD
18/12/06 15:47:30.086 064 W1 <U> GUEST 85E915D9B81F2A5F90B86228F889FFF3 null -1 /coreframe-webponent/myProject/webponent.licenseKey.js NO-BLD
18/12/06 15:47:31.296 065 W1 <U> GUEST 85E915D9B81F2A5F90B86228F889FFF3 null -1 /coreframe-webponent/myProject/list.jsp NO-BLD
18/12/06 15:47:31.526 066 W1 <U> GUEST 85E915D9B81F2A5F90B86228F889FFF3 null -1 /coreframe-webponent/myProject/webponent.licenseKey.js NO-BLD
18/12/06 15:47:43.771 068 W1 <U> GUEST 85E915D9B81F2A5F90B86228F889FFF3 null -1 /coreframe-webponent/myProject/list.jsp NO-BLD
18/12/06 15:47:43.923 064 W1 <U> GUEST 85E915D9B81F2A5F90B86228F889FFF3 null -1 /coreframe-webponent/myProject/webponent.licenseKey.js NO-BLD
18/12/06 17:47:09.516 063 W1 <U> GUEST 7E11575278B6FCA2116ACC2B876BDBEE null -1 /coreframe-webponent/myProject/list.jsp NO-BLD
18/12/06 17:47:09.931 065 W1 <U> GUEST 7E11575278B6FCA2116ACC2B876BDBEE null -1 /coreframe-webponent/myProject/webponent.licenseKey.js NO-BLD
18/12/06 17:47:15.473 065 W1 <U> GUEST 7E11575278B6FCA2116ACC2B876BDBEE null -1 /coreframe-webponent/myProject/list.jsp NO-BLD
18/12/06 17:47:15.714 067 W1 <U> GUEST 7E11575278B6FCA2116ACC2B876BDBEE null -1 /coreframe-webponent/myProject/webponent.licenseKey.js NO-BLD
18/12/06 17:47:28.457 063 W1 <U> GUEST 7E11575278B6FCA2116ACC2B876BDBEE null -1 /coreframe-webponent/myProject/list.jsp NO-BLD
18/12/06 17:47:31.141 069 W1 <U> GUEST 7E11575278B6FCA2116ACC2B876BDBEE null -1 /coreframe-webponent/myProject/list.jsp NO-BLD
18/12/06 17:47:31.297 066 W1 <U> GUEST 7E11575278B6FCA2116ACC2B876BDBEE null -1 /coreframe-webponent/myProject/webponent.licenseKey.js NO-BLD
18/12/06 18:02:53.016 063 W1 <U> GUEST A30CECB6A11AD908F5D68F04E4D25465 null -1 /coreframe-webponent/myProject/list.jsp NO-BLD
18/12/06 18:02:55.895 066 W1 <U> GUEST A30CECB6A11AD908F5D68F04E4D25465 null -1 /coreframe-webponent/myProject/webponent.licenseKey.js NO-BLD
18/12/06 18:02:57.593 062 W1 <U> GUEST A30CECB6A11AD908F5D68F04E4D25465 null -1 /coreframe-webponent/myProject/list.jsp NO-BLD
18/12/06 18:03:05.609 069 W1 <U> GUEST 7E11575278B6FCA2116ACC2B876BDBEE null -1 /coreframe-webponent/myProject/list.jsp NO-BLD
18/12/06 18:03:05.686 067 W1 <U> GUEST 7E11575278B6FCA2116ACC2B876BDBEE null -1 /coreframe-webponent/myProject/webponent.licenseKey.js NO-BLD
