18/12/11 10:20:53.769 060 W1 <U> GUEST B830921DC8460121C6CC887E9FE70FD0 null -1 /myProject/list.jsp NO-BLD
18/12/11 10:20:54.063 060 W1 <U> GUEST B830921DC8460121C6CC887E9FE70FD0 null -1 /myProject/js/pie_arrests.js NO-BLD
18/12/11 10:20:54.063 060 W1 <U> GUEST B830921DC8460121C6CC887E9FE70FD0 null -1 /myProject/js/bar_month.js NO-BLD
18/12/11 10:20:54.128 061 W1 <U> GUEST B830921DC8460121C6CC887E9FE70FD0 null -1 /myProject/webponent.licenseKey.js NO-BLD
18/12/11 10:21:24.111 058 W1 <U> GUEST B830921DC8460121C6CC887E9FE70FD0 null -1 /myProject/list.jsp NO-BLD
18/12/11 10:21:32.730 059 W1 <U> GUEST B830921DC8460121C6CC887E9FE70FD0 null -1 /myProject/list.jsp NO-BLD
18/12/11 10:21:51.612 059 W1 <U> GUEST B830921DC8460121C6CC887E9FE70FD0 null -1 /myProject/list.jsp NO-BLD
18/12/11 10:22:05.711 059 W1 <U> GUEST B830921DC8460121C6CC887E9FE70FD0 null -1 /myProject/list.jsp NO-BLD
18/12/11 10:22:53.878 061 W1 <U> GUEST B830921DC8460121C6CC887E9FE70FD0 null -1 /myProject/list.jsp NO-BLD
18/12/11 10:23:06.736 058 W1 <U> GUEST B830921DC8460121C6CC887E9FE70FD0 null -1 /myProject/list.jsp NO-BLD
18/12/11 10:23:25.637 065 W1 <U> GUEST B830921DC8460121C6CC887E9FE70FD0 null -1 /myProject/list.jsp NO-BLD
18/12/11 10:23:46.795 065 W1 <U> GUEST B830921DC8460121C6CC887E9FE70FD0 null -1 /myProject/list.jsp NO-BLD
18/12/11 10:23:57.725 058 W1 <U> GUEST B830921DC8460121C6CC887E9FE70FD0 null -1 /myProject/list.jsp NO-BLD
18/12/11 10:26:16.564 060 W1 <U> GUEST B830921DC8460121C6CC887E9FE70FD0 null -1 /myProject/list.jsp NO-BLD
18/12/11 10:26:31.377 061 W1 <U> GUEST B830921DC8460121C6CC887E9FE70FD0 null -1 /myProject/list.jsp NO-BLD
18/12/11 10:27:04.431 065 W1 <U> GUEST B830921DC8460121C6CC887E9FE70FD0 null -1 /myProject/list.jsp NO-BLD
18/12/11 10:27:11.740 064 W1 <U> GUEST B830921DC8460121C6CC887E9FE70FD0 null -1 /myProject/list.jsp NO-BLD
18/12/11 10:27:12.936 063 W1 <U> GUEST B830921DC8460121C6CC887E9FE70FD0 null -1 /myProject/list.jsp NO-BLD
18/12/11 10:27:30.528 064 W1 <U> GUEST B830921DC8460121C6CC887E9FE70FD0 null -1 /myProject/list.jsp NO-BLD
18/12/11 10:27:42.152 061 W1 <U> GUEST B830921DC8460121C6CC887E9FE70FD0 null -1 /myProject/list.jsp NO-BLD
18/12/11 10:27:52.450 064 W1 <U> GUEST B830921DC8460121C6CC887E9FE70FD0 null -1 /myProject/list.jsp NO-BLD
18/12/11 10:27:52.585 059 W1 <U> GUEST B830921DC8460121C6CC887E9FE70FD0 null -1 /myProject/list.jsp NO-BLD
18/12/11 10:28:08.149 061 W1 <U> GUEST B830921DC8460121C6CC887E9FE70FD0 null -1 /myProject/list.jsp NO-BLD
18/12/11 10:28:22.202 059 W1 <U> GUEST B830921DC8460121C6CC887E9FE70FD0 null -1 /myProject/list.jsp NO-BLD
18/12/11 10:28:31.382 063 W1 <U> GUEST B830921DC8460121C6CC887E9FE70FD0 null -1 /myProject/list.jsp NO-BLD
18/12/11 10:28:39.820 062 W1 <U> GUEST B830921DC8460121C6CC887E9FE70FD0 null -1 /myProject/list.jsp NO-BLD
18/12/11 10:28:54.184 064 W1 <U> GUEST B830921DC8460121C6CC887E9FE70FD0 null -1 /myProject/list.jsp NO-BLD
18/12/11 10:29:20.831 060 W1 <U> GUEST B830921DC8460121C6CC887E9FE70FD0 null -1 /myProject/list.jsp NO-BLD
18/12/11 10:29:40.306 058 W1 <U> GUEST B830921DC8460121C6CC887E9FE70FD0 null -1 /myProject/list.jsp NO-BLD
18/12/11 10:30:13.275 064 W1 <U> GUEST B830921DC8460121C6CC887E9FE70FD0 null -1 /myProject/list.jsp NO-BLD
18/12/11 10:30:14.496 064 W1 <U> GUEST B830921DC8460121C6CC887E9FE70FD0 null -1 /myProject/list.jsp NO-BLD
18/12/11 10:30:14.996 063 W1 <U> GUEST B830921DC8460121C6CC887E9FE70FD0 null -1 /myProject/list.jsp NO-BLD
18/12/11 10:30:15.602 063 W1 <U> GUEST B830921DC8460121C6CC887E9FE70FD0 null -1 /myProject/list.jsp NO-BLD
18/12/11 10:30:16.164 060 W1 <U> GUEST B830921DC8460121C6CC887E9FE70FD0 null -1 /myProject/list.jsp NO-BLD
18/12/11 10:33:04.514 063 W1 <U> GUEST B830921DC8460121C6CC887E9FE70FD0 null -1 /myProject/list.jsp NO-BLD
18/12/11 10:33:33.261 063 W1 <U> GUEST B830921DC8460121C6CC887E9FE70FD0 null -1 /myProject/list.jsp NO-BLD
18/12/11 10:33:41.548 061 W1 <U> GUEST B830921DC8460121C6CC887E9FE70FD0 null -1 /myProject/list.jsp NO-BLD
18/12/11 10:33:50.723 060 W1 <U> GUEST B830921DC8460121C6CC887E9FE70FD0 null -1 /myProject/list.jsp NO-BLD
18/12/11 11:27:06.198 059 W1 <U> GUEST B830921DC8460121C6CC887E9FE70FD0 null -1 /myProject/list.jsp NO-BLD
18/12/11 11:27:29.602 060 W1 <U> GUEST B830921DC8460121C6CC887E9FE70FD0 null -1 /myProject/list.jsp NO-BLD
18/12/11 11:31:50.555 065 W1 <U> GUEST B830921DC8460121C6CC887E9FE70FD0 null -1 /myProject/list.jsp NO-BLD
18/12/11 15:55:21.778 062 W1 <U> GUEST CA47A4C4FF2AD0BB0D8245929EC6C3E3 null -1 /myProject/list.jsp NO-BLD
18/12/11 15:55:21.830 059 W1 <U> GUEST CA47A4C4FF2AD0BB0D8245929EC6C3E3 null -1 /myProject/webponent.licenseKey.js NO-BLD
18/12/11 15:55:22.075 062 W1 <U> GUEST CA47A4C4FF2AD0BB0D8245929EC6C3E3 null -1 /myProject/js/pie_arrests.js NO-BLD
18/12/11 15:55:22.075 062 W1 <U> GUEST CA47A4C4FF2AD0BB0D8245929EC6C3E3 null -1 /myProject/js/bar_month.js NO-BLD
18/12/11 15:56:50.857 064 W1 <U> GUEST CA47A4C4FF2AD0BB0D8245929EC6C3E3 null -1 /myProject/list.jsp NO-BLD
18/12/11 15:58:34.979 064 W1 <U> GUEST CA47A4C4FF2AD0BB0D8245929EC6C3E3 null -1 /myProject/list.jsp NO-BLD
18/12/11 15:59:21.737 064 W1 <U> GUEST CA47A4C4FF2AD0BB0D8245929EC6C3E3 null -1 /myProject/list.jsp NO-BLD
18/12/11 16:00:01.144 062 W1 <U> GUEST CA47A4C4FF2AD0BB0D8245929EC6C3E3 null -1 /myProject/list.jsp NO-BLD
18/12/11 16:00:51.630 061 W1 <U> GUEST CA47A4C4FF2AD0BB0D8245929EC6C3E3 null -1 /myProject/list.jsp NO-BLD
18/12/11 16:01:22.871 059 W1 <U> GUEST CA47A4C4FF2AD0BB0D8245929EC6C3E3 null -1 /myProject/list.jsp NO-BLD
18/12/11 16:02:07.402 063 W1 <U> GUEST CA47A4C4FF2AD0BB0D8245929EC6C3E3 null -1 /myProject/list.jsp NO-BLD
18/12/11 16:02:32.322 063 W1 <U> GUEST CA47A4C4FF2AD0BB0D8245929EC6C3E3 null -1 /myProject/list.jsp NO-BLD
18/12/11 16:04:19.998 058 W1 <U> GUEST CA47A4C4FF2AD0BB0D8245929EC6C3E3 null -1 /myProject/list.jsp NO-BLD
18/12/11 17:26:58.418 059 W1 <U> GUEST BF6B721AB02365A1EF8B5679066078FB null -1 /myProject/list.jsp NO-BLD
18/12/11 17:26:58.475 061 W1 <U> GUEST BF6B721AB02365A1EF8B5679066078FB null -1 /myProject/webponent.licenseKey.js NO-BLD
18/12/11 17:26:58.520 065 W1 <U> GUEST BF6B721AB02365A1EF8B5679066078FB null -1 /myProject/js/bar_month.js NO-BLD
18/12/11 17:26:58.532 058 W1 <U> GUEST BF6B721AB02365A1EF8B5679066078FB null -1 /myProject/js/pie_arrests.js NO-BLD
18/12/11 17:27:08.509 060 W1 <U> GUEST BF6B721AB02365A1EF8B5679066078FB null -1 /myProject/list.jsp NO-BLD
18/12/11 17:27:08.540 064 W1 <U> GUEST BF6B721AB02365A1EF8B5679066078FB null -1 /myProject/js/pie_arrests.js NO-BLD
18/12/11 17:28:18.514 058 W1 <U> GUEST BF6B721AB02365A1EF8B5679066078FB null -1 /myProject/list.jsp NO-BLD
18/12/11 17:28:18.576 062 W1 <U> GUEST BF6B721AB02365A1EF8B5679066078FB null -1 /myProject/js/pie_arrests.js NO-BLD
18/12/11 17:31:53.041 060 W1 <U> GUEST BF6B721AB02365A1EF8B5679066078FB null -1 /myProject/list.jsp NO-BLD
18/12/11 17:31:53.101 059 W1 <U> GUEST BF6B721AB02365A1EF8B5679066078FB null -1 /myProject/js/pie_arrests.js NO-BLD
18/12/11 17:33:08.629 060 W1 <U> GUEST BF6B721AB02365A1EF8B5679066078FB null -1 /myProject/list.jsp NO-BLD
18/12/11 17:33:08.697 058 W1 <U> GUEST BF6B721AB02365A1EF8B5679066078FB null -1 /myProject/js/pie_arrests.js NO-BLD
18/12/11 17:33:27.682 059 W1 <U> GUEST BF6B721AB02365A1EF8B5679066078FB null -1 /myProject/list.jsp NO-BLD
18/12/11 17:33:27.753 063 W1 <U> GUEST BF6B721AB02365A1EF8B5679066078FB null -1 /myProject/js/pie_arrests.js NO-BLD
18/12/11 17:40:58.831 062 W1 <U> GUEST BF6B721AB02365A1EF8B5679066078FB null -1 /myProject/list.jsp NO-BLD
18/12/11 17:40:58.956 059 W1 <U> GUEST BF6B721AB02365A1EF8B5679066078FB null -1 /myProject/js/pie_arrests.js NO-BLD
18/12/11 17:55:54.629 065 W1 <U> GUEST BF6B721AB02365A1EF8B5679066078FB null -1 /myProject/list.jsp NO-BLD
18/12/11 17:55:54.680 064 W1 <U> GUEST BF6B721AB02365A1EF8B5679066078FB null -1 /myProject/css/mystyle.css NO-BLD
18/12/11 17:55:54.680 064 W1 <U> GUEST BF6B721AB02365A1EF8B5679066078FB null -1 /myProject/js/pie_arrests.js NO-BLD
18/12/11 18:03:56.768 058 W1 <U> GUEST BF6B721AB02365A1EF8B5679066078FB null -1 /myProject/list.jsp NO-BLD
18/12/11 18:03:56.807 062 W1 <U> GUEST BF6B721AB02365A1EF8B5679066078FB null -1 /myProject/css/mystyle.css NO-BLD
18/12/11 18:03:56.807 062 W1 <U> GUEST BF6B721AB02365A1EF8B5679066078FB null -1 /myProject/js/pie_arrests.js NO-BLD
18/12/11 18:05:06.766 061 W1 <U> GUEST BF6B721AB02365A1EF8B5679066078FB null -1 /myProject/list.jsp NO-BLD
18/12/11 18:05:06.886 064 W1 <U> GUEST BF6B721AB02365A1EF8B5679066078FB null -1 /myProject/css/mystyle.css NO-BLD
18/12/11 18:05:29.650 064 W1 <U> GUEST BF6B721AB02365A1EF8B5679066078FB null -1 /myProject/list.jsp NO-BLD
18/12/11 18:08:10.919 061 W1 <U> GUEST BF6B721AB02365A1EF8B5679066078FB null -1 /myProject/list.jsp NO-BLD
18/12/11 18:08:10.993 064 W1 <U> GUEST BF6B721AB02365A1EF8B5679066078FB null -1 /myProject/css/mystyle.css NO-BLD
18/12/11 18:08:10.993 064 W1 <U> GUEST BF6B721AB02365A1EF8B5679066078FB null -1 /myProject/js/pie_arrests.js NO-BLD
18/12/11 18:08:10.993 064 W1 <U> GUEST BF6B721AB02365A1EF8B5679066078FB null -1 /myProject/js/korea_map.js NO-BLD
18/12/11 18:08:11.192 059 W1 <U> GUEST BF6B721AB02365A1EF8B5679066078FB null -1 /myProject/map.json NO-BLD
18/12/11 18:08:44.037 062 W1 <U> GUEST BF6B721AB02365A1EF8B5679066078FB null -1 /myProject/list.jsp NO-BLD
18/12/11 18:08:44.085 061 W1 <U> GUEST BF6B721AB02365A1EF8B5679066078FB null -1 /myProject/js/korea_map.js NO-BLD
18/12/11 18:08:44.335 060 W1 <U> GUEST BF6B721AB02365A1EF8B5679066078FB null -1 /myProject/map.json NO-BLD
18/12/11 18:09:07.574 062 W1 <U> GUEST BF6B721AB02365A1EF8B5679066078FB null -1 /myProject/list.jsp NO-BLD
18/12/11 18:09:07.644 065 W1 <U> GUEST BF6B721AB02365A1EF8B5679066078FB null -1 /myProject/webponent.licenseKey.js NO-BLD
18/12/11 18:09:07.675 058 W1 <U> GUEST BF6B721AB02365A1EF8B5679066078FB null -1 /myProject/js/bar_month.js NO-BLD
18/12/11 18:09:07.683 060 W1 <U> GUEST BF6B721AB02365A1EF8B5679066078FB null -1 /myProject/js/korea_map.js NO-BLD
18/12/11 18:09:07.834 065 W1 <U> GUEST BF6B721AB02365A1EF8B5679066078FB null -1 /myProject/map.json NO-BLD
18/12/11 18:09:26.476 064 W1 <U> GUEST BF6B721AB02365A1EF8B5679066078FB null -1 /myProject/list.jsp NO-BLD
18/12/11 18:09:26.525 063 W1 <U> GUEST BF6B721AB02365A1EF8B5679066078FB null -1 /myProject/js/korea_map.js NO-BLD
18/12/11 18:09:26.764 065 W1 <U> GUEST BF6B721AB02365A1EF8B5679066078FB null -1 /myProject/js/map.json NO-BLD
18/12/11 18:18:24.598 062 W1 <U> GUEST BF6B721AB02365A1EF8B5679066078FB null -1 /myProject/list.jsp NO-BLD
18/12/11 18:18:24.757 064 W1 <U> GUEST BF6B721AB02365A1EF8B5679066078FB null -1 /myProject/js/pie_arrests.js NO-BLD
18/12/11 18:18:24.757 064 W1 <U> GUEST BF6B721AB02365A1EF8B5679066078FB null -1 /myProject/js/korea_map.js NO-BLD
18/12/11 18:18:24.757 064 W1 <U> GUEST BF6B721AB02365A1EF8B5679066078FB null -1 /myProject/css/mystyle.css NO-BLD
18/12/11 18:19:37.390 061 W1 <U> GUEST BF6B721AB02365A1EF8B5679066078FB null -1 /myProject/list.jsp NO-BLD
18/12/11 18:19:37.487 062 W1 <U> GUEST BF6B721AB02365A1EF8B5679066078FB null -1 /myProject/js/korea_map.js NO-BLD
18/12/11 18:19:48.978 064 W1 <U> GUEST BF6B721AB02365A1EF8B5679066078FB null -1 /myProject/list.jsp NO-BLD
18/12/11 18:19:49.037 065 W1 <U> GUEST BF6B721AB02365A1EF8B5679066078FB null -1 /myProject/js/korea_map.js NO-BLD
18/12/11 18:23:58.577 063 W1 <U> GUEST BF6B721AB02365A1EF8B5679066078FB null -1 /myProject/list.jsp NO-BLD
18/12/11 18:23:58.628 059 W1 <U> GUEST BF6B721AB02365A1EF8B5679066078FB null -1 /myProject/css/mystyle.css NO-BLD
18/12/11 18:23:58.628 059 W1 <U> GUEST BF6B721AB02365A1EF8B5679066078FB null -1 /myProject/js/pie_arrests.js NO-BLD
18/12/11 18:23:58.628 059 W1 <U> GUEST BF6B721AB02365A1EF8B5679066078FB null -1 /myProject/js/korea_map.js NO-BLD
18/12/11 18:23:58.883 058 W1 <U> GUEST BF6B721AB02365A1EF8B5679066078FB null -1 /myProject/js/map.json NO-BLD
18/12/11 18:26:14.878 060 W1 <U> GUEST BF6B721AB02365A1EF8B5679066078FB null -1 /myProject/list.jsp NO-BLD
18/12/11 18:26:14.942 059 W1 <U> GUEST BF6B721AB02365A1EF8B5679066078FB null -1 /myProject/js/korea_map.js NO-BLD
18/12/11 18:26:15.209 059 W1 <U> GUEST BF6B721AB02365A1EF8B5679066078FB null -1 /myProject/js/map.json NO-BLD
18/12/11 18:27:26.078 058 W1 <U> GUEST BF6B721AB02365A1EF8B5679066078FB null -1 /myProject/list.jsp NO-BLD
18/12/11 18:27:26.140 060 W1 <U> GUEST BF6B721AB02365A1EF8B5679066078FB null -1 /myProject/css/mystyle.css NO-BLD
18/12/11 18:27:26.142 061 W1 <U> GUEST BF6B721AB02365A1EF8B5679066078FB null -1 /myProject/js/korea_map.js NO-BLD
18/12/11 18:27:26.290 065 W1 <U> GUEST BF6B721AB02365A1EF8B5679066078FB null -1 /myProject/js/map.json NO-BLD
