18/12/21 09:02:32.306 070 W1 <U> GUEST 6C9D89E772EBE74C99EDA50CF2379919 null -1 /myProject/list.jsp NO-BLD
18/12/21 09:02:32.574 071 W1 <U> GUEST 6C9D89E772EBE74C99EDA50CF2379919 null -1 /myProject/webponent.licenseKey.js NO-BLD
18/12/21 09:02:32.637 070 W1 <U> GUEST 6C9D89E772EBE74C99EDA50CF2379919 null -1 /myProject/css/mystyle.css?v=1545350552293 NO-BLD
18/12/21 09:02:33.265 066 W1 <U> GUEST 6C9D89E772EBE74C99EDA50CF2379919 null -1 /myProject/js/pie_period.js?v=1545350552293 NO-BLD
18/12/21 09:02:33.274 065 W1 <U> GUEST 6C9D89E772EBE74C99EDA50CF2379919 null -1 /myProject/css/clipart2431071.png NO-BLD
18/12/21 09:02:33.409 068 W1 <U> GUEST 6C9D89E772EBE74C99EDA50CF2379919 null -1 /myProject/js/pie_arrests.js?v=1545350552293 NO-BLD
18/12/21 09:02:33.481 067 W1 <U> GUEST 6C9D89E772EBE74C99EDA50CF2379919 null -1 /myProject/js/korea_map.js?v=1545350552293 NO-BLD
18/12/21 09:02:33.501 065 W1 <U> GUEST 6C9D89E772EBE74C99EDA50CF2379919 null -1 /myProject/js/line.js?v=1545350552293 NO-BLD
18/12/21 09:03:09.499 064 W1 <U> GUEST 6C9D89E772EBE74C99EDA50CF2379919 null -1 /myProject/main.jsp NO-BLD
18/12/21 09:03:11.952 064 W1 <U> GUEST 6C9D89E772EBE74C99EDA50CF2379919 null -1 /myProject/bar_month.jsp NO-BLD
18/12/21 09:03:12.093 066 W1 <U> GUEST 6C9D89E772EBE74C99EDA50CF2379919 null -1 /myProject/css/mystyle.css?v=1545350591952 NO-BLD
18/12/21 09:03:12.210 068 W1 <U> GUEST 6C9D89E772EBE74C99EDA50CF2379919 null -1 /myProject/css/f4f0edb08c97567ce6b0475a63bf7000.png NO-BLD
18/12/21 09:03:12.223 066 W1 <U> GUEST 6C9D89E772EBE74C99EDA50CF2379919 null -1 /myProject/js/bar_month.js?v=1545350591952 NO-BLD
18/12/21 09:03:12.302 067 W1 <U> GUEST 6C9D89E772EBE74C99EDA50CF2379919 null -1 /myProject/js/grid.js?v=1545350591952 NO-BLD
18/12/21 09:03:19.798 070 W1 <U> GUEST 6C9D89E772EBE74C99EDA50CF2379919 null -1 /myProject/webponent/chart2.0/sample/chart/img/tooltip_arrow.png NO-BLD
18/12/21 09:04:50.606 068 W1 <U> GUEST 5BCFF8470AECF4FB353DE54BCA39777E null -1 /myProject/bar_month.jsp NO-BLD
18/12/21 09:04:50.704 064 W1 <U> GUEST 5BCFF8470AECF4FB353DE54BCA39777E null -1 /myProject/css/mystyle.css?v=1545350690605 NO-BLD
18/12/21 09:04:50.783 066 W1 <U> GUEST 5BCFF8470AECF4FB353DE54BCA39777E null -1 /myProject/js/bar_month.js?v=1545350690605 NO-BLD
18/12/21 09:04:50.784 066 W1 <U> GUEST 5BCFF8470AECF4FB353DE54BCA39777E null -1 /myProject/css/f4f0edb08c97567ce6b0475a63bf7000.png NO-BLD
18/12/21 09:04:50.818 066 W1 <U> GUEST 5BCFF8470AECF4FB353DE54BCA39777E null -1 /myProject/js/grid.js?v=1545350690605 NO-BLD
18/12/21 09:08:37.884 064 W1 <U> GUEST 5BCFF8470AECF4FB353DE54BCA39777E null -1 /myProject/webponent/chart2.0/sample/chart/img/tooltip_arrow.png NO-BLD
18/12/21 09:09:03.247 070 W1 <U> GUEST 5BCFF8470AECF4FB353DE54BCA39777E null -1 /myProject/bar_month.jsp NO-BLD
18/12/21 09:09:03.375 064 W1 <U> GUEST 5BCFF8470AECF4FB353DE54BCA39777E null -1 /myProject/css/mystyle.css?v=1545350943244 NO-BLD
18/12/21 09:09:03.485 068 W1 <U> GUEST 5BCFF8470AECF4FB353DE54BCA39777E null -1 /myProject/js/bar_month.js?v=1545350943244 NO-BLD
18/12/21 09:09:03.565 068 W1 <U> GUEST 5BCFF8470AECF4FB353DE54BCA39777E null -1 /myProject/js/grid.js?v=1545350943244 NO-BLD
18/12/21 09:23:00.402 064 W1 <U> GUEST 5BCFF8470AECF4FB353DE54BCA39777E null -1 /myProject/webponent/chart2.0/sample/chart/img/tooltip_arrow.png NO-BLD
18/12/21 09:32:59.216 066 W1 <U> GUEST 5BCFF8470AECF4FB353DE54BCA39777E null -1 /myProject/bar_month.jsp NO-BLD
18/12/21 09:32:59.437 070 W1 <U> GUEST 5BCFF8470AECF4FB353DE54BCA39777E null -1 /myProject/css/mystyle.css?v=1545352379214 NO-BLD
18/12/21 09:32:59.552 069 W1 <U> GUEST 5BCFF8470AECF4FB353DE54BCA39777E null -1 /myProject/webponent.licenseKey.js NO-BLD
18/12/21 09:32:59.762 064 W1 <U> GUEST 5BCFF8470AECF4FB353DE54BCA39777E null -1 /myProject/js/bar_month.js?v=1545352379214 NO-BLD
18/12/21 09:32:59.829 071 W1 <U> GUEST 5BCFF8470AECF4FB353DE54BCA39777E null -1 /myProject/css/f4f0edb08c97567ce6b0475a63bf7000.png NO-BLD
18/12/21 09:32:59.940 065 W1 <U> GUEST 5BCFF8470AECF4FB353DE54BCA39777E null -1 /myProject/js/grid.js?v=1545352379214 NO-BLD
18/12/21 09:33:01.012 067 W1 <U> GUEST 5BCFF8470AECF4FB353DE54BCA39777E null -1 /myProject/webponent/chart2.0/sample/chart/img/tooltip_arrow.png NO-BLD
18/12/21 09:33:44.337 071 W1 <U> GUEST 5BCFF8470AECF4FB353DE54BCA39777E null -1 /myProject/bar_month.jsp NO-BLD
18/12/21 09:33:44.483 067 W1 <U> GUEST 5BCFF8470AECF4FB353DE54BCA39777E null -1 /myProject/webponent.licenseKey.js NO-BLD
18/12/21 09:33:44.483 067 W1 <U> GUEST 5BCFF8470AECF4FB353DE54BCA39777E null -1 /myProject/css/mystyle.css?v=1545352424337 NO-BLD
18/12/21 09:33:44.603 070 W1 <U> GUEST 5BCFF8470AECF4FB353DE54BCA39777E null -1 /myProject/js/bar_month.js?v=1545352424337 NO-BLD
18/12/21 09:33:44.642 068 W1 <U> GUEST 5BCFF8470AECF4FB353DE54BCA39777E null -1 /myProject/css/f4f0edb08c97567ce6b0475a63bf7000.png NO-BLD
18/12/21 09:33:44.737 070 W1 <U> GUEST 5BCFF8470AECF4FB353DE54BCA39777E null -1 /myProject/js/grid.js?v=1545352424337 NO-BLD
18/12/21 09:34:02.101 067 W1 <U> GUEST 5BCFF8470AECF4FB353DE54BCA39777E null -1 /myProject/webponent/chart2.0/sample/chart/img/tooltip_arrow.png NO-BLD
18/12/21 09:34:28.809 070 W1 <U> GUEST 5BCFF8470AECF4FB353DE54BCA39777E null -1 /myProject/bar_month.jsp NO-BLD
18/12/21 09:34:28.963 064 W1 <U> GUEST 5BCFF8470AECF4FB353DE54BCA39777E null -1 /myProject/webponent.licenseKey.js NO-BLD
18/12/21 09:34:28.969 066 W1 <U> GUEST 5BCFF8470AECF4FB353DE54BCA39777E null -1 /myProject/css/mystyle.css?v=1545352468809 NO-BLD
18/12/21 09:34:29.254 066 W1 <U> GUEST 5BCFF8470AECF4FB353DE54BCA39777E null -1 /myProject/js/bar_month.js?v=1545352468809 NO-BLD
18/12/21 09:34:29.255 065 W1 <U> GUEST 5BCFF8470AECF4FB353DE54BCA39777E null -1 /myProject/css/f4f0edb08c97567ce6b0475a63bf7000.png NO-BLD
18/12/21 09:34:29.343 068 W1 <U> GUEST 5BCFF8470AECF4FB353DE54BCA39777E null -1 /myProject/js/grid.js?v=1545352468809 NO-BLD
18/12/21 09:34:34.105 064 W1 <U> GUEST 5BCFF8470AECF4FB353DE54BCA39777E null -1 /myProject/webponent/chart2.0/sample/chart/img/tooltip_arrow.png NO-BLD
18/12/21 10:21:21.427 066 W1 <U> GUEST 5BCFF8470AECF4FB353DE54BCA39777E null -1 /myProject/css/mystyle.css?v=1545352468809 NO-BLD
18/12/21 10:31:27.794 066 W1 <U> GUEST 5BCFF8470AECF4FB353DE54BCA39777E null -1 /myProject/main.jsp NO-BLD
18/12/21 10:45:19.784 064 W1 <U> GUEST 5BCFF8470AECF4FB353DE54BCA39777E null -1 /myProject/main.jsp NO-BLD
18/12/21 11:26:49.990 070 W1 <U> GUEST 5BCFF8470AECF4FB353DE54BCA39777E null -1 /myProject/bar_month.jsp NO-BLD
18/12/21 11:26:50.110 068 W1 <U> GUEST 5BCFF8470AECF4FB353DE54BCA39777E null -1 /myProject/webponent.licenseKey.js NO-BLD
18/12/21 11:26:50.110 068 W1 <U> GUEST 5BCFF8470AECF4FB353DE54BCA39777E null -1 /myProject/css/mystyle.css?v=1545359209989 NO-BLD
18/12/21 11:26:50.160 067 W1 <U> GUEST 5BCFF8470AECF4FB353DE54BCA39777E null -1 /myProject/css/f4f0edb08c97567ce6b0475a63bf7000.png NO-BLD
18/12/21 11:26:50.160 067 W1 <U> GUEST 5BCFF8470AECF4FB353DE54BCA39777E null -1 /myProject/js/bar_month.js?v=1545359209989 NO-BLD
18/12/21 11:26:50.326 068 W1 <U> GUEST 5BCFF8470AECF4FB353DE54BCA39777E null -1 /myProject/js/grid.js?v=1545359209989 NO-BLD
18/12/21 11:30:23.498 071 W1 <U> GUEST 5BCFF8470AECF4FB353DE54BCA39777E null -1 /myProject/webponent/chart2.0/sample/chart/img/tooltip_arrow.png NO-BLD
18/12/21 13:11:24.133 071 W1 <U> GUEST 6DA725F4332DE4ED16A63090A37BAEF0 null -1 /myProject/main.jsp NO-BLD
18/12/21 13:15:43.788 068 W1 <U> GUEST 6DA725F4332DE4ED16A63090A37BAEF0 null -1 /myProject/list.jsp NO-BLD
18/12/21 13:15:43.859 067 W1 <U> GUEST 6DA725F4332DE4ED16A63090A37BAEF0 null -1 /myProject/css/mystyle.css?v=1545365743788 NO-BLD
18/12/21 13:15:43.910 068 W1 <U> GUEST 6DA725F4332DE4ED16A63090A37BAEF0 null -1 /myProject/js/pie_period.js?v=1545365743788 NO-BLD
18/12/21 13:15:43.922 067 W1 <U> GUEST 6DA725F4332DE4ED16A63090A37BAEF0 null -1 /myProject/css/clipart2431071.png NO-BLD
18/12/21 13:15:43.984 068 W1 <U> GUEST 6DA725F4332DE4ED16A63090A37BAEF0 null -1 /myProject/js/pie_arrests.js?v=1545365743788 NO-BLD
18/12/21 13:15:43.989 067 W1 <U> GUEST 6DA725F4332DE4ED16A63090A37BAEF0 null -1 /myProject/js/korea_map.js?v=1545365743788 NO-BLD
18/12/21 13:15:44.127 065 W1 <U> GUEST 6DA725F4332DE4ED16A63090A37BAEF0 null -1 /myProject/js/line.js?v=1545365743788 NO-BLD
18/12/21 13:15:48.500 064 W1 <U> GUEST 6DA725F4332DE4ED16A63090A37BAEF0 null -1 /myProject/webponent/chart2.0/sample/chart/img/tooltip_arrow.png NO-BLD
18/12/21 13:32:36.941 068 W1 <U> GUEST 6DA725F4332DE4ED16A63090A37BAEF0 null -1 /myProject/list.jsp NO-BLD
18/12/21 13:32:37.050 067 W1 <U> GUEST 6DA725F4332DE4ED16A63090A37BAEF0 null -1 /myProject/css/mystyle.css?v=1545366756927 NO-BLD
18/12/21 13:32:37.383 065 W1 <U> GUEST 6DA725F4332DE4ED16A63090A37BAEF0 null -1 /myProject/js/pie_period.js?v=1545366756927 NO-BLD
18/12/21 13:32:37.567 067 W1 <U> GUEST 6DA725F4332DE4ED16A63090A37BAEF0 null -1 /myProject/js/pie_arrests.js?v=1545366756927 NO-BLD
18/12/21 13:32:37.586 066 W1 <U> GUEST 6DA725F4332DE4ED16A63090A37BAEF0 null -1 /myProject/js/korea_map.js?v=1545366756927 NO-BLD
18/12/21 13:32:37.600 065 W1 <U> GUEST 6DA725F4332DE4ED16A63090A37BAEF0 null -1 /myProject/js/line.js?v=1545366756928 NO-BLD
18/12/21 13:33:40.376 065 W1 <U> GUEST 6DA725F4332DE4ED16A63090A37BAEF0 null -1 /myProject/list.jsp NO-BLD
18/12/21 13:33:40.458 071 W1 <U> GUEST 6DA725F4332DE4ED16A63090A37BAEF0 null -1 /myProject/js/pie_period.js?v=1545366820376 NO-BLD
18/12/21 13:33:40.458 071 W1 <U> GUEST 6DA725F4332DE4ED16A63090A37BAEF0 null -1 /myProject/js/pie_arrests.js?v=1545366820376 NO-BLD
18/12/21 13:33:40.478 070 W1 <U> GUEST 6DA725F4332DE4ED16A63090A37BAEF0 null -1 /myProject/css/mystyle.css?v=1545366820376 NO-BLD
18/12/21 13:33:40.536 071 W1 <U> GUEST 6DA725F4332DE4ED16A63090A37BAEF0 null -1 /myProject/js/korea_map.js?v=1545366820376 NO-BLD
18/12/21 13:33:40.536 071 W1 <U> GUEST 6DA725F4332DE4ED16A63090A37BAEF0 null -1 /myProject/js/line.js?v=1545366820376 NO-BLD
18/12/21 13:37:04.588 071 W1 <U> GUEST 6DA725F4332DE4ED16A63090A37BAEF0 null -1 /myProject/main.jsp NO-BLD
18/12/21 13:37:05.639 070 W1 <U> GUEST 6DA725F4332DE4ED16A63090A37BAEF0 null -1 /myProject/bar_month.jsp NO-BLD
18/12/21 13:37:05.709 064 W1 <U> GUEST 6DA725F4332DE4ED16A63090A37BAEF0 null -1 /myProject/css/mystyle.css?v=1545367025636 NO-BLD
18/12/21 13:37:05.769 069 W1 <U> GUEST 6DA725F4332DE4ED16A63090A37BAEF0 null -1 /myProject/js/bar_month.js?v=1545367025636 NO-BLD
18/12/21 13:37:05.856 070 W1 <U> GUEST 6DA725F4332DE4ED16A63090A37BAEF0 null -1 /myProject/js/grid.js?v=1545367025636 NO-BLD
18/12/21 13:37:11.497 066 W1 <U> GUEST 6DA725F4332DE4ED16A63090A37BAEF0 null -1 /myProject/webponent/chart2.0/sample/chart/img/tooltip_arrow.png NO-BLD
18/12/21 13:37:16.244 064 W1 <U> GUEST 6DA725F4332DE4ED16A63090A37BAEF0 null -1 /myProject/main.jsp NO-BLD
18/12/21 13:37:17.348 070 W1 <U> GUEST 6DA725F4332DE4ED16A63090A37BAEF0 null -1 /myProject/list.jsp NO-BLD
18/12/21 13:37:17.427 071 W1 <U> GUEST 6DA725F4332DE4ED16A63090A37BAEF0 null -1 /myProject/css/mystyle.css?v=1545367037348 NO-BLD
18/12/21 13:37:17.531 070 W1 <U> GUEST 6DA725F4332DE4ED16A63090A37BAEF0 null -1 /myProject/js/pie_period.js?v=1545367037348 NO-BLD
18/12/21 13:37:17.601 071 W1 <U> GUEST 6DA725F4332DE4ED16A63090A37BAEF0 null -1 /myProject/js/pie_arrests.js?v=1545367037348 NO-BLD
18/12/21 13:37:17.602 069 W1 <U> GUEST 6DA725F4332DE4ED16A63090A37BAEF0 null -1 /myProject/js/korea_map.js?v=1545367037348 NO-BLD
18/12/21 13:37:17.610 070 W1 <U> GUEST 6DA725F4332DE4ED16A63090A37BAEF0 null -1 /myProject/js/line.js?v=1545367037348 NO-BLD
18/12/21 13:37:59.849 070 W1 <U> GUEST 6DA725F4332DE4ED16A63090A37BAEF0 null -1 /myProject/main.jsp NO-BLD
18/12/21 13:38:00.852 064 W1 <U> GUEST 6DA725F4332DE4ED16A63090A37BAEF0 null -1 /myProject/bar_month.jsp NO-BLD
18/12/21 13:38:00.921 069 W1 <U> GUEST 6DA725F4332DE4ED16A63090A37BAEF0 null -1 /myProject/css/mystyle.css?v=1545367080849 NO-BLD
18/12/21 13:38:00.999 064 W1 <U> GUEST 6DA725F4332DE4ED16A63090A37BAEF0 null -1 /myProject/js/bar_month.js?v=1545367080849 NO-BLD
18/12/21 13:38:01.047 068 W1 <U> GUEST 6DA725F4332DE4ED16A63090A37BAEF0 null -1 /myProject/js/grid.js?v=1545367080849 NO-BLD
18/12/21 13:38:15.168 066 W1 <U> GUEST 6DA725F4332DE4ED16A63090A37BAEF0 null -1 /myProject/webponent/chart2.0/sample/chart/img/tooltip_arrow.png NO-BLD
18/12/21 14:41:04.842 070 W1 <U> GUEST 2E95E980E1809D1B647360C64530232E null -1 /myProject/main.jsp NO-BLD
18/12/21 14:41:06.033 068 W1 <U> GUEST 2E95E980E1809D1B647360C64530232E null -1 /myProject/list.jsp NO-BLD
18/12/21 14:41:06.116 065 W1 <U> GUEST 2E95E980E1809D1B647360C64530232E null -1 /myProject/css/mystyle.css?v=1545370866008 NO-BLD
18/12/21 14:41:06.213 068 W1 <U> GUEST 2E95E980E1809D1B647360C64530232E null -1 /myProject/js/pie_period.js?v=1545370866008 NO-BLD
18/12/21 14:41:06.268 065 W1 <U> GUEST 2E95E980E1809D1B647360C64530232E null -1 /myProject/js/pie_arrests.js?v=1545370866008 NO-BLD
18/12/21 14:41:06.269 064 W1 <U> GUEST 2E95E980E1809D1B647360C64530232E null -1 /myProject/js/korea_map.js?v=1545370866008 NO-BLD
18/12/21 14:41:06.288 065 W1 <U> GUEST 2E95E980E1809D1B647360C64530232E null -1 /myProject/js/line.js?v=1545370866008 NO-BLD
18/12/21 14:41:23.556 064 W1 <U> GUEST 2E95E980E1809D1B647360C64530232E null -1 /myProject/webponent/chart2.0/sample/chart/img/tooltip_arrow.png NO-BLD
18/12/21 14:46:04.810 064 W1 <U> GUEST 2E95E980E1809D1B647360C64530232E null -1 /myProject/main.jsp NO-BLD
18/12/21 14:46:05.747 064 W1 <U> GUEST 2E95E980E1809D1B647360C64530232E null -1 /myProject/bar_month.jsp NO-BLD
18/12/21 14:46:05.823 068 W1 <U> GUEST 2E95E980E1809D1B647360C64530232E null -1 /myProject/css/mystyle.css?v=1545371165745 NO-BLD
18/12/21 14:46:05.892 065 W1 <U> GUEST 2E95E980E1809D1B647360C64530232E null -1 /myProject/js/bar_month.js?v=1545371165747 NO-BLD
18/12/21 14:46:05.919 064 W1 <U> GUEST 2E95E980E1809D1B647360C64530232E null -1 /myProject/js/grid.js?v=1545371165747 NO-BLD
18/12/21 14:46:06.932 066 W1 <U> GUEST 2E95E980E1809D1B647360C64530232E null -1 /myProject/webponent/chart2.0/sample/chart/img/tooltip_arrow.png NO-BLD
18/12/21 17:09:29.923 070 W1 <U> GUEST A34C1B8234C1FFCB90736F5D047A92E7 null -1 /myProject/main.jsp NO-BLD
18/12/21 17:09:31.148 066 W1 <U> GUEST A34C1B8234C1FFCB90736F5D047A92E7 null -1 /myProject/list.jsp NO-BLD
18/12/21 17:09:31.226 065 W1 <U> GUEST A34C1B8234C1FFCB90736F5D047A92E7 null -1 /myProject/css/mystyle.css?v=1545379771146 NO-BLD
18/12/21 17:09:31.401 064 W1 <U> GUEST A34C1B8234C1FFCB90736F5D047A92E7 null -1 /myProject/js/pie_period.js?v=1545379771146 NO-BLD
18/12/21 17:09:31.481 070 W1 <U> GUEST A34C1B8234C1FFCB90736F5D047A92E7 null -1 /myProject/js/pie_arrests.js?v=1545379771146 NO-BLD
18/12/21 17:09:31.481 070 W1 <U> GUEST A34C1B8234C1FFCB90736F5D047A92E7 null -1 /myProject/js/korea_map.js?v=1545379771146 NO-BLD
18/12/21 17:09:31.494 064 W1 <U> GUEST A34C1B8234C1FFCB90736F5D047A92E7 null -1 /myProject/js/line.js?v=1545379771146 NO-BLD
18/12/21 17:09:41.751 068 W1 <U> GUEST A34C1B8234C1FFCB90736F5D047A92E7 null -1 /myProject/webponent/chart2.0/sample/chart/img/tooltip_arrow.png NO-BLD
18/12/21 17:11:45.271 064 W1 <U> GUEST A34C1B8234C1FFCB90736F5D047A92E7 null -1 /myProject/list.jsp NO-BLD
18/12/21 17:11:45.348 065 W1 <U> GUEST A34C1B8234C1FFCB90736F5D047A92E7 null -1 /myProject/css/mystyle.css?v=1545379905268 NO-BLD
18/12/21 17:11:45.370 068 W1 <U> GUEST A34C1B8234C1FFCB90736F5D047A92E7 null -1 /myProject/js/pie_period.js?v=1545379905268 NO-BLD
18/12/21 17:11:45.370 068 W1 <U> GUEST A34C1B8234C1FFCB90736F5D047A92E7 null -1 /myProject/js/pie_arrests.js?v=1545379905268 NO-BLD
18/12/21 17:11:45.452 071 W1 <U> GUEST A34C1B8234C1FFCB90736F5D047A92E7 null -1 /myProject/js/korea_map.js?v=1545379905268 NO-BLD
18/12/21 17:11:45.459 068 W1 <U> GUEST A34C1B8234C1FFCB90736F5D047A92E7 null -1 /myProject/js/line.js?v=1545379905268 NO-BLD
18/12/21 17:11:46.486 064 W1 <U> GUEST A34C1B8234C1FFCB90736F5D047A92E7 null -1 /myProject/main.jsp NO-BLD
18/12/21 17:11:48.908 068 W1 <U> GUEST A34C1B8234C1FFCB90736F5D047A92E7 null -1 /myProject/bar_month.jsp NO-BLD
18/12/21 17:11:48.986 067 W1 <U> GUEST A34C1B8234C1FFCB90736F5D047A92E7 null -1 /myProject/css/mystyle.css?v=1545379908908 NO-BLD
18/12/21 17:11:49.034 064 W1 <U> GUEST A34C1B8234C1FFCB90736F5D047A92E7 null -1 /myProject/js/bar_month.js?v=1545379908908 NO-BLD
18/12/21 17:11:49.060 065 W1 <U> GUEST A34C1B8234C1FFCB90736F5D047A92E7 null -1 /myProject/js/grid.js?v=1545379908908 NO-BLD
18/12/21 17:11:51.748 068 W1 <U> GUEST A34C1B8234C1FFCB90736F5D047A92E7 null -1 /myProject/main.jsp NO-BLD
18/12/21 17:11:52.619 069 W1 <U> GUEST A34C1B8234C1FFCB90736F5D047A92E7 null -1 /myProject/list.jsp NO-BLD
18/12/21 17:11:52.710 071 W1 <U> GUEST A34C1B8234C1FFCB90736F5D047A92E7 null -1 /myProject/css/mystyle.css?v=1545379912615 NO-BLD
18/12/21 17:11:53.048 071 W1 <U> GUEST A34C1B8234C1FFCB90736F5D047A92E7 null -1 /myProject/js/pie_arrests.js?v=1545379912615 NO-BLD
18/12/21 17:11:53.048 071 W1 <U> GUEST A34C1B8234C1FFCB90736F5D047A92E7 null -1 /myProject/js/pie_period.js?v=1545379912615 NO-BLD
18/12/21 17:11:53.405 065 W1 <U> GUEST A34C1B8234C1FFCB90736F5D047A92E7 null -1 /myProject/js/korea_map.js?v=1545379912615 NO-BLD
18/12/21 17:11:53.407 068 W1 <U> GUEST A34C1B8234C1FFCB90736F5D047A92E7 null -1 /myProject/js/line.js?v=1545379912615 NO-BLD
18/12/21 17:13:22.632 066 W1 <U> GUEST A34C1B8234C1FFCB90736F5D047A92E7 null -1 /myProject/list.jsp NO-BLD
18/12/21 17:13:22.735 071 W1 <U> GUEST A34C1B8234C1FFCB90736F5D047A92E7 null -1 /myProject/css/mystyle.css?v=1545380002629 NO-BLD
18/12/21 17:13:22.735 071 W1 <U> GUEST A34C1B8234C1FFCB90736F5D047A92E7 null -1 /myProject/js/pie_period.js?v=1545380002629 NO-BLD
18/12/21 17:13:22.735 071 W1 <U> GUEST A34C1B8234C1FFCB90736F5D047A92E7 null -1 /myProject/js/pie_arrests.js?v=1545380002629 NO-BLD
18/12/21 17:13:22.976 064 W1 <U> GUEST A34C1B8234C1FFCB90736F5D047A92E7 null -1 /myProject/js/korea_map.js?v=1545380002629 NO-BLD
18/12/21 17:13:22.988 071 W1 <U> GUEST A34C1B8234C1FFCB90736F5D047A92E7 null -1 /myProject/js/line.js?v=1545380002629 NO-BLD
18/12/21 17:13:24.891 069 W1 <U> GUEST A34C1B8234C1FFCB90736F5D047A92E7 null -1 /myProject/main.jsp NO-BLD
18/12/21 17:13:26.600 069 W1 <U> GUEST A34C1B8234C1FFCB90736F5D047A92E7 null -1 /myProject/bar_month.jsp NO-BLD
18/12/21 17:13:26.676 066 W1 <U> GUEST A34C1B8234C1FFCB90736F5D047A92E7 null -1 /myProject/css/mystyle.css?v=1545380006600 NO-BLD
18/12/21 17:13:26.765 065 W1 <U> GUEST A34C1B8234C1FFCB90736F5D047A92E7 null -1 /myProject/js/bar_month.js?v=1545380006600 NO-BLD
18/12/21 17:13:26.774 070 W1 <U> GUEST A34C1B8234C1FFCB90736F5D047A92E7 null -1 /myProject/js/grid.js?v=1545380006600 NO-BLD
18/12/21 17:13:29.949 067 W1 <U> GUEST A34C1B8234C1FFCB90736F5D047A92E7 null -1 /myProject/bar_month.jsp NO-BLD
18/12/21 17:13:30.041 065 W1 <U> GUEST A34C1B8234C1FFCB90736F5D047A92E7 null -1 /myProject/css/mystyle.css?v=1545380009946 NO-BLD
18/12/21 17:13:30.041 065 W1 <U> GUEST A34C1B8234C1FFCB90736F5D047A92E7 null -1 /myProject/js/bar_month.js?v=1545380009946 NO-BLD
18/12/21 17:13:30.041 065 W1 <U> GUEST A34C1B8234C1FFCB90736F5D047A92E7 null -1 /myProject/js/grid.js?v=1545380009946 NO-BLD
18/12/21 17:13:30.827 067 W1 <U> GUEST A34C1B8234C1FFCB90736F5D047A92E7 null -1 /myProject/bar_month.jsp NO-BLD
18/12/21 17:13:30.897 069 W1 <U> GUEST A34C1B8234C1FFCB90736F5D047A92E7 null -1 /myProject/css/mystyle.css?v=1545380010826 NO-BLD
18/12/21 17:13:30.897 069 W1 <U> GUEST A34C1B8234C1FFCB90736F5D047A92E7 null -1 /myProject/js/bar_month.js?v=1545380010826 NO-BLD
18/12/21 17:13:30.897 066 W1 <U> GUEST A34C1B8234C1FFCB90736F5D047A92E7 null -1 /myProject/js/grid.js?v=1545380010826 NO-BLD
18/12/21 17:13:31.291 064 W1 <U> GUEST A34C1B8234C1FFCB90736F5D047A92E7 null -1 /myProject/bar_month.jsp NO-BLD
18/12/21 17:13:31.382 066 W1 <U> GUEST A34C1B8234C1FFCB90736F5D047A92E7 null -1 /myProject/css/mystyle.css?v=1545380011289 NO-BLD
18/12/21 17:13:31.395 064 W1 <U> GUEST A34C1B8234C1FFCB90736F5D047A92E7 null -1 /myProject/js/bar_month.js?v=1545380011289 NO-BLD
18/12/21 17:13:31.395 064 W1 <U> GUEST A34C1B8234C1FFCB90736F5D047A92E7 null -1 /myProject/js/grid.js?v=1545380011289 NO-BLD
18/12/21 17:13:31.444 067 W1 <U> GUEST A34C1B8234C1FFCB90736F5D047A92E7 null -1 /myProject/bar_month.jsp NO-BLD
18/12/21 17:13:31.618 067 W1 <U> GUEST A34C1B8234C1FFCB90736F5D047A92E7 null -1 /myProject/css/mystyle.css?v=1545380011444 NO-BLD
18/12/21 17:13:31.631 068 W1 <U> GUEST A34C1B8234C1FFCB90736F5D047A92E7 null -1 /myProject/js/bar_month.js?v=1545380011444 NO-BLD
18/12/21 17:13:31.631 068 W1 <U> GUEST A34C1B8234C1FFCB90736F5D047A92E7 null -1 /myProject/js/grid.js?v=1545380011444 NO-BLD
18/12/21 17:13:31.994 064 W1 <U> GUEST A34C1B8234C1FFCB90736F5D047A92E7 null -1 /myProject/bar_month.jsp NO-BLD
18/12/21 17:13:32.100 071 W1 <U> GUEST A34C1B8234C1FFCB90736F5D047A92E7 null -1 /myProject/css/mystyle.css?v=1545380011992 NO-BLD
18/12/21 17:13:32.112 066 W1 <U> GUEST A34C1B8234C1FFCB90736F5D047A92E7 null -1 /myProject/js/grid.js?v=1545380011993 NO-BLD
18/12/21 17:13:32.112 066 W1 <U> GUEST A34C1B8234C1FFCB90736F5D047A92E7 null -1 /myProject/js/bar_month.js?v=1545380011993 NO-BLD
18/12/21 17:13:54.229 067 W1 <U> GUEST A34C1B8234C1FFCB90736F5D047A92E7 null -1 /myProject/bar_month.jsp NO-BLD
18/12/21 17:13:54.355 071 W1 <U> GUEST A34C1B8234C1FFCB90736F5D047A92E7 null -1 /myProject/css/mystyle.css?v=1545380034221 NO-BLD
18/12/21 17:13:54.355 071 W1 <U> GUEST A34C1B8234C1FFCB90736F5D047A92E7 null -1 /myProject/js/bar_month.js?v=1545380034221 NO-BLD
18/12/21 17:13:54.355 071 W1 <U> GUEST A34C1B8234C1FFCB90736F5D047A92E7 null -1 /myProject/js/grid.js?v=1545380034221 NO-BLD
18/12/21 17:13:56.356 068 W1 <U> GUEST A34C1B8234C1FFCB90736F5D047A92E7 null -1 /myProject/main.jsp NO-BLD
18/12/21 17:13:57.507 066 W1 <U> GUEST A34C1B8234C1FFCB90736F5D047A92E7 null -1 /myProject/list.jsp NO-BLD
18/12/21 17:13:57.590 065 W1 <U> GUEST A34C1B8234C1FFCB90736F5D047A92E7 null -1 /myProject/css/mystyle.css?v=1545380037506 NO-BLD
18/12/21 17:13:57.761 067 W1 <U> GUEST A34C1B8234C1FFCB90736F5D047A92E7 null -1 /myProject/js/pie_period.js?v=1545380037506 NO-BLD
18/12/21 17:13:57.930 066 W1 <U> GUEST A34C1B8234C1FFCB90736F5D047A92E7 null -1 /myProject/js/pie_arrests.js?v=1545380037506 NO-BLD
18/12/21 17:13:57.939 067 W1 <U> GUEST A34C1B8234C1FFCB90736F5D047A92E7 null -1 /myProject/js/korea_map.js?v=1545380037506 NO-BLD
18/12/21 17:13:57.954 069 W1 <U> GUEST A34C1B8234C1FFCB90736F5D047A92E7 null -1 /myProject/js/line.js?v=1545380037506 NO-BLD
18/12/21 17:13:59.341 068 W1 <U> GUEST A34C1B8234C1FFCB90736F5D047A92E7 null -1 /myProject/main.jsp NO-BLD
18/12/21 17:14:00.275 071 W1 <U> GUEST A34C1B8234C1FFCB90736F5D047A92E7 null -1 /myProject/bar_month.jsp NO-BLD
18/12/21 17:14:00.347 069 W1 <U> GUEST A34C1B8234C1FFCB90736F5D047A92E7 null -1 /myProject/css/mystyle.css?v=1545380040274 NO-BLD
18/12/21 17:14:00.504 065 W1 <U> GUEST A34C1B8234C1FFCB90736F5D047A92E7 null -1 /myProject/js/bar_month.js?v=1545380040274 NO-BLD
18/12/21 17:14:00.504 065 W1 <U> GUEST A34C1B8234C1FFCB90736F5D047A92E7 null -1 /myProject/js/grid.js?v=1545380040274 NO-BLD
18/12/21 17:14:14.371 068 W1 <U> GUEST A34C1B8234C1FFCB90736F5D047A92E7 null -1 /myProject/webponent/chart2.0/sample/chart/img/tooltip_arrow.png NO-BLD
18/12/21 17:14:14.802 067 W1 <U> GUEST A34C1B8234C1FFCB90736F5D047A92E7 null -1 /myProject/bar_month.jsp NO-BLD
18/12/21 17:14:14.928 064 W1 <U> GUEST A34C1B8234C1FFCB90736F5D047A92E7 null -1 /myProject/js/grid.js?v=1545380054802 NO-BLD
18/12/21 17:14:14.928 064 W1 <U> GUEST A34C1B8234C1FFCB90736F5D047A92E7 null -1 /myProject/js/bar_month.js?v=1545380054802 NO-BLD
18/12/21 17:14:14.983 070 W1 <U> GUEST A34C1B8234C1FFCB90736F5D047A92E7 null -1 /myProject/css/mystyle.css?v=1545380054802 NO-BLD
18/12/21 17:14:16.509 067 W1 <U> GUEST A34C1B8234C1FFCB90736F5D047A92E7 null -1 /myProject/main.jsp NO-BLD
18/12/21 17:14:17.835 066 W1 <U> GUEST A34C1B8234C1FFCB90736F5D047A92E7 null -1 /myProject/list.jsp NO-BLD
18/12/21 17:14:17.916 069 W1 <U> GUEST A34C1B8234C1FFCB90736F5D047A92E7 null -1 /myProject/css/mystyle.css?v=1545380057834 NO-BLD
18/12/21 17:14:18.101 067 W1 <U> GUEST A34C1B8234C1FFCB90736F5D047A92E7 null -1 /myProject/js/pie_period.js?v=1545380057834 NO-BLD
18/12/21 17:14:18.168 066 W1 <U> GUEST A34C1B8234C1FFCB90736F5D047A92E7 null -1 /myProject/js/pie_arrests.js?v=1545380057834 NO-BLD
18/12/21 17:14:18.169 069 W1 <U> GUEST A34C1B8234C1FFCB90736F5D047A92E7 null -1 /myProject/js/korea_map.js?v=1545380057834 NO-BLD
18/12/21 17:14:18.192 068 W1 <U> GUEST A34C1B8234C1FFCB90736F5D047A92E7 null -1 /myProject/js/line.js?v=1545380057834 NO-BLD
18/12/21 17:14:19.665 071 W1 <U> GUEST A34C1B8234C1FFCB90736F5D047A92E7 null -1 /myProject/main.jsp NO-BLD
18/12/21 17:14:21.921 070 W1 <U> GUEST A34C1B8234C1FFCB90736F5D047A92E7 null -1 /myProject/bar_month.jsp NO-BLD
18/12/21 17:14:21.972 065 W1 <U> GUEST A34C1B8234C1FFCB90736F5D047A92E7 null -1 /myProject/css/mystyle.css?v=1545380061906 NO-BLD
18/12/21 17:14:22.159 070 W1 <U> GUEST A34C1B8234C1FFCB90736F5D047A92E7 null -1 /myProject/js/bar_month.js?v=1545380061906 NO-BLD
18/12/21 17:14:22.170 065 W1 <U> GUEST A34C1B8234C1FFCB90736F5D047A92E7 null -1 /myProject/js/grid.js?v=1545380061906 NO-BLD
18/12/21 17:14:24.047 064 W1 <U> GUEST A34C1B8234C1FFCB90736F5D047A92E7 null -1 /myProject/webponent/chart2.0/sample/chart/img/tooltip_arrow.png NO-BLD
18/12/21 17:14:44.825 064 W1 <U> GUEST A34C1B8234C1FFCB90736F5D047A92E7 null -1 /myProject/main.jsp NO-BLD
18/12/21 17:14:45.884 069 W1 <U> GUEST A34C1B8234C1FFCB90736F5D047A92E7 null -1 /myProject/list.jsp NO-BLD
18/12/21 17:14:46.009 066 W1 <U> GUEST A34C1B8234C1FFCB90736F5D047A92E7 null -1 /myProject/webponent.licenseKey.js NO-BLD
18/12/21 17:14:46.009 066 W1 <U> GUEST A34C1B8234C1FFCB90736F5D047A92E7 null -1 /myProject/css/mystyle.css?v=1545380085881 NO-BLD
18/12/21 17:14:46.237 067 W1 <U> GUEST A34C1B8234C1FFCB90736F5D047A92E7 null -1 /myProject/js/pie_period.js?v=1545380085881 NO-BLD
18/12/21 17:14:46.310 069 W1 <U> GUEST A34C1B8234C1FFCB90736F5D047A92E7 null -1 /myProject/css/clipart2431071.png NO-BLD
18/12/21 17:14:46.384 066 W1 <U> GUEST A34C1B8234C1FFCB90736F5D047A92E7 null -1 /myProject/js/pie_arrests.js?v=1545380085881 NO-BLD
18/12/21 17:14:46.570 067 W1 <U> GUEST A34C1B8234C1FFCB90736F5D047A92E7 null -1 /myProject/js/korea_map.js?v=1545380085881 NO-BLD
18/12/21 17:14:46.570 067 W1 <U> GUEST A34C1B8234C1FFCB90736F5D047A92E7 null -1 /myProject/js/line.js?v=1545380085881 NO-BLD
18/12/21 17:15:28.730 069 W1 <U> GUEST A34C1B8234C1FFCB90736F5D047A92E7 null -1 /myProject/list.jsp NO-BLD
18/12/21 17:15:28.856 070 W1 <U> GUEST A34C1B8234C1FFCB90736F5D047A92E7 null -1 /myProject/css/mystyle.css?v=1545380128728 NO-BLD
18/12/21 17:15:28.856 070 W1 <U> GUEST A34C1B8234C1FFCB90736F5D047A92E7 null -1 /myProject/webponent.licenseKey.js NO-BLD
18/12/21 17:15:29.117 071 W1 <U> GUEST A34C1B8234C1FFCB90736F5D047A92E7 null -1 /myProject/css/clipart2431071.png NO-BLD
18/12/21 17:15:29.117 071 W1 <U> GUEST A34C1B8234C1FFCB90736F5D047A92E7 null -1 /myProject/js/pie_period.js?v=1545380128728 NO-BLD
18/12/21 17:15:29.539 068 W1 <U> GUEST A34C1B8234C1FFCB90736F5D047A92E7 null -1 /myProject/js/pie_arrests.js?v=1545380128728 NO-BLD
18/12/21 17:15:29.554 064 W1 <U> GUEST A34C1B8234C1FFCB90736F5D047A92E7 null -1 /myProject/js/korea_map.js?v=1545380128728 NO-BLD
18/12/21 17:15:29.581 071 W1 <U> GUEST A34C1B8234C1FFCB90736F5D047A92E7 null -1 /myProject/js/line.js?v=1545380128728 NO-BLD
18/12/21 17:15:30.407 070 W1 <U> GUEST A34C1B8234C1FFCB90736F5D047A92E7 null -1 /myProject/main.jsp NO-BLD
18/12/21 17:15:33.518 065 W1 <U> GUEST A34C1B8234C1FFCB90736F5D047A92E7 null -1 /myProject/bar_month.jsp NO-BLD
18/12/21 17:15:35.064 070 W1 <U> GUEST A34C1B8234C1FFCB90736F5D047A92E7 null -1 /myProject/bar_month.jsp NO-BLD
18/12/21 17:15:35.175 064 W1 <U> GUEST A34C1B8234C1FFCB90736F5D047A92E7 null -1 /myProject/webponent.licenseKey.js NO-BLD
18/12/21 17:15:35.185 066 W1 <U> GUEST A34C1B8234C1FFCB90736F5D047A92E7 null -1 /myProject/css/mystyle.css?v=1545380135061 NO-BLD
18/12/21 17:15:35.289 070 W1 <U> GUEST A34C1B8234C1FFCB90736F5D047A92E7 null -1 /myProject/js/bar_month.js?v=1545380135061 NO-BLD
18/12/21 17:15:35.384 064 W1 <U> GUEST A34C1B8234C1FFCB90736F5D047A92E7 null -1 /myProject/css/clipart2431071.png NO-BLD
18/12/21 17:15:35.494 065 W1 <U> GUEST A34C1B8234C1FFCB90736F5D047A92E7 null -1 /myProject/js/grid.js?v=1545380135061 NO-BLD
18/12/21 17:15:41.919 071 W1 <U> GUEST A34C1B8234C1FFCB90736F5D047A92E7 null -1 /myProject/bar_month.jsp NO-BLD
18/12/21 17:15:42.093 064 W1 <U> GUEST A34C1B8234C1FFCB90736F5D047A92E7 null -1 /myProject/css/mystyle.css?v=1545380141918 NO-BLD
18/12/21 17:15:42.104 065 W1 <U> GUEST A34C1B8234C1FFCB90736F5D047A92E7 null -1 /myProject/webponent.licenseKey.js NO-BLD
18/12/21 17:15:42.183 071 W1 <U> GUEST A34C1B8234C1FFCB90736F5D047A92E7 null -1 /myProject/js/bar_month.js?v=1545380141918 NO-BLD
18/12/21 17:15:42.257 070 W1 <U> GUEST A34C1B8234C1FFCB90736F5D047A92E7 null -1 /myProject/css/clipart2431071.png NO-BLD
18/12/21 17:15:42.318 066 W1 <U> GUEST A34C1B8234C1FFCB90736F5D047A92E7 null -1 /myProject/js/grid.js?v=1545380141918 NO-BLD
18/12/21 17:15:45.732 071 W1 <U> GUEST A34C1B8234C1FFCB90736F5D047A92E7 null -1 /myProject/webponent/chart2.0/sample/chart/img/tooltip_arrow.png NO-BLD
18/12/21 17:15:46.667 068 W1 <U> GUEST A34C1B8234C1FFCB90736F5D047A92E7 null -1 /myProject/main.jsp NO-BLD
18/12/21 17:15:47.657 071 W1 <U> GUEST A34C1B8234C1FFCB90736F5D047A92E7 null -1 /myProject/list.jsp NO-BLD
18/12/21 17:15:47.739 067 W1 <U> GUEST A34C1B8234C1FFCB90736F5D047A92E7 null -1 /myProject/webponent.licenseKey.js NO-BLD
18/12/21 17:15:47.758 069 W1 <U> GUEST A34C1B8234C1FFCB90736F5D047A92E7 null -1 /myProject/css/mystyle.css?v=1545380147657 NO-BLD
18/12/21 17:15:47.900 067 W1 <U> GUEST A34C1B8234C1FFCB90736F5D047A92E7 null -1 /myProject/js/pie_period.js?v=1545380147657 NO-BLD
18/12/21 17:15:47.900 067 W1 <U> GUEST A34C1B8234C1FFCB90736F5D047A92E7 null -1 /myProject/css/clipart2431071.png NO-BLD
18/12/21 17:15:48.090 067 W1 <U> GUEST A34C1B8234C1FFCB90736F5D047A92E7 null -1 /myProject/js/pie_arrests.js?v=1545380147657 NO-BLD
18/12/21 17:15:48.090 067 W1 <U> GUEST A34C1B8234C1FFCB90736F5D047A92E7 null -1 /myProject/js/korea_map.js?v=1545380147657 NO-BLD
18/12/21 17:15:48.136 067 W1 <U> GUEST A34C1B8234C1FFCB90736F5D047A92E7 null -1 /myProject/js/line.js?v=1545380147657 NO-BLD
18/12/21 17:15:50.189 071 W1 <U> GUEST A34C1B8234C1FFCB90736F5D047A92E7 null -1 /myProject/main.jsp NO-BLD
18/12/21 17:15:51.204 066 W1 <U> GUEST A34C1B8234C1FFCB90736F5D047A92E7 null -1 /myProject/bar_month.jsp NO-BLD
18/12/21 17:15:51.311 070 W1 <U> GUEST A34C1B8234C1FFCB90736F5D047A92E7 null -1 /myProject/webponent.licenseKey.js NO-BLD
18/12/21 17:15:51.311 070 W1 <U> GUEST A34C1B8234C1FFCB90736F5D047A92E7 null -1 /myProject/css/mystyle.css?v=1545380151202 NO-BLD
18/12/21 17:15:51.392 070 W1 <U> GUEST A34C1B8234C1FFCB90736F5D047A92E7 null -1 /myProject/js/bar_month.js?v=1545380151202 NO-BLD
18/12/21 17:15:51.392 066 W1 <U> GUEST A34C1B8234C1FFCB90736F5D047A92E7 null -1 /myProject/css/clipart2431071.png NO-BLD
18/12/21 17:15:51.524 071 W1 <U> GUEST A34C1B8234C1FFCB90736F5D047A92E7 null -1 /myProject/js/grid.js?v=1545380151202 NO-BLD
18/12/21 17:16:42.722 068 W1 <U> GUEST A34C1B8234C1FFCB90736F5D047A92E7 null -1 /myProject/webponent/chart2.0/sample/chart/img/tooltip_arrow.png NO-BLD
18/12/21 17:16:44.127 071 W1 <U> GUEST A34C1B8234C1FFCB90736F5D047A92E7 null -1 /myProject/main.jsp NO-BLD
18/12/21 17:17:12.545 064 W1 <U> GUEST A34C1B8234C1FFCB90736F5D047A92E7 null -1 /myProject/bar_month.jsp NO-BLD
18/12/21 17:17:12.666 071 W1 <U> GUEST A34C1B8234C1FFCB90736F5D047A92E7 null -1 /myProject/webponent.licenseKey.js NO-BLD
18/12/21 17:17:12.666 071 W1 <U> GUEST A34C1B8234C1FFCB90736F5D047A92E7 null -1 /myProject/css/mystyle.css?v=1545380232538 NO-BLD
18/12/21 17:17:12.734 066 W1 <U> GUEST A34C1B8234C1FFCB90736F5D047A92E7 null -1 /myProject/js/bar_month.js?v=1545380232538 NO-BLD
18/12/21 17:17:12.758 064 W1 <U> GUEST A34C1B8234C1FFCB90736F5D047A92E7 null -1 /myProject/css/clipart2431071.png NO-BLD
18/12/21 17:17:12.980 069 W1 <U> GUEST A34C1B8234C1FFCB90736F5D047A92E7 null -1 /myProject/js/grid.js?v=1545380232538 NO-BLD
18/12/21 17:17:15.205 066 W1 <U> GUEST A34C1B8234C1FFCB90736F5D047A92E7 null -1 /myProject/webponent/chart2.0/sample/chart/img/tooltip_arrow.png NO-BLD
