18/12/31 09:02:26.746 068 W1 <U> GUEST 494654434945454D758AA64C53241944 null -1 /myProject/main.jsp NO-BLD
18/12/31 09:02:36.830 067 W1 <U> GUEST 494654434945454D758AA64C53241944 null -1 /myProject/list.jsp NO-BLD
18/12/31 09:02:36.959 069 W1 <U> GUEST 494654434945454D758AA64C53241944 null -1 /myProject/webponent.licenseKey.js NO-BLD
18/12/31 09:02:36.959 069 W1 <U> GUEST 494654434945454D758AA64C53241944 null -1 /myProject/css/mystyle.css?v=1546214556829 NO-BLD
18/12/31 09:02:37.240 069 W1 <U> GUEST 494654434945454D758AA64C53241944 null -1 /myProject/js/pie_period.js?v=1546214556829 NO-BLD
18/12/31 09:02:37.418 072 W1 <U> GUEST 494654434945454D758AA64C53241944 null -1 /myProject/css/clipart2431071.png NO-BLD
18/12/31 09:02:37.533 068 W1 <U> GUEST 494654434945454D758AA64C53241944 null -1 /myProject/js/pie_arrests.js?v=1546214556829 NO-BLD
18/12/31 09:02:37.814 071 W1 <U> GUEST 494654434945454D758AA64C53241944 null -1 /myProject/js/korea_map.js?v=1546214556829 NO-BLD
18/12/31 09:02:37.816 072 W1 <U> GUEST 494654434945454D758AA64C53241944 null -1 /myProject/js/line.js?v=1546214556829 NO-BLD
18/12/31 09:05:58.285 071 W1 <U> GUEST 494654434945454D758AA64C53241944 null -1 /myProject/main.jsp NO-BLD
18/12/31 09:06:07.086 069 W1 <U> GUEST 494654434945454D758AA64C53241944 null -1 /myProject/list.jsp NO-BLD
18/12/31 09:06:07.154 073 W1 <U> GUEST 494654434945454D758AA64C53241944 null -1 /myProject/css/mystyle.css?v=1546214767086 NO-BLD
18/12/31 09:06:07.254 070 W1 <U> GUEST 494654434945454D758AA64C53241944 null -1 /myProject/js/pie_period.js?v=1546214767086 NO-BLD
18/12/31 09:06:07.267 067 W1 <U> GUEST 494654434945454D758AA64C53241944 null -1 /myProject/js/pie_arrests.js?v=1546214767086 NO-BLD
18/12/31 09:06:07.276 072 W1 <U> GUEST 494654434945454D758AA64C53241944 null -1 /myProject/js/korea_map.js?v=1546214767086 NO-BLD
18/12/31 09:06:07.400 073 W1 <U> GUEST 494654434945454D758AA64C53241944 null -1 /myProject/js/line.js?v=1546214767086 NO-BLD
18/12/31 09:06:10.719 070 W1 <U> GUEST 494654434945454D758AA64C53241944 null -1 /myProject/webponent/chart2.0/sample/chart/img/tooltip_arrow.png NO-BLD
18/12/31 09:37:38.196 069 W1 <U> GUEST 494654434945454D758AA64C53241944 null -1 /myProject/list.jsp NO-BLD
18/12/31 09:37:38.285 073 W1 <U> GUEST 494654434945454D758AA64C53241944 null -1 /myProject/css/mystyle.css?v=1546216658195 NO-BLD
18/12/31 09:37:38.522 067 W1 <U> GUEST 494654434945454D758AA64C53241944 null -1 /myProject/js/pie_period.js?v=1546216658195 NO-BLD
18/12/31 09:37:38.661 068 W1 <U> GUEST 494654434945454D758AA64C53241944 null -1 /myProject/js/pie_arrests.js?v=1546216658195 NO-BLD
18/12/31 09:37:38.664 066 W1 <U> GUEST 494654434945454D758AA64C53241944 null -1 /myProject/js/korea_map.js?v=1546216658195 NO-BLD
18/12/31 09:37:38.672 071 W1 <U> GUEST 494654434945454D758AA64C53241944 null -1 /myProject/js/line.js?v=1546216658195 NO-BLD
18/12/31 09:37:38.677 067 W1 <U> GUEST 494654434945454D758AA64C53241944 null -1 /myProject/js/html2canvas.min.js NO-BLD
18/12/31 09:37:50.608 066 W1 <U> GUEST 494654434945454D758AA64C53241944 null -1 /myProject/webponent/chart2.0/sample/chart/img/tooltip_arrow.png NO-BLD
18/12/31 09:37:50.698 072 W1 <U> GUEST 494654434945454D758AA64C53241944 null -1 /myProject/list.jsp NO-BLD
18/12/31 09:37:50.897 067 W1 <U> GUEST 494654434945454D758AA64C53241944 null -1 /myProject/js/pie_period.js?v=1546216670698 NO-BLD
18/12/31 09:37:50.897 067 W1 <U> GUEST 494654434945454D758AA64C53241944 null -1 /myProject/js/pie_arrests.js?v=1546216670698 NO-BLD
18/12/31 09:37:50.912 068 W1 <U> GUEST 494654434945454D758AA64C53241944 null -1 /myProject/css/mystyle.css?v=1546216670698 NO-BLD
18/12/31 09:37:51.005 070 W1 <U> GUEST 494654434945454D758AA64C53241944 null -1 /myProject/js/korea_map.js?v=1546216670698 NO-BLD
18/12/31 09:37:51.013 067 W1 <U> GUEST 494654434945454D758AA64C53241944 null -1 /myProject/js/line.js?v=1546216670698 NO-BLD
18/12/31 09:37:51.048 073 W1 <U> GUEST 494654434945454D758AA64C53241944 null -1 /myProject/js/html2canvas.min.js NO-BLD
18/12/31 09:38:07.126 071 W1 <U> GUEST 494654434945454D758AA64C53241944 null -1 /myProject/list.jsp NO-BLD
18/12/31 09:38:07.226 072 W1 <U> GUEST 494654434945454D758AA64C53241944 null -1 /myProject/js/pie_period.js?v=1546216687126 NO-BLD
18/12/31 09:38:07.226 072 W1 <U> GUEST 494654434945454D758AA64C53241944 null -1 /myProject/js/pie_arrests.js?v=1546216687126 NO-BLD
18/12/31 09:38:07.234 069 W1 <U> GUEST 494654434945454D758AA64C53241944 null -1 /myProject/css/mystyle.css?v=1546216687125 NO-BLD
18/12/31 09:38:07.270 070 W1 <U> GUEST 494654434945454D758AA64C53241944 null -1 /myProject/js/korea_map.js?v=1546216687126 NO-BLD
18/12/31 09:38:07.276 072 W1 <U> GUEST 494654434945454D758AA64C53241944 null -1 /myProject/js/line.js?v=1546216687126 NO-BLD
18/12/31 09:38:07.321 067 W1 <U> GUEST 494654434945454D758AA64C53241944 null -1 /myProject/js/html2canvas.min.js NO-BLD
18/12/31 09:38:09.954 069 W1 <U> GUEST 494654434945454D758AA64C53241944 null -1 /myProject/list.jsp NO-BLD
18/12/31 09:38:10.089 066 W1 <U> GUEST 494654434945454D758AA64C53241944 null -1 /myProject/css/mystyle.css?v=1546216689953 NO-BLD
18/12/31 09:38:10.104 070 W1 <U> GUEST 494654434945454D758AA64C53241944 null -1 /myProject/js/pie_period.js?v=1546216689953 NO-BLD
18/12/31 09:38:10.111 069 W1 <U> GUEST 494654434945454D758AA64C53241944 null -1 /myProject/js/pie_arrests.js?v=1546216689953 NO-BLD
18/12/31 09:38:10.181 067 W1 <U> GUEST 494654434945454D758AA64C53241944 null -1 /myProject/js/korea_map.js?v=1546216689953 NO-BLD
18/12/31 09:38:10.181 067 W1 <U> GUEST 494654434945454D758AA64C53241944 null -1 /myProject/js/line.js?v=1546216689953 NO-BLD
18/12/31 09:38:12.675 069 W1 <U> GUEST 494654434945454D758AA64C53241944 null -1 /myProject/list.jsp NO-BLD
18/12/31 09:38:12.758 067 W1 <U> GUEST 494654434945454D758AA64C53241944 null -1 /myProject/css/mystyle.css?v=1546216692674 NO-BLD
18/12/31 09:38:12.758 067 W1 <U> GUEST 494654434945454D758AA64C53241944 null -1 /myProject/js/pie_period.js?v=1546216692674 NO-BLD
18/12/31 09:38:12.758 067 W1 <U> GUEST 494654434945454D758AA64C53241944 null -1 /myProject/js/pie_arrests.js?v=1546216692674 NO-BLD
18/12/31 09:38:12.829 072 W1 <U> GUEST 494654434945454D758AA64C53241944 null -1 /myProject/js/korea_map.js?v=1546216692674 NO-BLD
18/12/31 09:38:12.836 068 W1 <U> GUEST 494654434945454D758AA64C53241944 null -1 /myProject/js/line.js?v=1546216692674 NO-BLD
18/12/31 09:41:42.542 071 W1 <U> GUEST 494654434945454D758AA64C53241944 null -1 /myProject/list.jsp NO-BLD
18/12/31 09:41:42.625 069 W1 <U> GUEST 494654434945454D758AA64C53241944 null -1 /myProject/css/mystyle.css?v=1546216902542 NO-BLD
18/12/31 09:41:42.749 068 W1 <U> GUEST 494654434945454D758AA64C53241944 null -1 /myProject/js/pie_period.js?v=1546216902542 NO-BLD
18/12/31 09:41:42.762 067 W1 <U> GUEST 494654434945454D758AA64C53241944 null -1 /myProject/js/pie_arrests.js?v=1546216902542 NO-BLD
18/12/31 09:41:42.772 066 W1 <U> GUEST 494654434945454D758AA64C53241944 null -1 /myProject/js/korea_map.js?v=1546216902542 NO-BLD
18/12/31 09:41:42.806 073 W1 <U> GUEST 494654434945454D758AA64C53241944 null -1 /myProject/js/line.js?v=1546216902542 NO-BLD
18/12/31 09:41:42.911 073 W1 <U> GUEST 494654434945454D758AA64C53241944 null -1 /myProject/js/html2canvas.min.js NO-BLD
18/12/31 09:42:19.921 072 W1 <U> GUEST 494654434945454D758AA64C53241944 null -1 /myProject/webponent/chart2.0/sample/chart/img/tooltip_arrow.png NO-BLD
18/12/31 09:44:34.201 073 W1 <U> GUEST 494654434945454D758AA64C53241944 null -1 /myProject/list.jsp NO-BLD
18/12/31 09:44:36.719 071 W1 <U> GUEST 494654434945454D758AA64C53241944 null -1 /myProject/list.jsp NO-BLD
18/12/31 09:44:36.813 070 W1 <U> GUEST 494654434945454D758AA64C53241944 null -1 /myProject/css/mystyle.css?v=1546217076719 NO-BLD
18/12/31 09:44:37.112 072 W1 <U> GUEST 494654434945454D758AA64C53241944 null -1 /myProject/js/pie_period.js?v=1546217076719 NO-BLD
18/12/31 09:44:37.233 069 W1 <U> GUEST 494654434945454D758AA64C53241944 null -1 /myProject/js/pie_arrests.js?v=1546217076719 NO-BLD
18/12/31 09:44:37.240 070 W1 <U> GUEST 494654434945454D758AA64C53241944 null -1 /myProject/js/korea_map.js?v=1546217076719 NO-BLD
18/12/31 09:44:37.254 072 W1 <U> GUEST 494654434945454D758AA64C53241944 null -1 /myProject/js/line.js?v=1546217076719 NO-BLD
18/12/31 09:44:37.254 072 W1 <U> GUEST 494654434945454D758AA64C53241944 null -1 /myProject/js/html2canvas.min.js NO-BLD
18/12/31 09:44:44.165 073 W1 <U> GUEST 494654434945454D758AA64C53241944 null -1 /myProject/webponent/chart2.0/sample/chart/img/tooltip_arrow.png NO-BLD
18/12/31 09:45:16.680 069 W1 <U> GUEST 494654434945454D758AA64C53241944 null -1 /myProject/list.jsp NO-BLD
18/12/31 09:45:16.903 066 W1 <U> GUEST 494654434945454D758AA64C53241944 null -1 /myProject/css/mystyle.css?v=1546217116679 NO-BLD
18/12/31 09:45:16.903 066 W1 <U> GUEST 494654434945454D758AA64C53241944 null -1 /myProject/js/pie_period.js?v=1546217116679 NO-BLD
18/12/31 09:45:16.903 066 W1 <U> GUEST 494654434945454D758AA64C53241944 null -1 /myProject/js/pie_arrests.js?v=1546217116679 NO-BLD
18/12/31 09:45:16.977 069 W1 <U> GUEST 494654434945454D758AA64C53241944 null -1 /myProject/js/korea_map.js?v=1546217116679 NO-BLD
18/12/31 09:45:16.977 069 W1 <U> GUEST 494654434945454D758AA64C53241944 null -1 /myProject/js/line.js?v=1546217116679 NO-BLD
18/12/31 09:45:53.558 073 W1 <U> GUEST 494654434945454D758AA64C53241944 null -1 /myProject/list.jsp NO-BLD
18/12/31 09:45:53.616 072 W1 <U> GUEST 494654434945454D758AA64C53241944 null -1 /myProject/css/mystyle.css?v=1546217153556 NO-BLD
18/12/31 09:45:53.624 070 W1 <U> GUEST 494654434945454D758AA64C53241944 null -1 /myProject/js/pie_arrests.js?v=1546217153556 NO-BLD
18/12/31 09:45:53.624 070 W1 <U> GUEST 494654434945454D758AA64C53241944 null -1 /myProject/js/pie_period.js?v=1546217153556 NO-BLD
18/12/31 09:45:53.782 070 W1 <U> GUEST 494654434945454D758AA64C53241944 null -1 /myProject/js/line.js?v=1546217153556 NO-BLD
18/12/31 09:45:53.782 070 W1 <U> GUEST 494654434945454D758AA64C53241944 null -1 /myProject/js/korea_map.js?v=1546217153556 NO-BLD
18/12/31 09:45:53.996 070 W1 <U> GUEST 494654434945454D758AA64C53241944 null -1 /myProject/js/html2canvas.min.js NO-BLD
18/12/31 09:46:04.065 068 W1 <U> GUEST 494654434945454D758AA64C53241944 null -1 /myProject/list.jsp NO-BLD
18/12/31 09:46:04.065 068 W1 <U> GUEST 494654434945454D758AA64C53241944 null -1 /myProject/list.jsp NO-BLD
18/12/31 09:46:04.128 072 W1 <U> GUEST 494654434945454D758AA64C53241944 null -1 /myProject/css/mystyle.css?v=1546217164061 NO-BLD
18/12/31 09:46:04.142 072 W1 <U> GUEST 494654434945454D758AA64C53241944 null -1 /myProject/js/pie_period.js?v=1546217164061 NO-BLD
18/12/31 09:46:04.147 068 W1 <U> GUEST 494654434945454D758AA64C53241944 null -1 /myProject/js/pie_arrests.js?v=1546217164061 NO-BLD
18/12/31 09:46:04.189 070 W1 <U> GUEST 494654434945454D758AA64C53241944 null -1 /myProject/js/korea_map.js?v=1546217164061 NO-BLD
18/12/31 09:46:04.234 069 W1 <U> GUEST 494654434945454D758AA64C53241944 null -1 /myProject/js/line.js?v=1546217164061 NO-BLD
18/12/31 09:46:29.526 068 W1 <U> GUEST 494654434945454D758AA64C53241944 null -1 /myProject/webponent/chart2.0/sample/chart/img/tooltip_arrow.png NO-BLD
18/12/31 10:10:39.863 068 W1 <U> GUEST 494654434945454D758AA64C53241944 null -1 /myProject/list.jsp NO-BLD
18/12/31 10:10:39.950 070 W1 <U> GUEST 494654434945454D758AA64C53241944 null -1 /myProject/css/mystyle.css?v=1546218639859 NO-BLD
18/12/31 10:10:40.194 070 W1 <U> GUEST 494654434945454D758AA64C53241944 null -1 /myProject/js/pie_period.js?v=1546218639859 NO-BLD
18/12/31 10:10:40.252 073 W1 <U> GUEST 494654434945454D758AA64C53241944 null -1 /myProject/js/pie_arrests.js?v=1546218639859 NO-BLD
18/12/31 10:10:40.252 068 W1 <U> GUEST 494654434945454D758AA64C53241944 null -1 /myProject/js/korea_map.js?v=1546218639859 NO-BLD
18/12/31 10:10:40.357 073 W1 <U> GUEST 494654434945454D758AA64C53241944 null -1 /myProject/js/line.js?v=1546218639859 NO-BLD
18/12/31 10:10:40.357 073 W1 <U> GUEST 494654434945454D758AA64C53241944 null -1 /myProject/js/html2canvas.min.js NO-BLD
18/12/31 10:13:14.273 070 W1 <U> GUEST 494654434945454D758AA64C53241944 null -1 /myProject/list.jsp NO-BLD
18/12/31 10:13:14.347 072 W1 <U> GUEST 494654434945454D758AA64C53241944 null -1 /myProject/css/mystyle.css?v=1546218794273 NO-BLD
18/12/31 10:13:14.347 072 W1 <U> GUEST 494654434945454D758AA64C53241944 null -1 /myProject/js/pie_period.js?v=1546218794273 NO-BLD
18/12/31 10:13:14.347 072 W1 <U> GUEST 494654434945454D758AA64C53241944 null -1 /myProject/js/pie_arrests.js?v=1546218794273 NO-BLD
18/12/31 10:13:14.407 068 W1 <U> GUEST 494654434945454D758AA64C53241944 null -1 /myProject/js/korea_map.js?v=1546218794273 NO-BLD
18/12/31 10:13:14.407 068 W1 <U> GUEST 494654434945454D758AA64C53241944 null -1 /myProject/js/line.js?v=1546218794273 NO-BLD
18/12/31 10:15:48.376 070 W1 <U> GUEST 494654434945454D758AA64C53241944 null -1 /myProject/webponent/chart2.0/sample/chart/img/tooltip_arrow.png NO-BLD
