18/12/10 16:50:11.199 060 W1 <U> GUEST A2ED6B9399D44C6E099F6C5B7EF161A5 null -1 /myProject/list.jsp NO-BLD
18/12/10 16:50:11.371 066 W1 <U> GUEST A2ED6B9399D44C6E099F6C5B7EF161A5 null -1 /myProject/webponent.licenseKey.js NO-BLD
18/12/10 16:50:11.382 060 W1 <U> GUEST A2ED6B9399D44C6E099F6C5B7EF161A5 null -1 /myProject/js/bar_month.js NO-BLD
18/12/10 16:50:11.428 061 W1 <U> GUEST A2ED6B9399D44C6E099F6C5B7EF161A5 null -1 /myProject/js/pie_arrests.js NO-BLD
18/12/10 17:02:04.467 060 W1 <U> GUEST ADFD711562770FF1D17314F802291766 null -1 /myProject/list.jsp NO-BLD
18/12/10 17:02:04.541 067 W1 <U> GUEST ADFD711562770FF1D17314F802291766 null -1 /myProject/webponent.licenseKey.js NO-BLD
18/12/10 17:02:04.643 061 W1 <U> GUEST ADFD711562770FF1D17314F802291766 null -1 /myProject/js/pie_arrests.js NO-BLD
18/12/10 17:02:04.643 061 W1 <U> GUEST ADFD711562770FF1D17314F802291766 null -1 /myProject/js/bar_month.js NO-BLD
18/12/10 17:33:39.583 062 W1 <U> GUEST ADFD711562770FF1D17314F802291766 null -1 /myProject/list.jsp NO-BLD
18/12/10 17:33:39.667 060 W1 <U> GUEST ADFD711562770FF1D17314F802291766 null -1 /myProject/webponent.licenseKey.js NO-BLD
18/12/10 17:33:39.691 062 W1 <U> GUEST ADFD711562770FF1D17314F802291766 null -1 /myProject/js/pie_arrests.js NO-BLD
18/12/10 17:33:39.705 067 W1 <U> GUEST ADFD711562770FF1D17314F802291766 null -1 /myProject/js/bar_month.js NO-BLD
18/12/10 17:57:07.902 065 W1 <U> GUEST ADFD711562770FF1D17314F802291766 null -1 /myProject/list.jsp NO-BLD
18/12/10 17:57:08.003 061 W1 <U> GUEST ADFD711562770FF1D17314F802291766 null -1 /myProject/js/bar_month.js NO-BLD
18/12/10 17:57:08.003 061 W1 <U> GUEST ADFD711562770FF1D17314F802291766 null -1 /myProject/js/pie_arrests.js NO-BLD
18/12/10 17:57:08.008 064 W1 <U> GUEST ADFD711562770FF1D17314F802291766 null -1 /myProject/webponent.licenseKey.js NO-BLD
18/12/10 18:12:14.651 064 W1 <U> GUEST ADFD711562770FF1D17314F802291766 null -1 /myProject/list.jsp NO-BLD
18/12/10 18:12:14.723 065 W1 <U> GUEST ADFD711562770FF1D17314F802291766 null -1 /myProject/webponent.licenseKey.js NO-BLD
18/12/10 18:12:14.772 062 W1 <U> GUEST ADFD711562770FF1D17314F802291766 null -1 /myProject/js/bar_month.js NO-BLD
18/12/10 18:12:14.772 062 W1 <U> GUEST ADFD711562770FF1D17314F802291766 null -1 /myProject/js/pie_arrests.js NO-BLD
