19/01/07 09:34:38.378 070 W1 <U> GUEST E2637DF895D371D7EB443C006DE1886D null -1 /myProject/list.jsp NO-BLD
19/01/07 09:34:38.468 071 W1 <U> GUEST E2637DF895D371D7EB443C006DE1886D null -1 /myProject/webponent.licenseKey.js NO-BLD
19/01/07 09:34:38.472 073 W1 <U> GUEST E2637DF895D371D7EB443C006DE1886D null -1 /myProject/css/mystyle.css?v=1546821278375 NO-BLD
19/01/07 09:34:38.800 066 W1 <U> GUEST E2637DF895D371D7EB443C006DE1886D null -1 /myProject/js/pie_period.js?v=1546821278375 NO-BLD
19/01/07 09:34:38.800 066 W1 <U> GUEST E2637DF895D371D7EB443C006DE1886D null -1 /myProject/css/clipart2431071.png NO-BLD
19/01/07 09:34:38.903 071 W1 <U> GUEST E2637DF895D371D7EB443C006DE1886D null -1 /myProject/js/pie_arrests.js?v=1546821278375 NO-BLD
19/01/07 09:34:38.923 066 W1 <U> GUEST E2637DF895D371D7EB443C006DE1886D null -1 /myProject/js/korea_map.js?v=1546821278375 NO-BLD
19/01/07 09:34:38.935 072 W1 <U> GUEST E2637DF895D371D7EB443C006DE1886D null -1 /myProject/js/line.js?v=1546821278375 NO-BLD
19/01/07 09:34:38.947 071 W1 <U> GUEST E2637DF895D371D7EB443C006DE1886D null -1 /myProject/js/html2canvas.min.js NO-BLD
19/01/07 09:34:42.139 067 W1 <U> GUEST E2637DF895D371D7EB443C006DE1886D null -1 /myProject/main.jsp NO-BLD
19/01/07 09:34:43.399 066 W1 <U> GUEST E2637DF895D371D7EB443C006DE1886D null -1 /myProject/bar_month.jsp NO-BLD
19/01/07 09:34:43.472 069 W1 <U> GUEST E2637DF895D371D7EB443C006DE1886D null -1 /myProject/css/mystyle.css?v=1546821283399 NO-BLD
19/01/07 09:34:43.476 070 W1 <U> GUEST E2637DF895D371D7EB443C006DE1886D null -1 /myProject/js/bar_month.js?v=1546821283399 NO-BLD
19/01/07 09:34:43.519 071 W1 <U> GUEST E2637DF895D371D7EB443C006DE1886D null -1 /myProject/js/grid.js?v=1546821283399 NO-BLD
19/01/07 09:34:44.169 069 W1 <U> GUEST E2637DF895D371D7EB443C006DE1886D null -1 /myProject/webponent/chart2.0/sample/chart/img/tooltip_arrow.png NO-BLD
19/01/07 09:34:48.064 073 W1 <U> GUEST E2637DF895D371D7EB443C006DE1886D null -1 /myProject/main.jsp NO-BLD
19/01/07 09:34:53.897 072 W1 <U> GUEST E2637DF895D371D7EB443C006DE1886D null -1 /myProject/list.jsp NO-BLD
19/01/07 09:34:53.990 068 W1 <U> GUEST E2637DF895D371D7EB443C006DE1886D null -1 /myProject/webponent.licenseKey.js NO-BLD
19/01/07 09:34:53.992 072 W1 <U> GUEST E2637DF895D371D7EB443C006DE1886D null -1 /myProject/css/mystyle.css?v=1546821293895 NO-BLD
19/01/07 09:34:55.221 073 W1 <U> GUEST E2637DF895D371D7EB443C006DE1886D null -1 /myProject/js/pie_period.js?v=1546821293895 NO-BLD
19/01/07 09:34:55.223 068 W1 <U> GUEST E2637DF895D371D7EB443C006DE1886D null -1 /myProject/css/clipart2431071.png NO-BLD
19/01/07 09:34:55.295 069 W1 <U> GUEST E2637DF895D371D7EB443C006DE1886D null -1 /myProject/js/pie_arrests.js?v=1546821293895 NO-BLD
19/01/07 09:34:55.302 072 W1 <U> GUEST E2637DF895D371D7EB443C006DE1886D null -1 /myProject/js/korea_map.js?v=1546821293895 NO-BLD
19/01/07 09:34:55.314 073 W1 <U> GUEST E2637DF895D371D7EB443C006DE1886D null -1 /myProject/js/line.js?v=1546821293895 NO-BLD
19/01/07 09:34:55.330 068 W1 <U> GUEST E2637DF895D371D7EB443C006DE1886D null -1 /myProject/js/html2canvas.min.js NO-BLD
19/01/07 09:34:58.970 072 W1 <U> GUEST E2637DF895D371D7EB443C006DE1886D null -1 /myProject/main.jsp NO-BLD
19/01/07 09:34:59.999 073 W1 <U> GUEST E2637DF895D371D7EB443C006DE1886D null -1 /myProject/bar_month.jsp NO-BLD
19/01/07 09:35:00.045 073 W1 <U> GUEST E2637DF895D371D7EB443C006DE1886D null -1 /myProject/webponent.licenseKey.js NO-BLD
19/01/07 09:35:00.083 066 W1 <U> GUEST E2637DF895D371D7EB443C006DE1886D null -1 /myProject/css/mystyle.css?v=1546821299997 NO-BLD
19/01/07 09:35:00.221 072 W1 <U> GUEST E2637DF895D371D7EB443C006DE1886D null -1 /myProject/js/bar_month.js?v=1546821299997 NO-BLD
19/01/07 09:35:00.293 067 W1 <U> GUEST E2637DF895D371D7EB443C006DE1886D null -1 /myProject/css/clipart2431071.png NO-BLD
19/01/07 09:35:00.378 067 W1 <U> GUEST E2637DF895D371D7EB443C006DE1886D null -1 /myProject/js/grid.js?v=1546821299997 NO-BLD
19/01/07 09:35:02.032 067 W1 <U> GUEST E2637DF895D371D7EB443C006DE1886D null -1 /myProject/webponent/chart2.0/sample/chart/img/tooltip_arrow.png NO-BLD
19/01/07 09:35:08.251 071 W1 <U> GUEST E2637DF895D371D7EB443C006DE1886D null -1 /myProject/main.jsp NO-BLD
19/01/07 09:35:12.881 067 W1 <U> GUEST E2637DF895D371D7EB443C006DE1886D null -1 /myProject/list.jsp NO-BLD
19/01/07 09:35:12.994 068 W1 <U> GUEST E2637DF895D371D7EB443C006DE1886D null -1 /myProject/css/mystyle.css?v=1546821312873 NO-BLD
19/01/07 09:35:13.217 070 W1 <U> GUEST E2637DF895D371D7EB443C006DE1886D null -1 /myProject/js/pie_period.js?v=1546821312873 NO-BLD
19/01/07 09:35:13.291 072 W1 <U> GUEST E2637DF895D371D7EB443C006DE1886D null -1 /myProject/js/pie_arrests.js?v=1546821312873 NO-BLD
19/01/07 09:35:13.296 070 W1 <U> GUEST E2637DF895D371D7EB443C006DE1886D null -1 /myProject/js/korea_map.js?v=1546821312873 NO-BLD
19/01/07 09:35:13.475 070 W1 <U> GUEST E2637DF895D371D7EB443C006DE1886D null -1 /myProject/js/line.js?v=1546821312873 NO-BLD
19/01/07 09:35:16.076 072 W1 <U> GUEST E2637DF895D371D7EB443C006DE1886D null -1 /myProject/main.jsp NO-BLD
19/01/07 09:35:17.281 071 W1 <U> GUEST E2637DF895D371D7EB443C006DE1886D null -1 /myProject/bar_month.jsp NO-BLD
19/01/07 09:35:17.341 071 W1 <U> GUEST E2637DF895D371D7EB443C006DE1886D null -1 /myProject/css/mystyle.css?v=1546821317277 NO-BLD
19/01/07 09:35:17.387 070 W1 <U> GUEST E2637DF895D371D7EB443C006DE1886D null -1 /myProject/js/grid.js?v=1546821317277 NO-BLD
19/01/07 09:35:17.387 070 W1 <U> GUEST E2637DF895D371D7EB443C006DE1886D null -1 /myProject/js/bar_month.js?v=1546821317277 NO-BLD
19/01/07 09:35:17.944 071 W1 <U> GUEST E2637DF895D371D7EB443C006DE1886D null -1 /myProject/webponent/chart2.0/sample/chart/img/tooltip_arrow.png NO-BLD
19/01/07 09:35:19.106 066 W1 <U> GUEST E2637DF895D371D7EB443C006DE1886D null -1 /myProject/main.jsp NO-BLD
19/01/07 09:35:20.431 067 W1 <U> GUEST E2637DF895D371D7EB443C006DE1886D null -1 /myProject/list.jsp NO-BLD
19/01/07 09:35:20.501 070 W1 <U> GUEST E2637DF895D371D7EB443C006DE1886D null -1 /myProject/css/mystyle.css?v=1546821320430 NO-BLD
19/01/07 09:35:20.548 066 W1 <U> GUEST E2637DF895D371D7EB443C006DE1886D null -1 /myProject/js/pie_period.js?v=1546821320430 NO-BLD
19/01/07 09:35:20.652 073 W1 <U> GUEST E2637DF895D371D7EB443C006DE1886D null -1 /myProject/js/pie_arrests.js?v=1546821320430 NO-BLD
19/01/07 09:35:20.658 072 W1 <U> GUEST E2637DF895D371D7EB443C006DE1886D null -1 /myProject/js/korea_map.js?v=1546821320430 NO-BLD
19/01/07 09:35:20.729 067 W1 <U> GUEST E2637DF895D371D7EB443C006DE1886D null -1 /myProject/js/line.js?v=1546821320430 NO-BLD
19/01/07 09:41:00.272 069 W1 <U> GUEST E2637DF895D371D7EB443C006DE1886D null -1 /myProject/list.jsp NO-BLD
19/01/07 09:41:00.334 066 W1 <U> GUEST E2637DF895D371D7EB443C006DE1886D null -1 /myProject/css/mystyle.css?v=1546821660270 NO-BLD
19/01/07 09:41:00.477 068 W1 <U> GUEST E2637DF895D371D7EB443C006DE1886D null -1 /myProject/js/pie_period.js?v=1546821660270 NO-BLD
19/01/07 09:41:00.528 068 W1 <U> GUEST E2637DF895D371D7EB443C006DE1886D null -1 /myProject/js/pie_arrests.js?v=1546821660270 NO-BLD
19/01/07 09:41:00.528 073 W1 <U> GUEST E2637DF895D371D7EB443C006DE1886D null -1 /myProject/js/korea_map.js?v=1546821660270 NO-BLD
19/01/07 09:41:00.548 071 W1 <U> GUEST E2637DF895D371D7EB443C006DE1886D null -1 /myProject/js/line.js?v=1546821660270 NO-BLD
19/01/07 09:42:26.536 071 W1 <U> GUEST E2637DF895D371D7EB443C006DE1886D null -1 /myProject/main.jsp NO-BLD
19/01/07 09:42:27.720 071 W1 <U> GUEST E2637DF895D371D7EB443C006DE1886D null -1 /myProject/bar_month.jsp NO-BLD
19/01/07 09:42:27.799 069 W1 <U> GUEST E2637DF895D371D7EB443C006DE1886D null -1 /myProject/css/mystyle.css?v=1546821747717 NO-BLD
19/01/07 09:42:27.904 066 W1 <U> GUEST E2637DF895D371D7EB443C006DE1886D null -1 /myProject/js/bar_month.js?v=1546821747717 NO-BLD
19/01/07 09:42:27.940 066 W1 <U> GUEST E2637DF895D371D7EB443C006DE1886D null -1 /myProject/js/grid.js?v=1546821747717 NO-BLD
19/01/07 09:42:28.473 071 W1 <U> GUEST E2637DF895D371D7EB443C006DE1886D null -1 /myProject/webponent/chart2.0/sample/chart/img/tooltip_arrow.png NO-BLD
19/01/07 09:42:48.133 069 W1 <U> GUEST E2637DF895D371D7EB443C006DE1886D null -1 /myProject/main.jsp NO-BLD
19/01/07 09:42:49.407 072 W1 <U> GUEST E2637DF895D371D7EB443C006DE1886D null -1 /myProject/list.jsp NO-BLD
19/01/07 09:42:49.464 069 W1 <U> GUEST E2637DF895D371D7EB443C006DE1886D null -1 /myProject/css/mystyle.css?v=1546821769399 NO-BLD
19/01/07 09:42:49.524 073 W1 <U> GUEST E2637DF895D371D7EB443C006DE1886D null -1 /myProject/js/pie_period.js?v=1546821769399 NO-BLD
19/01/07 09:42:49.574 072 W1 <U> GUEST E2637DF895D371D7EB443C006DE1886D null -1 /myProject/js/pie_arrests.js?v=1546821769399 NO-BLD
19/01/07 09:42:49.587 069 W1 <U> GUEST E2637DF895D371D7EB443C006DE1886D null -1 /myProject/js/line.js?v=1546821769399 NO-BLD
19/01/07 09:42:49.587 069 W1 <U> GUEST E2637DF895D371D7EB443C006DE1886D null -1 /myProject/js/korea_map.js?v=1546821769399 NO-BLD
19/01/07 09:46:25.659 073 W1 <U> GUEST E2637DF895D371D7EB443C006DE1886D null -1 /myProject/main.jsp NO-BLD
19/01/07 09:46:26.731 067 W1 <U> GUEST E2637DF895D371D7EB443C006DE1886D null -1 /myProject/bar_month.jsp NO-BLD
19/01/07 09:46:26.781 069 W1 <U> GUEST E2637DF895D371D7EB443C006DE1886D null -1 /myProject/css/mystyle.css?v=1546821986729 NO-BLD
19/01/07 09:46:26.866 068 W1 <U> GUEST E2637DF895D371D7EB443C006DE1886D null -1 /myProject/js/bar_month.js?v=1546821986729 NO-BLD
19/01/07 09:46:26.910 069 W1 <U> GUEST E2637DF895D371D7EB443C006DE1886D null -1 /myProject/js/grid.js?v=1546821986729 NO-BLD
19/01/07 09:46:31.644 073 W1 <U> GUEST E2637DF895D371D7EB443C006DE1886D null -1 /myProject/webponent/chart2.0/sample/chart/img/tooltip_arrow.png NO-BLD
19/01/07 09:46:56.035 071 W1 <U> GUEST E2637DF895D371D7EB443C006DE1886D null -1 /myProject/main.jsp NO-BLD
19/01/07 09:46:57.957 069 W1 <U> GUEST E2637DF895D371D7EB443C006DE1886D null -1 /myProject/list.jsp NO-BLD
19/01/07 09:46:58.012 067 W1 <U> GUEST E2637DF895D371D7EB443C006DE1886D null -1 /myProject/css/mystyle.css?v=1546822017956 NO-BLD
19/01/07 09:46:58.113 069 W1 <U> GUEST E2637DF895D371D7EB443C006DE1886D null -1 /myProject/js/pie_period.js?v=1546822017957 NO-BLD
19/01/07 09:46:58.200 067 W1 <U> GUEST E2637DF895D371D7EB443C006DE1886D null -1 /myProject/js/pie_arrests.js?v=1546822017957 NO-BLD
19/01/07 09:46:58.200 073 W1 <U> GUEST E2637DF895D371D7EB443C006DE1886D null -1 /myProject/js/korea_map.js?v=1546822017957 NO-BLD
19/01/07 09:46:58.209 070 W1 <U> GUEST E2637DF895D371D7EB443C006DE1886D null -1 /myProject/js/line.js?v=1546822017957 NO-BLD
19/01/07 09:47:11.535 067 W1 <U> GUEST E2637DF895D371D7EB443C006DE1886D null -1 /myProject/webponent/chart2.0/sample/chart/img/tooltip_arrow.png NO-BLD
19/01/07 10:23:46.872 067 W1 <U> GUEST E2637DF895D371D7EB443C006DE1886D null -1 /myProject/main.jsp NO-BLD
19/01/07 10:23:48.053 070 W1 <U> GUEST E2637DF895D371D7EB443C006DE1886D null -1 /myProject/list.jsp NO-BLD
19/01/07 10:23:48.118 072 W1 <U> GUEST E2637DF895D371D7EB443C006DE1886D null -1 /myProject/css/mystyle.css?v=1546824228052 NO-BLD
19/01/07 10:23:48.212 072 W1 <U> GUEST E2637DF895D371D7EB443C006DE1886D null -1 /myProject/js/pie_period.js?v=1546824228052 NO-BLD
19/01/07 10:23:48.426 072 W1 <U> GUEST E2637DF895D371D7EB443C006DE1886D null -1 /myProject/js/pie_arrests.js?v=1546824228052 NO-BLD
19/01/07 10:23:48.427 068 W1 <U> GUEST E2637DF895D371D7EB443C006DE1886D null -1 /myProject/js/korea_map.js?v=1546824228052 NO-BLD
19/01/07 10:23:48.446 071 W1 <U> GUEST E2637DF895D371D7EB443C006DE1886D null -1 /myProject/js/line.js?v=1546824228052 NO-BLD
19/01/07 10:23:55.583 067 W1 <U> GUEST E2637DF895D371D7EB443C006DE1886D null -1 /myProject/main.jsp NO-BLD
19/01/07 10:23:56.432 067 W1 <U> GUEST E2637DF895D371D7EB443C006DE1886D null -1 /myProject/bar_month.jsp NO-BLD
19/01/07 10:23:56.502 068 W1 <U> GUEST E2637DF895D371D7EB443C006DE1886D null -1 /myProject/css/mystyle.css?v=1546824236432 NO-BLD
19/01/07 10:23:56.601 073 W1 <U> GUEST E2637DF895D371D7EB443C006DE1886D null -1 /myProject/js/bar_month.js?v=1546824236432 NO-BLD
19/01/07 10:23:56.663 067 W1 <U> GUEST E2637DF895D371D7EB443C006DE1886D null -1 /myProject/js/grid.js?v=1546824236432 NO-BLD
19/01/07 10:23:58.767 071 W1 <U> GUEST E2637DF895D371D7EB443C006DE1886D null -1 /myProject/webponent/chart2.0/sample/chart/img/tooltip_arrow.png NO-BLD
19/01/07 10:24:07.604 069 W1 <U> GUEST E2637DF895D371D7EB443C006DE1886D null -1 /myProject/main.jsp NO-BLD
19/01/07 10:24:08.596 067 W1 <U> GUEST E2637DF895D371D7EB443C006DE1886D null -1 /myProject/list.jsp NO-BLD
19/01/07 10:24:08.681 068 W1 <U> GUEST E2637DF895D371D7EB443C006DE1886D null -1 /myProject/css/mystyle.css?v=1546824248595 NO-BLD
19/01/07 10:24:08.852 066 W1 <U> GUEST E2637DF895D371D7EB443C006DE1886D null -1 /myProject/js/pie_period.js?v=1546824248595 NO-BLD
19/01/07 10:24:08.963 068 W1 <U> GUEST E2637DF895D371D7EB443C006DE1886D null -1 /myProject/js/pie_arrests.js?v=1546824248595 NO-BLD
19/01/07 10:24:08.963 068 W1 <U> GUEST E2637DF895D371D7EB443C006DE1886D null -1 /myProject/js/korea_map.js?v=1546824248595 NO-BLD
19/01/07 10:24:08.974 066 W1 <U> GUEST E2637DF895D371D7EB443C006DE1886D null -1 /myProject/js/line.js?v=1546824248595 NO-BLD
19/01/07 10:24:15.794 066 W1 <U> GUEST E2637DF895D371D7EB443C006DE1886D null -1 /myProject/main.jsp NO-BLD
19/01/07 10:24:22.241 073 W1 <U> GUEST E2637DF895D371D7EB443C006DE1886D null -1 /myProject/list.jsp NO-BLD
19/01/07 10:24:22.317 069 W1 <U> GUEST E2637DF895D371D7EB443C006DE1886D null -1 /myProject/css/mystyle.css?v=1546824262231 NO-BLD
19/01/07 10:24:22.420 066 W1 <U> GUEST E2637DF895D371D7EB443C006DE1886D null -1 /myProject/js/pie_period.js?v=1546824262231 NO-BLD
19/01/07 10:24:22.429 071 W1 <U> GUEST E2637DF895D371D7EB443C006DE1886D null -1 /myProject/js/pie_arrests.js?v=1546824262231 NO-BLD
19/01/07 10:24:22.510 071 W1 <U> GUEST E2637DF895D371D7EB443C006DE1886D null -1 /myProject/js/korea_map.js?v=1546824262231 NO-BLD
19/01/07 10:24:22.530 067 W1 <U> GUEST E2637DF895D371D7EB443C006DE1886D null -1 /myProject/js/line.js?v=1546824262231 NO-BLD
19/01/07 10:24:30.014 067 W1 <U> GUEST E2637DF895D371D7EB443C006DE1886D null -1 /myProject/webponent/chart2.0/sample/chart/img/tooltip_arrow.png NO-BLD
19/01/07 10:25:12.562 071 W1 <U> GUEST E2637DF895D371D7EB443C006DE1886D null -1 /myProject/main.jsp NO-BLD
19/01/07 10:25:14.619 069 W1 <U> GUEST E2637DF895D371D7EB443C006DE1886D null -1 /myProject/bar_month.jsp NO-BLD
19/01/07 10:25:14.699 068 W1 <U> GUEST E2637DF895D371D7EB443C006DE1886D null -1 /myProject/css/mystyle.css?v=1546824314619 NO-BLD
19/01/07 10:25:14.774 067 W1 <U> GUEST E2637DF895D371D7EB443C006DE1886D null -1 /myProject/js/bar_month.js?v=1546824314619 NO-BLD
19/01/07 10:25:14.794 070 W1 <U> GUEST E2637DF895D371D7EB443C006DE1886D null -1 /myProject/js/grid.js?v=1546824314619 NO-BLD
19/01/07 10:25:16.161 070 W1 <U> GUEST E2637DF895D371D7EB443C006DE1886D null -1 /myProject/webponent/chart2.0/sample/chart/img/tooltip_arrow.png NO-BLD
19/01/07 10:25:29.926 068 W1 <U> GUEST E2637DF895D371D7EB443C006DE1886D null -1 /myProject/main.jsp NO-BLD
19/01/07 10:25:31.179 071 W1 <U> GUEST E2637DF895D371D7EB443C006DE1886D null -1 /myProject/list.jsp NO-BLD
19/01/07 10:25:31.251 069 W1 <U> GUEST E2637DF895D371D7EB443C006DE1886D null -1 /myProject/css/mystyle.css?v=1546824331179 NO-BLD
19/01/07 10:25:31.289 073 W1 <U> GUEST E2637DF895D371D7EB443C006DE1886D null -1 /myProject/js/pie_period.js?v=1546824331179 NO-BLD
19/01/07 10:25:31.324 071 W1 <U> GUEST E2637DF895D371D7EB443C006DE1886D null -1 /myProject/js/pie_arrests.js?v=1546824331179 NO-BLD
19/01/07 10:25:31.339 066 W1 <U> GUEST E2637DF895D371D7EB443C006DE1886D null -1 /myProject/js/korea_map.js?v=1546824331179 NO-BLD
19/01/07 10:25:31.346 069 W1 <U> GUEST E2637DF895D371D7EB443C006DE1886D null -1 /myProject/js/line.js?v=1546824331179 NO-BLD
19/01/07 10:25:35.763 067 W1 <U> GUEST E2637DF895D371D7EB443C006DE1886D null -1 /myProject/webponent/chart2.0/sample/chart/img/tooltip_arrow.png NO-BLD
19/01/07 10:25:44.372 069 W1 <U> GUEST E2637DF895D371D7EB443C006DE1886D null -1 /myProject/main.jsp NO-BLD
19/01/07 10:25:45.528 070 W1 <U> GUEST E2637DF895D371D7EB443C006DE1886D null -1 /myProject/list.jsp NO-BLD
19/01/07 10:25:45.615 067 W1 <U> GUEST E2637DF895D371D7EB443C006DE1886D null -1 /myProject/css/mystyle.css?v=1546824345523 NO-BLD
19/01/07 10:25:45.628 072 W1 <U> GUEST E2637DF895D371D7EB443C006DE1886D null -1 /myProject/js/pie_period.js?v=1546824345523 NO-BLD
19/01/07 10:25:45.629 071 W1 <U> GUEST E2637DF895D371D7EB443C006DE1886D null -1 /myProject/js/pie_arrests.js?v=1546824345523 NO-BLD
19/01/07 10:25:45.682 066 W1 <U> GUEST E2637DF895D371D7EB443C006DE1886D null -1 /myProject/js/korea_map.js?v=1546824345523 NO-BLD
19/01/07 10:25:45.682 066 W1 <U> GUEST E2637DF895D371D7EB443C006DE1886D null -1 /myProject/js/line.js?v=1546824345523 NO-BLD
19/01/07 10:25:52.653 073 W1 <U> GUEST E2637DF895D371D7EB443C006DE1886D null -1 /myProject/webponent/chart2.0/sample/chart/img/tooltip_arrow.png NO-BLD
19/01/07 10:25:59.491 067 W1 <U> GUEST E2637DF895D371D7EB443C006DE1886D null -1 /myProject/webponent/chart2.0/sample/chart/img/tooltip_arrow.png NO-BLD
19/01/07 10:26:01.193 071 W1 <U> GUEST E2637DF895D371D7EB443C006DE1886D null -1 /myProject/main.jsp NO-BLD
19/01/07 10:26:03.305 071 W1 <U> GUEST E2637DF895D371D7EB443C006DE1886D null -1 /myProject/list.jsp NO-BLD
19/01/07 10:26:03.453 073 W1 <U> GUEST E2637DF895D371D7EB443C006DE1886D null -1 /myProject/webponent.licenseKey.js NO-BLD
19/01/07 10:26:03.453 073 W1 <U> GUEST E2637DF895D371D7EB443C006DE1886D null -1 /myProject/css/mystyle.css?v=1546824363303 NO-BLD
19/01/07 10:26:03.660 069 W1 <U> GUEST E2637DF895D371D7EB443C006DE1886D null -1 /myProject/js/pie_period.js?v=1546824363303 NO-BLD
19/01/07 10:26:03.759 070 W1 <U> GUEST E2637DF895D371D7EB443C006DE1886D null -1 /myProject/css/clipart2431071.png NO-BLD
19/01/07 10:26:03.847 069 W1 <U> GUEST E2637DF895D371D7EB443C006DE1886D null -1 /myProject/js/pie_arrests.js?v=1546824363303 NO-BLD
19/01/07 10:26:04.051 073 W1 <U> GUEST E2637DF895D371D7EB443C006DE1886D null -1 /myProject/js/korea_map.js?v=1546824363303 NO-BLD
19/01/07 10:26:04.053 068 W1 <U> GUEST E2637DF895D371D7EB443C006DE1886D null -1 /myProject/js/line.js?v=1546824363303 NO-BLD
19/01/07 10:26:04.059 067 W1 <U> GUEST E2637DF895D371D7EB443C006DE1886D null -1 /myProject/js/html2canvas.min.js NO-BLD
19/01/07 10:26:07.500 071 W1 <U> GUEST E2637DF895D371D7EB443C006DE1886D null -1 /myProject/main.jsp NO-BLD
19/01/07 10:26:08.659 073 W1 <U> GUEST E2637DF895D371D7EB443C006DE1886D null -1 /myProject/bar_month.jsp NO-BLD
19/01/07 10:26:08.811 071 W1 <U> GUEST E2637DF895D371D7EB443C006DE1886D null -1 /myProject/webponent.licenseKey.js NO-BLD
19/01/07 10:26:08.811 071 W1 <U> GUEST E2637DF895D371D7EB443C006DE1886D null -1 /myProject/css/mystyle.css?v=1546824368659 NO-BLD
19/01/07 10:26:09.083 071 W1 <U> GUEST E2637DF895D371D7EB443C006DE1886D null -1 /myProject/js/bar_month.js?v=1546824368659 NO-BLD
19/01/07 10:26:09.167 066 W1 <U> GUEST E2637DF895D371D7EB443C006DE1886D null -1 /myProject/css/clipart2431071.png NO-BLD
19/01/07 10:26:09.235 070 W1 <U> GUEST E2637DF895D371D7EB443C006DE1886D null -1 /myProject/js/grid.js?v=1546824368659 NO-BLD
19/01/07 10:26:11.353 069 W1 <U> GUEST E2637DF895D371D7EB443C006DE1886D null -1 /myProject/webponent/chart2.0/sample/chart/img/tooltip_arrow.png NO-BLD
19/01/07 10:26:16.416 068 W1 <U> GUEST E2637DF895D371D7EB443C006DE1886D null -1 /myProject/main.jsp NO-BLD
19/01/07 10:26:24.549 070 W1 <U> GUEST E2637DF895D371D7EB443C006DE1886D null -1 /myProject/list.jsp NO-BLD
19/01/07 10:26:24.663 067 W1 <U> GUEST E2637DF895D371D7EB443C006DE1886D null -1 /myProject/webponent.licenseKey.js NO-BLD
19/01/07 10:26:24.675 069 W1 <U> GUEST E2637DF895D371D7EB443C006DE1886D null -1 /myProject/css/mystyle.css?v=1546824384546 NO-BLD
19/01/07 10:26:24.863 073 W1 <U> GUEST E2637DF895D371D7EB443C006DE1886D null -1 /myProject/js/pie_period.js?v=1546824384546 NO-BLD
19/01/07 10:26:24.923 073 W1 <U> GUEST E2637DF895D371D7EB443C006DE1886D null -1 /myProject/css/clipart2431071.png NO-BLD
19/01/07 10:26:25.094 072 W1 <U> GUEST E2637DF895D371D7EB443C006DE1886D null -1 /myProject/js/pie_arrests.js?v=1546824384546 NO-BLD
19/01/07 10:26:25.297 068 W1 <U> GUEST E2637DF895D371D7EB443C006DE1886D null -1 /myProject/js/korea_map.js?v=1546824384546 NO-BLD
19/01/07 10:26:25.297 068 W1 <U> GUEST E2637DF895D371D7EB443C006DE1886D null -1 /myProject/js/line.js?v=1546824384546 NO-BLD
19/01/07 10:26:25.304 073 W1 <U> GUEST E2637DF895D371D7EB443C006DE1886D null -1 /myProject/js/html2canvas.min.js NO-BLD
19/01/07 10:26:26.867 071 W1 <U> GUEST E2637DF895D371D7EB443C006DE1886D null -1 /myProject/webponent/chart2.0/sample/chart/img/tooltip_arrow.png NO-BLD
19/01/07 10:26:34.881 068 W1 <U> GUEST E2637DF895D371D7EB443C006DE1886D null -1 /myProject/main.jsp NO-BLD
19/01/07 10:26:36.354 069 W1 <U> GUEST E2637DF895D371D7EB443C006DE1886D null -1 /myProject/bar_month.jsp NO-BLD
19/01/07 10:26:36.453 073 W1 <U> GUEST E2637DF895D371D7EB443C006DE1886D null -1 /myProject/webponent.licenseKey.js NO-BLD
19/01/07 10:26:36.453 073 W1 <U> GUEST E2637DF895D371D7EB443C006DE1886D null -1 /myProject/css/mystyle.css?v=1546824396354 NO-BLD
19/01/07 10:26:36.670 071 W1 <U> GUEST E2637DF895D371D7EB443C006DE1886D null -1 /myProject/js/bar_month.js?v=1546824396354 NO-BLD
19/01/07 10:26:36.744 070 W1 <U> GUEST E2637DF895D371D7EB443C006DE1886D null -1 /myProject/css/clipart2431071.png NO-BLD
19/01/07 10:26:36.819 069 W1 <U> GUEST E2637DF895D371D7EB443C006DE1886D null -1 /myProject/js/grid.js?v=1546824396354 NO-BLD
19/01/07 10:26:40.292 069 W1 <U> GUEST E2637DF895D371D7EB443C006DE1886D null -1 /myProject/webponent/chart2.0/sample/chart/img/tooltip_arrow.png NO-BLD
19/01/07 10:26:54.636 068 W1 <U> GUEST E2637DF895D371D7EB443C006DE1886D null -1 /myProject/main.jsp NO-BLD
19/01/07 10:29:18.766 072 W1 <U> GUEST E2637DF895D371D7EB443C006DE1886D null -1 /myProject/bar_month.jsp NO-BLD
19/01/07 10:29:18.893 073 W1 <U> GUEST E2637DF895D371D7EB443C006DE1886D null -1 /myProject/webponent.licenseKey.js NO-BLD
19/01/07 10:29:18.893 073 W1 <U> GUEST E2637DF895D371D7EB443C006DE1886D null -1 /myProject/css/mystyle.css?v=1546824558766 NO-BLD
19/01/07 10:29:19.241 066 W1 <U> GUEST E2637DF895D371D7EB443C006DE1886D null -1 /myProject/js/bar_month.js?v=1546824558766 NO-BLD
19/01/07 10:29:19.241 066 W1 <U> GUEST E2637DF895D371D7EB443C006DE1886D null -1 /myProject/css/clipart2431071.png NO-BLD
19/01/07 10:29:19.531 066 W1 <U> GUEST E2637DF895D371D7EB443C006DE1886D null -1 /myProject/js/grid.js?v=1546824558766 NO-BLD
19/01/07 10:29:20.402 067 W1 <U> GUEST E2637DF895D371D7EB443C006DE1886D null -1 /myProject/webponent/chart2.0/sample/chart/img/tooltip_arrow.png NO-BLD
19/01/07 10:29:32.377 069 W1 <U> GUEST E2637DF895D371D7EB443C006DE1886D null -1 /myProject/main.jsp NO-BLD
19/01/07 10:29:33.848 070 W1 <U> GUEST E2637DF895D371D7EB443C006DE1886D null -1 /myProject/list.jsp NO-BLD
19/01/07 10:29:33.948 066 W1 <U> GUEST E2637DF895D371D7EB443C006DE1886D null -1 /myProject/webponent.licenseKey.js NO-BLD
19/01/07 10:29:33.951 073 W1 <U> GUEST E2637DF895D371D7EB443C006DE1886D null -1 /myProject/css/mystyle.css?v=1546824573843 NO-BLD
19/01/07 10:29:34.189 070 W1 <U> GUEST E2637DF895D371D7EB443C006DE1886D null -1 /myProject/js/pie_period.js?v=1546824573843 NO-BLD
19/01/07 10:29:34.240 067 W1 <U> GUEST E2637DF895D371D7EB443C006DE1886D null -1 /myProject/css/clipart2431071.png NO-BLD
19/01/07 10:29:34.272 068 W1 <U> GUEST E2637DF895D371D7EB443C006DE1886D null -1 /myProject/js/korea_map.js?v=1546824573843 NO-BLD
19/01/07 10:29:34.273 068 W1 <U> GUEST E2637DF895D371D7EB443C006DE1886D null -1 /myProject/js/pie_arrests.js?v=1546824573843 NO-BLD
19/01/07 10:29:34.537 066 W1 <U> GUEST E2637DF895D371D7EB443C006DE1886D null -1 /myProject/js/line.js?v=1546824573843 NO-BLD
19/01/07 10:29:34.539 073 W1 <U> GUEST E2637DF895D371D7EB443C006DE1886D null -1 /myProject/js/html2canvas.min.js NO-BLD
19/01/07 10:29:35.926 071 W1 <U> GUEST E2637DF895D371D7EB443C006DE1886D null -1 /myProject/webponent/chart2.0/sample/chart/img/tooltip_arrow.png NO-BLD
19/01/07 10:29:47.021 073 W1 <U> GUEST E2637DF895D371D7EB443C006DE1886D null -1 /myProject/main.jsp NO-BLD
19/01/07 10:30:01.121 068 W1 <U> GUEST E2637DF895D371D7EB443C006DE1886D null -1 /myProject/list.jsp NO-BLD
19/01/07 10:30:01.240 072 W1 <U> GUEST E2637DF895D371D7EB443C006DE1886D null -1 /myProject/webponent.licenseKey.js NO-BLD
19/01/07 10:30:01.240 072 W1 <U> GUEST E2637DF895D371D7EB443C006DE1886D null -1 /myProject/css/mystyle.css?v=1546824601116 NO-BLD
19/01/07 10:30:01.384 073 W1 <U> GUEST E2637DF895D371D7EB443C006DE1886D null -1 /myProject/js/pie_period.js?v=1546824601116 NO-BLD
19/01/07 10:30:01.500 068 W1 <U> GUEST E2637DF895D371D7EB443C006DE1886D null -1 /myProject/css/clipart2431071.png NO-BLD
19/01/07 10:30:01.577 073 W1 <U> GUEST E2637DF895D371D7EB443C006DE1886D null -1 /myProject/js/pie_arrests.js?v=1546824601116 NO-BLD
19/01/07 10:30:01.577 073 W1 <U> GUEST E2637DF895D371D7EB443C006DE1886D null -1 /myProject/js/korea_map.js?v=1546824601116 NO-BLD
19/01/07 10:30:01.836 073 W1 <U> GUEST E2637DF895D371D7EB443C006DE1886D null -1 /myProject/js/line.js?v=1546824601116 NO-BLD
19/01/07 10:30:01.849 066 W1 <U> GUEST E2637DF895D371D7EB443C006DE1886D null -1 /myProject/js/html2canvas.min.js NO-BLD
19/01/07 10:30:14.475 066 W1 <U> GUEST E2637DF895D371D7EB443C006DE1886D null -1 /myProject/main.jsp NO-BLD
19/01/07 10:30:16.122 072 W1 <U> GUEST E2637DF895D371D7EB443C006DE1886D null -1 /myProject/list.jsp NO-BLD
19/01/07 10:30:16.182 066 W1 <U> GUEST E2637DF895D371D7EB443C006DE1886D null -1 /myProject/webponent.licenseKey.js NO-BLD
19/01/07 10:30:16.209 070 W1 <U> GUEST E2637DF895D371D7EB443C006DE1886D null -1 /myProject/css/mystyle.css?v=1546824616120 NO-BLD
19/01/07 10:30:16.355 072 W1 <U> GUEST E2637DF895D371D7EB443C006DE1886D null -1 /myProject/css/clipart2431071.png NO-BLD
19/01/07 10:30:16.357 066 W1 <U> GUEST E2637DF895D371D7EB443C006DE1886D null -1 /myProject/js/pie_period.js?v=1546824616120 NO-BLD
19/01/07 10:30:16.594 070 W1 <U> GUEST E2637DF895D371D7EB443C006DE1886D null -1 /myProject/js/pie_arrests.js?v=1546824616120 NO-BLD
19/01/07 10:30:16.594 070 W1 <U> GUEST E2637DF895D371D7EB443C006DE1886D null -1 /myProject/js/korea_map.js?v=1546824616120 NO-BLD
19/01/07 10:30:16.637 072 W1 <U> GUEST E2637DF895D371D7EB443C006DE1886D null -1 /myProject/js/line.js?v=1546824616120 NO-BLD
19/01/07 10:30:16.644 066 W1 <U> GUEST E2637DF895D371D7EB443C006DE1886D null -1 /myProject/js/html2canvas.min.js NO-BLD
19/01/07 10:30:23.277 073 W1 <U> GUEST E2637DF895D371D7EB443C006DE1886D null -1 /myProject/webponent/chart2.0/sample/chart/img/tooltip_arrow.png NO-BLD
19/01/07 10:30:24.762 073 W1 <U> GUEST E2637DF895D371D7EB443C006DE1886D null -1 /myProject/main.jsp NO-BLD
19/01/07 10:30:26.498 068 W1 <U> GUEST E2637DF895D371D7EB443C006DE1886D null -1 /myProject/list.jsp NO-BLD
19/01/07 10:30:26.574 066 W1 <U> GUEST E2637DF895D371D7EB443C006DE1886D null -1 /myProject/webponent.licenseKey.js NO-BLD
19/01/07 10:30:26.597 069 W1 <U> GUEST E2637DF895D371D7EB443C006DE1886D null -1 /myProject/css/mystyle.css?v=1546824626494 NO-BLD
19/01/07 10:30:26.851 067 W1 <U> GUEST E2637DF895D371D7EB443C006DE1886D null -1 /myProject/js/pie_period.js?v=1546824626494 NO-BLD
19/01/07 10:30:26.910 068 W1 <U> GUEST E2637DF895D371D7EB443C006DE1886D null -1 /myProject/css/clipart2431071.png NO-BLD
19/01/07 10:30:26.960 072 W1 <U> GUEST E2637DF895D371D7EB443C006DE1886D null -1 /myProject/js/pie_arrests.js?v=1546824626494 NO-BLD
19/01/07 10:30:26.987 068 W1 <U> GUEST E2637DF895D371D7EB443C006DE1886D null -1 /myProject/js/korea_map.js?v=1546824626494 NO-BLD
19/01/07 10:30:26.987 068 W1 <U> GUEST E2637DF895D371D7EB443C006DE1886D null -1 /myProject/js/line.js?v=1546824626494 NO-BLD
19/01/07 10:30:27.250 071 W1 <U> GUEST E2637DF895D371D7EB443C006DE1886D null -1 /myProject/js/html2canvas.min.js NO-BLD
19/01/07 10:30:36.522 067 W1 <U> GUEST E2637DF895D371D7EB443C006DE1886D null -1 /myProject/main.jsp NO-BLD
19/01/07 10:30:41.158 066 W1 <U> GUEST E2637DF895D371D7EB443C006DE1886D null -1 /myProject/list.jsp NO-BLD
19/01/07 10:30:41.240 072 W1 <U> GUEST E2637DF895D371D7EB443C006DE1886D null -1 /myProject/webponent.licenseKey.js NO-BLD
19/01/07 10:30:41.277 069 W1 <U> GUEST E2637DF895D371D7EB443C006DE1886D null -1 /myProject/css/mystyle.css?v=1546824641154 NO-BLD
19/01/07 10:30:41.558 066 W1 <U> GUEST E2637DF895D371D7EB443C006DE1886D null -1 /myProject/js/pie_period.js?v=1546824641154 NO-BLD
19/01/07 10:30:41.560 072 W1 <U> GUEST E2637DF895D371D7EB443C006DE1886D null -1 /myProject/css/clipart2431071.png NO-BLD
19/01/07 10:30:41.634 069 W1 <U> GUEST E2637DF895D371D7EB443C006DE1886D null -1 /myProject/js/korea_map.js?v=1546824641154 NO-BLD
19/01/07 10:30:41.634 069 W1 <U> GUEST E2637DF895D371D7EB443C006DE1886D null -1 /myProject/js/pie_arrests.js?v=1546824641154 NO-BLD
19/01/07 10:30:41.856 071 W1 <U> GUEST E2637DF895D371D7EB443C006DE1886D null -1 /myProject/js/line.js?v=1546824641154 NO-BLD
19/01/07 10:30:41.875 073 W1 <U> GUEST E2637DF895D371D7EB443C006DE1886D null -1 /myProject/js/html2canvas.min.js NO-BLD
19/01/07 10:30:45.310 071 W1 <U> GUEST E2637DF895D371D7EB443C006DE1886D null -1 /myProject/webponent/chart2.0/sample/chart/img/tooltip_arrow.png NO-BLD
19/01/07 10:30:52.671 070 W1 <U> GUEST E2637DF895D371D7EB443C006DE1886D null -1 /myProject/webponent/chart2.0/sample/chart/img/tooltip_arrow.png NO-BLD
19/01/07 10:30:56.996 067 W1 <U> GUEST E2637DF895D371D7EB443C006DE1886D null -1 /myProject/main.jsp NO-BLD
19/01/07 10:30:58.502 069 W1 <U> GUEST E2637DF895D371D7EB443C006DE1886D null -1 /myProject/list.jsp NO-BLD
19/01/07 10:30:58.621 066 W1 <U> GUEST E2637DF895D371D7EB443C006DE1886D null -1 /myProject/webponent.licenseKey.js NO-BLD
19/01/07 10:30:58.621 066 W1 <U> GUEST E2637DF895D371D7EB443C006DE1886D null -1 /myProject/css/mystyle.css?v=1546824658495 NO-BLD
19/01/07 10:30:58.876 071 W1 <U> GUEST E2637DF895D371D7EB443C006DE1886D null -1 /myProject/js/pie_period.js?v=1546824658495 NO-BLD
19/01/07 10:30:58.937 069 W1 <U> GUEST E2637DF895D371D7EB443C006DE1886D null -1 /myProject/css/clipart2431071.png NO-BLD
19/01/07 10:30:58.999 070 W1 <U> GUEST E2637DF895D371D7EB443C006DE1886D null -1 /myProject/js/pie_arrests.js?v=1546824658495 NO-BLD
19/01/07 10:30:59.013 069 W1 <U> GUEST E2637DF895D371D7EB443C006DE1886D null -1 /myProject/js/korea_map.js?v=1546824658495 NO-BLD
19/01/07 10:30:59.021 073 W1 <U> GUEST E2637DF895D371D7EB443C006DE1886D null -1 /myProject/js/line.js?v=1546824658495 NO-BLD
19/01/07 10:30:59.030 066 W1 <U> GUEST E2637DF895D371D7EB443C006DE1886D null -1 /myProject/js/html2canvas.min.js NO-BLD
19/01/07 10:31:00.990 072 W1 <U> GUEST E2637DF895D371D7EB443C006DE1886D null -1 /myProject/webponent/chart2.0/sample/chart/img/tooltip_arrow.png NO-BLD
19/01/07 10:31:02.389 071 W1 <U> GUEST E2637DF895D371D7EB443C006DE1886D null -1 /myProject/main.jsp NO-BLD
19/01/07 10:41:58.545 072 W1 <U> GUEST E2637DF895D371D7EB443C006DE1886D null -1 /myProject/list.jsp NO-BLD
19/01/07 10:41:58.635 068 W1 <U> GUEST E2637DF895D371D7EB443C006DE1886D null -1 /myProject/css/mystyle.css?v=1546825318544 NO-BLD
19/01/07 10:41:58.824 069 W1 <U> GUEST E2637DF895D371D7EB443C006DE1886D null -1 /myProject/js/pie_period.js?v=1546825318544 NO-BLD
19/01/07 10:41:58.906 072 W1 <U> GUEST E2637DF895D371D7EB443C006DE1886D null -1 /myProject/js/pie_arrests.js?v=1546825318544 NO-BLD
19/01/07 10:41:58.913 066 W1 <U> GUEST E2637DF895D371D7EB443C006DE1886D null -1 /myProject/js/korea_map.js?v=1546825318544 NO-BLD
19/01/07 10:41:58.921 069 W1 <U> GUEST E2637DF895D371D7EB443C006DE1886D null -1 /myProject/js/line.js?v=1546825318544 NO-BLD
19/01/07 10:42:07.735 072 W1 <U> GUEST E2637DF895D371D7EB443C006DE1886D null -1 /myProject/webponent/chart2.0/sample/chart/img/tooltip_arrow.png NO-BLD
19/01/07 10:43:07.689 067 W1 <U> GUEST E2637DF895D371D7EB443C006DE1886D null -1 /myProject/main.jsp NO-BLD
19/01/07 10:43:09.056 071 W1 <U> GUEST E2637DF895D371D7EB443C006DE1886D null -1 /myProject/list.jsp NO-BLD
19/01/07 10:43:09.122 069 W1 <U> GUEST E2637DF895D371D7EB443C006DE1886D null -1 /myProject/css/mystyle.css?v=1546825389052 NO-BLD
19/01/07 10:43:09.224 072 W1 <U> GUEST E2637DF895D371D7EB443C006DE1886D null -1 /myProject/js/pie_period.js?v=1546825389052 NO-BLD
19/01/07 10:43:09.231 067 W1 <U> GUEST E2637DF895D371D7EB443C006DE1886D null -1 /myProject/js/pie_arrests.js?v=1546825389052 NO-BLD
19/01/07 10:43:09.333 072 W1 <U> GUEST E2637DF895D371D7EB443C006DE1886D null -1 /myProject/js/korea_map.js?v=1546825389052 NO-BLD
19/01/07 10:43:09.357 073 W1 <U> GUEST E2637DF895D371D7EB443C006DE1886D null -1 /myProject/js/line.js?v=1546825389052 NO-BLD
19/01/07 10:43:19.293 067 W1 <U> GUEST E2637DF895D371D7EB443C006DE1886D null -1 /myProject/main.jsp NO-BLD
19/01/07 10:44:01.490 069 W1 <U> GUEST E2637DF895D371D7EB443C006DE1886D null -1 /myProject/main.jsp NO-BLD
19/01/07 10:44:04.777 066 W1 <U> GUEST E2637DF895D371D7EB443C006DE1886D null -1 /myProject/list.jsp NO-BLD
19/01/07 10:44:04.850 070 W1 <U> GUEST E2637DF895D371D7EB443C006DE1886D null -1 /myProject/css/mystyle.css?v=1546825444765 NO-BLD
19/01/07 10:44:05.340 072 W1 <U> GUEST E2637DF895D371D7EB443C006DE1886D null -1 /myProject/js/pie_period.js?v=1546825444765 NO-BLD
19/01/07 10:44:05.505 068 W1 <U> GUEST E2637DF895D371D7EB443C006DE1886D null -1 /myProject/js/pie_arrests.js?v=1546825444765 NO-BLD
19/01/07 10:44:05.505 068 W1 <U> GUEST E2637DF895D371D7EB443C006DE1886D null -1 /myProject/js/korea_map.js?v=1546825444765 NO-BLD
19/01/07 10:44:05.516 069 W1 <U> GUEST E2637DF895D371D7EB443C006DE1886D null -1 /myProject/js/line.js?v=1546825444765 NO-BLD
19/01/07 10:44:13.536 067 W1 <U> GUEST E2637DF895D371D7EB443C006DE1886D null -1 /myProject/main.jsp NO-BLD
19/01/07 10:44:14.722 069 W1 <U> GUEST E2637DF895D371D7EB443C006DE1886D null -1 /myProject/bar_month.jsp NO-BLD
19/01/07 10:44:14.798 072 W1 <U> GUEST E2637DF895D371D7EB443C006DE1886D null -1 /myProject/css/mystyle.css?v=1546825454714 NO-BLD
19/01/07 10:44:14.851 067 W1 <U> GUEST E2637DF895D371D7EB443C006DE1886D null -1 /myProject/js/bar_month.js?v=1546825454714 NO-BLD
19/01/07 10:44:14.856 066 W1 <U> GUEST E2637DF895D371D7EB443C006DE1886D null -1 /myProject/js/grid.js?v=1546825454714 NO-BLD
19/01/07 10:44:15.696 070 W1 <U> GUEST E2637DF895D371D7EB443C006DE1886D null -1 /myProject/webponent/chart2.0/sample/chart/img/tooltip_arrow.png NO-BLD
19/01/07 10:44:18.491 068 W1 <U> GUEST E2637DF895D371D7EB443C006DE1886D null -1 /myProject/main.jsp NO-BLD
19/01/07 10:44:53.535 068 W1 <U> GUEST E2637DF895D371D7EB443C006DE1886D null -1 /myProject/list.jsp NO-BLD
19/01/07 10:44:53.666 071 W1 <U> GUEST E2637DF895D371D7EB443C006DE1886D null -1 /myProject/webponent.licenseKey.js NO-BLD
19/01/07 10:44:53.666 071 W1 <U> GUEST E2637DF895D371D7EB443C006DE1886D null -1 /myProject/css/mystyle.css?v=1546825493534 NO-BLD
19/01/07 10:44:53.791 066 W1 <U> GUEST E2637DF895D371D7EB443C006DE1886D null -1 /myProject/js/pie_period.js?v=1546825493534 NO-BLD
19/01/07 10:44:53.938 073 W1 <U> GUEST E2637DF895D371D7EB443C006DE1886D null -1 /myProject/css/clipart2431071.png NO-BLD
19/01/07 10:44:54.070 067 W1 <U> GUEST E2637DF895D371D7EB443C006DE1886D null -1 /myProject/js/pie_arrests.js?v=1546825493534 NO-BLD
19/01/07 10:44:54.090 068 W1 <U> GUEST E2637DF895D371D7EB443C006DE1886D null -1 /myProject/js/korea_map.js?v=1546825493534 NO-BLD
19/01/07 10:44:54.094 071 W1 <U> GUEST E2637DF895D371D7EB443C006DE1886D null -1 /myProject/js/line.js?v=1546825493534 NO-BLD
19/01/07 10:44:54.391 067 W1 <U> GUEST E2637DF895D371D7EB443C006DE1886D null -1 /myProject/js/html2canvas.min.js NO-BLD
19/01/07 10:44:59.360 067 W1 <U> GUEST E2637DF895D371D7EB443C006DE1886D null -1 /myProject/main.jsp NO-BLD
19/01/07 10:45:00.968 069 W1 <U> GUEST E2637DF895D371D7EB443C006DE1886D null -1 /myProject/bar_month.jsp NO-BLD
19/01/07 10:45:01.082 071 W1 <U> GUEST E2637DF895D371D7EB443C006DE1886D null -1 /myProject/webponent.licenseKey.js NO-BLD
19/01/07 10:45:01.082 071 W1 <U> GUEST E2637DF895D371D7EB443C006DE1886D null -1 /myProject/css/mystyle.css?v=1546825500967 NO-BLD
19/01/07 10:45:01.245 071 W1 <U> GUEST E2637DF895D371D7EB443C006DE1886D null -1 /myProject/js/bar_month.js?v=1546825500967 NO-BLD
19/01/07 10:45:01.464 070 W1 <U> GUEST E2637DF895D371D7EB443C006DE1886D null -1 /myProject/css/clipart2431071.png NO-BLD
19/01/07 10:45:01.502 066 W1 <U> GUEST E2637DF895D371D7EB443C006DE1886D null -1 /myProject/js/grid.js?v=1546825500967 NO-BLD
19/01/07 10:45:05.176 073 W1 <U> GUEST E2637DF895D371D7EB443C006DE1886D null -1 /myProject/webponent/chart2.0/sample/chart/img/tooltip_arrow.png NO-BLD
19/01/07 10:45:07.810 067 W1 <U> GUEST E2637DF895D371D7EB443C006DE1886D null -1 /myProject/main.jsp NO-BLD
19/01/07 11:47:15.430 073 W1 <U> GUEST D83FC59A37BC7D856A7559DAD9711B3E null -1 /myProject/main.jsp NO-BLD
19/01/07 11:48:18.456 070 W1 <U> GUEST D83FC59A37BC7D856A7559DAD9711B3E null -1 /myProject/list.jsp NO-BLD
19/01/07 11:48:18.516 070 W1 <U> GUEST D83FC59A37BC7D856A7559DAD9711B3E null -1 /myProject/webponent.licenseKey.js NO-BLD
19/01/07 11:48:18.548 066 W1 <U> GUEST D83FC59A37BC7D856A7559DAD9711B3E null -1 /myProject/css/mystyle.css?v=1546829298455 NO-BLD
19/01/07 11:48:19.284 068 W1 <U> GUEST D83FC59A37BC7D856A7559DAD9711B3E null -1 /myProject/css/clipart2431071.png NO-BLD
19/01/07 11:48:19.284 068 W1 <U> GUEST D83FC59A37BC7D856A7559DAD9711B3E null -1 /myProject/js/pie_period.js?v=1546829298455 NO-BLD
19/01/07 11:48:19.384 068 W1 <U> GUEST D83FC59A37BC7D856A7559DAD9711B3E null -1 /myProject/js/pie_arrests.js?v=1546829298455 NO-BLD
19/01/07 11:48:19.418 072 W1 <U> GUEST D83FC59A37BC7D856A7559DAD9711B3E null -1 /myProject/js/line.js?v=1546829298455 NO-BLD
19/01/07 11:48:19.418 072 W1 <U> GUEST D83FC59A37BC7D856A7559DAD9711B3E null -1 /myProject/js/html2canvas.min.js NO-BLD
19/01/07 11:48:19.418 072 W1 <U> GUEST D83FC59A37BC7D856A7559DAD9711B3E null -1 /myProject/js/korea_map.js?v=1546829298455 NO-BLD
19/01/07 11:48:29.140 068 W1 <U> GUEST D83FC59A37BC7D856A7559DAD9711B3E null -1 /myProject/main.jsp NO-BLD
19/01/07 11:48:30.566 068 W1 <U> GUEST D83FC59A37BC7D856A7559DAD9711B3E null -1 /myProject/bar_month.jsp NO-BLD
19/01/07 11:48:30.607 073 W1 <U> GUEST D83FC59A37BC7D856A7559DAD9711B3E null -1 /myProject/css/mystyle.css?v=1546829310565 NO-BLD
19/01/07 11:48:30.639 070 W1 <U> GUEST D83FC59A37BC7D856A7559DAD9711B3E null -1 /myProject/js/bar_month.js?v=1546829310565 NO-BLD
19/01/07 11:48:30.784 067 W1 <U> GUEST D83FC59A37BC7D856A7559DAD9711B3E null -1 /myProject/js/grid.js?v=1546829310565 NO-BLD
19/01/07 11:48:34.364 068 W1 <U> GUEST D83FC59A37BC7D856A7559DAD9711B3E null -1 /myProject/webponent/chart2.0/sample/chart/img/tooltip_arrow.png NO-BLD
19/01/07 11:48:46.564 072 W1 <U> GUEST D83FC59A37BC7D856A7559DAD9711B3E null -1 /myProject/bar_month.jsp NO-BLD
19/01/07 11:48:48.167 071 W1 <U> GUEST D83FC59A37BC7D856A7559DAD9711B3E null -1 /myProject/css/mystyle.css?v=1546829326564 NO-BLD
19/01/07 11:48:48.271 071 W1 <U> GUEST D83FC59A37BC7D856A7559DAD9711B3E null -1 /myProject/js/bar_month.js?v=1546829326564 NO-BLD
19/01/07 11:48:48.370 068 W1 <U> GUEST D83FC59A37BC7D856A7559DAD9711B3E null -1 /myProject/js/grid.js?v=1546829326564 NO-BLD
19/01/07 11:48:49.632 073 W1 <U> GUEST D83FC59A37BC7D856A7559DAD9711B3E null -1 /myProject/webponent/chart2.0/sample/chart/img/tooltip_arrow.png NO-BLD
19/01/07 11:48:59.434 067 W1 <U> GUEST D83FC59A37BC7D856A7559DAD9711B3E null -1 /myProject/main.jsp NO-BLD
19/01/07 11:52:07.544 071 W1 <U> GUEST D83FC59A37BC7D856A7559DAD9711B3E null -1 /myProject/main.jsp NO-BLD
19/01/07 11:53:20.580 066 W1 <U> GUEST D83FC59A37BC7D856A7559DAD9711B3E null -1 /myProject/bar_month.jsp NO-BLD
19/01/07 11:53:20.788 066 W1 <U> GUEST D83FC59A37BC7D856A7559DAD9711B3E null -1 /myProject/css/mystyle.css?v=1546829600580 NO-BLD
19/01/07 11:53:20.991 066 W1 <U> GUEST D83FC59A37BC7D856A7559DAD9711B3E null -1 /myProject/js/grid.js?v=1546829600580 NO-BLD
19/01/07 11:53:20.991 066 W1 <U> GUEST D83FC59A37BC7D856A7559DAD9711B3E null -1 /myProject/js/bar_month.js?v=1546829600580 NO-BLD
19/01/07 11:53:26.444 068 W1 <U> GUEST D83FC59A37BC7D856A7559DAD9711B3E null -1 /myProject/webponent/chart2.0/sample/chart/img/tooltip_arrow.png NO-BLD
19/01/07 11:53:33.339 067 W1 <U> GUEST D83FC59A37BC7D856A7559DAD9711B3E null -1 /myProject/main.jsp NO-BLD
19/01/07 11:53:57.798 070 W1 <U> GUEST D83FC59A37BC7D856A7559DAD9711B3E null -1 /myProject/bar_month.jsp NO-BLD
19/01/07 11:53:59.242 071 W1 <U> GUEST D83FC59A37BC7D856A7559DAD9711B3E null -1 /myProject/css/mystyle.css?v=1546829637798 NO-BLD
19/01/07 11:53:59.431 070 W1 <U> GUEST D83FC59A37BC7D856A7559DAD9711B3E null -1 /myProject/js/grid.js?v=1546829637798 NO-BLD
19/01/07 11:53:59.431 067 W1 <U> GUEST D83FC59A37BC7D856A7559DAD9711B3E null -1 /myProject/js/bar_month.js?v=1546829637798 NO-BLD
19/01/07 11:54:01.142 066 W1 <U> GUEST D83FC59A37BC7D856A7559DAD9711B3E null -1 /myProject/main.jsp NO-BLD
19/01/07 11:58:00.520 071 W1 <U> GUEST D83FC59A37BC7D856A7559DAD9711B3E null -1 /myProject/list.jsp NO-BLD
19/01/07 11:58:00.580 067 W1 <U> GUEST D83FC59A37BC7D856A7559DAD9711B3E null -1 /myProject/css/mystyle.css?v=1546829880519 NO-BLD
19/01/07 11:58:00.650 069 W1 <U> GUEST D83FC59A37BC7D856A7559DAD9711B3E null -1 /myProject/js/pie_period.js?v=1546829880519 NO-BLD
19/01/07 11:58:00.721 068 W1 <U> GUEST D83FC59A37BC7D856A7559DAD9711B3E null -1 /myProject/js/pie_arrests.js?v=1546829880519 NO-BLD
19/01/07 11:58:00.732 072 W1 <U> GUEST D83FC59A37BC7D856A7559DAD9711B3E null -1 /myProject/js/korea_map.js?v=1546829880519 NO-BLD
19/01/07 11:58:00.750 072 W1 <U> GUEST D83FC59A37BC7D856A7559DAD9711B3E null -1 /myProject/js/line.js?v=1546829880519 NO-BLD
19/01/07 11:58:27.031 071 W1 <U> GUEST D83FC59A37BC7D856A7559DAD9711B3E null -1 /myProject/webponent/chart2.0/sample/chart/img/tooltip_arrow.png NO-BLD
19/01/07 11:58:32.220 068 W1 <U> GUEST D83FC59A37BC7D856A7559DAD9711B3E null -1 /myProject/main.jsp NO-BLD
19/01/07 11:58:34.241 066 W1 <U> GUEST D83FC59A37BC7D856A7559DAD9711B3E null -1 /myProject/bar_month.jsp NO-BLD
19/01/07 11:58:34.305 066 W1 <U> GUEST D83FC59A37BC7D856A7559DAD9711B3E null -1 /myProject/css/mystyle.css?v=1546829914241 NO-BLD
19/01/07 11:58:34.384 067 W1 <U> GUEST D83FC59A37BC7D856A7559DAD9711B3E null -1 /myProject/js/grid.js?v=1546829914241 NO-BLD
19/01/07 11:58:34.384 067 W1 <U> GUEST D83FC59A37BC7D856A7559DAD9711B3E null -1 /myProject/js/bar_month.js?v=1546829914241 NO-BLD
19/01/07 11:58:36.440 068 W1 <U> GUEST D83FC59A37BC7D856A7559DAD9711B3E null -1 /myProject/webponent/chart2.0/sample/chart/img/tooltip_arrow.png NO-BLD
19/01/07 11:58:43.346 067 W1 <U> GUEST D83FC59A37BC7D856A7559DAD9711B3E null -1 /myProject/main.jsp NO-BLD
19/01/07 11:58:50.506 070 W1 <U> GUEST D83FC59A37BC7D856A7559DAD9711B3E null -1 /myProject/bar_month.jsp NO-BLD
19/01/07 11:58:50.556 066 W1 <U> GUEST D83FC59A37BC7D856A7559DAD9711B3E null -1 /myProject/css/mystyle.css?v=1546829930506 NO-BLD
19/01/07 11:58:50.668 072 W1 <U> GUEST D83FC59A37BC7D856A7559DAD9711B3E null -1 /myProject/js/bar_month.js?v=1546829930506 NO-BLD
19/01/07 11:58:50.668 072 W1 <U> GUEST D83FC59A37BC7D856A7559DAD9711B3E null -1 /myProject/js/grid.js?v=1546829930506 NO-BLD
19/01/07 11:58:56.369 069 W1 <U> GUEST D83FC59A37BC7D856A7559DAD9711B3E null -1 /myProject/main.jsp NO-BLD
19/01/07 11:59:02.101 073 W1 <U> GUEST D83FC59A37BC7D856A7559DAD9711B3E null -1 /myProject/list.jsp NO-BLD
19/01/07 11:59:02.193 069 W1 <U> GUEST D83FC59A37BC7D856A7559DAD9711B3E null -1 /myProject/css/mystyle.css?v=1546829942100 NO-BLD
19/01/07 11:59:02.365 069 W1 <U> GUEST D83FC59A37BC7D856A7559DAD9711B3E null -1 /myProject/js/pie_period.js?v=1546829942100 NO-BLD
19/01/07 11:59:02.469 069 W1 <U> GUEST D83FC59A37BC7D856A7559DAD9711B3E null -1 /myProject/js/pie_arrests.js?v=1546829942100 NO-BLD
19/01/07 11:59:02.471 071 W1 <U> GUEST D83FC59A37BC7D856A7559DAD9711B3E null -1 /myProject/js/korea_map.js?v=1546829942100 NO-BLD
19/01/07 11:59:02.506 066 W1 <U> GUEST D83FC59A37BC7D856A7559DAD9711B3E null -1 /myProject/js/line.js?v=1546829942100 NO-BLD
19/01/07 11:59:04.039 068 W1 <U> GUEST D83FC59A37BC7D856A7559DAD9711B3E null -1 /myProject/webponent/chart2.0/sample/chart/img/tooltip_arrow.png NO-BLD
19/01/07 11:59:06.772 067 W1 <U> GUEST D83FC59A37BC7D856A7559DAD9711B3E null -1 /myProject/main.jsp NO-BLD
19/01/07 11:59:11.626 068 W1 <U> GUEST D83FC59A37BC7D856A7559DAD9711B3E null -1 /myProject/list.jsp NO-BLD
19/01/07 11:59:12.056 067 W1 <U> GUEST D83FC59A37BC7D856A7559DAD9711B3E null -1 /myProject/css/mystyle.css?v=1546829951625 NO-BLD
19/01/07 11:59:12.095 070 W1 <U> GUEST D83FC59A37BC7D856A7559DAD9711B3E null -1 /myProject/js/pie_period.js?v=1546829951625 NO-BLD
19/01/07 11:59:12.095 070 W1 <U> GUEST D83FC59A37BC7D856A7559DAD9711B3E null -1 /myProject/js/pie_arrests.js?v=1546829951625 NO-BLD
19/01/07 11:59:12.593 066 W1 <U> GUEST D83FC59A37BC7D856A7559DAD9711B3E null -1 /myProject/js/korea_map.js?v=1546829951625 NO-BLD
19/01/07 11:59:12.649 069 W1 <U> GUEST D83FC59A37BC7D856A7559DAD9711B3E null -1 /myProject/js/line.js?v=1546829951625 NO-BLD
19/01/07 11:59:38.605 070 W1 <U> GUEST D83FC59A37BC7D856A7559DAD9711B3E null -1 /myProject/webponent/chart2.0/sample/chart/img/tooltip_arrow.png NO-BLD
19/01/07 12:01:22.802 073 W1 <U> GUEST D83FC59A37BC7D856A7559DAD9711B3E null -1 /myProject/main.jsp NO-BLD
19/01/07 12:03:58.167 066 W1 <U> GUEST D83FC59A37BC7D856A7559DAD9711B3E null -1 /myProject/list.jsp NO-BLD
19/01/07 12:03:58.220 073 W1 <U> GUEST D83FC59A37BC7D856A7559DAD9711B3E null -1 /myProject/css/mystyle.css?v=1546830238166 NO-BLD
19/01/07 12:03:58.270 071 W1 <U> GUEST D83FC59A37BC7D856A7559DAD9711B3E null -1 /myProject/js/pie_period.js?v=1546830238166 NO-BLD
19/01/07 12:03:58.272 070 W1 <U> GUEST D83FC59A37BC7D856A7559DAD9711B3E null -1 /myProject/js/pie_arrests.js?v=1546830238166 NO-BLD
19/01/07 12:03:58.394 070 W1 <U> GUEST D83FC59A37BC7D856A7559DAD9711B3E null -1 /myProject/js/korea_map.js?v=1546830238166 NO-BLD
19/01/07 12:03:58.404 073 W1 <U> GUEST D83FC59A37BC7D856A7559DAD9711B3E null -1 /myProject/js/line.js?v=1546830238166 NO-BLD
19/01/07 12:04:00.797 070 W1 <U> GUEST D83FC59A37BC7D856A7559DAD9711B3E null -1 /myProject/main.jsp NO-BLD
19/01/07 12:04:02.196 067 W1 <U> GUEST D83FC59A37BC7D856A7559DAD9711B3E null -1 /myProject/bar_month.jsp NO-BLD
19/01/07 12:04:02.283 068 W1 <U> GUEST D83FC59A37BC7D856A7559DAD9711B3E null -1 /myProject/css/mystyle.css?v=1546830242196 NO-BLD
19/01/07 12:04:02.327 066 W1 <U> GUEST D83FC59A37BC7D856A7559DAD9711B3E null -1 /myProject/js/bar_month.js?v=1546830242196 NO-BLD
19/01/07 12:04:02.383 068 W1 <U> GUEST D83FC59A37BC7D856A7559DAD9711B3E null -1 /myProject/js/grid.js?v=1546830242196 NO-BLD
19/01/07 12:04:04.418 071 W1 <U> GUEST D83FC59A37BC7D856A7559DAD9711B3E null -1 /myProject/webponent/chart2.0/sample/chart/img/tooltip_arrow.png NO-BLD
19/01/07 12:04:12.087 070 W1 <U> GUEST D83FC59A37BC7D856A7559DAD9711B3E null -1 /myProject/main.jsp NO-BLD
19/01/07 13:29:35.771 069 W1 <U> GUEST C1DF93B9047B0E3FB87A17F0C558D578 null -1 /myProject/list.jsp NO-BLD
19/01/07 13:29:36.200 073 W1 <U> GUEST C1DF93B9047B0E3FB87A17F0C558D578 null -1 /myProject/css/mystyle.css?v=1546835375770 NO-BLD
19/01/07 13:29:37.515 070 W1 <U> GUEST C1DF93B9047B0E3FB87A17F0C558D578 null -1 /myProject/js/pie_period.js?v=1546835375770 NO-BLD
19/01/07 13:29:37.651 073 W1 <U> GUEST C1DF93B9047B0E3FB87A17F0C558D578 null -1 /myProject/js/pie_arrests.js?v=1546835375770 NO-BLD
19/01/07 13:29:37.661 069 W1 <U> GUEST C1DF93B9047B0E3FB87A17F0C558D578 null -1 /myProject/js/korea_map.js?v=1546835375770 NO-BLD
19/01/07 13:29:37.664 067 W1 <U> GUEST C1DF93B9047B0E3FB87A17F0C558D578 null -1 /myProject/js/line.js?v=1546835375770 NO-BLD
19/01/07 13:30:10.453 073 W1 <U> GUEST C1DF93B9047B0E3FB87A17F0C558D578 null -1 /myProject/webponent/chart2.0/sample/chart/img/tooltip_arrow.png NO-BLD
19/01/07 13:30:56.638 067 W1 <U> GUEST C1DF93B9047B0E3FB87A17F0C558D578 null -1 /myProject/main.jsp NO-BLD
19/01/07 13:30:58.733 071 W1 <U> GUEST C1DF93B9047B0E3FB87A17F0C558D578 null -1 /myProject/bar_month.jsp NO-BLD
19/01/07 13:30:58.811 070 W1 <U> GUEST C1DF93B9047B0E3FB87A17F0C558D578 null -1 /myProject/css/mystyle.css?v=1546835458732 NO-BLD
19/01/07 13:30:59.128 072 W1 <U> GUEST C1DF93B9047B0E3FB87A17F0C558D578 null -1 /myProject/js/bar_month.js?v=1546835458732 NO-BLD
19/01/07 13:30:59.133 067 W1 <U> GUEST C1DF93B9047B0E3FB87A17F0C558D578 null -1 /myProject/js/grid.js?v=1546835458732 NO-BLD
19/01/07 13:30:59.906 067 W1 <U> GUEST C1DF93B9047B0E3FB87A17F0C558D578 null -1 /myProject/webponent/chart2.0/sample/chart/img/tooltip_arrow.png NO-BLD
19/01/07 13:31:37.184 073 W1 <U> GUEST C1DF93B9047B0E3FB87A17F0C558D578 null -1 /myProject/main.jsp NO-BLD
19/01/07 13:31:52.692 070 W1 <U> GUEST C1DF93B9047B0E3FB87A17F0C558D578 null -1 /myProject/list.jsp NO-BLD
19/01/07 13:31:52.818 071 W1 <U> GUEST C1DF93B9047B0E3FB87A17F0C558D578 null -1 /myProject/css/mystyle.css?v=1546835512692 NO-BLD
19/01/07 13:31:53.075 073 W1 <U> GUEST C1DF93B9047B0E3FB87A17F0C558D578 null -1 /myProject/js/pie_period.js?v=1546835512692 NO-BLD
19/01/07 13:31:53.075 073 W1 <U> GUEST C1DF93B9047B0E3FB87A17F0C558D578 null -1 /myProject/js/pie_arrests.js?v=1546835512692 NO-BLD
19/01/07 13:31:53.089 072 W1 <U> GUEST C1DF93B9047B0E3FB87A17F0C558D578 null -1 /myProject/js/korea_map.js?v=1546835512692 NO-BLD
19/01/07 13:31:53.194 072 W1 <U> GUEST C1DF93B9047B0E3FB87A17F0C558D578 null -1 /myProject/js/line.js?v=1546835512692 NO-BLD
19/01/07 13:31:55.183 068 W1 <U> GUEST C1DF93B9047B0E3FB87A17F0C558D578 null -1 /myProject/webponent/chart2.0/sample/chart/img/tooltip_arrow.png NO-BLD
19/01/07 13:32:08.274 067 W1 <U> GUEST C1DF93B9047B0E3FB87A17F0C558D578 null -1 /myProject/main.jsp NO-BLD
19/01/07 13:32:10.240 071 W1 <U> GUEST C1DF93B9047B0E3FB87A17F0C558D578 null -1 /myProject/bar_month.jsp NO-BLD
19/01/07 13:32:10.293 068 W1 <U> GUEST C1DF93B9047B0E3FB87A17F0C558D578 null -1 /myProject/css/mystyle.css?v=1546835530239 NO-BLD
19/01/07 13:32:10.361 069 W1 <U> GUEST C1DF93B9047B0E3FB87A17F0C558D578 null -1 /myProject/js/bar_month.js?v=1546835530239 NO-BLD
19/01/07 13:32:10.362 068 W1 <U> GUEST C1DF93B9047B0E3FB87A17F0C558D578 null -1 /myProject/js/grid.js?v=1546835530239 NO-BLD
19/01/07 13:32:11.243 073 W1 <U> GUEST C1DF93B9047B0E3FB87A17F0C558D578 null -1 /myProject/webponent/chart2.0/sample/chart/img/tooltip_arrow.png NO-BLD
19/01/07 13:32:21.175 066 W1 <U> GUEST C1DF93B9047B0E3FB87A17F0C558D578 null -1 /myProject/main.jsp NO-BLD
19/01/07 13:32:30.178 068 W1 <U> GUEST C1DF93B9047B0E3FB87A17F0C558D578 null -1 /myProject/bar_month.jsp NO-BLD
19/01/07 13:32:30.212 067 W1 <U> GUEST C1DF93B9047B0E3FB87A17F0C558D578 null -1 /myProject/css/mystyle.css?v=1546835550178 NO-BLD
19/01/07 13:32:30.268 067 W1 <U> GUEST C1DF93B9047B0E3FB87A17F0C558D578 null -1 /myProject/js/bar_month.js?v=1546835550178 NO-BLD
19/01/07 13:32:30.286 073 W1 <U> GUEST C1DF93B9047B0E3FB87A17F0C558D578 null -1 /myProject/js/grid.js?v=1546835550178 NO-BLD
19/01/07 13:32:32.461 071 W1 <U> GUEST C1DF93B9047B0E3FB87A17F0C558D578 null -1 /myProject/webponent/chart2.0/sample/chart/img/tooltip_arrow.png NO-BLD
19/01/07 13:37:05.514 066 W1 <U> GUEST C1DF93B9047B0E3FB87A17F0C558D578 null -1 /myProject/main.jsp NO-BLD
19/01/07 13:37:07.243 067 W1 <U> GUEST C1DF93B9047B0E3FB87A17F0C558D578 null -1 /myProject/list.jsp NO-BLD
19/01/07 13:37:07.284 070 W1 <U> GUEST C1DF93B9047B0E3FB87A17F0C558D578 null -1 /myProject/css/mystyle.css?v=1546835827243 NO-BLD
19/01/07 13:37:07.323 068 W1 <U> GUEST C1DF93B9047B0E3FB87A17F0C558D578 null -1 /myProject/js/pie_period.js?v=1546835827243 NO-BLD
19/01/07 13:37:07.408 068 W1 <U> GUEST C1DF93B9047B0E3FB87A17F0C558D578 null -1 /myProject/js/pie_arrests.js?v=1546835827243 NO-BLD
19/01/07 13:37:07.413 071 W1 <U> GUEST C1DF93B9047B0E3FB87A17F0C558D578 null -1 /myProject/js/korea_map.js?v=1546835827243 NO-BLD
19/01/07 13:37:07.422 067 W1 <U> GUEST C1DF93B9047B0E3FB87A17F0C558D578 null -1 /myProject/js/line.js?v=1546835827243 NO-BLD
19/01/07 13:39:16.173 072 W1 <U> GUEST C1DF93B9047B0E3FB87A17F0C558D578 null -1 /myProject/webponent/chart2.0/sample/chart/img/tooltip_arrow.png NO-BLD
