19/01/03 10:34:40.875 067 W1 <U> GUEST 174CB631A2F5722E006AC362C7192BEF null -1 /myProject/main.jsp NO-BLD
19/01/03 10:34:44.428 072 W1 <U> GUEST 174CB631A2F5722E006AC362C7192BEF null -1 /myProject/list.jsp NO-BLD
19/01/03 10:34:44.515 068 W1 <U> GUEST 174CB631A2F5722E006AC362C7192BEF null -1 /myProject/webponent.licenseKey.js NO-BLD
19/01/03 10:34:44.515 068 W1 <U> GUEST 174CB631A2F5722E006AC362C7192BEF null -1 /myProject/css/mystyle.css?v=1546479284428 NO-BLD
19/01/03 10:34:44.699 072 W1 <U> GUEST 174CB631A2F5722E006AC362C7192BEF null -1 /myProject/js/pie_period.js?v=1546479284428 NO-BLD
19/01/03 10:34:44.703 068 W1 <U> GUEST 174CB631A2F5722E006AC362C7192BEF null -1 /myProject/css/clipart2431071.png NO-BLD
19/01/03 10:34:44.850 073 W1 <U> GUEST 174CB631A2F5722E006AC362C7192BEF null -1 /myProject/js/pie_arrests.js?v=1546479284428 NO-BLD
19/01/03 10:34:44.859 066 W1 <U> GUEST 174CB631A2F5722E006AC362C7192BEF null -1 /myProject/js/korea_map.js?v=1546479284428 NO-BLD
19/01/03 10:34:44.871 068 W1 <U> GUEST 174CB631A2F5722E006AC362C7192BEF null -1 /myProject/js/line.js?v=1546479284428 NO-BLD
19/01/03 10:34:44.880 071 W1 <U> GUEST 174CB631A2F5722E006AC362C7192BEF null -1 /myProject/js/html2canvas.min.js NO-BLD
19/01/03 10:35:35.270 072 W1 <U> GUEST 99046968CEB8E5F71C0EEAF1FFDFF36C null -1 /myProject/list.jsp NO-BLD
19/01/03 10:35:35.298 066 W1 <U> GUEST 99046968CEB8E5F71C0EEAF1FFDFF36C null -1 /myProject/webponent.licenseKey.js NO-BLD
19/01/03 10:35:35.316 073 W1 <U> GUEST 99046968CEB8E5F71C0EEAF1FFDFF36C null -1 /myProject/css/mystyle.css?v=1546479335269 NO-BLD
19/01/03 10:35:35.697 072 W1 <U> GUEST 99046968CEB8E5F71C0EEAF1FFDFF36C null -1 /myProject/js/pie_period.js?v=1546479335269 NO-BLD
19/01/03 10:35:35.697 069 W1 <U> GUEST 99046968CEB8E5F71C0EEAF1FFDFF36C null -1 /myProject/js/pie_arrests.js?v=1546479335269 NO-BLD
19/01/03 10:35:35.702 068 W1 <U> GUEST 99046968CEB8E5F71C0EEAF1FFDFF36C null -1 /myProject/js/korea_map.js?v=1546479335269 NO-BLD
19/01/03 10:35:35.707 071 W1 <U> GUEST 99046968CEB8E5F71C0EEAF1FFDFF36C null -1 /myProject/js/line.js?v=1546479335269 NO-BLD
19/01/03 10:35:35.709 072 W1 <U> GUEST 99046968CEB8E5F71C0EEAF1FFDFF36C null -1 /myProject/js/html2canvas.min.js NO-BLD
19/01/03 10:35:35.766 066 W1 <U> GUEST 99046968CEB8E5F71C0EEAF1FFDFF36C null -1 /myProject/css/clipart2431071.png NO-BLD
19/01/03 10:36:18.684 066 W1 <U> GUEST 99046968CEB8E5F71C0EEAF1FFDFF36C null -1 /myProject/css/mystyle.css?v=1546479335269 NO-BLD
19/01/03 11:18:05.642 070 W1 <U> GUEST 174CB631A2F5722E006AC362C7192BEF null -1 /myProject/webponent/chart2.0/sample/chart/img/tooltip_arrow.png NO-BLD
19/01/03 12:43:42.428 068 W1 <U> GUEST 2068A31002EB39193E53717B0F7F23C3 null -1 /myProject/main.jsp NO-BLD
19/01/03 12:43:43.935 071 W1 <U> GUEST 2068A31002EB39193E53717B0F7F23C3 null -1 /myProject/bar_month.jsp NO-BLD
19/01/03 12:43:44.031 072 W1 <U> GUEST 2068A31002EB39193E53717B0F7F23C3 null -1 /myProject/css/mystyle.css?v=1546487023934 NO-BLD
19/01/03 12:43:44.099 070 W1 <U> GUEST 2068A31002EB39193E53717B0F7F23C3 null -1 /myProject/js/bar_month.js?v=1546487023934 NO-BLD
19/01/03 12:43:44.136 066 W1 <U> GUEST 2068A31002EB39193E53717B0F7F23C3 null -1 /myProject/js/grid.js?v=1546487023934 NO-BLD
19/01/03 12:43:45.130 068 W1 <U> GUEST 2068A31002EB39193E53717B0F7F23C3 null -1 /myProject/webponent/chart2.0/sample/chart/img/tooltip_arrow.png NO-BLD
19/01/03 12:43:47.602 070 W1 <U> GUEST 2068A31002EB39193E53717B0F7F23C3 null -1 /myProject/bar_month.jsp NO-BLD
19/01/03 12:43:47.697 068 W1 <U> GUEST 2068A31002EB39193E53717B0F7F23C3 null -1 /myProject/css/mystyle.css?v=1546487027600 NO-BLD
19/01/03 12:43:47.697 068 W1 <U> GUEST 2068A31002EB39193E53717B0F7F23C3 null -1 /myProject/js/bar_month.js?v=1546487027600 NO-BLD
19/01/03 12:43:47.697 068 W1 <U> GUEST 2068A31002EB39193E53717B0F7F23C3 null -1 /myProject/js/grid.js?v=1546487027600 NO-BLD
19/01/03 12:43:51.728 072 W1 <U> GUEST 2068A31002EB39193E53717B0F7F23C3 null -1 /myProject/webponent/chart2.0/sample/chart/img/tooltip_arrow.png NO-BLD
19/01/03 13:19:49.775 068 W1 <U> GUEST 2068A31002EB39193E53717B0F7F23C3 null -1 /myProject/webponent/chart2.0/sample/chart/img/tooltip_arrow.png NO-BLD
19/01/03 13:19:53.982 073 W1 <U> GUEST 2068A31002EB39193E53717B0F7F23C3 null -1 /myProject/main.jsp NO-BLD
19/01/03 13:40:55.831 066 W1 <U> GUEST 2068A31002EB39193E53717B0F7F23C3 null -1 /myProject/list.jsp NO-BLD
19/01/03 13:40:55.905 071 W1 <U> GUEST 2068A31002EB39193E53717B0F7F23C3 null -1 /myProject/css/mystyle.css?v=1546490455830 NO-BLD
19/01/03 13:40:56.051 072 W1 <U> GUEST 2068A31002EB39193E53717B0F7F23C3 null -1 /myProject/js/pie_period.js?v=1546490455830 NO-BLD
19/01/03 13:40:56.174 066 W1 <U> GUEST 2068A31002EB39193E53717B0F7F23C3 null -1 /myProject/js/pie_arrests.js?v=1546490455830 NO-BLD
19/01/03 13:40:56.182 072 W1 <U> GUEST 2068A31002EB39193E53717B0F7F23C3 null -1 /myProject/js/korea_map.js?v=1546490455830 NO-BLD
19/01/03 13:40:56.204 071 W1 <U> GUEST 2068A31002EB39193E53717B0F7F23C3 null -1 /myProject/js/line.js?v=1546490455830 NO-BLD
19/01/03 13:40:59.647 068 W1 <U> GUEST 2068A31002EB39193E53717B0F7F23C3 null -1 /myProject/main.jsp NO-BLD
19/01/03 13:41:01.833 073 W1 <U> GUEST 2068A31002EB39193E53717B0F7F23C3 null -1 /myProject/list.jsp NO-BLD
19/01/03 13:41:01.901 067 W1 <U> GUEST 2068A31002EB39193E53717B0F7F23C3 null -1 /myProject/css/mystyle.css?v=1546490461833 NO-BLD
19/01/03 13:41:02.001 072 W1 <U> GUEST 2068A31002EB39193E53717B0F7F23C3 null -1 /myProject/js/pie_period.js?v=1546490461833 NO-BLD
19/01/03 13:41:02.026 069 W1 <U> GUEST 2068A31002EB39193E53717B0F7F23C3 null -1 /myProject/js/pie_arrests.js?v=1546490461833 NO-BLD
19/01/03 13:41:02.027 069 W1 <U> GUEST 2068A31002EB39193E53717B0F7F23C3 null -1 /myProject/js/korea_map.js?v=1546490461833 NO-BLD
19/01/03 13:41:02.111 067 W1 <U> GUEST 2068A31002EB39193E53717B0F7F23C3 null -1 /myProject/js/line.js?v=1546490461833 NO-BLD
19/01/03 13:41:27.520 072 W1 <U> GUEST 2068A31002EB39193E53717B0F7F23C3 null -1 /myProject/main.jsp NO-BLD
19/01/03 13:41:29.715 072 W1 <U> GUEST 2068A31002EB39193E53717B0F7F23C3 null -1 /myProject/bar_month.jsp NO-BLD
19/01/03 13:41:29.779 073 W1 <U> GUEST 2068A31002EB39193E53717B0F7F23C3 null -1 /myProject/css/mystyle.css?v=1546490489707 NO-BLD
19/01/03 13:41:29.891 068 W1 <U> GUEST 2068A31002EB39193E53717B0F7F23C3 null -1 /myProject/js/bar_month.js?v=1546490489707 NO-BLD
19/01/03 13:41:29.893 072 W1 <U> GUEST 2068A31002EB39193E53717B0F7F23C3 null -1 /myProject/js/grid.js?v=1546490489707 NO-BLD
19/01/03 13:41:31.005 068 W1 <U> GUEST 2068A31002EB39193E53717B0F7F23C3 null -1 /myProject/webponent/chart2.0/sample/chart/img/tooltip_arrow.png NO-BLD
19/01/03 13:42:05.469 070 W1 <U> GUEST 2068A31002EB39193E53717B0F7F23C3 null -1 /myProject/main.jsp NO-BLD
19/01/03 13:42:07.232 070 W1 <U> GUEST 2068A31002EB39193E53717B0F7F23C3 null -1 /myProject/list.jsp NO-BLD
19/01/03 13:42:07.303 073 W1 <U> GUEST 2068A31002EB39193E53717B0F7F23C3 null -1 /myProject/css/mystyle.css?v=1546490527231 NO-BLD
19/01/03 13:42:07.394 073 W1 <U> GUEST 2068A31002EB39193E53717B0F7F23C3 null -1 /myProject/js/pie_period.js?v=1546490527231 NO-BLD
19/01/03 13:42:07.406 072 W1 <U> GUEST 2068A31002EB39193E53717B0F7F23C3 null -1 /myProject/js/pie_arrests.js?v=1546490527231 NO-BLD
19/01/03 13:42:07.407 070 W1 <U> GUEST 2068A31002EB39193E53717B0F7F23C3 null -1 /myProject/js/korea_map.js?v=1546490527231 NO-BLD
19/01/03 13:42:07.504 069 W1 <U> GUEST 2068A31002EB39193E53717B0F7F23C3 null -1 /myProject/js/line.js?v=1546490527231 NO-BLD
19/01/03 13:42:13.482 069 W1 <U> GUEST 2068A31002EB39193E53717B0F7F23C3 null -1 /myProject/webponent/chart2.0/sample/chart/img/tooltip_arrow.png NO-BLD
19/01/03 13:42:20.587 069 W1 <U> GUEST 2068A31002EB39193E53717B0F7F23C3 null -1 /myProject/main.jsp NO-BLD
19/01/03 13:56:41.122 071 W1 <U> GUEST A97AE64A977D106FE1B04EBDC94DB75F null -1 /myProject/webponent/chart2.0/sample/chart/img/tooltip_arrow.png NO-BLD
19/01/03 13:56:51.380 071 W1 <U> GUEST A97AE64A977D106FE1B04EBDC94DB75F null -1 /myProject/main.jsp NO-BLD
19/01/03 13:56:54.350 066 W1 <U> GUEST A97AE64A977D106FE1B04EBDC94DB75F null -1 /myProject/list.jsp NO-BLD
19/01/03 13:56:54.416 068 W1 <U> GUEST A97AE64A977D106FE1B04EBDC94DB75F null -1 /myProject/webponent.licenseKey.js NO-BLD
19/01/03 13:56:54.421 072 W1 <U> GUEST A97AE64A977D106FE1B04EBDC94DB75F null -1 /myProject/css/mystyle.css?v=1546491414350 NO-BLD
19/01/03 13:56:54.472 066 W1 <U> GUEST A97AE64A977D106FE1B04EBDC94DB75F null -1 /myProject/js/pie_period.js?v=1546491414350 NO-BLD
19/01/03 13:56:54.472 066 W1 <U> GUEST A97AE64A977D106FE1B04EBDC94DB75F null -1 /myProject/css/clipart2431071.png NO-BLD
19/01/03 13:56:54.552 066 W1 <U> GUEST A97AE64A977D106FE1B04EBDC94DB75F null -1 /myProject/js/pie_arrests.js?v=1546491414350 NO-BLD
19/01/03 13:56:54.646 071 W1 <U> GUEST A97AE64A977D106FE1B04EBDC94DB75F null -1 /myProject/js/korea_map.js?v=1546491414350 NO-BLD
19/01/03 13:56:54.650 068 W1 <U> GUEST A97AE64A977D106FE1B04EBDC94DB75F null -1 /myProject/js/line.js?v=1546491414350 NO-BLD
19/01/03 13:56:54.721 066 W1 <U> GUEST A97AE64A977D106FE1B04EBDC94DB75F null -1 /myProject/js/html2canvas.min.js NO-BLD
19/01/03 13:57:01.472 072 W1 <U> GUEST A97AE64A977D106FE1B04EBDC94DB75F null -1 /myProject/webponent/chart2.0/sample/chart/img/tooltip_arrow.png NO-BLD
19/01/03 14:50:57.400 067 W1 <U> GUEST 39ED871A9C331FB0225983BC4995C7A2 null -1 /myProject/bar_month.jsp NO-BLD
19/01/03 14:50:57.463 072 W1 <U> GUEST 39ED871A9C331FB0225983BC4995C7A2 null -1 /myProject/css/mystyle.css?v=1546494657400 NO-BLD
19/01/03 14:50:57.602 071 W1 <U> GUEST 39ED871A9C331FB0225983BC4995C7A2 null -1 /myProject/js/bar_month.js?v=1546494657400 NO-BLD
19/01/03 14:50:57.631 073 W1 <U> GUEST 39ED871A9C331FB0225983BC4995C7A2 null -1 /myProject/js/grid.js?v=1546494657400 NO-BLD
19/01/03 14:50:58.523 066 W1 <U> GUEST 39ED871A9C331FB0225983BC4995C7A2 null -1 /myProject/webponent/chart2.0/sample/chart/img/tooltip_arrow.png NO-BLD
19/01/03 14:51:09.314 069 W1 <U> GUEST 39ED871A9C331FB0225983BC4995C7A2 null -1 /myProject/main.jsp NO-BLD
19/01/03 14:51:10.012 066 W1 <U> GUEST 39ED871A9C331FB0225983BC4995C7A2 null -1 /myProject/list.jsp NO-BLD
19/01/03 14:51:10.070 066 W1 <U> GUEST 39ED871A9C331FB0225983BC4995C7A2 null -1 /myProject/css/mystyle.css?v=1546494670012 NO-BLD
19/01/03 14:51:10.086 067 W1 <U> GUEST 39ED871A9C331FB0225983BC4995C7A2 null -1 /myProject/js/pie_period.js?v=1546494670012 NO-BLD
19/01/03 14:51:10.127 072 W1 <U> GUEST 39ED871A9C331FB0225983BC4995C7A2 null -1 /myProject/js/pie_arrests.js?v=1546494670012 NO-BLD
19/01/03 14:51:10.227 066 W1 <U> GUEST 39ED871A9C331FB0225983BC4995C7A2 null -1 /myProject/js/korea_map.js?v=1546494670012 NO-BLD
19/01/03 14:51:10.228 070 W1 <U> GUEST 39ED871A9C331FB0225983BC4995C7A2 null -1 /myProject/js/line.js?v=1546494670012 NO-BLD
19/01/03 14:52:20.908 067 W1 <U> GUEST 39ED871A9C331FB0225983BC4995C7A2 null -1 /myProject/main.jsp NO-BLD
19/01/03 14:52:22.196 066 W1 <U> GUEST 39ED871A9C331FB0225983BC4995C7A2 null -1 /myProject/list.jsp NO-BLD
19/01/03 14:52:23.099 073 W1 <U> GUEST 39ED871A9C331FB0225983BC4995C7A2 null -1 /myProject/list.jsp NO-BLD
19/01/03 14:52:23.165 069 W1 <U> GUEST 39ED871A9C331FB0225983BC4995C7A2 null -1 /myProject/css/mystyle.css?v=1546494743096 NO-BLD
19/01/03 14:52:23.298 070 W1 <U> GUEST 39ED871A9C331FB0225983BC4995C7A2 null -1 /myProject/js/pie_period.js?v=1546494743096 NO-BLD
19/01/03 14:52:23.386 067 W1 <U> GUEST 39ED871A9C331FB0225983BC4995C7A2 null -1 /myProject/js/pie_arrests.js?v=1546494743096 NO-BLD
19/01/03 14:52:23.392 072 W1 <U> GUEST 39ED871A9C331FB0225983BC4995C7A2 null -1 /myProject/js/korea_map.js?v=1546494743096 NO-BLD
19/01/03 14:52:23.406 071 W1 <U> GUEST 39ED871A9C331FB0225983BC4995C7A2 null -1 /myProject/js/line.js?v=1546494743096 NO-BLD
19/01/03 14:52:57.995 071 W1 <U> GUEST 39ED871A9C331FB0225983BC4995C7A2 null -1 /myProject/list.jsp NO-BLD
19/01/03 14:52:58.065 068 W1 <U> GUEST 39ED871A9C331FB0225983BC4995C7A2 null -1 /myProject/css/mystyle.css?v=1546494777993 NO-BLD
19/01/03 14:52:58.075 073 W1 <U> GUEST 39ED871A9C331FB0225983BC4995C7A2 null -1 /myProject/js/pie_period.js?v=1546494777993 NO-BLD
19/01/03 14:52:58.075 073 W1 <U> GUEST 39ED871A9C331FB0225983BC4995C7A2 null -1 /myProject/js/pie_arrests.js?v=1546494777993 NO-BLD
19/01/03 14:52:58.115 068 W1 <U> GUEST 39ED871A9C331FB0225983BC4995C7A2 null -1 /myProject/js/korea_map.js?v=1546494777993 NO-BLD
19/01/03 14:52:58.115 068 W1 <U> GUEST 39ED871A9C331FB0225983BC4995C7A2 null -1 /myProject/js/line.js?v=1546494777993 NO-BLD
19/01/03 14:56:07.759 069 W1 <U> GUEST 39ED871A9C331FB0225983BC4995C7A2 null -1 /myProject/list.jsp NO-BLD
19/01/03 14:56:07.841 067 W1 <U> GUEST 39ED871A9C331FB0225983BC4995C7A2 null -1 /myProject/js/pie_period.js?v=1546494967758 NO-BLD
19/01/03 14:56:07.841 067 W1 <U> GUEST 39ED871A9C331FB0225983BC4995C7A2 null -1 /myProject/js/pie_arrests.js?v=1546494967758 NO-BLD
19/01/03 14:56:07.841 067 W1 <U> GUEST 39ED871A9C331FB0225983BC4995C7A2 null -1 /myProject/css/mystyle.css?v=1546494967758 NO-BLD
19/01/03 14:56:07.917 070 W1 <U> GUEST 39ED871A9C331FB0225983BC4995C7A2 null -1 /myProject/js/line.js?v=1546494967758 NO-BLD
19/01/03 14:56:07.917 070 W1 <U> GUEST 39ED871A9C331FB0225983BC4995C7A2 null -1 /myProject/js/korea_map.js?v=1546494967758 NO-BLD
19/01/03 14:56:15.981 069 W1 <U> GUEST 39ED871A9C331FB0225983BC4995C7A2 null -1 /myProject/webponent/chart2.0/sample/chart/img/tooltip_arrow.png NO-BLD
19/01/03 14:56:24.003 073 W1 <U> GUEST 39ED871A9C331FB0225983BC4995C7A2 null -1 /myProject/main.jsp NO-BLD
19/01/03 14:56:25.133 072 W1 <U> GUEST 39ED871A9C331FB0225983BC4995C7A2 null -1 /myProject/bar_month.jsp NO-BLD
19/01/03 14:56:25.194 071 W1 <U> GUEST 39ED871A9C331FB0225983BC4995C7A2 null -1 /myProject/css/mystyle.css?v=1546494985133 NO-BLD
19/01/03 14:56:25.217 072 W1 <U> GUEST 39ED871A9C331FB0225983BC4995C7A2 null -1 /myProject/js/bar_month.js?v=1546494985133 NO-BLD
19/01/03 14:56:25.260 069 W1 <U> GUEST 39ED871A9C331FB0225983BC4995C7A2 null -1 /myProject/js/grid.js?v=1546494985133 NO-BLD
19/01/03 14:56:25.813 069 W1 <U> GUEST 39ED871A9C331FB0225983BC4995C7A2 null -1 /myProject/webponent/chart2.0/sample/chart/img/tooltip_arrow.png NO-BLD
19/01/03 14:56:48.934 071 W1 <U> GUEST 39ED871A9C331FB0225983BC4995C7A2 null -1 /myProject/main.jsp NO-BLD
19/01/03 14:56:50.229 071 W1 <U> GUEST 39ED871A9C331FB0225983BC4995C7A2 null -1 /myProject/list.jsp NO-BLD
19/01/03 14:56:50.308 070 W1 <U> GUEST 39ED871A9C331FB0225983BC4995C7A2 null -1 /myProject/css/mystyle.css?v=1546495010228 NO-BLD
19/01/03 14:56:50.318 073 W1 <U> GUEST 39ED871A9C331FB0225983BC4995C7A2 null -1 /myProject/js/pie_period.js?v=1546495010228 NO-BLD
19/01/03 14:56:50.376 067 W1 <U> GUEST 39ED871A9C331FB0225983BC4995C7A2 null -1 /myProject/js/pie_arrests.js?v=1546495010228 NO-BLD
19/01/03 14:56:50.385 070 W1 <U> GUEST 39ED871A9C331FB0225983BC4995C7A2 null -1 /myProject/js/korea_map.js?v=1546495010228 NO-BLD
19/01/03 14:56:50.388 073 W1 <U> GUEST 39ED871A9C331FB0225983BC4995C7A2 null -1 /myProject/js/line.js?v=1546495010228 NO-BLD
19/01/03 14:57:20.701 067 W1 <U> GUEST 6A5012D7B327B50E3371ABB2EC5554C7 null -1 /myProject/main.jsp NO-BLD
19/01/03 14:57:22.582 068 W1 <U> GUEST 6A5012D7B327B50E3371ABB2EC5554C7 null -1 /myProject/list.jsp NO-BLD
19/01/03 14:57:22.618 072 W1 <U> GUEST 6A5012D7B327B50E3371ABB2EC5554C7 null -1 /myProject/css/mystyle.css?v=1546495042581 NO-BLD
19/01/03 14:57:22.648 073 W1 <U> GUEST 6A5012D7B327B50E3371ABB2EC5554C7 null -1 /myProject/js/pie_period.js?v=1546495042581 NO-BLD
19/01/03 14:57:22.648 073 W1 <U> GUEST 6A5012D7B327B50E3371ABB2EC5554C7 null -1 /myProject/js/pie_arrests.js?v=1546495042581 NO-BLD
19/01/03 14:57:22.746 072 W1 <U> GUEST 6A5012D7B327B50E3371ABB2EC5554C7 null -1 /myProject/js/line.js?v=1546495042581 NO-BLD
19/01/03 14:57:22.746 072 W1 <U> GUEST 6A5012D7B327B50E3371ABB2EC5554C7 null -1 /myProject/js/korea_map.js?v=1546495042581 NO-BLD
19/01/03 15:04:41.945 067 W1 <U> GUEST 6A5012D7B327B50E3371ABB2EC5554C7 null -1 /myProject/list.jsp NO-BLD
19/01/03 15:04:42.089 070 W1 <U> GUEST 6A5012D7B327B50E3371ABB2EC5554C7 null -1 /myProject/css/mystyle.css?v=1546495481929 NO-BLD
19/01/03 15:04:42.099 066 W1 <U> GUEST 6A5012D7B327B50E3371ABB2EC5554C7 null -1 /myProject/js/pie_period.js?v=1546495481929 NO-BLD
19/01/03 15:04:42.099 066 W1 <U> GUEST 6A5012D7B327B50E3371ABB2EC5554C7 null -1 /myProject/js/pie_arrests.js?v=1546495481929 NO-BLD
19/01/03 15:04:42.142 070 W1 <U> GUEST 6A5012D7B327B50E3371ABB2EC5554C7 null -1 /myProject/js/korea_map.js?v=1546495481929 NO-BLD
19/01/03 15:04:42.150 069 W1 <U> GUEST 6A5012D7B327B50E3371ABB2EC5554C7 null -1 /myProject/js/line.js?v=1546495481929 NO-BLD
19/01/03 15:04:49.763 071 W1 <U> GUEST 6A5012D7B327B50E3371ABB2EC5554C7 null -1 /myProject/list.jsp NO-BLD
19/01/03 15:04:49.999 069 W1 <U> GUEST 6A5012D7B327B50E3371ABB2EC5554C7 null -1 /myProject/css/mystyle.css?v=1546495489762 NO-BLD
19/01/03 15:04:50.033 072 W1 <U> GUEST 6A5012D7B327B50E3371ABB2EC5554C7 null -1 /myProject/js/pie_period.js?v=1546495489762 NO-BLD
19/01/03 15:04:50.033 072 W1 <U> GUEST 6A5012D7B327B50E3371ABB2EC5554C7 null -1 /myProject/js/pie_arrests.js?v=1546495489762 NO-BLD
19/01/03 15:04:50.121 067 W1 <U> GUEST 6A5012D7B327B50E3371ABB2EC5554C7 null -1 /myProject/js/korea_map.js?v=1546495489762 NO-BLD
19/01/03 15:04:50.212 067 W1 <U> GUEST 6A5012D7B327B50E3371ABB2EC5554C7 null -1 /myProject/js/line.js?v=1546495489762 NO-BLD
19/01/03 15:04:50.577 073 W1 <U> GUEST 6A5012D7B327B50E3371ABB2EC5554C7 null -1 /myProject/main.jsp NO-BLD
19/01/03 15:04:52.268 073 W1 <U> GUEST 6A5012D7B327B50E3371ABB2EC5554C7 null -1 /myProject/list.jsp NO-BLD
19/01/03 15:04:52.474 073 W1 <U> GUEST 6A5012D7B327B50E3371ABB2EC5554C7 null -1 /myProject/css/mystyle.css?v=1546495492264 NO-BLD
19/01/03 15:04:52.474 073 W1 <U> GUEST 6A5012D7B327B50E3371ABB2EC5554C7 null -1 /myProject/js/pie_period.js?v=1546495492264 NO-BLD
19/01/03 15:04:52.474 073 W1 <U> GUEST 6A5012D7B327B50E3371ABB2EC5554C7 null -1 /myProject/js/pie_arrests.js?v=1546495492264 NO-BLD
19/01/03 15:04:52.564 072 W1 <U> GUEST 6A5012D7B327B50E3371ABB2EC5554C7 null -1 /myProject/js/korea_map.js?v=1546495492264 NO-BLD
19/01/03 15:04:52.739 073 W1 <U> GUEST 6A5012D7B327B50E3371ABB2EC5554C7 null -1 /myProject/js/line.js?v=1546495492264 NO-BLD
19/01/03 15:05:18.254 072 W1 <U> GUEST 6A5012D7B327B50E3371ABB2EC5554C7 null -1 /myProject/list.jsp NO-BLD
19/01/03 15:05:18.303 070 W1 <U> GUEST 6A5012D7B327B50E3371ABB2EC5554C7 null -1 /myProject/css/mystyle.css?v=1546495518253 NO-BLD
19/01/03 15:05:18.383 072 W1 <U> GUEST 6A5012D7B327B50E3371ABB2EC5554C7 null -1 /myProject/js/pie_period.js?v=1546495518253 NO-BLD
19/01/03 15:05:18.424 066 W1 <U> GUEST 6A5012D7B327B50E3371ABB2EC5554C7 null -1 /myProject/js/pie_arrests.js?v=1546495518253 NO-BLD
19/01/03 15:05:18.427 072 W1 <U> GUEST 6A5012D7B327B50E3371ABB2EC5554C7 null -1 /myProject/js/korea_map.js?v=1546495518253 NO-BLD
19/01/03 15:05:18.466 068 W1 <U> GUEST 6A5012D7B327B50E3371ABB2EC5554C7 null -1 /myProject/js/line.js?v=1546495518253 NO-BLD
19/01/03 15:05:23.870 071 W1 <U> GUEST 6A5012D7B327B50E3371ABB2EC5554C7 null -1 /myProject/list.jsp NO-BLD
19/01/03 15:05:23.933 072 W1 <U> GUEST 6A5012D7B327B50E3371ABB2EC5554C7 null -1 /myProject/css/mystyle.css?v=1546495523865 NO-BLD
19/01/03 15:05:24.010 072 W1 <U> GUEST 6A5012D7B327B50E3371ABB2EC5554C7 null -1 /myProject/js/pie_period.js?v=1546495523866 NO-BLD
19/01/03 15:05:24.010 072 W1 <U> GUEST 6A5012D7B327B50E3371ABB2EC5554C7 null -1 /myProject/js/pie_arrests.js?v=1546495523866 NO-BLD
19/01/03 15:05:24.081 072 W1 <U> GUEST 6A5012D7B327B50E3371ABB2EC5554C7 null -1 /myProject/js/korea_map.js?v=1546495523866 NO-BLD
19/01/03 15:05:24.081 073 W1 <U> GUEST 6A5012D7B327B50E3371ABB2EC5554C7 null -1 /myProject/js/line.js?v=1546495523866 NO-BLD
19/01/03 15:05:38.244 067 W1 <U> GUEST 6A5012D7B327B50E3371ABB2EC5554C7 null -1 /myProject/main.jsp NO-BLD
19/01/03 15:05:39.332 067 W1 <U> GUEST 6A5012D7B327B50E3371ABB2EC5554C7 null -1 /myProject/bar_month.jsp NO-BLD
19/01/03 15:05:39.375 068 W1 <U> GUEST 6A5012D7B327B50E3371ABB2EC5554C7 null -1 /myProject/css/mystyle.css?v=1546495539332 NO-BLD
19/01/03 15:05:39.450 067 W1 <U> GUEST 6A5012D7B327B50E3371ABB2EC5554C7 null -1 /myProject/js/bar_month.js?v=1546495539332 NO-BLD
19/01/03 15:05:39.484 071 W1 <U> GUEST 6A5012D7B327B50E3371ABB2EC5554C7 null -1 /myProject/js/grid.js?v=1546495539332 NO-BLD
19/01/03 15:05:39.972 067 W1 <U> GUEST 6A5012D7B327B50E3371ABB2EC5554C7 null -1 /myProject/webponent/chart2.0/sample/chart/img/tooltip_arrow.png NO-BLD
19/01/03 15:05:43.449 068 W1 <U> GUEST 6A5012D7B327B50E3371ABB2EC5554C7 null -1 /myProject/main.jsp NO-BLD
19/01/03 15:05:45.326 072 W1 <U> GUEST 6A5012D7B327B50E3371ABB2EC5554C7 null -1 /myProject/webponent/chart2.0/sample/chart/img/tooltip_arrow.png NO-BLD
19/01/03 15:24:46.815 067 W1 <U> GUEST 6A5012D7B327B50E3371ABB2EC5554C7 null -1 /myProject/list.jsp NO-BLD
19/01/03 15:24:46.847 070 W1 <U> GUEST 6A5012D7B327B50E3371ABB2EC5554C7 null -1 /myProject/css/mystyle.css?v=1546496686808 NO-BLD
19/01/03 15:24:46.904 073 W1 <U> GUEST 6A5012D7B327B50E3371ABB2EC5554C7 null -1 /myProject/js/pie_period.js?v=1546496686808 NO-BLD
19/01/03 15:24:46.953 070 W1 <U> GUEST 6A5012D7B327B50E3371ABB2EC5554C7 null -1 /myProject/js/pie_arrests.js?v=1546496686808 NO-BLD
19/01/03 15:24:46.953 070 W1 <U> GUEST 6A5012D7B327B50E3371ABB2EC5554C7 null -1 /myProject/js/korea_map.js?v=1546496686808 NO-BLD
19/01/03 15:24:46.985 067 W1 <U> GUEST 6A5012D7B327B50E3371ABB2EC5554C7 null -1 /myProject/js/line.js?v=1546496686808 NO-BLD
19/01/03 15:24:50.775 072 W1 <U> GUEST 6A5012D7B327B50E3371ABB2EC5554C7 null -1 /myProject/main.jsp NO-BLD
19/01/03 15:24:51.907 073 W1 <U> GUEST 6A5012D7B327B50E3371ABB2EC5554C7 null -1 /myProject/bar_month.jsp NO-BLD
19/01/03 15:24:51.930 066 W1 <U> GUEST 6A5012D7B327B50E3371ABB2EC5554C7 null -1 /myProject/css/mystyle.css?v=1546496691906 NO-BLD
19/01/03 15:24:51.985 073 W1 <U> GUEST 6A5012D7B327B50E3371ABB2EC5554C7 null -1 /myProject/js/bar_month.js?v=1546496691906 NO-BLD
19/01/03 15:24:52.006 066 W1 <U> GUEST 6A5012D7B327B50E3371ABB2EC5554C7 null -1 /myProject/js/grid.js?v=1546496691906 NO-BLD
19/01/03 15:24:52.952 067 W1 <U> GUEST 6A5012D7B327B50E3371ABB2EC5554C7 null -1 /myProject/webponent/chart2.0/sample/chart/img/tooltip_arrow.png NO-BLD
19/01/03 15:28:44.034 073 W1 <U> GUEST 6A5012D7B327B50E3371ABB2EC5554C7 null -1 /myProject/main.jsp NO-BLD
19/01/03 15:28:59.806 073 W1 <U> GUEST 6A5012D7B327B50E3371ABB2EC5554C7 null -1 /myProject/main.jsp NO-BLD
19/01/03 17:26:20.673 071 W1 <U> GUEST BA790F742E9A9A51C4BCE006BF72C2D9 null -1 /myProject/list.jsp NO-BLD
19/01/03 17:26:20.756 072 W1 <U> GUEST BA790F742E9A9A51C4BCE006BF72C2D9 null -1 /myProject/css/mystyle.css?v=1546503980672 NO-BLD
19/01/03 17:26:20.916 069 W1 <U> GUEST BA790F742E9A9A51C4BCE006BF72C2D9 null -1 /myProject/js/pie_period.js?v=1546503980672 NO-BLD
19/01/03 17:26:20.961 068 W1 <U> GUEST BA790F742E9A9A51C4BCE006BF72C2D9 null -1 /myProject/js/korea_map.js?v=1546503980672 NO-BLD
19/01/03 17:26:20.966 073 W1 <U> GUEST BA790F742E9A9A51C4BCE006BF72C2D9 null -1 /myProject/js/pie_arrests.js?v=1546503980672 NO-BLD
19/01/03 17:26:21.097 072 W1 <U> GUEST BA790F742E9A9A51C4BCE006BF72C2D9 null -1 /myProject/js/line.js?v=1546503980672 NO-BLD
19/01/03 17:54:28.715 069 W1 <U> GUEST BA790F742E9A9A51C4BCE006BF72C2D9 null -1 /myProject/webponent/chart2.0/sample/chart/img/tooltip_arrow.png NO-BLD
