19/01/02 10:44:48.402 070 W1 <U> GUEST 887343544DA7D8E0699B605034FD2E59 null -1 /myProject/list.jsp NO-BLD
19/01/02 10:44:48.535 070 W1 <U> GUEST 887343544DA7D8E0699B605034FD2E59 null -1 /myProject/css/mystyle.css?v=1546393488399 NO-BLD
19/01/02 10:44:48.539 068 W1 <U> GUEST 887343544DA7D8E0699B605034FD2E59 null -1 /myProject/webponent.licenseKey.js NO-BLD
19/01/02 10:44:49.012 071 W1 <U> GUEST 887343544DA7D8E0699B605034FD2E59 null -1 /myProject/css/clipart2431071.png NO-BLD
19/01/02 10:44:49.012 072 W1 <U> GUEST 887343544DA7D8E0699B605034FD2E59 null -1 /myProject/js/pie_period.js?v=1546393488399 NO-BLD
19/01/02 10:44:49.176 071 W1 <U> GUEST 887343544DA7D8E0699B605034FD2E59 null -1 /myProject/js/pie_arrests.js?v=1546393488399 NO-BLD
19/01/02 10:44:49.183 066 W1 <U> GUEST 887343544DA7D8E0699B605034FD2E59 null -1 /myProject/js/korea_map.js?v=1546393488399 NO-BLD
19/01/02 10:44:49.187 070 W1 <U> GUEST 887343544DA7D8E0699B605034FD2E59 null -1 /myProject/js/line.js?v=1546393488399 NO-BLD
19/01/02 10:44:49.199 072 W1 <U> GUEST 887343544DA7D8E0699B605034FD2E59 null -1 /myProject/js/html2canvas.min.js NO-BLD
19/01/02 10:45:18.055 069 W1 <U> GUEST 887343544DA7D8E0699B605034FD2E59 null -1 /myProject/list.jsp NO-BLD
19/01/02 10:45:18.137 071 W1 <U> GUEST 887343544DA7D8E0699B605034FD2E59 null -1 /myProject/css/mystyle.css?v=1546393518055 NO-BLD
19/01/02 10:45:18.145 072 W1 <U> GUEST 887343544DA7D8E0699B605034FD2E59 null -1 /myProject/js/pie_arrests.js?v=1546393518055 NO-BLD
19/01/02 10:45:18.145 072 W1 <U> GUEST 887343544DA7D8E0699B605034FD2E59 null -1 /myProject/js/pie_period.js?v=1546393518055 NO-BLD
19/01/02 10:45:18.304 072 W1 <U> GUEST 887343544DA7D8E0699B605034FD2E59 null -1 /myProject/js/korea_map.js?v=1546393518055 NO-BLD
19/01/02 10:45:18.305 069 W1 <U> GUEST 887343544DA7D8E0699B605034FD2E59 null -1 /myProject/js/line.js?v=1546393518055 NO-BLD
19/01/02 10:45:42.602 067 W1 <U> GUEST 887343544DA7D8E0699B605034FD2E59 null -1 /myProject/list.jsp NO-BLD
19/01/02 10:45:42.676 071 W1 <U> GUEST 887343544DA7D8E0699B605034FD2E59 null -1 /myProject/css/mystyle.css?v=1546393542601 NO-BLD
19/01/02 10:45:42.676 071 W1 <U> GUEST 887343544DA7D8E0699B605034FD2E59 null -1 /myProject/js/pie_period.js?v=1546393542602 NO-BLD
19/01/02 10:45:42.676 071 W1 <U> GUEST 887343544DA7D8E0699B605034FD2E59 null -1 /myProject/js/pie_arrests.js?v=1546393542602 NO-BLD
19/01/02 10:45:42.747 069 W1 <U> GUEST 887343544DA7D8E0699B605034FD2E59 null -1 /myProject/js/korea_map.js?v=1546393542602 NO-BLD
19/01/02 10:45:42.748 073 W1 <U> GUEST 887343544DA7D8E0699B605034FD2E59 null -1 /myProject/js/line.js?v=1546393542602 NO-BLD
19/01/02 10:45:46.657 066 W1 <U> GUEST 887343544DA7D8E0699B605034FD2E59 null -1 /myProject/webponent/chart2.0/sample/chart/img/tooltip_arrow.png NO-BLD
19/01/02 10:45:49.570 072 W1 <U> GUEST 887343544DA7D8E0699B605034FD2E59 null -1 /myProject/webponent/chart2.0/sample/chart/img/tooltip_arrow.png NO-BLD
19/01/02 10:45:53.421 069 W1 <U> GUEST 887343544DA7D8E0699B605034FD2E59 null -1 /myProject/main.jsp NO-BLD
19/01/02 10:45:54.682 068 W1 <U> GUEST 887343544DA7D8E0699B605034FD2E59 null -1 /myProject/bar_month.jsp NO-BLD
19/01/02 10:45:54.738 073 W1 <U> GUEST 887343544DA7D8E0699B605034FD2E59 null -1 /myProject/css/mystyle.css?v=1546393554682 NO-BLD
19/01/02 10:45:54.775 066 W1 <U> GUEST 887343544DA7D8E0699B605034FD2E59 null -1 /myProject/js/bar_month.js?v=1546393554682 NO-BLD
19/01/02 10:45:54.775 066 W1 <U> GUEST 887343544DA7D8E0699B605034FD2E59 null -1 /myProject/js/grid.js?v=1546393554682 NO-BLD
19/01/02 10:45:55.320 071 W1 <U> GUEST 887343544DA7D8E0699B605034FD2E59 null -1 /myProject/webponent/chart2.0/sample/chart/img/tooltip_arrow.png NO-BLD
19/01/02 10:45:58.190 067 W1 <U> GUEST 887343544DA7D8E0699B605034FD2E59 null -1 /myProject/webponent/chart2.0/sample/chart/img/tooltip_arrow.png NO-BLD
19/01/02 10:46:22.858 068 W1 <U> GUEST 887343544DA7D8E0699B605034FD2E59 null -1 /myProject/main.jsp NO-BLD
19/01/02 10:46:23.580 066 W1 <U> GUEST 887343544DA7D8E0699B605034FD2E59 null -1 /myProject/list.jsp NO-BLD
19/01/02 10:46:23.659 073 W1 <U> GUEST 887343544DA7D8E0699B605034FD2E59 null -1 /myProject/css/mystyle.css?v=1546393583580 NO-BLD
19/01/02 10:46:23.692 068 W1 <U> GUEST 887343544DA7D8E0699B605034FD2E59 null -1 /myProject/js/pie_period.js?v=1546393583580 NO-BLD
19/01/02 10:46:23.730 073 W1 <U> GUEST 887343544DA7D8E0699B605034FD2E59 null -1 /myProject/js/pie_arrests.js?v=1546393583580 NO-BLD
19/01/02 10:46:23.743 066 W1 <U> GUEST 887343544DA7D8E0699B605034FD2E59 null -1 /myProject/js/line.js?v=1546393583580 NO-BLD
19/01/02 10:46:23.743 066 W1 <U> GUEST 887343544DA7D8E0699B605034FD2E59 null -1 /myProject/js/korea_map.js?v=1546393583580 NO-BLD
19/01/02 10:46:26.165 066 W1 <U> GUEST 887343544DA7D8E0699B605034FD2E59 null -1 /myProject/webponent/chart2.0/sample/chart/img/tooltip_arrow.png NO-BLD
19/01/02 10:46:28.251 071 W1 <U> GUEST 887343544DA7D8E0699B605034FD2E59 null -1 /myProject/webponent/chart2.0/sample/chart/img/tooltip_arrow.png NO-BLD
19/01/02 10:46:32.101 071 W1 <U> GUEST 887343544DA7D8E0699B605034FD2E59 null -1 /myProject/main.jsp NO-BLD
19/01/02 10:46:33.040 066 W1 <U> GUEST 887343544DA7D8E0699B605034FD2E59 null -1 /myProject/bar_month.jsp NO-BLD
19/01/02 10:46:33.113 067 W1 <U> GUEST 887343544DA7D8E0699B605034FD2E59 null -1 /myProject/css/mystyle.css?v=1546393593040 NO-BLD
19/01/02 10:46:33.156 073 W1 <U> GUEST 887343544DA7D8E0699B605034FD2E59 null -1 /myProject/js/bar_month.js?v=1546393593040 NO-BLD
19/01/02 10:46:33.241 068 W1 <U> GUEST 887343544DA7D8E0699B605034FD2E59 null -1 /myProject/js/grid.js?v=1546393593040 NO-BLD
19/01/02 10:46:39.482 070 W1 <U> GUEST 887343544DA7D8E0699B605034FD2E59 null -1 /myProject/main.jsp NO-BLD
19/01/02 10:46:41.537 071 W1 <U> GUEST 887343544DA7D8E0699B605034FD2E59 null -1 /myProject/list.jsp NO-BLD
19/01/02 10:46:41.612 072 W1 <U> GUEST 887343544DA7D8E0699B605034FD2E59 null -1 /myProject/css/mystyle.css?v=1546393601535 NO-BLD
19/01/02 10:46:41.655 072 W1 <U> GUEST 887343544DA7D8E0699B605034FD2E59 null -1 /myProject/js/pie_period.js?v=1546393601535 NO-BLD
19/01/02 10:46:41.726 072 W1 <U> GUEST 887343544DA7D8E0699B605034FD2E59 null -1 /myProject/js/pie_arrests.js?v=1546393601535 NO-BLD
19/01/02 10:46:41.730 069 W1 <U> GUEST 887343544DA7D8E0699B605034FD2E59 null -1 /myProject/js/korea_map.js?v=1546393601535 NO-BLD
19/01/02 10:46:41.808 072 W1 <U> GUEST 887343544DA7D8E0699B605034FD2E59 null -1 /myProject/js/line.js?v=1546393601535 NO-BLD
19/01/02 10:46:52.827 069 W1 <U> GUEST 887343544DA7D8E0699B605034FD2E59 null -1 /myProject/main.jsp NO-BLD
19/01/02 10:46:53.617 067 W1 <U> GUEST 887343544DA7D8E0699B605034FD2E59 null -1 /myProject/bar_month.jsp NO-BLD
19/01/02 10:46:53.680 070 W1 <U> GUEST 887343544DA7D8E0699B605034FD2E59 null -1 /myProject/css/mystyle.css?v=1546393613617 NO-BLD
19/01/02 10:46:53.785 070 W1 <U> GUEST 887343544DA7D8E0699B605034FD2E59 null -1 /myProject/js/bar_month.js?v=1546393613617 NO-BLD
19/01/02 10:46:53.835 070 W1 <U> GUEST 887343544DA7D8E0699B605034FD2E59 null -1 /myProject/js/grid.js?v=1546393613617 NO-BLD
19/01/02 10:46:59.209 073 W1 <U> GUEST 887343544DA7D8E0699B605034FD2E59 null -1 /myProject/main.jsp NO-BLD
19/01/02 10:47:00.418 070 W1 <U> GUEST 887343544DA7D8E0699B605034FD2E59 null -1 /myProject/list.jsp NO-BLD
19/01/02 10:47:00.480 067 W1 <U> GUEST 887343544DA7D8E0699B605034FD2E59 null -1 /myProject/css/mystyle.css?v=1546393620418 NO-BLD
19/01/02 10:47:00.534 069 W1 <U> GUEST 887343544DA7D8E0699B605034FD2E59 null -1 /myProject/js/pie_period.js?v=1546393620418 NO-BLD
19/01/02 10:47:00.534 069 W1 <U> GUEST 887343544DA7D8E0699B605034FD2E59 null -1 /myProject/js/pie_arrests.js?v=1546393620418 NO-BLD
19/01/02 10:47:00.754 066 W1 <U> GUEST 887343544DA7D8E0699B605034FD2E59 null -1 /myProject/js/korea_map.js?v=1546393620418 NO-BLD
19/01/02 10:47:00.754 066 W1 <U> GUEST 887343544DA7D8E0699B605034FD2E59 null -1 /myProject/js/line.js?v=1546393620418 NO-BLD
19/01/02 10:47:04.930 071 W1 <U> GUEST 887343544DA7D8E0699B605034FD2E59 null -1 /myProject/webponent/chart2.0/sample/chart/img/tooltip_arrow.png NO-BLD
19/01/02 11:26:08.234 068 W1 <U> GUEST 887343544DA7D8E0699B605034FD2E59 null -1 /myProject/webponent/chart2.0/sample/chart/img/tooltip_arrow.png NO-BLD
19/01/02 11:26:13.174 072 W1 <U> GUEST 887343544DA7D8E0699B605034FD2E59 null -1 /myProject/main.jsp NO-BLD
19/01/02 11:26:14.401 072 W1 <U> GUEST 887343544DA7D8E0699B605034FD2E59 null -1 /myProject/bar_month.jsp NO-BLD
19/01/02 11:26:14.474 069 W1 <U> GUEST 887343544DA7D8E0699B605034FD2E59 null -1 /myProject/css/mystyle.css?v=1546395974400 NO-BLD
19/01/02 11:26:14.543 067 W1 <U> GUEST 887343544DA7D8E0699B605034FD2E59 null -1 /myProject/js/bar_month.js?v=1546395974400 NO-BLD
19/01/02 11:26:14.565 066 W1 <U> GUEST 887343544DA7D8E0699B605034FD2E59 null -1 /myProject/js/grid.js?v=1546395974400 NO-BLD
19/01/02 11:26:15.219 070 W1 <U> GUEST 887343544DA7D8E0699B605034FD2E59 null -1 /myProject/webponent/chart2.0/sample/chart/img/tooltip_arrow.png NO-BLD
19/01/02 11:26:18.464 072 W1 <U> GUEST 887343544DA7D8E0699B605034FD2E59 null -1 /myProject/webponent/chart2.0/sample/chart/img/tooltip_arrow.png NO-BLD
19/01/02 11:26:44.522 069 W1 <U> GUEST 887343544DA7D8E0699B605034FD2E59 null -1 /myProject/main.jsp NO-BLD
19/01/02 11:26:45.960 068 W1 <U> GUEST 887343544DA7D8E0699B605034FD2E59 null -1 /myProject/list.jsp NO-BLD
19/01/02 11:26:46.026 066 W1 <U> GUEST 887343544DA7D8E0699B605034FD2E59 null -1 /myProject/css/mystyle.css?v=1546396005957 NO-BLD
19/01/02 11:26:46.161 066 W1 <U> GUEST 887343544DA7D8E0699B605034FD2E59 null -1 /myProject/js/pie_period.js?v=1546396005957 NO-BLD
19/01/02 11:26:46.276 066 W1 <U> GUEST 887343544DA7D8E0699B605034FD2E59 null -1 /myProject/js/pie_arrests.js?v=1546396005957 NO-BLD
19/01/02 11:26:46.282 071 W1 <U> GUEST 887343544DA7D8E0699B605034FD2E59 null -1 /myProject/js/korea_map.js?v=1546396005957 NO-BLD
19/01/02 11:26:46.297 067 W1 <U> GUEST 887343544DA7D8E0699B605034FD2E59 null -1 /myProject/js/line.js?v=1546396005957 NO-BLD
19/01/02 11:26:48.640 073 W1 <U> GUEST 887343544DA7D8E0699B605034FD2E59 null -1 /myProject/webponent/chart2.0/sample/chart/img/tooltip_arrow.png NO-BLD
19/01/02 11:26:51.107 072 W1 <U> GUEST 887343544DA7D8E0699B605034FD2E59 null -1 /myProject/webponent/chart2.0/sample/chart/img/tooltip_arrow.png NO-BLD
19/01/02 11:26:53.410 068 W1 <U> GUEST 887343544DA7D8E0699B605034FD2E59 null -1 /myProject/main.jsp NO-BLD
19/01/02 11:26:54.168 073 W1 <U> GUEST 887343544DA7D8E0699B605034FD2E59 null -1 /myProject/bar_month.jsp NO-BLD
19/01/02 11:26:54.287 073 W1 <U> GUEST 887343544DA7D8E0699B605034FD2E59 null -1 /myProject/css/mystyle.css?v=1546396014167 NO-BLD
19/01/02 11:26:54.397 069 W1 <U> GUEST 887343544DA7D8E0699B605034FD2E59 null -1 /myProject/js/bar_month.js?v=1546396014167 NO-BLD
19/01/02 11:26:54.397 069 W1 <U> GUEST 887343544DA7D8E0699B605034FD2E59 null -1 /myProject/js/grid.js?v=1546396014167 NO-BLD
19/01/02 11:26:56.373 066 W1 <U> GUEST 887343544DA7D8E0699B605034FD2E59 null -1 /myProject/webponent/chart2.0/sample/chart/img/tooltip_arrow.png NO-BLD
19/01/02 11:27:02.725 066 W1 <U> GUEST 887343544DA7D8E0699B605034FD2E59 null -1 /myProject/webponent/chart2.0/sample/chart/img/tooltip_arrow.png NO-BLD
19/01/02 11:28:21.307 068 W1 <U> GUEST 887343544DA7D8E0699B605034FD2E59 null -1 /myProject/bar_month.jsp NO-BLD
19/01/02 11:28:21.453 066 W1 <U> GUEST 887343544DA7D8E0699B605034FD2E59 null -1 /myProject/css/mystyle.css?v=1546396101307 NO-BLD
19/01/02 11:28:21.462 068 W1 <U> GUEST 887343544DA7D8E0699B605034FD2E59 null -1 /myProject/js/bar_month.js?v=1546396101307 NO-BLD
19/01/02 11:28:21.463 070 W1 <U> GUEST 887343544DA7D8E0699B605034FD2E59 null -1 /myProject/js/grid.js?v=1546396101307 NO-BLD
19/01/02 11:28:26.450 070 W1 <U> GUEST 887343544DA7D8E0699B605034FD2E59 null -1 /myProject/webponent/chart2.0/sample/chart/img/tooltip_arrow.png NO-BLD
19/01/02 11:28:27.505 068 W1 <U> GUEST 887343544DA7D8E0699B605034FD2E59 null -1 /myProject/bar_month.jsp NO-BLD
19/01/02 11:28:27.579 071 W1 <U> GUEST 887343544DA7D8E0699B605034FD2E59 null -1 /myProject/css/mystyle.css?v=1546396107501 NO-BLD
19/01/02 11:28:27.579 071 W1 <U> GUEST 887343544DA7D8E0699B605034FD2E59 null -1 /myProject/js/bar_month.js?v=1546396107501 NO-BLD
19/01/02 11:28:27.579 071 W1 <U> GUEST 887343544DA7D8E0699B605034FD2E59 null -1 /myProject/js/grid.js?v=1546396107501 NO-BLD
19/01/02 11:28:28.326 073 W1 <U> GUEST 887343544DA7D8E0699B605034FD2E59 null -1 /myProject/webponent/chart2.0/sample/chart/img/tooltip_arrow.png NO-BLD
19/01/02 11:28:31.613 068 W1 <U> GUEST 887343544DA7D8E0699B605034FD2E59 null -1 /myProject/webponent/chart2.0/sample/chart/img/tooltip_arrow.png NO-BLD
19/01/02 11:28:42.289 067 W1 <U> GUEST 887343544DA7D8E0699B605034FD2E59 null -1 /myProject/bar_month.jsp NO-BLD
19/01/02 11:28:42.355 071 W1 <U> GUEST 887343544DA7D8E0699B605034FD2E59 null -1 /myProject/js/bar_month.js?v=1546396122287 NO-BLD
19/01/02 11:28:42.355 071 W1 <U> GUEST 887343544DA7D8E0699B605034FD2E59 null -1 /myProject/js/grid.js?v=1546396122287 NO-BLD
19/01/02 11:28:42.355 071 W1 <U> GUEST 887343544DA7D8E0699B605034FD2E59 null -1 /myProject/css/mystyle.css?v=1546396122287 NO-BLD
19/01/02 11:28:43.492 071 W1 <U> GUEST 887343544DA7D8E0699B605034FD2E59 null -1 /myProject/webponent/chart2.0/sample/chart/img/tooltip_arrow.png NO-BLD
19/01/02 11:28:47.016 067 W1 <U> GUEST 887343544DA7D8E0699B605034FD2E59 null -1 /myProject/webponent/chart2.0/sample/chart/img/tooltip_arrow.png NO-BLD
19/01/02 11:29:19.339 068 W1 <U> GUEST 887343544DA7D8E0699B605034FD2E59 null -1 /myProject/main.jsp NO-BLD
19/01/02 11:29:20.587 070 W1 <U> GUEST 887343544DA7D8E0699B605034FD2E59 null -1 /myProject/list.jsp NO-BLD
19/01/02 11:29:20.658 068 W1 <U> GUEST 887343544DA7D8E0699B605034FD2E59 null -1 /myProject/css/mystyle.css?v=1546396160584 NO-BLD
19/01/02 11:29:20.704 066 W1 <U> GUEST 887343544DA7D8E0699B605034FD2E59 null -1 /myProject/js/pie_period.js?v=1546396160584 NO-BLD
19/01/02 11:29:20.794 066 W1 <U> GUEST 887343544DA7D8E0699B605034FD2E59 null -1 /myProject/js/pie_arrests.js?v=1546396160584 NO-BLD
19/01/02 11:29:20.868 072 W1 <U> GUEST 887343544DA7D8E0699B605034FD2E59 null -1 /myProject/js/korea_map.js?v=1546396160584 NO-BLD
19/01/02 11:29:20.872 069 W1 <U> GUEST 887343544DA7D8E0699B605034FD2E59 null -1 /myProject/js/line.js?v=1546396160584 NO-BLD
19/01/02 11:29:26.069 073 W1 <U> GUEST 887343544DA7D8E0699B605034FD2E59 null -1 /myProject/webponent/chart2.0/sample/chart/img/tooltip_arrow.png NO-BLD
19/01/02 11:29:27.034 068 W1 <U> GUEST 887343544DA7D8E0699B605034FD2E59 null -1 /myProject/main.jsp NO-BLD
19/01/02 11:29:27.803 073 W1 <U> GUEST 887343544DA7D8E0699B605034FD2E59 null -1 /myProject/bar_month.jsp NO-BLD
19/01/02 11:29:27.855 071 W1 <U> GUEST 887343544DA7D8E0699B605034FD2E59 null -1 /myProject/css/mystyle.css?v=1546396167803 NO-BLD
19/01/02 11:29:27.897 073 W1 <U> GUEST 887343544DA7D8E0699B605034FD2E59 null -1 /myProject/js/bar_month.js?v=1546396167803 NO-BLD
19/01/02 11:29:27.919 072 W1 <U> GUEST 887343544DA7D8E0699B605034FD2E59 null -1 /myProject/js/grid.js?v=1546396167803 NO-BLD
19/01/02 11:29:33.584 068 W1 <U> GUEST 887343544DA7D8E0699B605034FD2E59 null -1 /myProject/webponent/chart2.0/sample/chart/img/tooltip_arrow.png NO-BLD
19/01/02 11:29:38.592 070 W1 <U> GUEST 887343544DA7D8E0699B605034FD2E59 null -1 /myProject/webponent/chart2.0/sample/chart/img/tooltip_arrow.png NO-BLD
19/01/02 11:30:23.116 070 W1 <U> GUEST 887343544DA7D8E0699B605034FD2E59 null -1 /myProject/main.jsp NO-BLD
19/01/02 11:30:24.026 067 W1 <U> GUEST 887343544DA7D8E0699B605034FD2E59 null -1 /myProject/list.jsp NO-BLD
19/01/02 11:30:24.091 073 W1 <U> GUEST 887343544DA7D8E0699B605034FD2E59 null -1 /myProject/css/mystyle.css?v=1546396224024 NO-BLD
19/01/02 11:30:24.113 067 W1 <U> GUEST 887343544DA7D8E0699B605034FD2E59 null -1 /myProject/js/pie_period.js?v=1546396224024 NO-BLD
19/01/02 11:30:24.156 067 W1 <U> GUEST 887343544DA7D8E0699B605034FD2E59 null -1 /myProject/js/pie_arrests.js?v=1546396224024 NO-BLD
19/01/02 11:30:24.174 069 W1 <U> GUEST 887343544DA7D8E0699B605034FD2E59 null -1 /myProject/js/korea_map.js?v=1546396224024 NO-BLD
19/01/02 11:30:24.175 071 W1 <U> GUEST 887343544DA7D8E0699B605034FD2E59 null -1 /myProject/js/line.js?v=1546396224024 NO-BLD
19/01/02 11:30:25.771 071 W1 <U> GUEST 887343544DA7D8E0699B605034FD2E59 null -1 /myProject/webponent/chart2.0/sample/chart/img/tooltip_arrow.png NO-BLD
19/01/02 11:30:28.457 070 W1 <U> GUEST 887343544DA7D8E0699B605034FD2E59 null -1 /myProject/webponent/chart2.0/sample/chart/img/tooltip_arrow.png NO-BLD
19/01/02 11:30:31.213 072 W1 <U> GUEST 887343544DA7D8E0699B605034FD2E59 null -1 /myProject/main.jsp NO-BLD
19/01/02 11:30:32.813 073 W1 <U> GUEST 887343544DA7D8E0699B605034FD2E59 null -1 /myProject/bar_month.jsp NO-BLD
19/01/02 11:30:32.875 071 W1 <U> GUEST 887343544DA7D8E0699B605034FD2E59 null -1 /myProject/css/mystyle.css?v=1546396232813 NO-BLD
19/01/02 11:30:32.924 070 W1 <U> GUEST 887343544DA7D8E0699B605034FD2E59 null -1 /myProject/js/bar_month.js?v=1546396232813 NO-BLD
19/01/02 11:30:32.939 073 W1 <U> GUEST 887343544DA7D8E0699B605034FD2E59 null -1 /myProject/js/grid.js?v=1546396232813 NO-BLD
19/01/02 11:30:33.705 068 W1 <U> GUEST 887343544DA7D8E0699B605034FD2E59 null -1 /myProject/webponent/chart2.0/sample/chart/img/tooltip_arrow.png NO-BLD
19/01/02 11:30:38.035 072 W1 <U> GUEST 887343544DA7D8E0699B605034FD2E59 null -1 /myProject/main.jsp NO-BLD
19/01/02 11:30:38.920 071 W1 <U> GUEST 887343544DA7D8E0699B605034FD2E59 null -1 /myProject/bar_month.jsp NO-BLD
19/01/02 11:30:39.004 072 W1 <U> GUEST 887343544DA7D8E0699B605034FD2E59 null -1 /myProject/css/mystyle.css?v=1546396238919 NO-BLD
19/01/02 11:30:39.005 070 W1 <U> GUEST 887343544DA7D8E0699B605034FD2E59 null -1 /myProject/js/bar_month.js?v=1546396238919 NO-BLD
19/01/02 11:30:39.005 070 W1 <U> GUEST 887343544DA7D8E0699B605034FD2E59 null -1 /myProject/js/grid.js?v=1546396238919 NO-BLD
19/01/02 11:30:41.602 071 W1 <U> GUEST 887343544DA7D8E0699B605034FD2E59 null -1 /myProject/webponent/chart2.0/sample/chart/img/tooltip_arrow.png NO-BLD
19/01/02 11:30:45.375 070 W1 <U> GUEST 887343544DA7D8E0699B605034FD2E59 null -1 /myProject/main.jsp NO-BLD
19/01/02 12:12:16.038 067 W1 <U> GUEST 887343544DA7D8E0699B605034FD2E59 null -1 /myProject/bar_month.jsp NO-BLD
19/01/02 12:12:16.108 071 W1 <U> GUEST 887343544DA7D8E0699B605034FD2E59 null -1 /myProject/css/mystyle.css?v=1546398736029 NO-BLD
19/01/02 12:12:16.183 066 W1 <U> GUEST 887343544DA7D8E0699B605034FD2E59 null -1 /myProject/js/bar_month.js?v=1546398736029 NO-BLD
19/01/02 12:12:16.241 071 W1 <U> GUEST 887343544DA7D8E0699B605034FD2E59 null -1 /myProject/js/grid.js?v=1546398736029 NO-BLD
19/01/02 12:12:17.864 072 W1 <U> GUEST 887343544DA7D8E0699B605034FD2E59 null -1 /myProject/webponent/chart2.0/sample/chart/img/tooltip_arrow.png NO-BLD
19/01/02 12:12:26.882 071 W1 <U> GUEST 887343544DA7D8E0699B605034FD2E59 null -1 /myProject/webponent/chart2.0/sample/chart/img/tooltip_arrow.png NO-BLD
19/01/02 12:13:24.340 066 W1 <U> GUEST 887343544DA7D8E0699B605034FD2E59 null -1 /myProject/bar_month.jsp NO-BLD
19/01/02 12:13:24.400 070 W1 <U> GUEST 887343544DA7D8E0699B605034FD2E59 null -1 /myProject/css/mystyle.css?v=1546398804329 NO-BLD
19/01/02 12:13:24.415 071 W1 <U> GUEST 887343544DA7D8E0699B605034FD2E59 null -1 /myProject/js/bar_month.js?v=1546398804329 NO-BLD
19/01/02 12:13:24.415 068 W1 <U> GUEST 887343544DA7D8E0699B605034FD2E59 null -1 /myProject/js/grid.js?v=1546398804329 NO-BLD
19/01/02 12:13:28.654 071 W1 <U> GUEST 887343544DA7D8E0699B605034FD2E59 null -1 /myProject/webponent/chart2.0/sample/chart/img/tooltip_arrow.png NO-BLD
19/01/02 12:13:46.380 066 W1 <U> GUEST 887343544DA7D8E0699B605034FD2E59 null -1 /myProject/main.jsp NO-BLD
19/01/02 12:13:47.393 070 W1 <U> GUEST 887343544DA7D8E0699B605034FD2E59 null -1 /myProject/list.jsp NO-BLD
19/01/02 12:13:47.448 068 W1 <U> GUEST 887343544DA7D8E0699B605034FD2E59 null -1 /myProject/css/mystyle.css?v=1546398827392 NO-BLD
19/01/02 12:13:47.563 071 W1 <U> GUEST 887343544DA7D8E0699B605034FD2E59 null -1 /myProject/js/pie_period.js?v=1546398827392 NO-BLD
19/01/02 12:13:47.645 068 W1 <U> GUEST 887343544DA7D8E0699B605034FD2E59 null -1 /myProject/js/pie_arrests.js?v=1546398827392 NO-BLD
19/01/02 12:13:47.720 068 W1 <U> GUEST 887343544DA7D8E0699B605034FD2E59 null -1 /myProject/js/korea_map.js?v=1546398827392 NO-BLD
19/01/02 12:13:47.720 068 W1 <U> GUEST 887343544DA7D8E0699B605034FD2E59 null -1 /myProject/js/line.js?v=1546398827392 NO-BLD
19/01/02 12:13:54.200 071 W1 <U> GUEST 887343544DA7D8E0699B605034FD2E59 null -1 /myProject/main.jsp NO-BLD
19/01/02 12:13:54.981 066 W1 <U> GUEST 887343544DA7D8E0699B605034FD2E59 null -1 /myProject/bar_month.jsp NO-BLD
19/01/02 12:13:55.040 073 W1 <U> GUEST 887343544DA7D8E0699B605034FD2E59 null -1 /myProject/css/mystyle.css?v=1546398834980 NO-BLD
19/01/02 12:13:55.093 070 W1 <U> GUEST 887343544DA7D8E0699B605034FD2E59 null -1 /myProject/js/bar_month.js?v=1546398834980 NO-BLD
19/01/02 12:13:55.104 073 W1 <U> GUEST 887343544DA7D8E0699B605034FD2E59 null -1 /myProject/js/grid.js?v=1546398834980 NO-BLD
19/01/02 12:13:57.771 068 W1 <U> GUEST 887343544DA7D8E0699B605034FD2E59 null -1 /myProject/webponent/chart2.0/sample/chart/img/tooltip_arrow.png NO-BLD
19/01/02 12:14:03.548 067 W1 <U> GUEST 887343544DA7D8E0699B605034FD2E59 null -1 /myProject/main.jsp NO-BLD
19/01/02 12:14:04.454 068 W1 <U> GUEST 887343544DA7D8E0699B605034FD2E59 null -1 /myProject/list.jsp NO-BLD
19/01/02 12:14:04.533 071 W1 <U> GUEST 887343544DA7D8E0699B605034FD2E59 null -1 /myProject/css/mystyle.css?v=1546398844454 NO-BLD
19/01/02 12:14:04.560 073 W1 <U> GUEST 887343544DA7D8E0699B605034FD2E59 null -1 /myProject/js/pie_period.js?v=1546398844454 NO-BLD
19/01/02 12:14:04.615 068 W1 <U> GUEST 887343544DA7D8E0699B605034FD2E59 null -1 /myProject/js/pie_arrests.js?v=1546398844454 NO-BLD
19/01/02 12:14:04.621 071 W1 <U> GUEST 887343544DA7D8E0699B605034FD2E59 null -1 /myProject/js/korea_map.js?v=1546398844454 NO-BLD
19/01/02 12:14:04.766 070 W1 <U> GUEST 887343544DA7D8E0699B605034FD2E59 null -1 /myProject/js/line.js?v=1546398844454 NO-BLD
19/01/02 12:59:01.809 067 W1 <U> GUEST 887343544DA7D8E0699B605034FD2E59 null -1 /myProject/main.jsp NO-BLD
19/01/02 13:05:27.604 066 W1 <U> GUEST 887343544DA7D8E0699B605034FD2E59 null -1 /myProject/list.jsp NO-BLD
19/01/02 13:05:27.672 072 W1 <U> GUEST 887343544DA7D8E0699B605034FD2E59 null -1 /myProject/css/mystyle.css?v=1546401927600 NO-BLD
19/01/02 13:05:27.741 067 W1 <U> GUEST 887343544DA7D8E0699B605034FD2E59 null -1 /myProject/js/pie_period.js?v=1546401927600 NO-BLD
19/01/02 13:05:27.833 072 W1 <U> GUEST 887343544DA7D8E0699B605034FD2E59 null -1 /myProject/js/pie_arrests.js?v=1546401927600 NO-BLD
19/01/02 13:05:27.839 070 W1 <U> GUEST 887343544DA7D8E0699B605034FD2E59 null -1 /myProject/js/korea_map.js?v=1546401927600 NO-BLD
19/01/02 13:05:27.919 067 W1 <U> GUEST 887343544DA7D8E0699B605034FD2E59 null -1 /myProject/js/line.js?v=1546401927600 NO-BLD
19/01/02 13:17:08.988 071 W1 <U> GUEST 887343544DA7D8E0699B605034FD2E59 null -1 /myProject/main.jsp NO-BLD
19/01/02 13:17:09.807 073 W1 <U> GUEST 887343544DA7D8E0699B605034FD2E59 null -1 /myProject/bar_month.jsp NO-BLD
19/01/02 13:17:09.865 069 W1 <U> GUEST 887343544DA7D8E0699B605034FD2E59 null -1 /myProject/css/mystyle.css?v=1546402629807 NO-BLD
19/01/02 13:17:09.966 073 W1 <U> GUEST 887343544DA7D8E0699B605034FD2E59 null -1 /myProject/js/bar_month.js?v=1546402629807 NO-BLD
19/01/02 13:17:09.973 072 W1 <U> GUEST 887343544DA7D8E0699B605034FD2E59 null -1 /myProject/js/grid.js?v=1546402629807 NO-BLD
19/01/02 13:17:15.183 072 W1 <U> GUEST 887343544DA7D8E0699B605034FD2E59 null -1 /myProject/main.jsp NO-BLD
19/01/02 13:17:16.211 069 W1 <U> GUEST 887343544DA7D8E0699B605034FD2E59 null -1 /myProject/bar_month.jsp NO-BLD
19/01/02 13:17:16.267 069 W1 <U> GUEST 887343544DA7D8E0699B605034FD2E59 null -1 /myProject/css/mystyle.css?v=1546402636209 NO-BLD
19/01/02 13:17:16.362 066 W1 <U> GUEST 887343544DA7D8E0699B605034FD2E59 null -1 /myProject/js/bar_month.js?v=1546402636209 NO-BLD
19/01/02 13:17:16.480 069 W1 <U> GUEST 887343544DA7D8E0699B605034FD2E59 null -1 /myProject/js/grid.js?v=1546402636209 NO-BLD
19/01/02 13:17:19.213 070 W1 <U> GUEST 887343544DA7D8E0699B605034FD2E59 null -1 /myProject/webponent/chart2.0/sample/chart/img/tooltip_arrow.png NO-BLD
19/01/02 13:43:36.564 067 W1 <U> GUEST 887343544DA7D8E0699B605034FD2E59 null -1 /myProject/main.jsp NO-BLD
19/01/02 13:43:37.758 072 W1 <U> GUEST 887343544DA7D8E0699B605034FD2E59 null -1 /myProject/list.jsp NO-BLD
19/01/02 13:43:37.830 068 W1 <U> GUEST 887343544DA7D8E0699B605034FD2E59 null -1 /myProject/css/mystyle.css?v=1546404217756 NO-BLD
19/01/02 13:43:37.937 072 W1 <U> GUEST 887343544DA7D8E0699B605034FD2E59 null -1 /myProject/js/pie_period.js?v=1546404217756 NO-BLD
19/01/02 13:43:37.952 066 W1 <U> GUEST 887343544DA7D8E0699B605034FD2E59 null -1 /myProject/js/pie_arrests.js?v=1546404217756 NO-BLD
19/01/02 13:43:37.952 066 W1 <U> GUEST 887343544DA7D8E0699B605034FD2E59 null -1 /myProject/js/korea_map.js?v=1546404217756 NO-BLD
19/01/02 13:43:38.063 071 W1 <U> GUEST 887343544DA7D8E0699B605034FD2E59 null -1 /myProject/js/line.js?v=1546404217756 NO-BLD
19/01/02 13:44:56.814 066 W1 <U> GUEST 887343544DA7D8E0699B605034FD2E59 null -1 /myProject/list.jsp NO-BLD
19/01/02 13:44:56.877 071 W1 <U> GUEST 887343544DA7D8E0699B605034FD2E59 null -1 /myProject/css/mystyle.css?v=1546404296808 NO-BLD
19/01/02 13:44:56.877 071 W1 <U> GUEST 887343544DA7D8E0699B605034FD2E59 null -1 /myProject/js/pie_period.js?v=1546404296808 NO-BLD
19/01/02 13:44:56.877 071 W1 <U> GUEST 887343544DA7D8E0699B605034FD2E59 null -1 /myProject/js/pie_arrests.js?v=1546404296808 NO-BLD
19/01/02 13:44:56.988 071 W1 <U> GUEST 887343544DA7D8E0699B605034FD2E59 null -1 /myProject/js/korea_map.js?v=1546404296808 NO-BLD
19/01/02 13:44:57.002 068 W1 <U> GUEST 887343544DA7D8E0699B605034FD2E59 null -1 /myProject/js/line.js?v=1546404296808 NO-BLD
19/01/02 13:45:05.245 068 W1 <U> GUEST 887343544DA7D8E0699B605034FD2E59 null -1 /myProject/list.jsp NO-BLD
19/01/02 13:45:05.316 071 W1 <U> GUEST 887343544DA7D8E0699B605034FD2E59 null -1 /myProject/css/mystyle.css?v=1546404305231 NO-BLD
19/01/02 13:45:05.328 070 W1 <U> GUEST 887343544DA7D8E0699B605034FD2E59 null -1 /myProject/js/pie_period.js?v=1546404305231 NO-BLD
19/01/02 13:45:05.334 072 W1 <U> GUEST 887343544DA7D8E0699B605034FD2E59 null -1 /myProject/js/pie_arrests.js?v=1546404305231 NO-BLD
19/01/02 13:45:05.415 068 W1 <U> GUEST 887343544DA7D8E0699B605034FD2E59 null -1 /myProject/js/korea_map.js?v=1546404305231 NO-BLD
19/01/02 13:45:05.420 071 W1 <U> GUEST 887343544DA7D8E0699B605034FD2E59 null -1 /myProject/js/line.js?v=1546404305231 NO-BLD
19/01/02 13:45:10.953 066 W1 <U> GUEST 887343544DA7D8E0699B605034FD2E59 null -1 /myProject/list.jsp NO-BLD
19/01/02 13:45:11.029 071 W1 <U> GUEST 887343544DA7D8E0699B605034FD2E59 null -1 /myProject/css/mystyle.css?v=1546404310951 NO-BLD
19/01/02 13:45:11.029 071 W1 <U> GUEST 887343544DA7D8E0699B605034FD2E59 null -1 /myProject/js/pie_period.js?v=1546404310951 NO-BLD
19/01/02 13:45:11.031 069 W1 <U> GUEST 887343544DA7D8E0699B605034FD2E59 null -1 /myProject/js/pie_arrests.js?v=1546404310951 NO-BLD
19/01/02 13:45:11.128 066 W1 <U> GUEST 887343544DA7D8E0699B605034FD2E59 null -1 /myProject/js/korea_map.js?v=1546404310951 NO-BLD
19/01/02 13:45:11.134 071 W1 <U> GUEST 887343544DA7D8E0699B605034FD2E59 null -1 /myProject/js/line.js?v=1546404310951 NO-BLD
19/01/02 13:45:39.411 067 W1 <U> GUEST 887343544DA7D8E0699B605034FD2E59 null -1 /myProject/list.jsp NO-BLD
19/01/02 13:45:39.473 068 W1 <U> GUEST 887343544DA7D8E0699B605034FD2E59 null -1 /myProject/css/mystyle.css?v=1546404339411 NO-BLD
19/01/02 13:45:39.473 068 W1 <U> GUEST 887343544DA7D8E0699B605034FD2E59 null -1 /myProject/js/pie_period.js?v=1546404339411 NO-BLD
19/01/02 13:45:39.473 068 W1 <U> GUEST 887343544DA7D8E0699B605034FD2E59 null -1 /myProject/js/pie_arrests.js?v=1546404339411 NO-BLD
19/01/02 13:45:39.652 067 W1 <U> GUEST 887343544DA7D8E0699B605034FD2E59 null -1 /myProject/js/korea_map.js?v=1546404339411 NO-BLD
19/01/02 13:45:39.659 068 W1 <U> GUEST 887343544DA7D8E0699B605034FD2E59 null -1 /myProject/js/line.js?v=1546404339411 NO-BLD
19/01/02 13:45:44.042 067 W1 <U> GUEST 887343544DA7D8E0699B605034FD2E59 null -1 /myProject/list.jsp NO-BLD
19/01/02 13:45:44.101 073 W1 <U> GUEST 887343544DA7D8E0699B605034FD2E59 null -1 /myProject/css/mystyle.css?v=1546404344041 NO-BLD
19/01/02 13:45:44.109 072 W1 <U> GUEST 887343544DA7D8E0699B605034FD2E59 null -1 /myProject/js/pie_period.js?v=1546404344041 NO-BLD
19/01/02 13:45:44.109 072 W1 <U> GUEST 887343544DA7D8E0699B605034FD2E59 null -1 /myProject/js/pie_arrests.js?v=1546404344041 NO-BLD
19/01/02 13:45:44.158 071 W1 <U> GUEST 887343544DA7D8E0699B605034FD2E59 null -1 /myProject/js/korea_map.js?v=1546404344041 NO-BLD
19/01/02 13:45:44.158 071 W1 <U> GUEST 887343544DA7D8E0699B605034FD2E59 null -1 /myProject/js/line.js?v=1546404344041 NO-BLD
19/01/02 13:45:54.636 069 W1 <U> GUEST 887343544DA7D8E0699B605034FD2E59 null -1 /myProject/list.jsp NO-BLD
19/01/02 13:45:54.707 073 W1 <U> GUEST 887343544DA7D8E0699B605034FD2E59 null -1 /myProject/css/mystyle.css?v=1546404354634 NO-BLD
19/01/02 13:45:54.707 073 W1 <U> GUEST 887343544DA7D8E0699B605034FD2E59 null -1 /myProject/js/pie_period.js?v=1546404354634 NO-BLD
19/01/02 13:45:54.747 070 W1 <U> GUEST 887343544DA7D8E0699B605034FD2E59 null -1 /myProject/js/pie_arrests.js?v=1546404354634 NO-BLD
19/01/02 13:45:54.775 070 W1 <U> GUEST 887343544DA7D8E0699B605034FD2E59 null -1 /myProject/js/korea_map.js?v=1546404354634 NO-BLD
19/01/02 13:45:54.780 069 W1 <U> GUEST 887343544DA7D8E0699B605034FD2E59 null -1 /myProject/js/line.js?v=1546404354634 NO-BLD
19/01/02 13:49:31.593 072 W1 <U> GUEST 887343544DA7D8E0699B605034FD2E59 null -1 /myProject/list.jsp NO-BLD
19/01/02 13:49:31.717 073 W1 <U> GUEST 887343544DA7D8E0699B605034FD2E59 null -1 /myProject/css/mystyle.css?v=1546404571589 NO-BLD
19/01/02 13:49:31.717 073 W1 <U> GUEST 887343544DA7D8E0699B605034FD2E59 null -1 /myProject/js/pie_period.js?v=1546404571589 NO-BLD
19/01/02 13:49:31.717 073 W1 <U> GUEST 887343544DA7D8E0699B605034FD2E59 null -1 /myProject/js/pie_arrests.js?v=1546404571589 NO-BLD
19/01/02 13:49:31.857 073 W1 <U> GUEST 887343544DA7D8E0699B605034FD2E59 null -1 /myProject/js/line.js?v=1546404571589 NO-BLD
19/01/02 13:49:31.857 073 W1 <U> GUEST 887343544DA7D8E0699B605034FD2E59 null -1 /myProject/js/korea_map.js?v=1546404571589 NO-BLD
19/01/02 13:50:04.325 070 W1 <U> GUEST 887343544DA7D8E0699B605034FD2E59 null -1 /myProject/main.jsp NO-BLD
19/01/02 13:50:05.146 067 W1 <U> GUEST 887343544DA7D8E0699B605034FD2E59 null -1 /myProject/list.jsp NO-BLD
19/01/02 13:50:05.208 072 W1 <U> GUEST 887343544DA7D8E0699B605034FD2E59 null -1 /myProject/css/mystyle.css?v=1546404605144 NO-BLD
19/01/02 13:50:05.329 072 W1 <U> GUEST 887343544DA7D8E0699B605034FD2E59 null -1 /myProject/js/pie_period.js?v=1546404605144 NO-BLD
19/01/02 13:50:05.351 069 W1 <U> GUEST 887343544DA7D8E0699B605034FD2E59 null -1 /myProject/js/pie_arrests.js?v=1546404605144 NO-BLD
19/01/02 13:50:05.351 069 W1 <U> GUEST 887343544DA7D8E0699B605034FD2E59 null -1 /myProject/js/korea_map.js?v=1546404605144 NO-BLD
19/01/02 13:50:05.423 066 W1 <U> GUEST 887343544DA7D8E0699B605034FD2E59 null -1 /myProject/js/line.js?v=1546404605144 NO-BLD
19/01/02 13:50:07.803 068 W1 <U> GUEST 887343544DA7D8E0699B605034FD2E59 null -1 /myProject/main.jsp NO-BLD
19/01/02 13:50:08.824 070 W1 <U> GUEST 887343544DA7D8E0699B605034FD2E59 null -1 /myProject/bar_month.jsp NO-BLD
19/01/02 13:50:08.899 068 W1 <U> GUEST 887343544DA7D8E0699B605034FD2E59 null -1 /myProject/css/mystyle.css?v=1546404608822 NO-BLD
19/01/02 13:50:08.932 069 W1 <U> GUEST 887343544DA7D8E0699B605034FD2E59 null -1 /myProject/js/bar_month.js?v=1546404608822 NO-BLD
19/01/02 13:50:08.968 071 W1 <U> GUEST 887343544DA7D8E0699B605034FD2E59 null -1 /myProject/js/grid.js?v=1546404608822 NO-BLD
19/01/02 13:50:09.747 072 W1 <U> GUEST 887343544DA7D8E0699B605034FD2E59 null -1 /myProject/webponent/chart2.0/sample/chart/img/tooltip_arrow.png NO-BLD
19/01/02 13:50:13.877 067 W1 <U> GUEST 887343544DA7D8E0699B605034FD2E59 null -1 /myProject/main.jsp NO-BLD
19/01/02 13:50:14.755 066 W1 <U> GUEST 887343544DA7D8E0699B605034FD2E59 null -1 /myProject/list.jsp NO-BLD
19/01/02 13:50:14.829 068 W1 <U> GUEST 887343544DA7D8E0699B605034FD2E59 null -1 /myProject/css/mystyle.css?v=1546404614753 NO-BLD
19/01/02 13:50:15.058 068 W1 <U> GUEST 887343544DA7D8E0699B605034FD2E59 null -1 /myProject/js/pie_period.js?v=1546404614753 NO-BLD
19/01/02 13:50:15.154 071 W1 <U> GUEST 887343544DA7D8E0699B605034FD2E59 null -1 /myProject/js/pie_arrests.js?v=1546404614753 NO-BLD
19/01/02 13:50:15.154 071 W1 <U> GUEST 887343544DA7D8E0699B605034FD2E59 null -1 /myProject/js/line.js?v=1546404614753 NO-BLD
19/01/02 13:50:15.154 072 W1 <U> GUEST 887343544DA7D8E0699B605034FD2E59 null -1 /myProject/js/korea_map.js?v=1546404614753 NO-BLD
19/01/02 13:52:28.396 068 W1 <U> GUEST 887343544DA7D8E0699B605034FD2E59 null -1 /myProject/main.jsp NO-BLD
19/01/02 13:52:29.553 069 W1 <U> GUEST 887343544DA7D8E0699B605034FD2E59 null -1 /myProject/list.jsp NO-BLD
19/01/02 13:52:29.637 069 W1 <U> GUEST 887343544DA7D8E0699B605034FD2E59 null -1 /myProject/css/mystyle.css?v=1546404749553 NO-BLD
19/01/02 13:52:29.752 070 W1 <U> GUEST 887343544DA7D8E0699B605034FD2E59 null -1 /myProject/js/pie_period.js?v=1546404749553 NO-BLD
19/01/02 13:52:29.863 070 W1 <U> GUEST 887343544DA7D8E0699B605034FD2E59 null -1 /myProject/js/pie_arrests.js?v=1546404749553 NO-BLD
19/01/02 13:52:29.866 067 W1 <U> GUEST 887343544DA7D8E0699B605034FD2E59 null -1 /myProject/js/korea_map.js?v=1546404749553 NO-BLD
19/01/02 13:52:29.872 073 W1 <U> GUEST 887343544DA7D8E0699B605034FD2E59 null -1 /myProject/js/line.js?v=1546404749553 NO-BLD
19/01/02 13:52:31.990 067 W1 <U> GUEST 887343544DA7D8E0699B605034FD2E59 null -1 /myProject/main.jsp NO-BLD
19/01/02 13:52:33.081 072 W1 <U> GUEST 887343544DA7D8E0699B605034FD2E59 null -1 /myProject/bar_month.jsp NO-BLD
19/01/02 13:52:33.158 068 W1 <U> GUEST 887343544DA7D8E0699B605034FD2E59 null -1 /myProject/css/mystyle.css?v=1546404753081 NO-BLD
19/01/02 13:52:33.265 069 W1 <U> GUEST 887343544DA7D8E0699B605034FD2E59 null -1 /myProject/js/bar_month.js?v=1546404753081 NO-BLD
19/01/02 13:52:33.270 073 W1 <U> GUEST 887343544DA7D8E0699B605034FD2E59 null -1 /myProject/js/grid.js?v=1546404753081 NO-BLD
19/01/02 13:52:36.216 072 W1 <U> GUEST 887343544DA7D8E0699B605034FD2E59 null -1 /myProject/main.jsp NO-BLD
19/01/02 13:52:37.216 070 W1 <U> GUEST 887343544DA7D8E0699B605034FD2E59 null -1 /myProject/list.jsp NO-BLD
19/01/02 13:52:37.292 068 W1 <U> GUEST 887343544DA7D8E0699B605034FD2E59 null -1 /myProject/css/mystyle.css?v=1546404757212 NO-BLD
19/01/02 13:52:37.307 072 W1 <U> GUEST 887343544DA7D8E0699B605034FD2E59 null -1 /myProject/js/pie_period.js?v=1546404757213 NO-BLD
19/01/02 13:52:37.378 068 W1 <U> GUEST 887343544DA7D8E0699B605034FD2E59 null -1 /myProject/js/pie_arrests.js?v=1546404757213 NO-BLD
19/01/02 13:52:37.467 073 W1 <U> GUEST 887343544DA7D8E0699B605034FD2E59 null -1 /myProject/js/korea_map.js?v=1546404757213 NO-BLD
19/01/02 13:52:37.470 071 W1 <U> GUEST 887343544DA7D8E0699B605034FD2E59 null -1 /myProject/js/line.js?v=1546404757213 NO-BLD
19/01/02 13:52:51.420 072 W1 <U> GUEST 887343544DA7D8E0699B605034FD2E59 null -1 /myProject/main.jsp NO-BLD
19/01/02 13:52:52.492 069 W1 <U> GUEST 887343544DA7D8E0699B605034FD2E59 null -1 /myProject/list.jsp NO-BLD
19/01/02 13:52:52.569 068 W1 <U> GUEST 887343544DA7D8E0699B605034FD2E59 null -1 /myProject/css/mystyle.css?v=1546404772492 NO-BLD
19/01/02 13:52:52.672 069 W1 <U> GUEST 887343544DA7D8E0699B605034FD2E59 null -1 /myProject/js/pie_period.js?v=1546404772492 NO-BLD
19/01/02 13:52:52.701 070 W1 <U> GUEST 887343544DA7D8E0699B605034FD2E59 null -1 /myProject/js/pie_arrests.js?v=1546404772492 NO-BLD
19/01/02 13:52:52.701 070 W1 <U> GUEST 887343544DA7D8E0699B605034FD2E59 null -1 /myProject/js/korea_map.js?v=1546404772492 NO-BLD
19/01/02 13:52:52.768 068 W1 <U> GUEST 887343544DA7D8E0699B605034FD2E59 null -1 /myProject/js/line.js?v=1546404772492 NO-BLD
19/01/02 13:52:55.351 066 W1 <U> GUEST 887343544DA7D8E0699B605034FD2E59 null -1 /myProject/webponent/chart2.0/sample/chart/img/tooltip_arrow.png NO-BLD
19/01/02 13:53:00.406 070 W1 <U> GUEST 887343544DA7D8E0699B605034FD2E59 null -1 /myProject/main.jsp NO-BLD
19/01/02 13:53:01.308 073 W1 <U> GUEST 887343544DA7D8E0699B605034FD2E59 null -1 /myProject/bar_month.jsp NO-BLD
19/01/02 13:53:01.373 068 W1 <U> GUEST 887343544DA7D8E0699B605034FD2E59 null -1 /myProject/css/mystyle.css?v=1546404781306 NO-BLD
19/01/02 13:53:01.429 067 W1 <U> GUEST 887343544DA7D8E0699B605034FD2E59 null -1 /myProject/js/bar_month.js?v=1546404781306 NO-BLD
19/01/02 13:53:01.458 071 W1 <U> GUEST 887343544DA7D8E0699B605034FD2E59 null -1 /myProject/js/grid.js?v=1546404781306 NO-BLD
19/01/02 13:57:13.844 070 W1 <U> GUEST 887343544DA7D8E0699B605034FD2E59 null -1 /myProject/webponent/chart2.0/sample/chart/img/tooltip_arrow.png NO-BLD
19/01/02 13:57:15.944 070 W1 <U> GUEST 887343544DA7D8E0699B605034FD2E59 null -1 /myProject/main.jsp NO-BLD
19/01/02 13:57:17.016 071 W1 <U> GUEST 887343544DA7D8E0699B605034FD2E59 null -1 /myProject/list.jsp NO-BLD
19/01/02 13:57:17.085 068 W1 <U> GUEST 887343544DA7D8E0699B605034FD2E59 null -1 /myProject/css/mystyle.css?v=1546405037016 NO-BLD
19/01/02 13:57:17.300 067 W1 <U> GUEST 887343544DA7D8E0699B605034FD2E59 null -1 /myProject/js/pie_period.js?v=1546405037016 NO-BLD
19/01/02 13:57:17.396 073 W1 <U> GUEST 887343544DA7D8E0699B605034FD2E59 null -1 /myProject/js/korea_map.js?v=1546405037016 NO-BLD
19/01/02 13:57:17.396 073 W1 <U> GUEST 887343544DA7D8E0699B605034FD2E59 null -1 /myProject/js/pie_arrests.js?v=1546405037016 NO-BLD
19/01/02 13:57:17.411 067 W1 <U> GUEST 887343544DA7D8E0699B605034FD2E59 null -1 /myProject/js/line.js?v=1546405037016 NO-BLD
19/01/02 14:40:18.592 073 W1 <U> GUEST 887343544DA7D8E0699B605034FD2E59 null -1 /myProject/main.jsp NO-BLD
19/01/02 14:40:19.795 070 W1 <U> GUEST 887343544DA7D8E0699B605034FD2E59 null -1 /myProject/bar_month.jsp NO-BLD
19/01/02 14:40:19.878 073 W1 <U> GUEST 887343544DA7D8E0699B605034FD2E59 null -1 /myProject/css/mystyle.css?v=1546407619794 NO-BLD
19/01/02 14:40:20.013 072 W1 <U> GUEST 887343544DA7D8E0699B605034FD2E59 null -1 /myProject/js/bar_month.js?v=1546407619794 NO-BLD
19/01/02 14:40:20.103 072 W1 <U> GUEST 887343544DA7D8E0699B605034FD2E59 null -1 /myProject/js/grid.js?v=1546407619794 NO-BLD
19/01/02 14:40:21.210 072 W1 <U> GUEST 887343544DA7D8E0699B605034FD2E59 null -1 /myProject/main.jsp NO-BLD
19/01/02 14:40:22.009 073 W1 <U> GUEST 887343544DA7D8E0699B605034FD2E59 null -1 /myProject/list.jsp NO-BLD
19/01/02 14:40:22.059 067 W1 <U> GUEST 887343544DA7D8E0699B605034FD2E59 null -1 /myProject/css/mystyle.css?v=1546407622007 NO-BLD
19/01/02 14:40:22.230 073 W1 <U> GUEST 887343544DA7D8E0699B605034FD2E59 null -1 /myProject/js/pie_period.js?v=1546407622007 NO-BLD
19/01/02 14:40:22.326 068 W1 <U> GUEST 887343544DA7D8E0699B605034FD2E59 null -1 /myProject/js/pie_arrests.js?v=1546407622007 NO-BLD
19/01/02 14:40:22.327 068 W1 <U> GUEST 887343544DA7D8E0699B605034FD2E59 null -1 /myProject/js/korea_map.js?v=1546407622007 NO-BLD
19/01/02 14:40:22.339 073 W1 <U> GUEST 887343544DA7D8E0699B605034FD2E59 null -1 /myProject/js/line.js?v=1546407622007 NO-BLD
19/01/02 15:53:01.485 069 W1 <U> GUEST 12DD84E17D49940393837DCFF1D05171 null -1 /myProject/main.jsp NO-BLD
19/01/02 15:53:08.261 072 W1 <U> GUEST 12DD84E17D49940393837DCFF1D05171 null -1 /myProject/bar_month.jsp NO-BLD
19/01/02 15:53:08.322 070 W1 <U> GUEST 12DD84E17D49940393837DCFF1D05171 null -1 /myProject/css/mystyle.css?v=1546411988257 NO-BLD
19/01/02 15:53:08.489 071 W1 <U> GUEST 12DD84E17D49940393837DCFF1D05171 null -1 /myProject/js/bar_month.js?v=1546411988258 NO-BLD
19/01/02 15:53:08.493 070 W1 <U> GUEST 12DD84E17D49940393837DCFF1D05171 null -1 /myProject/js/grid.js?v=1546411988258 NO-BLD
19/01/02 15:53:20.512 071 W1 <U> GUEST 12DD84E17D49940393837DCFF1D05171 null -1 /myProject/webponent/chart2.0/sample/chart/img/tooltip_arrow.png NO-BLD
19/01/02 15:54:10.723 066 W1 <U> GUEST 12DD84E17D49940393837DCFF1D05171 null -1 /myProject/main.jsp NO-BLD
19/01/02 15:54:12.052 066 W1 <U> GUEST 12DD84E17D49940393837DCFF1D05171 null -1 /myProject/list.jsp NO-BLD
19/01/02 15:54:12.139 069 W1 <U> GUEST 12DD84E17D49940393837DCFF1D05171 null -1 /myProject/css/mystyle.css?v=1546412052052 NO-BLD
19/01/02 15:54:12.268 071 W1 <U> GUEST 12DD84E17D49940393837DCFF1D05171 null -1 /myProject/js/pie_period.js?v=1546412052052 NO-BLD
19/01/02 15:54:12.368 069 W1 <U> GUEST 12DD84E17D49940393837DCFF1D05171 null -1 /myProject/js/pie_arrests.js?v=1546412052052 NO-BLD
19/01/02 15:54:12.378 067 W1 <U> GUEST 12DD84E17D49940393837DCFF1D05171 null -1 /myProject/js/korea_map.js?v=1546412052052 NO-BLD
19/01/02 15:54:12.407 073 W1 <U> GUEST 12DD84E17D49940393837DCFF1D05171 null -1 /myProject/js/line.js?v=1546412052052 NO-BLD
19/01/02 15:54:12.409 071 W1 <U> GUEST 12DD84E17D49940393837DCFF1D05171 null -1 /myProject/js/html2canvas.min.js NO-BLD
19/01/02 15:54:25.570 073 W1 <U> GUEST 12DD84E17D49940393837DCFF1D05171 null -1 /myProject/main.jsp NO-BLD
19/01/02 15:54:26.422 066 W1 <U> GUEST 12DD84E17D49940393837DCFF1D05171 null -1 /myProject/bar_month.jsp NO-BLD
19/01/02 15:54:26.499 071 W1 <U> GUEST 12DD84E17D49940393837DCFF1D05171 null -1 /myProject/css/mystyle.css?v=1546412066417 NO-BLD
19/01/02 15:54:26.650 067 W1 <U> GUEST 12DD84E17D49940393837DCFF1D05171 null -1 /myProject/js/bar_month.js?v=1546412066417 NO-BLD
19/01/02 15:54:26.658 066 W1 <U> GUEST 12DD84E17D49940393837DCFF1D05171 null -1 /myProject/js/grid.js?v=1546412066417 NO-BLD
19/01/02 15:55:12.780 070 W1 <U> GUEST 12DD84E17D49940393837DCFF1D05171 null -1 /myProject/main.jsp NO-BLD
19/01/02 15:55:13.728 069 W1 <U> GUEST 12DD84E17D49940393837DCFF1D05171 null -1 /myProject/list.jsp NO-BLD
19/01/02 15:55:13.800 072 W1 <U> GUEST 12DD84E17D49940393837DCFF1D05171 null -1 /myProject/css/mystyle.css?v=1546412113728 NO-BLD
19/01/02 15:55:13.906 070 W1 <U> GUEST 12DD84E17D49940393837DCFF1D05171 null -1 /myProject/js/pie_period.js?v=1546412113728 NO-BLD
19/01/02 15:55:13.936 069 W1 <U> GUEST 12DD84E17D49940393837DCFF1D05171 null -1 /myProject/js/pie_arrests.js?v=1546412113728 NO-BLD
19/01/02 15:55:13.936 069 W1 <U> GUEST 12DD84E17D49940393837DCFF1D05171 null -1 /myProject/js/korea_map.js?v=1546412113728 NO-BLD
19/01/02 15:55:14.023 066 W1 <U> GUEST 12DD84E17D49940393837DCFF1D05171 null -1 /myProject/js/line.js?v=1546412113728 NO-BLD
19/01/02 17:01:06.382 070 W1 <U> GUEST C5D701BA286B8657BE9443ED8D626B4A null -1 /myProject/webponent/chart2.0/sample/chart/img/tooltip_arrow.png NO-BLD
19/01/02 17:03:01.682 067 W1 <U> GUEST C5D701BA286B8657BE9443ED8D626B4A null -1 /myProject/main.jsp NO-BLD
19/01/02 17:03:34.051 069 W1 <U> GUEST C5D701BA286B8657BE9443ED8D626B4A null -1 /myProject/list.jsp NO-BLD
19/01/02 17:03:34.132 067 W1 <U> GUEST C5D701BA286B8657BE9443ED8D626B4A null -1 /myProject/css/mystyle.css?v=1546416214050 NO-BLD
19/01/02 17:03:34.264 073 W1 <U> GUEST C5D701BA286B8657BE9443ED8D626B4A null -1 /myProject/js/pie_period.js?v=1546416214050 NO-BLD
19/01/02 17:03:34.353 070 W1 <U> GUEST C5D701BA286B8657BE9443ED8D626B4A null -1 /myProject/js/pie_arrests.js?v=1546416214050 NO-BLD
19/01/02 17:03:34.354 073 W1 <U> GUEST C5D701BA286B8657BE9443ED8D626B4A null -1 /myProject/js/korea_map.js?v=1546416214050 NO-BLD
19/01/02 17:03:34.364 066 W1 <U> GUEST C5D701BA286B8657BE9443ED8D626B4A null -1 /myProject/js/line.js?v=1546416214050 NO-BLD
19/01/02 17:03:41.753 072 W1 <U> GUEST C5D701BA286B8657BE9443ED8D626B4A null -1 /myProject/webponent/chart2.0/sample/chart/img/tooltip_arrow.png NO-BLD
19/01/02 17:04:15.547 066 W1 <U> GUEST C5D701BA286B8657BE9443ED8D626B4A null -1 /myProject/main.jsp NO-BLD
19/01/02 17:04:16.508 066 W1 <U> GUEST C5D701BA286B8657BE9443ED8D626B4A null -1 /myProject/bar_month.jsp NO-BLD
19/01/02 17:04:16.566 072 W1 <U> GUEST C5D701BA286B8657BE9443ED8D626B4A null -1 /myProject/css/mystyle.css?v=1546416256507 NO-BLD
19/01/02 17:04:16.689 072 W1 <U> GUEST C5D701BA286B8657BE9443ED8D626B4A null -1 /myProject/js/bar_month.js?v=1546416256507 NO-BLD
19/01/02 17:04:16.766 069 W1 <U> GUEST C5D701BA286B8657BE9443ED8D626B4A null -1 /myProject/js/grid.js?v=1546416256507 NO-BLD
19/01/02 17:04:18.182 069 W1 <U> GUEST C5D701BA286B8657BE9443ED8D626B4A null -1 /myProject/webponent/chart2.0/sample/chart/img/tooltip_arrow.png NO-BLD
19/01/02 17:06:23.923 070 W1 <U> GUEST C5D701BA286B8657BE9443ED8D626B4A null -1 /myProject/main.jsp NO-BLD
19/01/02 17:28:08.111 067 W1 <U> GUEST C5D701BA286B8657BE9443ED8D626B4A null -1 /myProject/bar_month.jsp NO-BLD
19/01/02 17:28:08.191 072 W1 <U> GUEST C5D701BA286B8657BE9443ED8D626B4A null -1 /myProject/css/mystyle.css?v=1546417688109 NO-BLD
19/01/02 17:28:08.360 071 W1 <U> GUEST C5D701BA286B8657BE9443ED8D626B4A null -1 /myProject/js/bar_month.js?v=1546417688109 NO-BLD
19/01/02 17:28:08.374 067 W1 <U> GUEST C5D701BA286B8657BE9443ED8D626B4A null -1 /myProject/js/grid.js?v=1546417688109 NO-BLD
19/01/02 17:28:09.664 067 W1 <U> GUEST C5D701BA286B8657BE9443ED8D626B4A null -1 /myProject/webponent/chart2.0/sample/chart/img/tooltip_arrow.png NO-BLD
19/01/02 17:33:43.844 067 W1 <U> GUEST C5D701BA286B8657BE9443ED8D626B4A null -1 /myProject/main.jsp NO-BLD
19/01/02 17:34:08.936 073 W1 <U> GUEST C5D701BA286B8657BE9443ED8D626B4A null -1 /myProject/bar_month.jsp NO-BLD
19/01/02 17:34:09.013 071 W1 <U> GUEST C5D701BA286B8657BE9443ED8D626B4A null -1 /myProject/css/mystyle.css?v=1546418048935 NO-BLD
19/01/02 17:34:09.126 068 W1 <U> GUEST C5D701BA286B8657BE9443ED8D626B4A null -1 /myProject/js/bar_month.js?v=1546418048936 NO-BLD
19/01/02 17:34:09.159 073 W1 <U> GUEST C5D701BA286B8657BE9443ED8D626B4A null -1 /myProject/js/grid.js?v=1546418048936 NO-BLD
19/01/02 17:34:09.741 066 W1 <U> GUEST C5D701BA286B8657BE9443ED8D626B4A null -1 /myProject/webponent/chart2.0/sample/chart/img/tooltip_arrow.png NO-BLD
19/01/02 17:34:15.974 069 W1 <U> GUEST C5D701BA286B8657BE9443ED8D626B4A null -1 /myProject/main.jsp NO-BLD
19/01/02 17:37:00.223 068 W1 <U> GUEST C5D701BA286B8657BE9443ED8D626B4A null -1 /myProject/bar_month.jsp NO-BLD
19/01/02 17:37:00.434 073 W1 <U> GUEST C5D701BA286B8657BE9443ED8D626B4A null -1 /myProject/css/mystyle.css?v=1546418220220 NO-BLD
19/01/02 17:37:01.039 071 W1 <U> GUEST C5D701BA286B8657BE9443ED8D626B4A null -1 /myProject/js/bar_month.js?v=1546418220220 NO-BLD
19/01/02 17:37:01.043 072 W1 <U> GUEST C5D701BA286B8657BE9443ED8D626B4A null -1 /myProject/js/grid.js?v=1546418220220 NO-BLD
19/01/02 17:37:05.144 071 W1 <U> GUEST C5D701BA286B8657BE9443ED8D626B4A null -1 /myProject/webponent/chart2.0/sample/chart/img/tooltip_arrow.png NO-BLD
19/01/02 17:37:10.311 068 W1 <U> GUEST C5D701BA286B8657BE9443ED8D626B4A null -1 /myProject/bar_month.jsp NO-BLD
19/01/02 17:37:10.416 072 W1 <U> GUEST C5D701BA286B8657BE9443ED8D626B4A null -1 /myProject/js/grid.js?v=1546418230311 NO-BLD
19/01/02 17:37:10.416 069 W1 <U> GUEST C5D701BA286B8657BE9443ED8D626B4A null -1 /myProject/css/mystyle.css?v=1546418230311 NO-BLD
19/01/02 17:37:10.416 070 W1 <U> GUEST C5D701BA286B8657BE9443ED8D626B4A null -1 /myProject/js/bar_month.js?v=1546418230311 NO-BLD
19/01/02 17:37:11.476 071 W1 <U> GUEST C5D701BA286B8657BE9443ED8D626B4A null -1 /myProject/webponent/chart2.0/sample/chart/img/tooltip_arrow.png NO-BLD
19/01/02 17:37:16.293 072 W1 <U> GUEST C5D701BA286B8657BE9443ED8D626B4A null -1 /myProject/main.jsp NO-BLD
19/01/02 17:38:17.997 071 W1 <U> GUEST C5D701BA286B8657BE9443ED8D626B4A null -1 /myProject/list.jsp NO-BLD
19/01/02 17:38:18.078 069 W1 <U> GUEST C5D701BA286B8657BE9443ED8D626B4A null -1 /myProject/css/mystyle.css?v=1546418297996 NO-BLD
19/01/02 17:38:18.209 066 W1 <U> GUEST C5D701BA286B8657BE9443ED8D626B4A null -1 /myProject/js/pie_period.js?v=1546418297996 NO-BLD
19/01/02 17:38:18.216 072 W1 <U> GUEST C5D701BA286B8657BE9443ED8D626B4A null -1 /myProject/js/pie_arrests.js?v=1546418297996 NO-BLD
19/01/02 17:38:18.223 067 W1 <U> GUEST C5D701BA286B8657BE9443ED8D626B4A null -1 /myProject/js/korea_map.js?v=1546418297996 NO-BLD
19/01/02 17:38:18.313 070 W1 <U> GUEST C5D701BA286B8657BE9443ED8D626B4A null -1 /myProject/js/line.js?v=1546418297996 NO-BLD
19/01/02 17:45:26.622 068 W1 <U> GUEST C5D701BA286B8657BE9443ED8D626B4A null -1 /myProject/main.jsp NO-BLD
19/01/02 17:45:30.538 067 W1 <U> GUEST C5D701BA286B8657BE9443ED8D626B4A null -1 /myProject/bar_month.jsp NO-BLD
19/01/02 17:45:30.728 071 W1 <U> GUEST C5D701BA286B8657BE9443ED8D626B4A null -1 /myProject/webponent.licenseKey.js NO-BLD
19/01/02 17:45:30.728 071 W1 <U> GUEST C5D701BA286B8657BE9443ED8D626B4A null -1 /myProject/css/mystyle.css?v=1546418730536 NO-BLD
19/01/02 17:45:30.909 069 W1 <U> GUEST C5D701BA286B8657BE9443ED8D626B4A null -1 /myProject/css/clipart2431071.png NO-BLD
19/01/02 17:45:30.910 066 W1 <U> GUEST C5D701BA286B8657BE9443ED8D626B4A null -1 /myProject/js/bar_month.js?v=1546418730536 NO-BLD
19/01/02 17:45:31.030 067 W1 <U> GUEST C5D701BA286B8657BE9443ED8D626B4A null -1 /myProject/js/grid.js?v=1546418730536 NO-BLD
19/01/02 17:45:37.742 072 W1 <U> GUEST C5D701BA286B8657BE9443ED8D626B4A null -1 /myProject/webponent/chart2.0/sample/chart/img/tooltip_arrow.png NO-BLD
19/01/02 17:45:43.635 072 W1 <U> GUEST C5D701BA286B8657BE9443ED8D626B4A null -1 /myProject/webponent/chart2.0/sample/chart/img/tooltip_arrow.png NO-BLD
19/01/02 17:53:17.298 069 W1 <U> GUEST C5D701BA286B8657BE9443ED8D626B4A null -1 /myProject/main.jsp NO-BLD
19/01/02 17:53:18.880 069 W1 <U> GUEST C5D701BA286B8657BE9443ED8D626B4A null -1 /myProject/list.jsp NO-BLD
19/01/02 17:53:18.974 072 W1 <U> GUEST C5D701BA286B8657BE9443ED8D626B4A null -1 /myProject/webponent.licenseKey.js NO-BLD
19/01/02 17:53:19.000 071 W1 <U> GUEST C5D701BA286B8657BE9443ED8D626B4A null -1 /myProject/css/mystyle.css?v=1546419198878 NO-BLD
19/01/02 17:53:19.305 070 W1 <U> GUEST C5D701BA286B8657BE9443ED8D626B4A null -1 /myProject/js/pie_period.js?v=1546419198878 NO-BLD
19/01/02 17:53:19.306 068 W1 <U> GUEST C5D701BA286B8657BE9443ED8D626B4A null -1 /myProject/css/clipart2431071.png NO-BLD
19/01/02 17:53:19.464 073 W1 <U> GUEST C5D701BA286B8657BE9443ED8D626B4A null -1 /myProject/js/pie_arrests.js?v=1546419198878 NO-BLD
19/01/02 17:53:19.465 069 W1 <U> GUEST C5D701BA286B8657BE9443ED8D626B4A null -1 /myProject/js/korea_map.js?v=1546419198878 NO-BLD
19/01/02 17:53:19.805 066 W1 <U> GUEST C5D701BA286B8657BE9443ED8D626B4A null -1 /myProject/js/line.js?v=1546419198878 NO-BLD
19/01/02 17:53:19.816 073 W1 <U> GUEST C5D701BA286B8657BE9443ED8D626B4A null -1 /myProject/js/html2canvas.min.js NO-BLD
19/01/02 17:57:35.616 071 W1 <U> GUEST C5D701BA286B8657BE9443ED8D626B4A null -1 /myProject/main.jsp NO-BLD
19/01/02 17:57:37.456 068 W1 <U> GUEST C5D701BA286B8657BE9443ED8D626B4A null -1 /myProject/bar_month.jsp NO-BLD
19/01/02 17:57:37.567 066 W1 <U> GUEST C5D701BA286B8657BE9443ED8D626B4A null -1 /myProject/webponent.licenseKey.js NO-BLD
19/01/02 17:57:37.569 072 W1 <U> GUEST C5D701BA286B8657BE9443ED8D626B4A null -1 /myProject/css/mystyle.css?v=1546419457455 NO-BLD
19/01/02 17:57:37.659 068 W1 <U> GUEST C5D701BA286B8657BE9443ED8D626B4A null -1 /myProject/css/clipart2431071.png NO-BLD
19/01/02 17:57:37.659 068 W1 <U> GUEST C5D701BA286B8657BE9443ED8D626B4A null -1 /myProject/js/bar_month.js?v=1546419457455 NO-BLD
19/01/02 17:57:37.846 066 W1 <U> GUEST C5D701BA286B8657BE9443ED8D626B4A null -1 /myProject/js/grid.js?v=1546419457455 NO-BLD
19/01/02 17:57:43.978 073 W1 <U> GUEST C5D701BA286B8657BE9443ED8D626B4A null -1 /myProject/webponent/chart2.0/sample/chart/img/tooltip_arrow.png NO-BLD
