18/12/05 11:02:58.160 017 W1 <D> <f:CoreApplication> starting ...........................................  
18/12/05 11:02:58.167 017 W1 <D> <f:CoreApplication> bean-info xml files
C:\Users\CP\Downloads\workspace\coreframe-webponent\out\artifacts\web_exploded\WEB-INF\coreframe\service\base.xml
C:\Users\CP\Downloads\workspace\coreframe-webponent\out\artifacts\web_exploded\WEB-INF\coreframe\service\adapters\dbms.xml
C:\Users\CP\Downloads\workspace\coreframe-webponent\out\artifacts\web_exploded\WEB-INF\coreframe\service\adapters\file.xml
C:\Users\CP\Downloads\workspace\coreframe-webponent\out\artifacts\web_exploded\WEB-INF\coreframe\service\adapters\http.xml
C:\Users\CP\Downloads\workspace\coreframe-webponent\out\artifacts\web_exploded\WEB-INF\coreframe\service\adapters\java.xml
C:\Users\CP\Downloads\workspace\coreframe-webponent\out\artifacts\web_exploded\WEB-INF\coreframe\service\adapters\mail.xml
C:\Users\CP\Downloads\workspace\coreframe-webponent\out\artifacts\web_exploded\WEB-INF\coreframe\service\adapters\soap.xml
C:\Users\CP\Downloads\workspace\coreframe-webponent\out\artifacts\web_exploded\WEB-INF\coreframe\service\web\filter.xml
C:\Users\CP\Downloads\workspace\coreframe-webponent\out\artifacts\web_exploded\WEB-INF\coreframe\service\web\naming.xml
C:\Users\CP\Downloads\workspace\coreframe-webponent\out\artifacts\web_exploded\WEB-INF\coreframe\service\web\security.xml
C:\Users\CP\Downloads\workspace\coreframe-webponent\out\artifacts\web_exploded\WEB-INF\coreframe\service\web\servlet.xml
C:\Users\CP\Downloads\workspace\coreframe-webponent\out\artifacts\web_exploded\WEB-INF\coreframe\service\web\thymeleaf.xml
C:\Users\CP\Downloads\workspace\coreframe-webponent\out\artifacts\web_exploded\WEB-INF\coreframe\service\web\transform.xml
C:\Users\CP\Downloads\workspace\coreframe-webponent\out\artifacts\web_exploded\WEB-INF\coreframe\service\web\web-sitemap.xml
C:\Users\CP\Downloads\workspace\coreframe-webponent\out\artifacts\web_exploded\WEB-INF\coreframe\service\event\server-event-listener.xml
C:\Users\CP\Downloads\workspace\coreframe-webponent\out\artifacts\web_exploded\WEB-INF\coreframe\service\schedule\schedule.xml
C:\Users\CP\Downloads\workspace\coreframe-webponent\out\artifacts\web_exploded\WEB-INF\coreframe\service\apm\performance-pack.xml

18/12/05 11:02:58.294 017 W1 <D> bean-info filePath: C:\Users\CP\Downloads\workspace\coreframe-webponent\out\artifacts\web_exploded\WEB-INF\coreframe\service\base.xml
  #coreframe.serviceManager	coreframe.service.ServiceManager true
  #coreframe.dbPoolService	coreframe.db.DbPoolService true
  #corelogic.connectionFactory	corelogic.adapter.BaseConnectionFactory true
  #corelogic.adapterService	corelogic.spi.management.AdapterManagementService true
18/12/05 11:02:58.310 017 W1 <D> bean-info filePath: C:\Users\CP\Downloads\workspace\coreframe-webponent\out\artifacts\web_exploded\WEB-INF\coreframe\service\adapters\dbms.xml
  #adapter.dbms	corelogic.adapter.dbms.ResourceAdapterImpl true
18/12/05 11:02:58.356 017 W1 <D> bean-info filePath: C:\Users\CP\Downloads\workspace\coreframe-webponent\out\artifacts\web_exploded\WEB-INF\coreframe\service\adapters\file.xml
  #adapter.file	corelogic.adapter.file.ResourceAdapterImpl true
  #adapter.file2	corelogic.adapter.file.ResourceAdapterImpl true
  #adapter.file3	corelogic.adapter.file.ResourceAdapterImpl true
18/12/05 11:02:58.356 017 W1 <D> bean-info filePath: C:\Users\CP\Downloads\workspace\coreframe-webponent\out\artifacts\web_exploded\WEB-INF\coreframe\service\adapters\http.xml
  #adapter.http	corelogic.adapter.http.HttpResourceAdapter true
18/12/05 11:02:58.372 017 W1 <D> bean-info filePath: C:\Users\CP\Downloads\workspace\coreframe-webponent\out\artifacts\web_exploded\WEB-INF\coreframe\service\adapters\java.xml
  #adapter.java	corelogic.adapter.java.ResourceAdapterImtpl true
18/12/05 11:02:58.372 017 W1 <D> bean-info filePath: C:\Users\CP\Downloads\workspace\coreframe-webponent\out\artifacts\web_exploded\WEB-INF\coreframe\service\adapters\mail.xml
  #adapter.mail	corelogic.adapter.mail.ResourceAdapterImpl true
18/12/05 11:02:58.388 017 W1 <D> bean-info filePath: C:\Users\CP\Downloads\workspace\coreframe-webponent\out\artifacts\web_exploded\WEB-INF\coreframe\service\adapters\soap.xml
  #adapter.soap	corelogic.adapter.http.HttpResourceAdapter true
18/12/05 11:02:58.403 017 W1 <D> bean-info filePath: C:\Users\CP\Downloads\workspace\coreframe-webponent\out\artifacts\web_exploded\WEB-INF\coreframe\service\web\filter.xml
18/12/05 11:02:58.403 017 W1 <D> bean-info filePath: C:\Users\CP\Downloads\workspace\coreframe-webponent\out\artifacts\web_exploded\WEB-INF\coreframe\service\web\naming.xml
  #coreframe.namingTemplate	coreframe.db.meta.CsvNamingTemplate true
  #coreframe.bldManager	corelogic.spi.admin.DbmsBldManager true
18/12/05 11:02:58.434 017 W1 <D> bean-info filePath: C:\Users\CP\Downloads\workspace\coreframe-webponent\out\artifacts\web_exploded\WEB-INF\coreframe\service\web\security.xml
  #coreframe.webSecurityManager	coreframe.security.impl.EsapiSecurityManager true
  #coreview.defaultWebAuthorizer	coreframe.security.impl.DefaultFrameworkAdminAuthorizer true
18/12/05 11:02:58.450 017 W1 <D> bean-info filePath: C:\Users\CP\Downloads\workspace\coreframe-webponent\out\artifacts\web_exploded\WEB-INF\coreframe\service\web\servlet.xml
  #corelogic.httpCommandManager	corelogic.servlet.CommandManager true
  #corelogic.BldExecutorCommand	corelogic.servlet.command.BldExecutorCommand true
  #corelogic.BldSchemaCommand	corelogic.servlet.command.BldSchemaCommand true
  #corelogic.codeGenCommand	corelogic.servlet.command.CodeGenCommand true
18/12/05 11:02:58.497 017 W1 <D> bean-info filePath: C:\Users\CP\Downloads\workspace\coreframe-webponent\out\artifacts\web_exploded\WEB-INF\coreframe\service\web\thymeleaf.xml
  #thymeleaf	coreview.thymeleaf.ThymeleafViewTemplateEngine true
18/12/05 11:02:58.725 017 W1 <D> bean-info filePath: C:\Users\CP\Downloads\workspace\coreframe-webponent\out\artifacts\web_exploded\WEB-INF\coreframe\service\web\transform.xml
  #transform.xml	corelogic.transform.impl.XmlTransformerImpl false
  #transform.soap	corelogic.transform.impl.SoapTransformerImpl false
  #transform.json	corelogic.transform.impl.JSONTransformerImpl false
  #transform.htm	corelogic.transform.impl.HtmlTransformerImpl false
  #transform.html	corelogic.transform.impl.HtmlTransformerImpl false
  #transform.xhtml	corelogic.transform.impl.XhtmlTransformerImpl false
  #transform.cvs	corelogic.transform.impl.CommaTransformerImpl false
  #transform.txt	corelogic.transform.impl.TabSplitTextTransformerImpl false
  #transform.binary	corelogic.transform.impl.BinaryTransformerImpl false
  #schemaTransform.xml	corelogic.transform.schema.impl.XmlSchemaTransformer true
  #schemaTransform.xsd	corelogic.transform.schema.impl.XsdSchemaTransformer true
  #schemaTransform.wsdl	corelogic.transform.schema.impl.WsdlSchemaTransformer true
  #schemaTransform.json	corelogic.transform.schema.impl.JSONSchemaTransformer true
  #corelogic.sourceGenerator.jsp	corelogic.transform.sourcecode.impl.JspSourceGenerator true
  #corelogic.sourceGenerator.jstl	corelogic.transform.sourcecode.impl.JstlSourceGenerator true
  #corelogic.sourceGenerator.ajax	corelogic.transform.sourcecode.impl.AjaxSourceGenerator true
18/12/05 11:02:58.777 017 W1 <D> bean-info filePath: C:\Users\CP\Downloads\workspace\coreframe-webponent\out\artifacts\web_exploded\WEB-INF\coreframe\service\web\web-sitemap.xml
  #coreview.layout.dao	coreview.layout.dao.XmlFileDao true
  #coreview.menuDao	coreview.menu.dao.XmlMenuDao true
  #coreview.layout.layoutMgr	coreview.layout.LayoutManager true
  #coreview.menuMgr	coreview.menu.bean.MenuMgrBean true
  #coreview.WebsiteManagementService	coreview.WebsiteManagementService true
  #coreview.WebPagePublisher	coreview.menu.WebPagePublisher true
  #coreview.urlRouteService	coreview.route.impl.RESTfulRouteService true
  #coreview.ElementManagerService	coreview.layout.element.impl.ElementManagerServiceImpl true
  #service.less.lessCompileService	coreframe.service.less.LessService true
18/12/05 11:02:58.777 017 W1 <D> bean-info filePath: C:\Users\CP\Downloads\workspace\coreframe-webponent\out\artifacts\web_exploded\WEB-INF\coreframe\service\event\server-event-listener.xml
  #coreframe.eventManager	coreframe.service.event.FrameworkEventManagerImpl true
  #coreframe.event.webpageAccess	coreframe.service.event.listener.WebpageAccessEventListener true
18/12/05 11:02:58.793 017 W1 <D> bean-info filePath: C:\Users\CP\Downloads\workspace\coreframe-webponent\out\artifacts\web_exploded\WEB-INF\coreframe\service\schedule\schedule.xml
  #corelogic.ScheduleService	corelogic.schedule.ScheduleService true
18/12/05 11:02:58.809 017 W1 <D> bean-info filePath: C:\Users\CP\Downloads\workspace\coreframe-webponent\out\artifacts\web_exploded\WEB-INF\coreframe\service\apm\performance-pack.xml
  #coreframe.service.performance	coreframe.service.performance.PerformanceMonitorService true
  #coreframe.event.listener.chkPerform	coreframe.service.event.listener.PerformanceCheckListener true
  #coreframe.event.listener.chkPerformBld	coreframe.service.event.listener.BldProcessEventListener true
  #coreframe.event.processDelay	coreframe.service.event.listener.ProcessDelayEventListener true
  #coreframe.event.listener.webpageError	coreframe.service.event.listener.WebpageErrorEventListener true
  #coreframe.event.sessionMonitor	coreframe.service.monitor.WebuserCounter true18/12/05 11:02:58.043 017 W1 <S> <f:CoreApplication> coreFRAME 5.0.266
18/12/05 11:02:58.159 017 W1 <S> <f:CoreApplication> coreFRAME jar:file:/C:/Users/CP/Downloads/workspace/coreframe-webponent/out/artifacts/web_exploded/WEB-INF/lib/coreframe-core-5.0.20.jar!/coreframe/CoreApplication.class
18/12/05 11:02:58.167 017 W1 <S> * coreFRAME thread pool number:10
18/12/05 11:02:58.167 017 W1 <S> <f:CoreApplication> beanFactory:coreframe.beans.DefaultBeanFactory

18/12/05 11:02:58.840 017 W1 <D> <f:FrameworkEventManager> scope:cf:webuserWebpageError class:coreframe.service.event.listener.WebpageErrorEventListener
18/12/05 11:02:58.840 017 W1 <D> <f:FrameworkEventManager> scope:cf:webuserWebpageAccess class:coreframe.service.event.listener.PerformanceCheckListener
18/12/05 11:02:59.167 017 W1 <D> <f:FrameworkEventManager> scope:cf:corelogicBldProcess class:coreframe.service.event.listener.BldProcessEventListener
18/12/05 11:02:59.167 017 W1 <I> <l:AdapterManagementService> regist adapter : file-reader-binary
18/12/05 11:02:59.214 017 W1 <I> <l:AdapterManagementService> regist adapter : soap
18/12/05 11:02:59.214 017 W1 <I> <f:EsapiSecurityManager> set homeDir [org.owasp.esapi.resources]C:\Users\CP\Downloads\workspace\coreframe-webponent\out\artifacts\web_exploded\WEB-INF\coreframe\security
18/12/05 11:02:59.323 017 W1 <I> <f:EsapiSecurityManager> skipUrlRegExp:/apps/admin
18/12/05 11:02:58.887 017 W1 <S> <f:ServiceManager> regist service:PerformanceMonitorService
18/12/05 11:02:59.136 017 W1 <S> <f:ServiceManager> regist service:ScheduleService
18/12/05 11:02:59.167 017 W1 <S> <f:ServiceManager> regist service:businessLogicService
18/12/05 11:02:59.323 017 W1 <S> <f:ServiceManager> regist service:LessService
18/12/05 11:02:59.339 017 W1 <S> <f:ServiceManager> regist service:DbPooling Service
18/12/05 11:02:59.323 017 W1 <I> <l:AdapterManagementService> regist adapter : http
18/12/05 11:02:59.323 017 W1 <I> <l:AdapterManagementService> regist adapter : file-reader
18/12/05 11:02:59.323 017 W1 <I> <l:AdapterManagementService> regist adapter : file-writer
18/12/05 11:02:59.369 017 W1 <I> corelogic.adapter.dbms.ProcessorFactoryImpl instance create
18/12/05 11:02:59.369 017 W1 <I> <l:AdapterManagementService> regist adapter : dbms
18/12/05 11:02:59.339 017 W1 <S> <f:ServiceManager> regist service:ElementManagerServiceImpl
18/12/05 11:02:59.486 017 W1 <S> <f:ServiceManager> regist service:WebPagePublisher
18/12/05 11:02:59.486 017 W1 <S> <f:ServiceManager> regist service:WebsiteManagementService
18/12/05 11:02:59.517 017 W1 <S> <f:ServiceManager> regist service:RESTfulRouteService
18/12/05 11:02:59.517 017 W1 <S> <f:CoreApplication> supportJTA:false use JdbcTransaction
18/12/05 11:02:59.199 017 W1 <D> <f:FrameworkEventManager> scope:cf:webuserSessionCreate class:coreframe.service.monitor.WebuserCounter
18/12/05 11:02:59.199 017 W1 <D> <f:FrameworkEventManager> scope:cf:webuserSessionDestory class:coreframe.service.monitor.WebuserCounter
18/12/05 11:02:59.199 017 W1 <D> <f:FrameworkEventManager> scope:cf:webuserProcessDelay class:coreframe.service.event.listener.ProcessDelayEventListener
18/12/05 11:02:59.541 017 W1 <D> <f:ConnectionManager> derbyPool : coreframe.db.jdbc.CacheDriver
18/12/05 11:03:00.207 017 W1 <D> [JDBC Pool:derbyPool] init
18/12/05 11:03:00.207 017 W1 <D> [JDBC Pool:derbyPool] * info:{}
18/12/05 11:03:00.207 017 W1 <D> [JDBC Pool:derbyPool] * url:jdbc:derby:C:\Users\CP\Downloads\workspace\coreframe-webponent\out\artifacts\web_exploded\WEB-INF\coreframe/_work/filedb/samples
18/12/05 11:03:00.210 017 W1 <D> [JDBC Pool:derbyPool] info:{}
18/12/05 11:03:03.501 017 W1 <D> <f:ConnectionManager> getConnection [JDBC] derbyPool coreframe.db.jdbc.CacheConnection@4a8f9380
18/12/05 11:03:03.501 017 W1 <D> <f:ConnectionManager> cf-system : coreframe.db.jdbc.CacheDriver
18/12/05 11:03:03.501 017 W1 <D> [JDBC Pool:cf-system] init
18/12/05 11:03:03.501 017 W1 <D> [JDBC Pool:cf-system] * info:{}
18/12/05 11:02:59.502 017 W1 <I> <l:AdapterManagementService> regist adapter : java
18/12/05 11:02:59.517 017 W1 <I> <l:AdapterManagementService> regist adapter : mail
18/12/05 11:02:59.535 017 W1 <I> <f:ConnectionManager>  use default url:derbyPool
18/12/05 11:03:03.501 017 W1 <I> [JDBC Pool:derbyPool] 1 connection created.
18/12/05 11:03:03.501 017 W1 <I> <f:DbPoolService> connection test OK:derbyPool
18/12/05 11:03:05.260 017 W1 <I> [JDBC Pool:cf-system] 1 connection created.
18/12/05 11:03:05.260 017 W1 <I> <f:DbPoolService> connection test OK:cf-system
18/12/05 11:03:05.283 017 W1 <I> <l:BLContextFactory> check_interval_time:1000
18/12/05 11:03:05.283 017 W1 <I> <l:BLContextFactory> initLoadBldMode:normal
18/12/05 11:03:05.283 017 W1 <I> <l:BLContextFactory> load schema root dir : C:\Users\CP\Downloads\workspace\coreframe-webponent\out\artifacts\web_exploded\WEB-INF\coreframe\bld
18/12/05 11:03:05.284 017 W1 <I> <l:AdapterManagementService> adapter start : file-writer
18/12/05 11:03:05.284 017 W1 <I> <l:AdapterManagementService> adapter start : java
18/12/05 11:03:05.284 017 W1 <I> <adapter> Java adapter start
18/12/05 11:03:05.284 017 W1 <I> <l:AdapterManagementService> adapter start : file-reader-binary
18/12/05 11:03:05.284 017 W1 <I> <l:AdapterManagementService> adapter start : mail
18/12/05 11:03:05.284 017 W1 <I> <adapter> Mail adapter start
18/12/05 11:03:05.284 017 W1 <I> <l:AdapterManagementService> adapter start : file-reader
18/12/05 11:03:03.501 017 W1 <D> [JDBC Pool:cf-system] * url:jdbc:derby:C:\Users\CP\Downloads\workspace\coreframe-webponent\out\artifacts\web_exploded\WEB-INF\coreframe/_work/filedb/admin
18/12/05 11:03:03.501 017 W1 <D> [JDBC Pool:cf-system] info:{}
18/12/05 11:03:05.260 017 W1 <D> <f:ConnectionManager> getConnection [JDBC] cf-system coreframe.db.jdbc.CacheConnection@1a13c132
18/12/05 11:03:05.301 017 W1 <D> <v:ElementManagerService> regist element:calendar
18/12/05 11:03:05.301 017 W1 <D> <v:ElementManagerService> regist element:chart
18/12/05 11:03:05.301 017 W1 <D> <v:ElementManagerService> regist element:coreframe-client
18/12/05 11:03:05.301 017 W1 <D> <v:ElementManagerService> regist element:data-bind
18/12/05 11:03:05.301 017 W1 <D> <v:ElementManagerService> regist element:chart_comm
18/12/05 11:03:05.301 017 W1 <D> <v:ElementManagerService> regist element:chart
18/12/05 11:03:05.301 017 W1 <D> <v:ElementManagerService> regist element:grid
18/12/05 11:03:05.301 017 W1 <D> <v:ElementManagerService> regist element:tab.pc
18/12/05 11:03:05.301 017 W1 <D> <v:ElementManagerService> regist element:tab.mobile
18/12/05 11:03:05.301 017 W1 <D> <v:ElementManagerService> regist element:tab.tablet
18/12/05 11:03:05.301 017 W1 <D> <v:ElementManagerService> regist element:dialog.pc
18/12/05 11:03:05.317 017 W1 <D> <v:ElementManagerService> regist element:dialog.tablet
18/12/05 11:03:05.317 017 W1 <D> <v:ElementManagerService> regist element:dialog.mobile
18/12/05 11:03:05.317 017 W1 <D> <v:ElementManagerService> regist element:websocket.pc
18/12/05 11:03:05.317 017 W1 <D> <v:ElementManagerService> regist element:websocket.mobile
18/12/05 11:03:05.317 017 W1 <D> <v:ElementManagerService> regist element:websocket.tablet
18/12/05 11:03:05.317 017 W1 <D> <v:ElementManagerService> regist element:websocket.tablet-low
18/12/05 11:03:05.317 017 W1 <D> <v:ElementManagerService> regist element:jquery
18/12/05 11:03:05.317 017 W1 <D> <v:ElementManagerService> regist element:bootstrap
18/12/05 11:03:05.317 017 W1 <D> <v:ElementManagerService> regist element:codemirror
18/12/05 11:03:05.317 017 W1 <D> <v:ElementManagerService> regist element:hammer
18/12/05 11:03:05.317 017 W1 <D> <v:ElementManagerService> regist element:less
18/12/05 11:03:05.317 017 W1 <D> <v:ElementManagerService> regist element:underscore
18/12/05 11:03:05.285 017 W1 <I> <l:AdapterManagementService> adapter start : http
18/12/05 11:03:05.285 017 W1 <I> <adapter> Http adapter start
18/12/05 11:03:05.285 017 W1 <I> <l:AdapterManagementService> adapter start : dbms
18/12/05 11:03:05.285 017 W1 <I> <adapter> DBMS adapter start
18/12/05 11:03:05.285 017 W1 <I> <l:AdapterManagementService> adapter start : soap
18/12/05 11:03:05.285 017 W1 <I> <adapter> Http adapter start
18/12/05 11:02:59.517 017 W1 <S> <f:CoreApplication> init - complete
18/12/05 11:03:00.204 017 W1 <S> <CacheDriver> regist ConnectionPool : derbyPool
18/12/05 11:03:03.501 017 W1 <S> <CacheDriver> regist ConnectionPool : cf-system
18/12/05 11:03:05.260 017 W1 <S> <f:ServiceManager> start service:DbPooling Service
18/12/05 11:03:05.283 017 W1 <S> <l:AdapterManagementService> regist adapter count 8
18/12/05 11:03:05.285 017 W1 <S> <f:ServiceManager> start service:businessLogicService
18/12/05 11:03:05.317 017 W1 <I> <v:ElementManagerService> load element info
18/12/05 11:03:05.332 017 W1 <I> <v:RESTfulRouteService> REG C:\Users\CP\Downloads\workspace\coreframe-webponent\out\artifacts\web_exploded\WEB-INF\coreframe\web\url-route\admin.xml
18/12/05 11:03:05.332 017 W1 <I> <v:RESTfulRouteService> REG C:\Users\CP\Downloads\workspace\coreframe-webponent\out\artifacts\web_exploded\WEB-INF\coreframe\web\url-route\sample.xml
18/12/05 11:03:05.348 017 W1 <I> <t:XmlFileDao> regist [default] /templets/default/templet.jsp
18/12/05 11:03:05.348 017 W1 <I> <t:XmlFileDao> regist [admin] /templets/admin/templet.jsp
18/12/05 11:03:05.348 017 W1 <I> <t:XmlFileDao> regist [mobile] /templets/mobile/templet.jsp
18/12/05 11:03:05.348 017 W1 <I> <t:XmlFileDao> regist [advance] /templets/default/templet.jsp
18/12/05 11:03:05.348 017 W1 <I> <t:XmlFileDao> regist [no-apply] null
18/12/05 11:03:05.317 017 W1 <D> <v:ElementManagerService> regist element:getDevice.pc
18/12/05 11:03:05.317 017 W1 <D> <v:ElementManagerService> regist element:getDevice.mobile
18/12/05 11:03:05.317 017 W1 <D> <v:ElementManagerService> regist element:getDevice.tablet
18/12/05 11:03:05.317 017 W1 <D> <v:ElementManagerService> regist element:getDevice.tablet-low
18/12/05 11:03:05.348 017 W1 <I> <t:XmlFileDao> regist [wts] /WEB-APP/wts/templets/desktop/templet.jsp
18/12/05 11:03:05.348 017 W1 <I> <t:XmlFileDao> regist [pub] /templets/pub/pcTemplet.jsp
18/12/05 11:03:05.348 017 W1 <I> <t:XmlFileDao> regist [builder] /WEB-APP/builder/templets/pcUtestTemplet.jsp
18/12/05 11:03:05.348 017 W1 <I> <t:MenuMgrBean> Menu DAO class : coreview.menu.dao.XmlMenuDao
18/12/05 11:03:05.317 017 W1 <S> <f:ServiceManager> start service:ElementManagerServiceImpl
18/12/05 11:03:05.348 017 W1 <S> <f:ServiceManager> start service:RESTfulRouteService
18/12/05 11:03:05.423 017 W1 <S> <f:ServiceManager> start service:WebsiteManagementService
18/12/05 11:03:05.425 017 W1 <S> <f:ServiceManager> start service:PerformanceMonitorService
18/12/05 11:03:05.425 017 W1 <S> <f:ServiceManager> running CoreService :6
18/12/05 11:03:05.348 017 W1 <I> <t:XmlMenuDao> load menu dir:C:\Users\CP\Downloads\workspace\coreframe-webponent\out\artifacts\web_exploded\WEB-INF\coreframe name:sitemap.xml
18/12/05 11:03:05.348 017 W1 <I> LOADING MENU ITEM .............................
18/12/05 11:03:05.421 017 W1 <I> <t:XmlMenuDao> load menu info sucess. loadtime:73
18/12/05 11:03:05.430 017 W1 <I> * coreFRAME Property Information 
 * BLD_ROOT_DIRECTORY
	C:\Users\CP\Downloads\workspace\coreframe-webponent\out\artifacts\web_exploded\WEB-INF\coreframe\bld
 * SERVLET_CONTEXT_EVENT
	javax.servlet.ServletContextEvent[source=org.apache.catalina.core.ApplicationContextFacade@7ac70e32]
 * FRAMEWORK_LOADTIME
	2018-12-05 11:03:05
 * WEB_CONTEXT_NAME
	/coreframe-webponent
 * class.dynamic.value
	4
 * COREFRAME_CONFIG_HOME
	C:\Users\CP\Downloads\workspace\coreframe-webponent\out\artifacts\web_exploded\WEB-INF\coreframe
 * target.encoding
	utf-8
 * COREFRAME_CONFIG_FILE
	C:\Users\CP\Downloads\workspace\coreframe-webponent\out\artifacts\web_exploded\WEB-INF\coreframe\config.xml
 * WEB_DOCUMENT_ROOT
	C:\Users\CP\Downloads\workspace\coreframe-webponent\out\artifacts\web_exploded\
 * domain.name
	http://yourdomainname.com
 * WEBAPP_HOME_DIRS
	[]18/12/05 11:03:05.348 017 W1 <D> <t:MenuMgrBean> 초기화  documentRoot:C:\Users\CP\Downloads\workspace\coreframe-webponent\out\artifacts\web_exploded\
18/12/05 11:03:05.348 017 W1 <D> <t:MenuMgrBean> 초기화  contextPath:/coreframe-webponent
18/12/05 11:03:05.348 017 W1 <D> <t:MenuMgrBean> 초기화  isReload:true
18/12/05 11:03:05.425 017 W1 <D> <f:FrameworkEventManager> scope:cf:serverStart class:coreframe.service.less.LessService
18/12/05 11:03:05.426 017 W1 <S> <f:ServiceManager> running Service(UserService) :3
18/12/05 11:03:05.426 017 W1 <S> <f:CoreApplication> startService - complete
18/12/05 11:03:05.430 017 W1 <S> coreFRAME complete startup process. Version:5.0.266
18/12/05 11:03:05.433 017 W1 <S> <f:FrameworkContextListener> context: /coreframe-webponent version:5.0.266 Apache Tomcat/8.5.32
18/12/05 11:03:05.434 017 W1 <S> <t:UIFilter> coreVIEW Filter init.
18/12/05 11:03:05.430 017 W1 <D> **********************************************************
18/12/05 11:03:05.431 017 W1 <D> **********************************************************
18/12/05 11:03:05.562 081 W1 <D> <LessService> LessServiceStart! 1 less files. [encoding : UTF-8] [initCompile : false] [reloadCheckTimeSec : 2][compress : false]
18/12/05 11:03:05.563 081 W1 <D> <LessService> envJsPath   : C:\Users\CP\Downloads\workspace\coreframe-webponent\out\artifacts\web_exploded\/WEB-INF/coreframe/service/web/env.rhino.js
18/12/05 11:03:05.563 081 W1 <D> <LessService> lessJsPath  : C:\Users\CP\Downloads\workspace\coreframe-webponent\out\artifacts\web_exploded\/WEB-APP/webponent/thirdParty/less/less-1.3.3.min.js

18/12/05 11:03:05.437 017 W1 <I> <t:UIFilter> exclude-dir:/templets
18/12/05 11:03:05.437 017 W1 <I> <t:UIFilter> Command 구현객체 미지정
18/12/05 11:03:05.438 017 W1 <I> <t:UIFilter> compactHTML:false
18/12/05 11:03:05.438 017 W1 <I> <t:UIFilter> layout DAO:coreview.layout.LayoutManager
18/12/05 11:03:05.468 082 W1 <I> <ScheduleService> crontab file:C:\Users\CP\Downloads\workspace\coreframe-webponent\out\artifacts\web_exploded\WEB-INF\coreframe/service/schedule/crontab.txt
18/12/05 11:03:05.438 017 W1 <S> <t:UIFilter> coreVIEW Filter init complete. contextPath:/coreframe-webponent
18/12/05 13:49:05.515 086 W1 <S> **********************************************************
18/12/05 13:49:05.515 086 W1 <S> <f:CoreApplication> coreFRAME stopping
18/12/05 13:49:06.210 086 W1 <S> <CacheDriver> stop ConnectionPool:derbyPool [1]
18/12/05 13:49:06.210 086 W1 <S> <CacheDriver> stop ConnectionPool:cf-system [1]
18/12/05 13:49:08.118 086 W1 <I> <adapter> Java adapter stop
18/12/05 13:49:08.118 086 W1 <I> <adapter> Mail adapter stop
18/12/05 13:49:08.118 086 W1 <I> <adapter> Http adapter stop
18/12/05 13:49:08.118 086 W1 <I> <adapter> DBMS adapter stop
18/12/05 13:49:08.118 086 W1 <I> <adapter> Http adapter stop
18/12/05 11:03:05.594 081 W1 <D> <LessService> C:\Users\CP\Downloads\workspace\coreframe-webponent\out\artifacts\web_exploded\WEB-APP\webponent\thirdParty\less\library.less
18/12/05 13:49:38.539 015 W1 <D> <f:CoreApplication> starting ...........................................  
18/12/05 13:49:38.555 015 W1 <D> <f:CoreApplication> bean-info xml files
C:\Users\CP\Downloads\workspace\coreframe-webponent\out\artifacts\web_exploded\WEB-INF\coreframe\service\base.xml
C:\Users\CP\Downloads\workspace\coreframe-webponent\out\artifacts\web_exploded\WEB-INF\coreframe\service\adapters\dbms.xml
C:\Users\CP\Downloads\workspace\coreframe-webponent\out\artifacts\web_exploded\WEB-INF\coreframe\service\adapters\file.xml
C:\Users\CP\Downloads\workspace\coreframe-webponent\out\artifacts\web_exploded\WEB-INF\coreframe\service\adapters\http.xml
C:\Users\CP\Downloads\workspace\coreframe-webponent\out\artifacts\web_exploded\WEB-INF\coreframe\service\adapters\java.xml
C:\Users\CP\Downloads\workspace\coreframe-webponent\out\artifacts\web_exploded\WEB-INF\coreframe\service\adapters\mail.xml
C:\Users\CP\Downloads\workspace\coreframe-webponent\out\artifacts\web_exploded\WEB-INF\coreframe\service\adapters\soap.xml
C:\Users\CP\Downloads\workspace\coreframe-webponent\out\artifacts\web_exploded\WEB-INF\coreframe\service\web\filter.xml
C:\Users\CP\Downloads\workspace\coreframe-webponent\out\artifacts\web_exploded\WEB-INF\coreframe\service\web\naming.xml
C:\Users\CP\Downloads\workspace\coreframe-webponent\out\artifacts\web_exploded\WEB-INF\coreframe\service\web\security.xml
C:\Users\CP\Downloads\workspace\coreframe-webponent\out\artifacts\web_exploded\WEB-INF\coreframe\service\web\servlet.xml
C:\Users\CP\Downloads\workspace\coreframe-webponent\out\artifacts\web_exploded\WEB-INF\coreframe\service\web\thymeleaf.xml
C:\Users\CP\Downloads\workspace\coreframe-webponent\out\artifacts\web_exploded\WEB-INF\coreframe\service\web\transform.xml
C:\Users\CP\Downloads\workspace\coreframe-webponent\out\artifacts\web_exploded\WEB-INF\coreframe\service\web\web-sitemap.xml
C:\Users\CP\Downloads\workspace\coreframe-webponent\out\artifacts\web_exploded\WEB-INF\coreframe\service\event\server-event-listener.xml
C:\Users\CP\Downloads\workspace\coreframe-webponent\out\artifacts\web_exploded\WEB-INF\coreframe\service\schedule\schedule.xml
C:\Users\CP\Downloads\workspace\coreframe-webponent\out\artifacts\web_exploded\WEB-INF\coreframe\service\apm\performance-pack.xml

18/12/05 13:49:38.805 015 W1 <D> bean-info filePath: C:\Users\CP\Downloads\workspace\coreframe-webponent\out\artifacts\web_exploded\WEB-INF\coreframe\service\base.xml
  #coreframe.serviceManager	coreframe.service.ServiceManager true
  #coreframe.dbPoolService	coreframe.db.DbPoolService true
  #corelogic.connectionFactory	corelogic.adapter.BaseConnectionFactory true
  #corelogic.adapterService	corelogic.spi.management.AdapterManagementService true
18/12/05 13:49:38.805 015 W1 <D> bean-info filePath: C:\Users\CP\Downloads\workspace\coreframe-webponent\out\artifacts\web_exploded\WEB-INF\coreframe\service\adapters\dbms.xml
  #adapter.dbms	corelogic.adapter.dbms.ResourceAdapterImpl true
18/12/05 13:49:38.851 015 W1 <D> bean-info filePath: C:\Users\CP\Downloads\workspace\coreframe-webponent\out\artifacts\web_exploded\WEB-INF\coreframe\service\adapters\file.xml
  #adapter.file	corelogic.adapter.file.ResourceAdapterImpl true
  #adapter.file2	corelogic.adapter.file.ResourceAdapterImpl true
  #adapter.file3	corelogic.adapter.file.ResourceAdapterImpl true
18/12/05 13:49:38.851 015 W1 <D> bean-info filePath: C:\Users\CP\Downloads\workspace\coreframe-webponent\out\artifacts\web_exploded\WEB-INF\coreframe\service\adapters\http.xml
  #adapter.http	corelogic.adapter.http.HttpResourceAdapter true
18/12/05 13:49:38.867 015 W1 <D> bean-info filePath: C:\Users\CP\Downloads\workspace\coreframe-webponent\out\artifacts\web_exploded\WEB-INF\coreframe\service\adapters\java.xml
  #adapter.java	corelogic.adapter.java.ResourceAdapterImtpl true
18/12/05 13:49:38.867 015 W1 <D> bean-info filePath: C:\Users\CP\Downloads\workspace\coreframe-webponent\out\artifacts\web_exploded\WEB-INF\coreframe\service\adapters\mail.xml
  #adapter.mail	corelogic.adapter.mail.ResourceAdapterImpl true
18/12/05 13:49:38.867 015 W1 <D> bean-info filePath: C:\Users\CP\Downloads\workspace\coreframe-webponent\out\artifacts\web_exploded\WEB-INF\coreframe\service\adapters\soap.xml
  #adapter.soap	corelogic.adapter.http.HttpResourceAdapter true
18/12/05 13:49:38.867 015 W1 <D> bean-info filePath: C:\Users\CP\Downloads\workspace\coreframe-webponent\out\artifacts\web_exploded\WEB-INF\coreframe\service\web\filter.xml
18/12/05 13:49:38.867 015 W1 <D> bean-info filePath: C:\Users\CP\Downloads\workspace\coreframe-webponent\out\artifacts\web_exploded\WEB-INF\coreframe\service\web\naming.xml
  #coreframe.namingTemplate	coreframe.db.meta.CsvNamingTemplate true
  #coreframe.bldManager	corelogic.spi.admin.DbmsBldManager true
18/12/05 13:49:38.883 015 W1 <D> bean-info filePath: C:\Users\CP\Downloads\workspace\coreframe-webponent\out\artifacts\web_exploded\WEB-INF\coreframe\service\web\security.xml
  #coreframe.webSecurityManager	coreframe.security.impl.EsapiSecurityManager true
  #coreview.defaultWebAuthorizer	coreframe.security.impl.DefaultFrameworkAdminAuthorizer true
18/12/05 13:49:38.898 015 W1 <D> bean-info filePath: C:\Users\CP\Downloads\workspace\coreframe-webponent\out\artifacts\web_exploded\WEB-INF\coreframe\service\web\servlet.xml
  #corelogic.httpCommandManager	corelogic.servlet.CommandManager true
  #corelogic.BldExecutorCommand	corelogic.servlet.command.BldExecutorCommand true
  #corelogic.BldSchemaCommand	corelogic.servlet.command.BldSchemaCommand true
  #corelogic.codeGenCommand	corelogic.servlet.command.CodeGenCommand true
18/12/05 13:49:38.914 015 W1 <D> bean-info filePath: C:\Users\CP\Downloads\workspace\coreframe-webponent\out\artifacts\web_exploded\WEB-INF\coreframe\service\web\thymeleaf.xml
  #thymeleaf	coreview.thymeleaf.ThymeleafViewTemplateEngine true
18/12/05 13:49:39.031 015 W1 <D> bean-info filePath: C:\Users\CP\Downloads\workspace\coreframe-webponent\out\artifacts\web_exploded\WEB-INF\coreframe\service\web\transform.xml
  #transform.xml	corelogic.transform.impl.XmlTransformerImpl false
  #transform.soap	corelogic.transform.impl.SoapTransformerImpl false
  #transform.json	corelogic.transform.impl.JSONTransformerImpl false
  #transform.htm	corelogic.transform.impl.HtmlTransformerImpl false
  #transform.html	corelogic.transform.impl.HtmlTransformerImpl false
  #transform.xhtml	corelogic.transform.impl.XhtmlTransformerImpl false
  #transform.cvs	corelogic.transform.impl.CommaTransformerImpl false
  #transform.txt	corelogic.transform.impl.TabSplitTextTransformerImpl false
  #transform.binary	corelogic.transform.impl.BinaryTransformerImpl false
  #schemaTransform.xml	corelogic.transform.schema.impl.XmlSchemaTransformer true
  #schemaTransform.xsd	corelogic.transform.schema.impl.XsdSchemaTransformer true
  #schemaTransform.wsdl	corelogic.transform.schema.impl.WsdlSchemaTransformer true
  #schemaTransform.json	corelogic.transform.schema.impl.JSONSchemaTransformer true
  #corelogic.sourceGenerator.jsp	corelogic.transform.sourcecode.impl.JspSourceGenerator true
  #corelogic.sourceGenerator.jstl	corelogic.transform.sourcecode.impl.JstlSourceGenerator true
  #corelogic.sourceGenerator.ajax	corelogic.transform.sourcecode.impl.AjaxSourceGenerator true
18/12/05 13:49:39.100 015 W1 <D> bean-info filePath: C:\Users\CP\Downloads\workspace\coreframe-webponent\out\artifacts\web_exploded\WEB-INF\coreframe\service\web\web-sitemap.xml
  #coreview.layout.dao	coreview.layout.dao.XmlFileDao true
  #coreview.menuDao	coreview.menu.dao.XmlMenuDao true
  #coreview.layout.layoutMgr	coreview.layout.LayoutManager true
  #coreview.menuMgr	coreview.menu.bean.MenuMgrBean true
  #coreview.WebsiteManagementService	coreview.WebsiteManagementService true
  #coreview.WebPagePublisher	coreview.menu.WebPagePublisher true
  #coreview.urlRouteService	coreview.route.impl.RESTfulRouteService true
  #coreview.ElementManagerService	coreview.layout.element.impl.ElementManagerServiceImpl true
  #service.less.lessCompileService	coreframe.service.less.LessService true
18/12/05 13:49:39.108 015 W1 <D> bean-info filePath: C:\Users\CP\Downloads\workspace\coreframe-webponent\out\artifacts\web_exploded\WEB-INF\coreframe\service\event\server-event-listener.xml
  #coreframe.eventManager	coreframe.service.event.FrameworkEventManagerImpl true
  #coreframe.event.webpageAccess	coreframe.service.event.listener.WebpageAccessEventListener true
18/12/05 13:49:39.114 015 W1 <D> bean-info filePath: C:\Users\CP\Downloads\workspace\coreframe-webponent\out\artifacts\web_exploded\WEB-INF\coreframe\service\schedule\schedule.xml
  #corelogic.ScheduleService	corelogic.schedule.ScheduleService true
18/12/05 13:49:39.135 015 W1 <D> bean-info filePath: C:\Users\CP\Downloads\workspace\coreframe-webponent\out\artifacts\web_exploded\WEB-INF\coreframe\service\apm\performance-pack.xml
  #coreframe.service.performance	coreframe.service.performance.PerformanceMonitorService true
  #coreframe.event.listener.chkPerform	coreframe.service.event.listener.PerformanceCheckListener true
  #coreframe.event.listener.chkPerformBld	coreframe.service.event.listener.BldProcessEventListener true
  #coreframe.event.processDelay	coreframe.service.event.listener.ProcessDelayEventListener true
  #coreframe.event.listener.webpageError	coreframe.service.event.listener.WebpageErrorEventListener true
  #coreframe.event.sessionMonitor	coreframe.service.monitor.WebuserCounter true18/12/05 13:49:38.508 015 W1 <S> <f:CoreApplication> coreFRAME 5.0.266
18/12/05 13:49:38.539 015 W1 <S> <f:CoreApplication> coreFRAME jar:file:/C:/Users/CP/Downloads/workspace/coreframe-webponent/out/artifacts/web_exploded/WEB-INF/lib/coreframe-core-5.0.20.jar!/coreframe/CoreApplication.class
18/12/05 13:49:38.555 015 W1 <S> * coreFRAME thread pool number:10
18/12/05 13:49:38.555 015 W1 <S> <f:CoreApplication> beanFactory:coreframe.beans.DefaultBeanFactory

18/12/05 13:49:39.156 015 W1 <D> <f:FrameworkEventManager> scope:cf:webuserWebpageError class:coreframe.service.event.listener.WebpageErrorEventListener
18/12/05 13:49:39.163 015 W1 <D> <f:FrameworkEventManager> scope:cf:webuserWebpageAccess class:coreframe.service.event.listener.PerformanceCheckListener
18/12/05 13:49:39.544 015 W1 <D> <f:FrameworkEventManager> scope:cf:corelogicBldProcess class:coreframe.service.event.listener.BldProcessEventListener
18/12/05 13:49:39.544 015 W1 <I> <l:AdapterManagementService> regist adapter : file-reader-binary
18/12/05 13:49:39.576 015 W1 <I> <l:AdapterManagementService> regist adapter : soap
18/12/05 13:49:39.576 015 W1 <I> <f:EsapiSecurityManager> set homeDir [org.owasp.esapi.resources]C:\Users\CP\Downloads\workspace\coreframe-webponent\out\artifacts\web_exploded\WEB-INF\coreframe\security
18/12/05 13:49:39.716 015 W1 <I> <f:EsapiSecurityManager> skipUrlRegExp:/apps/admin
18/12/05 13:49:39.225 015 W1 <S> <f:ServiceManager> regist service:PerformanceMonitorService
18/12/05 13:49:39.513 015 W1 <S> <f:ServiceManager> regist service:ScheduleService
18/12/05 13:49:39.544 015 W1 <S> <f:ServiceManager> regist service:businessLogicService
18/12/05 13:49:39.732 015 W1 <S> <f:ServiceManager> regist service:LessService
18/12/05 13:49:39.747 015 W1 <S> <f:ServiceManager> regist service:DbPooling Service
18/12/05 13:49:39.732 015 W1 <I> <l:AdapterManagementService> regist adapter : http
18/12/05 13:49:39.732 015 W1 <I> <l:AdapterManagementService> regist adapter : file-reader
18/12/05 13:49:39.732 015 W1 <I> <l:AdapterManagementService> regist adapter : file-writer
18/12/05 13:49:39.763 015 W1 <I> corelogic.adapter.dbms.ProcessorFactoryImpl instance create
18/12/05 13:49:39.763 015 W1 <I> <l:AdapterManagementService> regist adapter : dbms
18/12/05 13:49:39.747 015 W1 <S> <f:ServiceManager> regist service:ElementManagerServiceImpl
18/12/05 13:49:39.778 015 W1 <S> <f:ServiceManager> regist service:WebPagePublisher
18/12/05 13:49:39.794 015 W1 <S> <f:ServiceManager> regist service:WebsiteManagementService
18/12/05 13:49:39.810 015 W1 <S> <f:ServiceManager> regist service:RESTfulRouteService
18/12/05 13:49:39.841 015 W1 <S> <f:CoreApplication> supportJTA:false use JdbcTransaction
18/12/05 13:49:39.544 015 W1 <D> <f:FrameworkEventManager> scope:cf:webuserSessionCreate class:coreframe.service.monitor.WebuserCounter
18/12/05 13:49:39.560 015 W1 <D> <f:FrameworkEventManager> scope:cf:webuserSessionDestory class:coreframe.service.monitor.WebuserCounter
18/12/05 13:49:39.560 015 W1 <D> <f:FrameworkEventManager> scope:cf:webuserProcessDelay class:coreframe.service.event.listener.ProcessDelayEventListener
18/12/05 13:49:39.841 015 W1 <D> <f:ConnectionManager> derbyPool : coreframe.db.jdbc.CacheDriver
18/12/05 13:49:40.289 015 W1 <D> [JDBC Pool:derbyPool] init
18/12/05 13:49:40.289 015 W1 <D> [JDBC Pool:derbyPool] * info:{}
18/12/05 13:49:40.289 015 W1 <D> [JDBC Pool:derbyPool] * url:jdbc:derby:C:\Users\CP\Downloads\workspace\coreframe-webponent\out\artifacts\web_exploded\WEB-INF\coreframe/_work/filedb/samples
18/12/05 13:49:40.289 015 W1 <D> [JDBC Pool:derbyPool] info:{}
18/12/05 13:49:41.120 015 W1 <D> <f:ConnectionManager> getConnection [JDBC] derbyPool coreframe.db.jdbc.CacheConnection@6030ecb3
18/12/05 13:49:41.121 015 W1 <D> <f:ConnectionManager> cf-system : coreframe.db.jdbc.CacheDriver
18/12/05 13:49:41.121 015 W1 <D> [JDBC Pool:cf-system] init
18/12/05 13:49:41.121 015 W1 <D> [JDBC Pool:cf-system] * info:{}
18/12/05 13:49:39.794 015 W1 <I> <l:AdapterManagementService> regist adapter : java
18/12/05 13:49:39.825 015 W1 <I> <l:AdapterManagementService> regist adapter : mail
18/12/05 13:49:39.841 015 W1 <I> <f:ConnectionManager>  use default url:derbyPool
18/12/05 13:49:41.118 015 W1 <I> [JDBC Pool:derbyPool] 1 connection created.
18/12/05 13:49:41.120 015 W1 <I> <f:DbPoolService> connection test OK:derbyPool
18/12/05 13:49:41.414 015 W1 <I> [JDBC Pool:cf-system] 1 connection created.
18/12/05 13:49:41.414 015 W1 <I> <f:DbPoolService> connection test OK:cf-system
18/12/05 13:49:41.414 015 W1 <I> <l:BLContextFactory> check_interval_time:1000
18/12/05 13:49:41.414 015 W1 <I> <l:BLContextFactory> initLoadBldMode:normal
18/12/05 13:49:41.414 015 W1 <I> <l:BLContextFactory> load schema root dir : C:\Users\CP\Downloads\workspace\coreframe-webponent\out\artifacts\web_exploded\WEB-INF\coreframe\bld
18/12/05 13:49:41.414 015 W1 <I> <l:AdapterManagementService> adapter start : file-writer
18/12/05 13:49:41.414 015 W1 <I> <l:AdapterManagementService> adapter start : java
18/12/05 13:49:41.414 015 W1 <I> <adapter> Java adapter start
18/12/05 13:49:41.414 015 W1 <I> <l:AdapterManagementService> adapter start : file-reader-binary
18/12/05 13:49:41.414 015 W1 <I> <l:AdapterManagementService> adapter start : mail
18/12/05 13:49:41.414 015 W1 <I> <adapter> Mail adapter start
18/12/05 13:49:41.414 015 W1 <I> <l:AdapterManagementService> adapter start : file-reader
18/12/05 13:49:41.414 015 W1 <I> <l:AdapterManagementService> adapter start : http
18/12/05 13:49:41.414 015 W1 <I> <adapter> Http adapter start
18/12/05 13:49:41.414 015 W1 <I> <l:AdapterManagementService> adapter start : dbms
18/12/05 13:49:41.414 015 W1 <I> <adapter> DBMS adapter start
18/12/05 13:49:41.414 015 W1 <I> <l:AdapterManagementService> adapter start : soap
18/12/05 13:49:41.414 015 W1 <I> <adapter> Http adapter start
18/12/05 13:49:39.841 015 W1 <S> <f:CoreApplication> init - complete
18/12/05 13:49:40.289 015 W1 <S> <CacheDriver> regist ConnectionPool : derbyPool
18/12/05 13:49:41.121 015 W1 <S> <CacheDriver> regist ConnectionPool : cf-system
18/12/05 13:49:41.414 015 W1 <S> <f:ServiceManager> start service:DbPooling Service
18/12/05 13:49:41.414 015 W1 <S> <l:AdapterManagementService> regist adapter count 8
18/12/05 13:49:41.414 015 W1 <S> <f:ServiceManager> start service:businessLogicService
18/12/05 13:49:41.429 015 W1 <I> <v:RESTfulRouteService> REG C:\Users\CP\Downloads\workspace\coreframe-webponent\out\artifacts\web_exploded\WEB-INF\coreframe\web\url-route\admin.xml
18/12/05 13:49:41.445 015 W1 <I> <v:RESTfulRouteService> REG C:\Users\CP\Downloads\workspace\coreframe-webponent\out\artifacts\web_exploded\WEB-INF\coreframe\web\url-route\sample.xml
18/12/05 13:49:41.476 015 W1 <I> <t:XmlFileDao> regist [default] /templets/default/templet.jsp
18/12/05 13:49:41.476 015 W1 <I> <t:XmlFileDao> regist [admin] /templets/admin/templet.jsp
18/12/05 13:49:41.476 015 W1 <I> <t:XmlFileDao> regist [mobile] /templets/mobile/templet.jsp
18/12/05 13:49:41.476 015 W1 <I> <t:XmlFileDao> regist [advance] /templets/default/templet.jsp
18/12/05 13:49:41.476 015 W1 <I> <t:XmlFileDao> regist [no-apply] null
18/12/05 13:49:41.476 015 W1 <I> <t:XmlFileDao> regist [wts] /WEB-APP/wts/templets/desktop/templet.jsp
18/12/05 13:49:41.121 015 W1 <D> [JDBC Pool:cf-system] * url:jdbc:derby:C:\Users\CP\Downloads\workspace\coreframe-webponent\out\artifacts\web_exploded\WEB-INF\coreframe/_work/filedb/admin
18/12/05 13:49:41.121 015 W1 <D> [JDBC Pool:cf-system] info:{}
18/12/05 13:49:41.414 015 W1 <D> <f:ConnectionManager> getConnection [JDBC] cf-system coreframe.db.jdbc.CacheConnection@631a63e1
18/12/05 13:49:41.492 015 W1 <I> <t:XmlFileDao> regist [pub] /templets/pub/pcTemplet.jsp
18/12/05 13:49:41.492 015 W1 <I> <t:XmlFileDao> regist [builder] /WEB-APP/builder/templets/pcUtestTemplet.jsp
18/12/05 13:49:41.492 015 W1 <I> <t:MenuMgrBean> Menu DAO class : coreview.menu.dao.XmlMenuDao
18/12/05 13:49:41.492 015 W1 <I> <t:XmlMenuDao> load menu dir:C:\Users\CP\Downloads\workspace\coreframe-webponent\out\artifacts\web_exploded\WEB-INF\coreframe name:sitemap.xml
18/12/05 13:49:41.492 015 W1 <I> 18/12/05 13:49:41.492 015 W1 <D> <t:MenuMgrBean> 초기화  documentRoot:C:\Users\CP\Downloads\workspace\coreframe-webponent\out\artifacts\web_exploded\
18/12/05 13:49:41.492 015 W1 <D> <t:MenuMgrBean> 초기화  contextPath:/coreframe-webponent
18/12/05 13:49:41.492 015 W1 <D> <t:MenuMgrBean> 초기화  isReload:true
18/12/05 13:49:41.570 015 W1 <D> <v:ElementManagerService> regist element:calendar
18/12/05 13:49:41.570 015 W1 <D> <v:ElementManagerService> regist element:chart
18/12/05 13:49:41.570 015 W1 <D> <v:ElementManagerService> regist element:coreframe-client
18/12/05 13:49:41.570 015 W1 <D> <v:ElementManagerService> regist element:data-bind
18/12/05 13:49:41.570 015 W1 <D> <v:ElementManagerService> regist element:chart_comm
18/12/05 13:49:41.570 015 W1 <D> <v:ElementManagerService> regist element:chart
18/12/05 13:49:41.570 015 W1 <D> <v:ElementManagerService> regist element:grid
18/12/05 13:49:41.570 015 W1 <D> <v:ElementManagerService> regist element:tab.pc
18/12/05 13:49:41.570 015 W1 <D> <v:ElementManagerService> regist element:tab.mobile
18/12/05 13:49:41.585 015 W1 <D> <v:ElementManagerService> regist element:tab.tablet
18/12/05 13:49:41.585 015 W1 <D> <v:ElementManagerService> regist element:dialog.pc
18/12/05 13:49:41.585 015 W1 <D> <v:ElementManagerService> regist element:dialog.tablet
18/12/05 13:49:41.585 015 W1 <D> <v:ElementManagerService> regist element:dialog.mobile
18/12/05 13:49:41.585 015 W1 <D> <v:ElementManagerService> regist element:websocket.pc
18/12/05 13:49:41.585 015 W1 <D> <v:ElementManagerService> regist element:websocket.mobile
18/12/05 13:49:41.585 015 W1 <D> <v:ElementManagerService> regist element:websocket.tablet
18/12/05 13:49:41.585 015 W1 <D> <v:ElementManagerService> regist element:websocket.tablet-low
18/12/05 13:49:41.585 015 W1 <D> <v:ElementManagerService> regist element:jquery
18/12/05 13:49:41.585 015 W1 <D> <v:ElementManagerService> regist element:bootstrap
18/12/05 13:49:41.585 015 W1 <D> <v:ElementManagerService> regist element:codemirror
18/12/05 13:49:41.585 015 W1 <D> <v:ElementManagerService> regist element:hammer
18/12/05 13:49:41.585 015 W1 <D> <v:ElementManagerService> regist element:less
18/12/05 13:49:41.585 015 W1 <D> <v:ElementManagerService> regist element:underscore
18/12/05 13:49:41.585 015 W1 <D> <v:ElementManagerService> regist element:getDevice.pc
18/12/05 13:49:41.445 015 W1 <S> <f:ServiceManager> start service:RESTfulRouteService
18/12/05 13:49:41.554 015 W1 <S> <f:ServiceManager> start service:WebsiteManagementService
18/12/05 13:49:41.585 015 W1 <S> <f:ServiceManager> start service:ElementManagerServiceImpl
18/12/05 13:49:41.585 015 W1 <S> <f:ServiceManager> start service:PerformanceMonitorService
18/12/05 13:49:41.585 015 W1 <S> <f:ServiceManager> running CoreService :6
LOADING MENU ITEM .............................
18/12/05 13:49:41.554 015 W1 <I> <t:XmlMenuDao> load menu info sucess. loadtime:62
18/12/05 13:49:41.585 015 W1 <I> <v:ElementManagerService> load element info
18/12/05 13:49:41.585 015 W1 <I> * coreFRAME Property Information 
 * BLD_ROOT_DIRECTORY
	C:\Users\CP\Downloads\workspace\coreframe-webponent\out\artifacts\web_exploded\WEB-INF\coreframe\bld
 * SERVLET_CONTEXT_EVENT
	javax.servlet.ServletContextEvent[source=org.apache.catalina.core.ApplicationContextFacade@29f8420d]
 * FRAMEWORK_LOADTIME
	2018-12-05 13:49:41
 * WEB_CONTEXT_NAME
	/coreframe-webponent
 * class.dynamic.value
	4
 * COREFRAME_CONFIG_HOME
	C:\Users\CP\Downloads\workspace\coreframe-webponent\out\artifacts\web_exploded\WEB-INF\coreframe
 * target.encoding
	utf-8
 * COREFRAME_CONFIG_FILE
	C:\Users\CP\Downloads\workspace\coreframe-webponent\out\artifacts\web_exploded\WEB-INF\coreframe\config.xml
 * WEB_DOCUMENT_ROOT
	C:\Users\CP\Downloads\workspace\coreframe-webponent\out\artifacts\web_exploded\
 * domain.name
	http://yourdomainname.com
 * WEBAPP_HOME_DIRS
	[]18/12/05 13:49:41.585 015 W1 <D> <v:ElementManagerService> regist element:getDevice.mobile
18/12/05 13:49:41.585 015 W1 <D> <v:ElementManagerService> regist element:getDevice.tablet
18/12/05 13:49:41.585 015 W1 <D> <v:ElementManagerService> regist element:getDevice.tablet-low
18/12/05 13:49:41.585 015 W1 <D> <f:FrameworkEventManager> scope:cf:serverStart class:coreframe.service.less.LessService
18/12/05 13:49:41.585 015 W1 <D> **********************************************************
18/12/05 13:49:41.585 015 W1 <S> <f:ServiceManager> running Service(UserService) :3
18/12/05 13:49:41.585 015 W1 <S> <f:CoreApplication> startService - complete
18/12/05 13:49:41.585 015 W1 <S> coreFRAME complete startup process. Version:5.0.266
18/12/05 13:49:41.601 015 W1 <S> <f:FrameworkContextListener> context: /coreframe-webponent version:5.0.266 Apache Tomcat/8.5.32
18/12/05 13:49:41.601 015 W1 <S> <t:UIFilter> coreVIEW Filter init.
18/12/05 13:49:41.585 015 W1 <D> **********************************************************
18/12/05 13:49:42.091 084 W1 <D> <LessService> LessServiceStart! 1 less files. [encoding : UTF-8] [initCompile : false] [reloadCheckTimeSec : 2][compress : false]
18/12/05 13:49:42.091 084 W1 <D> <LessService> envJsPath   : C:\Users\CP\Downloads\workspace\coreframe-webponent\out\artifacts\web_exploded\/WEB-INF/coreframe/service/web/env.rhino.js
18/12/05 13:49:41.601 015 W1 <S> <t:UIFilter> coreVIEW Filter init complete. contextPath:/coreframe-webponent
18/12/05 13:49:42.091 084 W1 <D> <LessService> lessJsPath  : C:\Users\CP\Downloads\workspace\coreframe-webponent\out\artifacts\web_exploded\/WEB-APP/webponent/thirdParty/less/less-1.3.3.min.js
18/12/05 13:49:42.123 084 W1 <D> <LessService> C:\Users\CP\Downloads\workspace\coreframe-webponent\out\artifacts\web_exploded\WEB-APP\webponent\thirdParty\less\library.less

18/12/05 13:49:41.601 015 W1 <I> <t:UIFilter> exclude-dir:/templets
18/12/05 13:49:41.601 015 W1 <I> <t:UIFilter> Command 구현객체 미지정
18/12/05 13:49:41.601 015 W1 <I> <t:UIFilter> compactHTML:false
18/12/05 13:49:41.601 015 W1 <I> <t:UIFilter> layout DAO:coreview.layout.LayoutManager
18/12/05 13:49:41.601 082 W1 <I> <ScheduleService> crontab file:C:\Users\CP\Downloads\workspace\coreframe-webponent\out\artifacts\web_exploded\WEB-INF\coreframe/service/schedule/crontab.txt
