18/12/18 09:11:22.089 067 W1 <M> 28 coreview.layout.filter.UIFilter (/myProject/list.jsp)
0 coreview.layout.filter.UIFilter (/myProject/list.jsp) 3563
18/12/18 10:54:24.131 069 W1 <M> 35 coreview.layout.filter.UIFilter (/myProject/list.jsp)
0 coreview.layout.filter.UIFilter (/myProject/list.jsp) 1094
18/12/18 11:01:50.202 063 W1 <M> 33 coreview.layout.filter.UIFilter (/myProject/list.jsp)
0 coreview.layout.filter.UIFilter (/myProject/list.jsp) 1218
18/12/18 15:39:43.657 069 W1 <M> 36 coreview.layout.filter.UIFilter (/myProject/bar_month.jsp)
0 coreview.layout.filter.UIFilter (/myProject/bar_month.jsp) 1074
18/12/18 15:41:10.101 062 W1 <M> 34 coreview.layout.filter.UIFilter (/myProject/bar_month.jsp)
0 coreview.layout.filter.UIFilter (/myProject/bar_month.jsp) 1194
18/12/18 15:41:14.479 063 W1 <M> 30 coreview.layout.filter.UIFilter (/myProject/bar_month.jsp)
0 coreview.layout.filter.UIFilter (/myProject/bar_month.jsp) 1112
18/12/18 15:42:22.842 066 W1 <M> 30 coreview.layout.filter.UIFilter (/myProject/bar_month.jsp)
0 coreview.layout.filter.UIFilter (/myProject/bar_month.jsp) 1507
18/12/18 15:43:31.130 062 W1 <M> 35 coreview.layout.filter.UIFilter (/myProject/bar_month.jsp)
0 coreview.layout.filter.UIFilter (/myProject/bar_month.jsp) 1341
18/12/18 15:43:57.445 068 W1 <M> 28 coreview.layout.filter.UIFilter (/myProject/bar_month.jsp)
0 coreview.layout.filter.UIFilter (/myProject/bar_month.jsp) 1151
18/12/18 15:44:03.908 064 W1 <M> 33 coreview.layout.filter.UIFilter (/myProject/bar_month.jsp)
0 coreview.layout.filter.UIFilter (/myProject/bar_month.jsp) 1054
18/12/18 16:03:03.793 069 W1 <M> 34 coreview.layout.filter.UIFilter (/myProject/bar_month.jsp)
0 coreview.layout.filter.UIFilter (/myProject/bar_month.jsp) 1575
18/12/18 16:07:27.868 062 W1 <M> 32 coreview.layout.filter.UIFilter (/myProject/bar_month.jsp)
0 coreview.layout.filter.UIFilter (/myProject/bar_month.jsp) 1093
18/12/18 16:07:43.309 062 W1 <M> 32 coreview.layout.filter.UIFilter (/myProject/bar_month.jsp)
0 coreview.layout.filter.UIFilter (/myProject/bar_month.jsp) 1181
18/12/18 16:08:34.693 064 W1 <M> 36 coreview.layout.filter.UIFilter (/myProject/bar_month.jsp)
0 coreview.layout.filter.UIFilter (/myProject/bar_month.jsp) 1066
18/12/18 16:16:48.348 063 W1 <M> URL ERROR

*REQUEST[null] null
*EXCEPTION
org.apache.jasper.JasperException: org.apache.jasper.JasperException: Unable to compile class for JSP
	at org.apache.jasper.servlet.JspServletWrapper.handleJspException(JspServletWrapper.java:579)
	at org.apache.jasper.servlet.JspServletWrapper.service(JspServletWrapper.java:403)
	at org.apache.jasper.servlet.JspServlet.serviceJspFile(JspServlet.java:386)
	at org.apache.jasper.servlet.JspServlet.service(JspServlet.java:330)
	at javax.servlet.http.HttpServlet.service(HttpServlet.java:742)
	at org.apache.catalina.core.ApplicationFilterChain.internalDoFilter(ApplicationFilterChain.java:231)
	at org.apache.catalina.core.ApplicationFilterChain.doFilter(ApplicationFilterChain.java:166)
	at org.apache.tomcat.websocket.server.WsFilter.doFilter(WsFilter.java:52)
	at org.apache.catalina.core.ApplicationFilterChain.internalDoFilter(ApplicationFilterChain.java:193)
	at org.apache.catalina.core.ApplicationFilterChain.doFilter(ApplicationFilterChain.java:166)
	at coreview.layout.filter.UIFilter.doFilter(UIFilter.java:534)
	at org.apache.catalina.core.ApplicationFilterChain.internalDoFilter(ApplicationFilterChain.java:193)
	at org.apache.catalina.core.ApplicationFilterChain.doFilter(ApplicationFilterChain.java:166)
	at org.apache.catalina.core.StandardWrapperValve.invoke(StandardWrapperValve.java:198)
	at org.apache.catalina.core.StandardContextValve.invoke(StandardContextValve.java:96)
	at org.apache.catalina.authenticator.AuthenticatorBase.invoke(AuthenticatorBase.java:493)
	at org.apache.catalina.core.StandardHostValve.invoke(StandardHostValve.java:140)
	at org.apache.catalina.valves.ErrorReportValve.invoke(ErrorReportValve.java:81)
	at org.apache.catalina.valves.AbstractAccessLogValve.invoke(AbstractAccessLogValve.java:650)
	at org.apache.catalina.core.StandardEngineValve.invoke(StandardEngineValve.java:87)
	at org.apache.catalina.connector.CoyoteAdapter.service(CoyoteAdapter.java:342)
	at org.apache.coyote.http11.Http11Processor.service(Http11Processor.java:800)
	at org.apache.coyote.AbstractProcessorLight.process(AbstractProcessorLight.java:66)
	at org.apache.coyote.AbstractProtocol$ConnectionHandler.process(AbstractProtocol.java:806)
	at org.apache.tomcat.util.net.NioEndpoint$SocketProcessor.doRun(NioEndpoint.java:1498)
	at org.apache.tomcat.util.net.SocketProcessorBase.run(SocketProcessorBase.java:49)
	at java.util.concurrent.ThreadPoolExecutor.runWorker(ThreadPoolExecutor.java:1149)
	at java.util.concurrent.ThreadPoolExecutor$Worker.run(ThreadPoolExecutor.java:624)
	at org.apache.tomcat.util.threads.TaskThread$WrappingRunnable.run(TaskThread.java:61)
	at java.lang.Thread.run(Thread.java:748)
Caused by: org.apache.jasper.JasperException: Unable to compile class for JSP
	at org.apache.jasper.JspCompilationContext.compile(JspCompilationContext.java:610)
	at org.apache.jasper.servlet.JspServletWrapper.service(JspServletWrapper.java:382)
	... 28 more
Caused by: java.lang.IllegalArgumentException: Negative time
	at java.io.File.setLastModified(File.java:1427)
	at org.apache.jasper.compiler.Compiler.compile(Compiler.java:376)
	at org.apache.jasper.compiler.Compiler.compile(Compiler.java:350)
	at org.apache.jasper.compiler.Compiler.compile(Compiler.java:334)
	at org.apache.jasper.JspCompilationContext.compile(JspCompilationContext.java:595)
	... 29 more

18/12/18 16:51:44.822 067 W1 <M> 28 coreview.layout.filter.UIFilter (/myProject/bar_month.jsp)
0 coreview.layout.filter.UIFilter (/myProject/bar_month.jsp) 1975
