18/12/27 09:58:59.356 073 W1 <M> 36 coreview.layout.filter.UIFilter (/myProject/list.jsp)
0 coreview.layout.filter.UIFilter (/myProject/list.jsp) 1482
18/12/27 11:02:57.222 070 W1 <M> 35 coreview.layout.filter.UIFilter (/myProject/list.jsp)
0 coreview.layout.filter.UIFilter (/myProject/list.jsp) 2177
18/12/27 11:12:37.273 072 W1 <M> 31 coreview.layout.filter.UIFilter (/myProject/list.jsp)
0 coreview.layout.filter.UIFilter (/myProject/list.jsp) 1932
18/12/27 11:13:26.581 071 W1 <M> 34 coreview.layout.filter.UIFilter (/myProject/list.jsp)
0 coreview.layout.filter.UIFilter (/myProject/list.jsp) 3334
18/12/27 11:29:14.930 073 W1 <M> 31 coreview.layout.filter.UIFilter (/myProject/list.jsp)
0 coreview.layout.filter.UIFilter (/myProject/list.jsp) 1479
18/12/27 14:48:51.218 071 W1 <M> 30 coreview.layout.filter.UIFilter (/myProject/list.jsp)
0 coreview.layout.filter.UIFilter (/myProject/list.jsp) 1453
18/12/27 14:49:38.065 071 W1 <M> 38 coreview.layout.filter.UIFilter (/myProject/list.jsp)
0 coreview.layout.filter.UIFilter (/myProject/list.jsp) 1602
18/12/27 15:36:33.121 066 W1 <M> 37 coreview.layout.filter.UIFilter (/myProject/css/mystyle.css?v=1545892591691)
0 coreview.layout.filter.UIFilter (/myProject/css/mystyle.css?v=1545892591691) 1069
18/12/27 15:43:19.257 068 W1 <M> 32 coreview.layout.filter.UIFilter (/myProject/list.jsp)
0 coreview.layout.filter.UIFilter (/myProject/list.jsp) 1151
18/12/27 16:19:33.257 072 W1 <M> 38 coreview.layout.filter.UIFilter (/myProject/list.jsp)
0 coreview.layout.filter.UIFilter (/myProject/list.jsp) 1170
18/12/27 16:20:10.185 072 W1 <M> 32 coreview.layout.filter.UIFilter (/myProject/list.jsp)
0 coreview.layout.filter.UIFilter (/myProject/list.jsp) 1074
18/12/27 16:48:53.531 069 W1 <M> 31 coreview.layout.filter.UIFilter (/myProject/bar_month.jsp)
0 coreview.layout.filter.UIFilter (/myProject/bar_month.jsp) 1053
18/12/27 17:00:48.652 073 W1 <M> 37 coreview.layout.filter.UIFilter (/myProject/main.jsp)
0 coreview.layout.filter.UIFilter (/myProject/main.jsp) 1163
18/12/27 17:01:06.940 070 W1 <M> 36 coreview.layout.filter.UIFilter (/myProject/main.jsp)
0 coreview.layout.filter.UIFilter (/myProject/main.jsp) 1236
18/12/27 17:01:40.761 068 W1 <M> 32 coreview.layout.filter.UIFilter (/myProject/main.jsp)
0 coreview.layout.filter.UIFilter (/myProject/main.jsp) 1496
18/12/27 17:09:32.771 069 W1 <M> 31 coreview.layout.filter.UIFilter (/myProject/main.jsp)
0 coreview.layout.filter.UIFilter (/myProject/main.jsp) 1065
18/12/27 17:10:41.359 071 W1 <M> 32 coreview.layout.filter.UIFilter (/myProject/main.jsp)
0 coreview.layout.filter.UIFilter (/myProject/main.jsp) 2823
