18/11/27 08:54:51.468 044 W1 <U> GUEST 4A676F6431E584A6AA1BC050A92682F4 null -1 /coreframe-webponent/myProject/list.jsp NO-BLD
18/11/27 08:54:51.564 045 W1 <U> GUEST 4A676F6431E584A6AA1BC050A92682F4 null -1 /coreframe-webponent/myProject/list.jsp NO-BLD
18/11/27 08:54:51.564 045 W1 <U> GUEST 4A676F6431E584A6AA1BC050A92682F4 null -1 /coreframe-webponent/myProject/webponent.licenseKey.js NO-BLD
18/11/27 08:54:52.282 038 W1 <U> GUEST 4A676F6431E584A6AA1BC050A92682F4 null -1 /coreframe-webponent/myProject/webponent.licenseKey.js NO-BLD
18/11/27 08:57:49.702 038 W1 <U> GUEST 4A676F6431E584A6AA1BC050A92682F4 null -1 /coreframe-webponent/myProject/list.jsp NO-BLD
18/11/27 08:57:49.755 043 W1 <U> GUEST 4A676F6431E584A6AA1BC050A92682F4 null -1 /coreframe-webponent/myProject/webponent.licenseKey.js NO-BLD
18/11/27 09:07:08.543 043 W1 <U> GUEST 4A676F6431E584A6AA1BC050A92682F4 null -1 /coreframe-webponent/myProject/list.jsp NO-BLD
18/11/27 09:07:08.619 045 W1 <U> GUEST 4A676F6431E584A6AA1BC050A92682F4 null -1 /coreframe-webponent/myProject/webponent.licenseKey.js NO-BLD
18/11/27 09:09:29.166 040 W1 <U> GUEST 4A676F6431E584A6AA1BC050A92682F4 null -1 /coreframe-webponent/myProject/list.jsp NO-BLD
18/11/27 09:09:29.280 042 W1 <U> GUEST 4A676F6431E584A6AA1BC050A92682F4 null -1 /coreframe-webponent/myProject/webponent.licenseKey.js NO-BLD
18/11/27 09:09:39.288 041 W1 <U> GUEST 4A676F6431E584A6AA1BC050A92682F4 null -1 /coreframe-webponent/myProject/list.jsp NO-BLD
18/11/27 09:09:39.402 041 W1 <U> GUEST 4A676F6431E584A6AA1BC050A92682F4 null -1 /coreframe-webponent/myProject/webponent.licenseKey.js NO-BLD
18/11/27 09:10:57.930 040 W1 <U> GUEST 4A676F6431E584A6AA1BC050A92682F4 null -1 /coreframe-webponent/myProject/list.jsp NO-BLD
18/11/27 09:10:58.191 045 W1 <U> GUEST 4A676F6431E584A6AA1BC050A92682F4 null -1 /coreframe-webponent/myProject/webponent.licenseKey.js NO-BLD
18/11/27 09:10:58.645 040 W1 <U> GUEST 4A676F6431E584A6AA1BC050A92682F4 null -1 /coreframe-webponent/myProject/list.jsp NO-BLD
18/11/27 09:11:05.448 042 W1 <U> GUEST 4A676F6431E584A6AA1BC050A92682F4 null -1 /coreframe-webponent/myProject/list.jsp NO-BLD
18/11/27 09:11:05.604 040 W1 <U> GUEST 4A676F6431E584A6AA1BC050A92682F4 null -1 /coreframe-webponent/myProject/webponent.licenseKey.js NO-BLD
18/11/27 09:11:28.001 045 W1 <U> GUEST 4A676F6431E584A6AA1BC050A92682F4 null -1 /coreframe-webponent/myProject/list.jsp NO-BLD
18/11/27 09:11:28.105 040 W1 <U> GUEST 4A676F6431E584A6AA1BC050A92682F4 null -1 /coreframe-webponent/myProject/webponent.licenseKey.js NO-BLD
18/11/27 09:11:28.628 043 W1 <U> GUEST 4A676F6431E584A6AA1BC050A92682F4 null -1 /coreframe-webponent/myProject/list.jsp NO-BLD
18/11/27 09:11:45.285 044 W1 <U> GUEST 4A676F6431E584A6AA1BC050A92682F4 null -1 /coreframe-webponent/myProject/list.jsp NO-BLD
18/11/27 09:11:45.434 040 W1 <U> GUEST 4A676F6431E584A6AA1BC050A92682F4 null -1 /coreframe-webponent/myProject/webponent.licenseKey.js NO-BLD
18/11/27 09:11:46.107 041 W1 <U> GUEST 4A676F6431E584A6AA1BC050A92682F4 null -1 /coreframe-webponent/myProject/list.jsp NO-BLD
18/11/27 09:11:54.336 042 W1 <U> GUEST 4A676F6431E584A6AA1BC050A92682F4 null -1 /coreframe-webponent/myProject/list.jsp NO-BLD
18/11/27 09:11:54.461 041 W1 <U> GUEST 4A676F6431E584A6AA1BC050A92682F4 null -1 /coreframe-webponent/myProject/webponent.licenseKey.js NO-BLD
18/11/27 09:13:20.762 038 W1 <U> GUEST 4A676F6431E584A6AA1BC050A92682F4 null -1 /coreframe-webponent/myProject/list.jsp NO-BLD
18/11/27 09:13:20.853 042 W1 <U> GUEST 4A676F6431E584A6AA1BC050A92682F4 null -1 /coreframe-webponent/myProject/webponent.licenseKey.js NO-BLD
18/11/27 09:13:22.172 042 W1 <U> GUEST 4A676F6431E584A6AA1BC050A92682F4 null -1 /coreframe-webponent/myProject/list.jsp NO-BLD
18/11/27 09:13:22.313 039 W1 <U> GUEST 4A676F6431E584A6AA1BC050A92682F4 null -1 /coreframe-webponent/myProject/webponent.licenseKey.js NO-BLD
18/11/27 09:13:38.605 045 W1 <U> GUEST 4A676F6431E584A6AA1BC050A92682F4 null -1 /coreframe-webponent/myProject/list.jsp NO-BLD
18/11/27 09:13:38.681 043 W1 <U> GUEST 4A676F6431E584A6AA1BC050A92682F4 null -1 /coreframe-webponent/myProject/webponent.licenseKey.js NO-BLD
18/11/27 09:13:39.885 041 W1 <U> GUEST 4A676F6431E584A6AA1BC050A92682F4 null -1 /coreframe-webponent/myProject/list.jsp NO-BLD
18/11/27 09:13:40.023 038 W1 <U> GUEST 4A676F6431E584A6AA1BC050A92682F4 null -1 /coreframe-webponent/myProject/webponent.licenseKey.js NO-BLD
18/11/27 09:13:40.283 039 W1 <U> GUEST 4A676F6431E584A6AA1BC050A92682F4 null -1 /coreframe-webponent/myProject/list.jsp NO-BLD
18/11/27 09:13:40.507 039 W1 <U> GUEST 4A676F6431E584A6AA1BC050A92682F4 null -1 /coreframe-webponent/myProject/webponent.licenseKey.js NO-BLD
18/11/27 09:13:40.564 040 W1 <U> GUEST 4A676F6431E584A6AA1BC050A92682F4 null -1 /coreframe-webponent/myProject/list.jsp NO-BLD
18/11/27 09:13:40.738 042 W1 <U> GUEST 4A676F6431E584A6AA1BC050A92682F4 null -1 /coreframe-webponent/myProject/webponent.licenseKey.js NO-BLD
18/11/27 09:14:01.155 038 W1 <U> GUEST 4A676F6431E584A6AA1BC050A92682F4 null -1 /coreframe-webponent/myProject/list.jsp NO-BLD
18/11/27 09:14:01.231 040 W1 <U> GUEST 4A676F6431E584A6AA1BC050A92682F4 null -1 /coreframe-webponent/myProject/webponent.licenseKey.js NO-BLD
18/11/27 09:14:02.681 045 W1 <U> GUEST 4A676F6431E584A6AA1BC050A92682F4 null -1 /coreframe-webponent/myProject/list.jsp NO-BLD
18/11/27 09:14:02.882 041 W1 <U> GUEST 4A676F6431E584A6AA1BC050A92682F4 null -1 /coreframe-webponent/myProject/webponent.licenseKey.js NO-BLD
18/11/27 09:14:16.836 043 W1 <U> GUEST 4A676F6431E584A6AA1BC050A92682F4 null -1 /coreframe-webponent/myProject/list.jsp NO-BLD
18/11/27 09:14:16.912 038 W1 <U> GUEST 4A676F6431E584A6AA1BC050A92682F4 null -1 /coreframe-webponent/myProject/webponent.licenseKey.js NO-BLD
18/11/27 09:14:18.730 045 W1 <U> GUEST 4A676F6431E584A6AA1BC050A92682F4 null -1 /coreframe-webponent/myProject/list.jsp NO-BLD
18/11/27 09:14:18.787 038 W1 <U> GUEST 4A676F6431E584A6AA1BC050A92682F4 null -1 /coreframe-webponent/myProject/webponent.licenseKey.js NO-BLD
18/11/27 09:14:19.242 044 W1 <U> GUEST 4A676F6431E584A6AA1BC050A92682F4 null -1 /coreframe-webponent/myProject/list.jsp NO-BLD
18/11/27 09:14:19.307 041 W1 <U> GUEST 4A676F6431E584A6AA1BC050A92682F4 null -1 /coreframe-webponent/myProject/list.jsp NO-BLD
18/11/27 09:14:19.319 044 W1 <U> GUEST 4A676F6431E584A6AA1BC050A92682F4 null -1 /coreframe-webponent/myProject/webponent.licenseKey.js NO-BLD
18/11/27 09:14:19.474 038 W1 <U> GUEST 4A676F6431E584A6AA1BC050A92682F4 null -1 /coreframe-webponent/myProject/webponent.licenseKey.js NO-BLD
18/11/27 09:14:19.856 045 W1 <U> GUEST 4A676F6431E584A6AA1BC050A92682F4 null -1 /coreframe-webponent/myProject/list.jsp NO-BLD
18/11/27 09:14:19.985 043 W1 <U> GUEST 4A676F6431E584A6AA1BC050A92682F4 null -1 /coreframe-webponent/myProject/webponent.licenseKey.js NO-BLD
18/11/27 09:14:20.360 042 W1 <U> GUEST 4A676F6431E584A6AA1BC050A92682F4 null -1 /coreframe-webponent/myProject/list.jsp NO-BLD
18/11/27 09:14:20.486 042 W1 <U> GUEST 4A676F6431E584A6AA1BC050A92682F4 null -1 /coreframe-webponent/myProject/list.jsp NO-BLD
18/11/27 09:14:20.560 043 W1 <U> GUEST 4A676F6431E584A6AA1BC050A92682F4 null -1 /coreframe-webponent/myProject/webponent.licenseKey.js NO-BLD
18/11/27 09:14:20.560 043 W1 <U> GUEST 4A676F6431E584A6AA1BC050A92682F4 null -1 /coreframe-webponent/myProject/webponent.licenseKey.js NO-BLD
18/11/27 09:14:20.980 040 W1 <U> GUEST 4A676F6431E584A6AA1BC050A92682F4 null -1 /coreframe-webponent/myProject/list.jsp NO-BLD
18/11/27 09:14:21.006 038 W1 <U> GUEST 4A676F6431E584A6AA1BC050A92682F4 null -1 /coreframe-webponent/myProject/list.jsp NO-BLD
18/11/27 09:14:21.157 038 W1 <U> GUEST 4A676F6431E584A6AA1BC050A92682F4 null -1 /coreframe-webponent/myProject/webponent.licenseKey.js NO-BLD
18/11/27 09:17:59.832 042 W1 <U> GUEST 4A676F6431E584A6AA1BC050A92682F4 null -1 /coreframe-webponent/myProject/list.jsp NO-BLD
18/11/27 09:17:59.943 038 W1 <U> GUEST 4A676F6431E584A6AA1BC050A92682F4 null -1 /coreframe-webponent/myProject/webponent.licenseKey.js NO-BLD
18/11/27 09:18:00.985 044 W1 <U> GUEST 4A676F6431E584A6AA1BC050A92682F4 null -1 /coreframe-webponent/myProject/list.jsp NO-BLD
18/11/27 09:18:01.143 040 W1 <U> GUEST 4A676F6431E584A6AA1BC050A92682F4 null -1 /coreframe-webponent/myProject/webponent.licenseKey.js NO-BLD
18/11/27 09:18:01.622 038 W1 <U> GUEST 4A676F6431E584A6AA1BC050A92682F4 null -1 /coreframe-webponent/myProject/list.jsp NO-BLD
18/11/27 09:18:01.676 041 W1 <U> GUEST 4A676F6431E584A6AA1BC050A92682F4 null -1 /coreframe-webponent/myProject/webponent.licenseKey.js NO-BLD
18/11/27 09:18:08.541 041 W1 <U> GUEST 4A676F6431E584A6AA1BC050A92682F4 null -1 /coreframe-webponent/myProject/list.jsp NO-BLD
18/11/27 09:18:08.824 042 W1 <U> GUEST 4A676F6431E584A6AA1BC050A92682F4 null -1 /coreframe-webponent/myProject/webponent.licenseKey.js NO-BLD
18/11/27 09:18:10.327 040 W1 <U> GUEST 4A676F6431E584A6AA1BC050A92682F4 null -1 /coreframe-webponent/myProject/list.jsp NO-BLD
18/11/27 09:18:10.460 045 W1 <U> GUEST 4A676F6431E584A6AA1BC050A92682F4 null -1 /coreframe-webponent/myProject/webponent.licenseKey.js NO-BLD
18/11/27 09:18:10.679 044 W1 <U> GUEST 4A676F6431E584A6AA1BC050A92682F4 null -1 /coreframe-webponent/myProject/list.jsp NO-BLD
18/11/27 09:18:10.799 040 W1 <U> GUEST 4A676F6431E584A6AA1BC050A92682F4 null -1 /coreframe-webponent/myProject/webponent.licenseKey.js NO-BLD
18/11/27 09:18:11.191 041 W1 <U> GUEST 4A676F6431E584A6AA1BC050A92682F4 null -1 /coreframe-webponent/myProject/list.jsp NO-BLD
18/11/27 09:18:11.291 038 W1 <U> GUEST 4A676F6431E584A6AA1BC050A92682F4 null -1 /coreframe-webponent/myProject/webponent.licenseKey.js NO-BLD
18/11/27 09:18:11.927 045 W1 <U> GUEST 4A676F6431E584A6AA1BC050A92682F4 null -1 /coreframe-webponent/myProject/list.jsp NO-BLD
18/11/27 09:18:12.084 041 W1 <U> GUEST 4A676F6431E584A6AA1BC050A92682F4 null -1 /coreframe-webponent/myProject/webponent.licenseKey.js NO-BLD
18/11/27 09:18:18.634 041 W1 <U> GUEST 4A676F6431E584A6AA1BC050A92682F4 null -1 /coreframe-webponent/myProject/list.jsp NO-BLD
18/11/27 09:18:19.041 039 W1 <U> GUEST 4A676F6431E584A6AA1BC050A92682F4 null -1 /coreframe-webponent/myProject/webponent.licenseKey.js NO-BLD
18/11/27 09:18:23.503 042 W1 <U> GUEST 4A676F6431E584A6AA1BC050A92682F4 null -1 /coreframe-webponent/myProject/list.jsp NO-BLD
18/11/27 09:18:23.595 038 W1 <U> GUEST 4A676F6431E584A6AA1BC050A92682F4 null -1 /coreframe-webponent/myProject/webponent.licenseKey.js NO-BLD
18/11/27 09:18:25.698 044 W1 <U> GUEST 4A676F6431E584A6AA1BC050A92682F4 null -1 /coreframe-webponent/myProject/list.jsp NO-BLD
18/11/27 09:18:25.778 041 W1 <U> GUEST 4A676F6431E584A6AA1BC050A92682F4 null -1 /coreframe-webponent/myProject/webponent.licenseKey.js NO-BLD
18/11/27 09:18:34.219 039 W1 <U> GUEST 4A676F6431E584A6AA1BC050A92682F4 null -1 /coreframe-webponent/myProject/list.jsp NO-BLD
18/11/27 09:18:34.377 045 W1 <U> GUEST 4A676F6431E584A6AA1BC050A92682F4 null -1 /coreframe-webponent/myProject/webponent.licenseKey.js NO-BLD
18/11/27 09:18:34.669 042 W1 <U> GUEST 4A676F6431E584A6AA1BC050A92682F4 null -1 /coreframe-webponent/myProject/list.jsp NO-BLD
18/11/27 09:19:06.044 040 W1 <U> GUEST 4A676F6431E584A6AA1BC050A92682F4 null -1 /coreframe-webponent/myProject/list.jsp NO-BLD
18/11/27 09:19:06.937 039 W1 <U> GUEST 4A676F6431E584A6AA1BC050A92682F4 null -1 /coreframe-webponent/myProject/webponent.licenseKey.js NO-BLD
18/11/27 09:19:09.145 045 W1 <U> GUEST 4A676F6431E584A6AA1BC050A92682F4 null -1 /coreframe-webponent/myProject/list.jsp NO-BLD
18/11/27 09:19:09.235 039 W1 <U> GUEST 4A676F6431E584A6AA1BC050A92682F4 null -1 /coreframe-webponent/myProject/webponent.licenseKey.js NO-BLD
18/11/27 09:19:09.655 041 W1 <U> GUEST 4A676F6431E584A6AA1BC050A92682F4 null -1 /coreframe-webponent/myProject/list.jsp NO-BLD
18/11/27 09:19:09.787 045 W1 <U> GUEST 4A676F6431E584A6AA1BC050A92682F4 null -1 /coreframe-webponent/myProject/webponent.licenseKey.js NO-BLD
18/11/27 09:19:09.986 039 W1 <U> GUEST 4A676F6431E584A6AA1BC050A92682F4 null -1 /coreframe-webponent/myProject/list.jsp NO-BLD
18/11/27 09:19:10.059 040 W1 <U> GUEST 4A676F6431E584A6AA1BC050A92682F4 null -1 /coreframe-webponent/myProject/webponent.licenseKey.js NO-BLD
18/11/27 09:19:55.778 042 W1 <U> GUEST 4A676F6431E584A6AA1BC050A92682F4 null -1 /coreframe-webponent/myProject/list.jsp NO-BLD
18/11/27 09:19:55.884 044 W1 <U> GUEST 4A676F6431E584A6AA1BC050A92682F4 null -1 /coreframe-webponent/myProject/webponent.licenseKey.js NO-BLD
18/11/27 09:19:56.404 043 W1 <U> GUEST 4A676F6431E584A6AA1BC050A92682F4 null -1 /coreframe-webponent/myProject/list.jsp NO-BLD
18/11/27 09:19:56.495 042 W1 <U> GUEST 4A676F6431E584A6AA1BC050A92682F4 null -1 /coreframe-webponent/myProject/webponent.licenseKey.js NO-BLD
18/11/27 09:20:05.109 041 W1 <U> GUEST 4A676F6431E584A6AA1BC050A92682F4 null -1 /coreframe-webponent/myProject/list.jsp NO-BLD
18/11/27 09:20:05.198 040 W1 <U> GUEST 4A676F6431E584A6AA1BC050A92682F4 null -1 /coreframe-webponent/myProject/webponent.licenseKey.js NO-BLD
18/11/27 09:20:06.077 039 W1 <U> GUEST 4A676F6431E584A6AA1BC050A92682F4 null -1 /coreframe-webponent/myProject/list.jsp NO-BLD
18/11/27 09:20:06.169 040 W1 <U> GUEST 4A676F6431E584A6AA1BC050A92682F4 null -1 /coreframe-webponent/myProject/webponent.licenseKey.js NO-BLD
18/11/27 09:20:06.440 041 W1 <U> GUEST 4A676F6431E584A6AA1BC050A92682F4 null -1 /coreframe-webponent/myProject/list.jsp NO-BLD
18/11/27 09:20:06.619 044 W1 <U> GUEST 4A676F6431E584A6AA1BC050A92682F4 null -1 /coreframe-webponent/myProject/webponent.licenseKey.js NO-BLD
18/11/27 09:20:10.497 040 W1 <U> GUEST 4A676F6431E584A6AA1BC050A92682F4 null -1 /coreframe-webponent/myProject/list.jsp NO-BLD
18/11/27 09:20:10.859 039 W1 <U> GUEST 4A676F6431E584A6AA1BC050A92682F4 null -1 /coreframe-webponent/myProject/webponent.licenseKey.js NO-BLD
18/11/27 09:42:28.852 042 W1 <U> GUEST 4A676F6431E584A6AA1BC050A92682F4 null -1 /coreframe-webponent/myProject/list.jsp NO-BLD
18/11/27 09:42:28.944 038 W1 <U> GUEST 4A676F6431E584A6AA1BC050A92682F4 null -1 /coreframe-webponent/myProject/webponent.licenseKey.js NO-BLD
18/11/27 09:58:48.009 039 W1 <U> GUEST 4A676F6431E584A6AA1BC050A92682F4 null -1 /coreframe-webponent/myProject/list.jsp NO-BLD
18/11/27 09:58:48.205 040 W1 <U> GUEST 4A676F6431E584A6AA1BC050A92682F4 null -1 /coreframe-webponent/myProject/webponent.licenseKey.js NO-BLD
18/11/27 09:58:48.947 045 W1 <U> GUEST 4A676F6431E584A6AA1BC050A92682F4 null -1 /coreframe-webponent/myProject/list.jsp NO-BLD
18/11/27 09:58:49.106 041 W1 <U> GUEST 4A676F6431E584A6AA1BC050A92682F4 null -1 /coreframe-webponent/myProject/webponent.licenseKey.js NO-BLD
18/11/27 09:59:01.962 044 W1 <U> GUEST 4A676F6431E584A6AA1BC050A92682F4 null -1 /coreframe-webponent/myProject/list.jsp NO-BLD
18/11/27 09:59:02.200 038 W1 <U> GUEST 4A676F6431E584A6AA1BC050A92682F4 null -1 /coreframe-webponent/myProject/webponent.licenseKey.js NO-BLD
18/11/27 09:59:02.421 039 W1 <U> GUEST 4A676F6431E584A6AA1BC050A92682F4 null -1 /coreframe-webponent/myProject/list.jsp NO-BLD
18/11/27 09:59:02.665 039 W1 <U> GUEST 4A676F6431E584A6AA1BC050A92682F4 null -1 /coreframe-webponent/myProject/webponent.licenseKey.js NO-BLD
18/11/27 09:59:53.493 039 W1 <U> GUEST 4A676F6431E584A6AA1BC050A92682F4 null -1 /coreframe-webponent/myProject/list.jsp NO-BLD
18/11/27 09:59:53.646 040 W1 <U> GUEST 4A676F6431E584A6AA1BC050A92682F4 null -1 /coreframe-webponent/myProject/webponent.licenseKey.js NO-BLD
18/11/27 10:00:28.701 038 W1 <U> GUEST 4A676F6431E584A6AA1BC050A92682F4 null -1 /coreframe-webponent/myProject/list.jsp NO-BLD
18/11/27 10:00:28.825 042 W1 <U> GUEST 4A676F6431E584A6AA1BC050A92682F4 null -1 /coreframe-webponent/myProject/webponent.licenseKey.js NO-BLD
18/11/27 10:01:51.930 042 W1 <U> GUEST 4A676F6431E584A6AA1BC050A92682F4 null -1 /coreframe-webponent/myProject/list.jsp NO-BLD
18/11/27 10:01:51.968 040 W1 <U> GUEST 4A676F6431E584A6AA1BC050A92682F4 null -1 /coreframe-webponent/myProject/webponent.licenseKey.js NO-BLD
18/11/27 10:01:52.956 044 W1 <U> GUEST 4A676F6431E584A6AA1BC050A92682F4 null -1 /coreframe-webponent/myProject/list.jsp NO-BLD
18/11/27 10:01:53.079 039 W1 <U> GUEST 4A676F6431E584A6AA1BC050A92682F4 null -1 /coreframe-webponent/myProject/webponent.licenseKey.js NO-BLD
18/11/27 10:03:14.564 040 W1 <U> GUEST 4A676F6431E584A6AA1BC050A92682F4 null -1 /coreframe-webponent/myProject/list.jsp NO-BLD
18/11/27 10:03:14.661 038 W1 <U> GUEST 4A676F6431E584A6AA1BC050A92682F4 null -1 /coreframe-webponent/myProject/webponent.licenseKey.js NO-BLD
18/11/27 10:03:15.018 044 W1 <U> GUEST 4A676F6431E584A6AA1BC050A92682F4 null -1 /coreframe-webponent/myProject/list.jsp NO-BLD
18/11/27 10:03:15.128 042 W1 <U> GUEST 4A676F6431E584A6AA1BC050A92682F4 null -1 /coreframe-webponent/myProject/webponent.licenseKey.js NO-BLD
18/11/27 10:03:15.521 038 W1 <U> GUEST 4A676F6431E584A6AA1BC050A92682F4 null -1 /coreframe-webponent/myProject/list.jsp NO-BLD
18/11/27 10:03:15.614 044 W1 <U> GUEST 4A676F6431E584A6AA1BC050A92682F4 null -1 /coreframe-webponent/myProject/webponent.licenseKey.js NO-BLD
18/11/27 10:03:15.975 039 W1 <U> GUEST 4A676F6431E584A6AA1BC050A92682F4 null -1 /coreframe-webponent/myProject/list.jsp NO-BLD
18/11/27 10:03:16.164 040 W1 <U> GUEST 4A676F6431E584A6AA1BC050A92682F4 null -1 /coreframe-webponent/myProject/webponent.licenseKey.js NO-BLD
18/11/27 10:03:42.373 044 W1 <U> GUEST 4A676F6431E584A6AA1BC050A92682F4 null -1 /coreframe-webponent/myProject/list.jsp NO-BLD
18/11/27 10:03:42.479 038 W1 <U> GUEST 4A676F6431E584A6AA1BC050A92682F4 null -1 /coreframe-webponent/myProject/webponent.licenseKey.js NO-BLD
18/11/27 10:03:42.897 045 W1 <U> GUEST 4A676F6431E584A6AA1BC050A92682F4 null -1 /coreframe-webponent/myProject/list.jsp NO-BLD
18/11/27 10:03:42.990 042 W1 <U> GUEST 4A676F6431E584A6AA1BC050A92682F4 null -1 /coreframe-webponent/myProject/webponent.licenseKey.js NO-BLD
18/11/27 10:03:43.536 038 W1 <U> GUEST 4A676F6431E584A6AA1BC050A92682F4 null -1 /coreframe-webponent/myProject/list.jsp NO-BLD
18/11/27 10:03:43.596 043 W1 <U> GUEST 4A676F6431E584A6AA1BC050A92682F4 null -1 /coreframe-webponent/myProject/webponent.licenseKey.js NO-BLD
18/11/27 10:03:43.957 038 W1 <U> GUEST 4A676F6431E584A6AA1BC050A92682F4 null -1 /coreframe-webponent/myProject/list.jsp NO-BLD
18/11/27 10:03:44.092 039 W1 <U> GUEST 4A676F6431E584A6AA1BC050A92682F4 null -1 /coreframe-webponent/myProject/webponent.licenseKey.js NO-BLD
18/11/27 11:01:42.914 041 W1 <U> GUEST 4A676F6431E584A6AA1BC050A92682F4 null -1 /coreframe-webponent/myProject/list.jsp NO-BLD
18/11/27 11:01:43.003 044 W1 <U> GUEST 4A676F6431E584A6AA1BC050A92682F4 null -1 /coreframe-webponent/myProject/webponent.licenseKey.js NO-BLD
18/11/27 11:14:13.223 044 W1 <U> GUEST 4A676F6431E584A6AA1BC050A92682F4 null -1 /coreframe-webponent/myProject/list.jsp NO-BLD
18/11/27 11:14:13.289 040 W1 <U> GUEST 4A676F6431E584A6AA1BC050A92682F4 null -1 /coreframe-webponent/myProject/webponent.licenseKey.js NO-BLD
18/11/27 11:14:14.042 039 W1 <U> GUEST 4A676F6431E584A6AA1BC050A92682F4 null -1 /coreframe-webponent/myProject/%EB%B2%94%EC%A3%84%EC%9E%90%EC%A7%81%EC%97%85_2016%EB%85%84_.csv NO-BLD
18/11/27 11:14:47.071 039 W1 <U> GUEST 4A676F6431E584A6AA1BC050A92682F4 null -1 /coreframe-webponent/myProject/list.jsp NO-BLD
18/11/27 11:14:47.214 041 W1 <U> GUEST 4A676F6431E584A6AA1BC050A92682F4 null -1 /coreframe-webponent/myProject/webponent.licenseKey.js NO-BLD
18/11/27 11:14:48.406 041 W1 <U> GUEST 4A676F6431E584A6AA1BC050A92682F4 null -1 /coreframe-webponent/myProject/123.csv NO-BLD
18/11/27 11:15:36.634 041 W1 <U> GUEST 4A676F6431E584A6AA1BC050A92682F4 null -1 /coreframe-webponent/myProject/list.jsp NO-BLD
18/11/27 11:15:36.704 042 W1 <U> GUEST 4A676F6431E584A6AA1BC050A92682F4 null -1 /coreframe-webponent/myProject/webponent.licenseKey.js NO-BLD
18/11/27 11:15:37.316 038 W1 <U> GUEST 4A676F6431E584A6AA1BC050A92682F4 null -1 /coreframe-webponent/myProject/123.csv NO-BLD
18/11/27 11:16:07.826 040 W1 <U> GUEST 4A676F6431E584A6AA1BC050A92682F4 null -1 /coreframe-webponent/myProject/list.jsp NO-BLD
18/11/27 11:16:07.911 038 W1 <U> GUEST 4A676F6431E584A6AA1BC050A92682F4 null -1 /coreframe-webponent/myProject/webponent.licenseKey.js NO-BLD
18/11/27 11:16:08.474 040 W1 <U> GUEST 4A676F6431E584A6AA1BC050A92682F4 null -1 /coreframe-webponent/myProject/123.csv NO-BLD
18/11/27 13:03:52.908 044 W1 <U> GUEST 698144A2836139DAAAF68295A9B10950 null -1 /coreframe-webponent/myProject/list.jsp NO-BLD
18/11/27 13:03:53.030 040 W1 <U> GUEST 698144A2836139DAAAF68295A9B10950 null -1 /coreframe-webponent/myProject/webponent.licenseKey.js NO-BLD
18/11/27 13:03:54.023 044 W1 <U> GUEST 698144A2836139DAAAF68295A9B10950 null -1 /coreframe-webponent/myProject/123.csv NO-BLD
18/11/27 13:06:27.531 045 W1 <U> GUEST 698144A2836139DAAAF68295A9B10950 null -1 /coreframe-webponent/myProject/list.jsp NO-BLD
18/11/27 13:06:27.641 040 W1 <U> GUEST 698144A2836139DAAAF68295A9B10950 null -1 /coreframe-webponent/myProject/webponent.licenseKey.js NO-BLD
18/11/27 13:06:28.193 043 W1 <U> GUEST 698144A2836139DAAAF68295A9B10950 null -1 /coreframe-webponent/myProject/123.csv NO-BLD
18/11/27 13:06:30.033 042 W1 <U> GUEST 698144A2836139DAAAF68295A9B10950 null -1 /coreframe-webponent/myProject/list.jsp NO-BLD
18/11/27 13:06:30.172 039 W1 <U> GUEST 698144A2836139DAAAF68295A9B10950 null -1 /coreframe-webponent/myProject/webponent.licenseKey.js NO-BLD
18/11/27 13:06:30.640 038 W1 <U> GUEST 698144A2836139DAAAF68295A9B10950 null -1 /coreframe-webponent/myProject/123.csv NO-BLD
18/11/27 13:06:31.687 043 W1 <U> GUEST 698144A2836139DAAAF68295A9B10950 null -1 /coreframe-webponent/myProject/list.jsp NO-BLD
18/11/27 13:06:31.774 038 W1 <U> GUEST 698144A2836139DAAAF68295A9B10950 null -1 /coreframe-webponent/myProject/webponent.licenseKey.js NO-BLD
18/11/27 13:06:32.157 043 W1 <U> GUEST 698144A2836139DAAAF68295A9B10950 null -1 /coreframe-webponent/myProject/123.csv NO-BLD
18/11/27 13:06:38.180 038 W1 <U> GUEST 698144A2836139DAAAF68295A9B10950 null -1 /coreframe-webponent/myProject/list.jsp NO-BLD
18/11/27 13:06:38.295 041 W1 <U> GUEST 698144A2836139DAAAF68295A9B10950 null -1 /coreframe-webponent/myProject/webponent.licenseKey.js NO-BLD
18/11/27 13:06:38.997 040 W1 <U> GUEST 698144A2836139DAAAF68295A9B10950 null -1 /coreframe-webponent/myProject/123.csv NO-BLD
18/11/27 13:10:15.497 039 W1 <U> GUEST 698144A2836139DAAAF68295A9B10950 null -1 /coreframe-webponent/myProject/list.jsp NO-BLD
18/11/27 13:10:15.581 042 W1 <U> GUEST 698144A2836139DAAAF68295A9B10950 null -1 /coreframe-webponent/myProject/webponent.licenseKey.js NO-BLD
18/11/27 13:10:16.349 041 W1 <U> GUEST 698144A2836139DAAAF68295A9B10950 null -1 /coreframe-webponent/myProject/123.csv NO-BLD
18/11/27 13:18:07.141 045 W1 <U> GUEST 698144A2836139DAAAF68295A9B10950 null -1 /coreframe-webponent/myProject/list.jsp NO-BLD
18/11/27 13:18:07.207 044 W1 <U> GUEST 698144A2836139DAAAF68295A9B10950 null -1 /coreframe-webponent/myProject/webponent.licenseKey.js NO-BLD
18/11/27 13:18:08.028 040 W1 <U> GUEST 698144A2836139DAAAF68295A9B10950 null -1 /coreframe-webponent/myProject/123.csv NO-BLD
18/11/27 13:19:53.628 038 W1 <U> GUEST 698144A2836139DAAAF68295A9B10950 null -1 /coreframe-webponent/myProject/list.jsp NO-BLD
18/11/27 13:19:53.733 038 W1 <U> GUEST 698144A2836139DAAAF68295A9B10950 null -1 /coreframe-webponent/myProject/webponent.licenseKey.js NO-BLD
18/11/27 13:19:54.440 041 W1 <U> GUEST 698144A2836139DAAAF68295A9B10950 null -1 /coreframe-webponent/myProject/123.csv NO-BLD
18/11/27 14:09:49.845 040 W1 <U> GUEST 698144A2836139DAAAF68295A9B10950 null -1 /coreframe-webponent/myProject/list.jsp NO-BLD
18/11/27 14:09:50.058 039 W1 <U> GUEST 698144A2836139DAAAF68295A9B10950 null -1 /coreframe-webponent/myProject/webponent.licenseKey.js NO-BLD
18/11/27 14:09:50.985 040 W1 <U> GUEST 698144A2836139DAAAF68295A9B10950 null -1 /coreframe-webponent/myProject/123.csv NO-BLD
18/11/27 15:04:44.166 038 W1 <U> GUEST 698144A2836139DAAAF68295A9B10950 null -1 /coreframe-webponent/myProject/list.jsp NO-BLD
18/11/27 15:04:44.329 043 W1 <U> GUEST 698144A2836139DAAAF68295A9B10950 null -1 /coreframe-webponent/myProject/webponent.licenseKey.js NO-BLD
18/11/27 15:04:45.055 038 W1 <U> GUEST 698144A2836139DAAAF68295A9B10950 null -1 /coreframe-webponent/myProject/123.csv NO-BLD
18/11/27 15:43:52.732 041 W1 <U> GUEST 698144A2836139DAAAF68295A9B10950 null -1 /coreframe-webponent/myProject/list.jsp NO-BLD
18/11/27 15:43:52.833 045 W1 <U> GUEST 698144A2836139DAAAF68295A9B10950 null -1 /coreframe-webponent/myProject/webponent.licenseKey.js NO-BLD
18/11/27 15:43:53.736 042 W1 <U> GUEST 698144A2836139DAAAF68295A9B10950 null -1 /coreframe-webponent/myProject/123.csv NO-BLD
18/11/27 16:15:41.136 043 W1 <U> GUEST 698144A2836139DAAAF68295A9B10950 null -1 /coreframe-webponent/myProject/list.jsp NO-BLD
18/11/27 16:15:41.240 041 W1 <U> GUEST 698144A2836139DAAAF68295A9B10950 null -1 /coreframe-webponent/myProject/webponent.licenseKey.js NO-BLD
18/11/27 16:15:41.589 042 W1 <U> GUEST 698144A2836139DAAAF68295A9B10950 null -1 /coreframe-webponent/myProject/list.jsp NO-BLD
18/11/27 16:15:41.702 040 W1 <U> GUEST 698144A2836139DAAAF68295A9B10950 null -1 /coreframe-webponent/myProject/webponent.licenseKey.js NO-BLD
18/11/27 16:15:42.093 044 W1 <U> GUEST 698144A2836139DAAAF68295A9B10950 null -1 /coreframe-webponent/myProject/list.jsp NO-BLD
18/11/27 16:15:42.364 038 W1 <U> GUEST 698144A2836139DAAAF68295A9B10950 null -1 /coreframe-webponent/myProject/webponent.licenseKey.js NO-BLD
18/11/27 16:15:42.747 038 W1 <U> GUEST 698144A2836139DAAAF68295A9B10950 null -1 /coreframe-webponent/myProject/123.csv NO-BLD
18/11/27 16:57:23.099 042 W1 <U> GUEST 698144A2836139DAAAF68295A9B10950 null -1 /coreframe-webponent/myProject/list.jsp NO-BLD
18/11/27 16:57:23.224 041 W1 <U> GUEST 698144A2836139DAAAF68295A9B10950 null -1 /coreframe-webponent/myProject/webponent.licenseKey.js NO-BLD
18/11/27 16:57:24.932 040 W1 <U> GUEST 698144A2836139DAAAF68295A9B10950 null -1 /coreframe-webponent/myProject/123.csv NO-BLD
18/11/27 17:58:04.404 043 W1 <U> GUEST C7923506EACA7A4EA98359C12E4E411A null -1 /coreframe-webponent/myProject/list.jsp NO-BLD
18/11/27 17:58:04.593 043 W1 <U> GUEST C7923506EACA7A4EA98359C12E4E411A null -1 /coreframe-webponent/myProject/webponent.licenseKey.js NO-BLD
18/11/27 17:58:05.230 044 W1 <U> GUEST C7923506EACA7A4EA98359C12E4E411A null -1 /coreframe-webponent/myProject/123.csv NO-BLD
18/11/27 18:03:11.499 043 W1 <U> GUEST C7923506EACA7A4EA98359C12E4E411A null -1 /coreframe-webponent/myProject/list.jsp NO-BLD
18/11/27 18:03:11.613 038 W1 <U> GUEST C7923506EACA7A4EA98359C12E4E411A null -1 /coreframe-webponent/myProject/webponent.licenseKey.js NO-BLD
18/11/27 18:03:12.253 040 W1 <U> GUEST C7923506EACA7A4EA98359C12E4E411A null -1 /coreframe-webponent/myProject/123.csv NO-BLD
18/11/27 18:03:16.313 041 W1 <U> GUEST C7923506EACA7A4EA98359C12E4E411A null -1 /coreframe-webponent/myProject/list.jsp NO-BLD
18/11/27 18:03:16.425 040 W1 <U> GUEST C7923506EACA7A4EA98359C12E4E411A null -1 /coreframe-webponent/myProject/webponent.licenseKey.js NO-BLD
18/11/27 18:03:16.942 042 W1 <U> GUEST C7923506EACA7A4EA98359C12E4E411A null -1 /coreframe-webponent/myProject/123.csv NO-BLD
18/11/27 18:03:16.978 038 W1 <U> GUEST C7923506EACA7A4EA98359C12E4E411A null -1 /coreframe-webponent/myProject/list.jsp NO-BLD
18/11/27 18:03:17.077 042 W1 <U> GUEST C7923506EACA7A4EA98359C12E4E411A null -1 /coreframe-webponent/myProject/list.jsp NO-BLD
18/11/27 18:03:17.232 044 W1 <U> GUEST C7923506EACA7A4EA98359C12E4E411A null -1 /coreframe-webponent/myProject/webponent.licenseKey.js NO-BLD
18/11/27 18:03:18.078 039 W1 <U> GUEST C7923506EACA7A4EA98359C12E4E411A null -1 /coreframe-webponent/myProject/list.jsp NO-BLD
18/11/27 18:03:18.232 038 W1 <U> GUEST C7923506EACA7A4EA98359C12E4E411A null -1 /coreframe-webponent/myProject/webponent.licenseKey.js NO-BLD
18/11/27 18:03:18.841 039 W1 <U> GUEST C7923506EACA7A4EA98359C12E4E411A null -1 /coreframe-webponent/myProject/123.csv NO-BLD
18/11/27 18:03:21.931 045 W1 <U> GUEST C7923506EACA7A4EA98359C12E4E411A null -1 /coreframe-webponent/myProject/list.jsp NO-BLD
18/11/27 18:03:22.056 044 W1 <U> GUEST C7923506EACA7A4EA98359C12E4E411A null -1 /coreframe-webponent/myProject/webponent.licenseKey.js NO-BLD
18/11/27 18:03:24.458 042 W1 <U> GUEST C7923506EACA7A4EA98359C12E4E411A null -1 /coreframe-webponent/myProject/123.csv NO-BLD
18/11/27 18:04:01.871 043 W1 <U> GUEST C7923506EACA7A4EA98359C12E4E411A null -1 /coreframe-webponent/myProject/list.jsp NO-BLD
18/11/27 18:04:01.970 042 W1 <U> GUEST C7923506EACA7A4EA98359C12E4E411A null -1 /coreframe-webponent/myProject/webponent.licenseKey.js NO-BLD
18/11/27 18:04:38.319 045 W1 <U> GUEST C7923506EACA7A4EA98359C12E4E411A null -1 /coreframe-webponent/myProject/list.jsp NO-BLD
18/11/27 18:04:38.356 040 W1 <U> GUEST C7923506EACA7A4EA98359C12E4E411A null -1 /coreframe-webponent/myProject/webponent.licenseKey.js NO-BLD
18/11/27 18:05:16.583 043 W1 <U> GUEST C7923506EACA7A4EA98359C12E4E411A null -1 /coreframe-webponent/myProject/list.jsp NO-BLD
18/11/27 18:05:16.671 038 W1 <U> GUEST C7923506EACA7A4EA98359C12E4E411A null -1 /coreframe-webponent/myProject/webponent.licenseKey.js NO-BLD
18/11/27 18:07:07.192 042 W1 <U> GUEST C7923506EACA7A4EA98359C12E4E411A null -1 /coreframe-webponent/myProject/list.jsp NO-BLD
18/11/27 18:07:07.276 038 W1 <U> GUEST C7923506EACA7A4EA98359C12E4E411A null -1 /coreframe-webponent/myProject/webponent.licenseKey.js NO-BLD
18/11/27 18:15:06.378 044 W1 <U> GUEST C7923506EACA7A4EA98359C12E4E411A null -1 /coreframe-webponent/myProject/list.jsp NO-BLD
18/11/27 18:15:06.473 040 W1 <U> GUEST C7923506EACA7A4EA98359C12E4E411A null -1 /coreframe-webponent/myProject/webponent.licenseKey.js NO-BLD
18/11/27 18:15:16.053 040 W1 <U> GUEST C7923506EACA7A4EA98359C12E4E411A null -1 /coreframe-webponent/myProject/list.jsp NO-BLD
18/11/27 18:15:16.150 042 W1 <U> GUEST C7923506EACA7A4EA98359C12E4E411A null -1 /coreframe-webponent/myProject/webponent.licenseKey.js NO-BLD
