18/11/19 15:59:14.928 041 W1 <U> GUEST 7D631AD32F252DB7B2A93750D893DAA5 null -1 /coreframe-webponent/myProject NO-BLD
18/11/19 15:59:15.041 040 W1 <U> GUEST 7D631AD32F252DB7B2A93750D893DAA5 null -1 /coreframe-webponent/myProject/ NO-BLD
18/11/19 16:00:12.934 045 W1 <U> GUEST 7D631AD32F252DB7B2A93750D893DAA5 null -1 /coreframe-webponent/myProject/list.jsp NO-BLD
18/11/19 16:01:13.602 040 W1 <U> GUEST 7D631AD32F252DB7B2A93750D893DAA5 null -1 /coreframe-webponent/myProject/list.jsp NO-BLD
18/11/19 16:37:33.500 121 W1 <U> GUEST 7D631AD32F252DB7B2A93750D893DAA5 null -1 /coreframe-webponent/myProject/list.jsp NO-BLD
18/11/19 16:37:33.540 119 W1 <U> GUEST 7D631AD32F252DB7B2A93750D893DAA5 null -1 /coreframe-webponent/myProject/jquery.min.js NO-BLD
18/11/19 16:37:33.540 119 W1 <U> GUEST 7D631AD32F252DB7B2A93750D893DAA5 null -1 /coreframe-webponent/myProject/comm/webponent.comm.common.js NO-BLD
18/11/19 16:37:33.540 119 W1 <U> GUEST 7D631AD32F252DB7B2A93750D893DAA5 null -1 /coreframe-webponent/myProject/webponent.visual.pie.js NO-BLD
18/11/19 16:37:33.571 119 W1 <U> GUEST 7D631AD32F252DB7B2A93750D893DAA5 null -1 /coreframe-webponent/myProject/raphael.js NO-BLD
18/11/19 16:37:33.571 119 W1 <U> GUEST 7D631AD32F252DB7B2A93750D893DAA5 null -1 /coreframe-webponent/myProject/webponent.chart.js NO-BLD
18/11/19 16:37:33.586 121 W1 <U> GUEST 7D631AD32F252DB7B2A93750D893DAA5 null -1 /coreframe-webponent/myProject/jquery.min.js NO-BLD
18/11/19 16:37:33.593 124 W1 <U> GUEST 7D631AD32F252DB7B2A93750D893DAA5 null -1 /coreframe-webponent/myProject/raphael.js NO-BLD
18/11/19 16:37:33.602 123 W1 <U> GUEST 7D631AD32F252DB7B2A93750D893DAA5 null -1 /coreframe-webponent/myProject/comm/webponent.comm.common.js NO-BLD
18/11/19 16:37:33.631 121 W1 <U> GUEST 7D631AD32F252DB7B2A93750D893DAA5 null -1 /coreframe-webponent/myProject/webponent.chart.js NO-BLD
18/11/19 16:37:33.650 124 W1 <U> GUEST 7D631AD32F252DB7B2A93750D893DAA5 null -1 /coreframe-webponent/myProject/webponent.visual.pie.js NO-BLD
18/11/19 16:39:37.085 119 W1 <U> GUEST 7D631AD32F252DB7B2A93750D893DAA5 null -1 /coreframe-webponent/myProject/list.jsp NO-BLD
18/11/19 16:39:37.191 125 W1 <U> GUEST 7D631AD32F252DB7B2A93750D893DAA5 null -1 /coreframe-webponent/myProject/comm/webponent.comm.common.js NO-BLD
18/11/19 16:39:37.192 125 W1 <U> GUEST 7D631AD32F252DB7B2A93750D893DAA5 null -1 /coreframe-webponent/myProject/jquery.min.js NO-BLD
18/11/19 16:39:37.192 125 W1 <U> GUEST 7D631AD32F252DB7B2A93750D893DAA5 null -1 /coreframe-webponent/myProject/raphael.js NO-BLD
18/11/19 16:39:37.192 125 W1 <U> GUEST 7D631AD32F252DB7B2A93750D893DAA5 null -1 /coreframe-webponent/myProject/webponent.chart.js NO-BLD
18/11/19 16:39:37.192 125 W1 <U> GUEST 7D631AD32F252DB7B2A93750D893DAA5 null -1 /coreframe-webponent/myProject/webponent.visual.pie.js NO-BLD
18/11/19 16:39:37.200 118 W1 <U> GUEST 7D631AD32F252DB7B2A93750D893DAA5 null -1 /coreframe-webponent/myProject/comm/webponent.comm.common.js NO-BLD
18/11/19 16:39:37.205 118 W1 <U> GUEST 7D631AD32F252DB7B2A93750D893DAA5 null -1 /coreframe-webponent/myProject/webponent.chart.js NO-BLD
18/11/19 16:39:37.212 123 W1 <U> GUEST 7D631AD32F252DB7B2A93750D893DAA5 null -1 /coreframe-webponent/myProject/webponent.visual.pie.js NO-BLD
18/11/19 16:40:53.492 119 W1 <U> GUEST 7D631AD32F252DB7B2A93750D893DAA5 null -1 /coreframe-webponent/myProject/list.jsp NO-BLD
18/11/19 16:40:53.587 122 W1 <U> GUEST 7D631AD32F252DB7B2A93750D893DAA5 null -1 /coreframe-webponent/myProject/webponent.visual.pie.js NO-BLD
18/11/19 16:40:53.587 122 W1 <U> GUEST 7D631AD32F252DB7B2A93750D893DAA5 null -1 /coreframe-webponent/myProject/jquery.min.js NO-BLD
18/11/19 16:40:53.587 122 W1 <U> GUEST 7D631AD32F252DB7B2A93750D893DAA5 null -1 /coreframe-webponent/myProject/webponent.chart.js NO-BLD
18/11/19 16:40:53.587 122 W1 <U> GUEST 7D631AD32F252DB7B2A93750D893DAA5 null -1 /coreframe-webponent/myProject/raphael.js NO-BLD
18/11/19 16:40:53.587 122 W1 <U> GUEST 7D631AD32F252DB7B2A93750D893DAA5 null -1 /coreframe-webponent/myProject/comm/webponent.comm.common.js NO-BLD
18/11/19 16:40:53.587 122 W1 <U> GUEST 7D631AD32F252DB7B2A93750D893DAA5 null -1 /coreframe-webponent/myProject/jquery.min.js NO-BLD
18/11/19 16:40:53.623 118 W1 <U> GUEST 7D631AD32F252DB7B2A93750D893DAA5 null -1 /coreframe-webponent/myProject/raphael.js NO-BLD
18/11/19 16:40:53.629 123 W1 <U> GUEST 7D631AD32F252DB7B2A93750D893DAA5 null -1 /coreframe-webponent/myProject/comm/webponent.comm.common.js NO-BLD
18/11/19 16:40:53.637 119 W1 <U> GUEST 7D631AD32F252DB7B2A93750D893DAA5 null -1 /coreframe-webponent/myProject/webponent.chart.js NO-BLD
18/11/19 16:40:53.650 121 W1 <U> GUEST 7D631AD32F252DB7B2A93750D893DAA5 null -1 /coreframe-webponent/myProject/webponent.visual.pie.js NO-BLD
18/11/19 16:59:48.294 168 W1 <U> GUEST 7D631AD32F252DB7B2A93750D893DAA5 null -1 /coreframe-webponent/myProject/list.jsp NO-BLD
18/11/19 16:59:48.447 165 W1 <U> GUEST 7D631AD32F252DB7B2A93750D893DAA5 null -1 /coreframe-webponent/myProject/webponent.visual.pie.js NO-BLD
18/11/19 16:59:48.447 165 W1 <U> GUEST 7D631AD32F252DB7B2A93750D893DAA5 null -1 /coreframe-webponent/myProject/jquery.min.js NO-BLD
18/11/19 16:59:48.447 165 W1 <U> GUEST 7D631AD32F252DB7B2A93750D893DAA5 null -1 /coreframe-webponent/myProject/raphael.js NO-BLD
18/11/19 16:59:48.447 165 W1 <U> GUEST 7D631AD32F252DB7B2A93750D893DAA5 null -1 /coreframe-webponent/myProject/comm/webponent.comm.common.js NO-BLD
18/11/19 16:59:48.447 165 W1 <U> GUEST 7D631AD32F252DB7B2A93750D893DAA5 null -1 /coreframe-webponent/myProject/webponent.chart.js NO-BLD
18/11/19 16:59:48.447 165 W1 <U> GUEST 7D631AD32F252DB7B2A93750D893DAA5 null -1 /coreframe-webponent/myProject/webponent.visual.pie.js NO-BLD
18/11/19 16:59:48.938 163 W1 <U> GUEST 7D631AD32F252DB7B2A93750D893DAA5 null -1 /coreframe-webponent/myProject/list.jsp NO-BLD
18/11/19 16:59:49.006 170 W1 <U> GUEST 7D631AD32F252DB7B2A93750D893DAA5 null -1 /coreframe-webponent/myProject/webponent.visual.pie.js NO-BLD
18/11/19 16:59:49.008 169 W1 <U> GUEST 7D631AD32F252DB7B2A93750D893DAA5 null -1 /coreframe-webponent/myProject/webponent.chart.js NO-BLD
18/11/19 16:59:49.016 165 W1 <U> GUEST 7D631AD32F252DB7B2A93750D893DAA5 null -1 /coreframe-webponent/myProject/jquery.min.js NO-BLD
18/11/19 16:59:49.025 164 W1 <U> GUEST 7D631AD32F252DB7B2A93750D893DAA5 null -1 /coreframe-webponent/myProject/jquery.min.js NO-BLD
18/11/19 16:59:49.037 170 W1 <U> GUEST 7D631AD32F252DB7B2A93750D893DAA5 null -1 /coreframe-webponent/myProject/raphael.js NO-BLD
18/11/19 16:59:49.037 170 W1 <U> GUEST 7D631AD32F252DB7B2A93750D893DAA5 null -1 /coreframe-webponent/myProject/comm/webponent.comm.common.js NO-BLD
18/11/19 16:59:49.049 165 W1 <U> GUEST 7D631AD32F252DB7B2A93750D893DAA5 null -1 /coreframe-webponent/myProject/webponent.chart.js NO-BLD
18/11/19 16:59:49.056 169 W1 <U> GUEST 7D631AD32F252DB7B2A93750D893DAA5 null -1 /coreframe-webponent/myProject/webponent.visual.pie.js NO-BLD
18/11/19 16:59:49.259 163 W1 <U> GUEST 7D631AD32F252DB7B2A93750D893DAA5 null -1 /coreframe-webponent/myProject/list.jsp NO-BLD
18/11/19 16:59:49.330 166 W1 <U> GUEST 7D631AD32F252DB7B2A93750D893DAA5 null -1 /coreframe-webponent/myProject/jquery.min.js NO-BLD
18/11/19 16:59:49.331 166 W1 <U> GUEST 7D631AD32F252DB7B2A93750D893DAA5 null -1 /coreframe-webponent/myProject/raphael.js NO-BLD
18/11/19 16:59:49.357 169 W1 <U> GUEST 7D631AD32F252DB7B2A93750D893DAA5 null -1 /coreframe-webponent/myProject/comm/webponent.comm.common.js NO-BLD
18/11/19 16:59:49.357 169 W1 <U> GUEST 7D631AD32F252DB7B2A93750D893DAA5 null -1 /coreframe-webponent/myProject/webponent.visual.pie.js NO-BLD
18/11/19 16:59:49.357 169 W1 <U> GUEST 7D631AD32F252DB7B2A93750D893DAA5 null -1 /coreframe-webponent/myProject/webponent.chart.js NO-BLD
18/11/19 16:59:49.361 163 W1 <U> GUEST 7D631AD32F252DB7B2A93750D893DAA5 null -1 /coreframe-webponent/myProject/webponent.visual.pie.js NO-BLD
18/11/19 16:59:49.523 167 W1 <U> GUEST 7D631AD32F252DB7B2A93750D893DAA5 null -1 /coreframe-webponent/myProject/list.jsp NO-BLD
18/11/19 16:59:49.596 166 W1 <U> GUEST 7D631AD32F252DB7B2A93750D893DAA5 null -1 /coreframe-webponent/myProject/jquery.min.js NO-BLD
18/11/19 16:59:49.597 166 W1 <U> GUEST 7D631AD32F252DB7B2A93750D893DAA5 null -1 /coreframe-webponent/myProject/raphael.js NO-BLD
18/11/19 16:59:49.597 166 W1 <U> GUEST 7D631AD32F252DB7B2A93750D893DAA5 null -1 /coreframe-webponent/myProject/comm/webponent.comm.common.js NO-BLD
18/11/19 16:59:49.597 166 W1 <U> GUEST 7D631AD32F252DB7B2A93750D893DAA5 null -1 /coreframe-webponent/myProject/webponent.visual.pie.js NO-BLD
18/11/19 16:59:49.609 169 W1 <U> GUEST 7D631AD32F252DB7B2A93750D893DAA5 null -1 /coreframe-webponent/myProject/webponent.chart.js NO-BLD
18/11/19 16:59:49.625 164 W1 <U> GUEST 7D631AD32F252DB7B2A93750D893DAA5 null -1 /coreframe-webponent/myProject/raphael.js NO-BLD
18/11/19 16:59:49.636 169 W1 <U> GUEST 7D631AD32F252DB7B2A93750D893DAA5 null -1 /coreframe-webponent/myProject/comm/webponent.comm.common.js NO-BLD
18/11/19 16:59:49.644 164 W1 <U> GUEST 7D631AD32F252DB7B2A93750D893DAA5 null -1 /coreframe-webponent/myProject/webponent.chart.js NO-BLD
18/11/19 16:59:49.650 169 W1 <U> GUEST 7D631AD32F252DB7B2A93750D893DAA5 null -1 /coreframe-webponent/myProject/webponent.visual.pie.js NO-BLD
18/11/19 16:59:50.915 168 W1 <U> GUEST 7D631AD32F252DB7B2A93750D893DAA5 null -1 /coreframe-webponent/myProject/list.jsp NO-BLD
18/11/19 16:59:51.028 170 W1 <U> GUEST 7D631AD32F252DB7B2A93750D893DAA5 null -1 /coreframe-webponent/myProject/jquery.min.js NO-BLD
18/11/19 16:59:51.028 170 W1 <U> GUEST 7D631AD32F252DB7B2A93750D893DAA5 null -1 /coreframe-webponent/myProject/raphael.js NO-BLD
18/11/19 16:59:51.028 170 W1 <U> GUEST 7D631AD32F252DB7B2A93750D893DAA5 null -1 /coreframe-webponent/myProject/webponent.chart.js NO-BLD
18/11/19 16:59:51.028 170 W1 <U> GUEST 7D631AD32F252DB7B2A93750D893DAA5 null -1 /coreframe-webponent/myProject/webponent.visual.pie.js NO-BLD
18/11/19 16:59:51.028 170 W1 <U> GUEST 7D631AD32F252DB7B2A93750D893DAA5 null -1 /coreframe-webponent/myProject/comm/webponent.comm.common.js NO-BLD
18/11/19 16:59:51.028 170 W1 <U> GUEST 7D631AD32F252DB7B2A93750D893DAA5 null -1 /coreframe-webponent/myProject/jquery.min.js NO-BLD
18/11/19 16:59:51.028 170 W1 <U> GUEST 7D631AD32F252DB7B2A93750D893DAA5 null -1 /coreframe-webponent/myProject/raphael.js NO-BLD
18/11/19 16:59:51.034 168 W1 <U> GUEST 7D631AD32F252DB7B2A93750D893DAA5 null -1 /coreframe-webponent/myProject/comm/webponent.comm.common.js NO-BLD
18/11/19 16:59:51.068 166 W1 <U> GUEST 7D631AD32F252DB7B2A93750D893DAA5 null -1 /coreframe-webponent/myProject/webponent.chart.js NO-BLD
18/11/19 16:59:51.086 170 W1 <U> GUEST 7D631AD32F252DB7B2A93750D893DAA5 null -1 /coreframe-webponent/myProject/webponent.visual.pie.js NO-BLD
18/11/19 16:59:51.810 164 W1 <U> GUEST 7D631AD32F252DB7B2A93750D893DAA5 null -1 /coreframe-webponent/myProject/list.jsp NO-BLD
18/11/19 16:59:51.893 163 W1 <U> GUEST 7D631AD32F252DB7B2A93750D893DAA5 null -1 /coreframe-webponent/myProject/jquery.min.js NO-BLD
18/11/19 16:59:51.893 163 W1 <U> GUEST 7D631AD32F252DB7B2A93750D893DAA5 null -1 /coreframe-webponent/myProject/raphael.js NO-BLD
18/11/19 16:59:51.893 163 W1 <U> GUEST 7D631AD32F252DB7B2A93750D893DAA5 null -1 /coreframe-webponent/myProject/comm/webponent.comm.common.js NO-BLD
18/11/19 16:59:51.893 163 W1 <U> GUEST 7D631AD32F252DB7B2A93750D893DAA5 null -1 /coreframe-webponent/myProject/webponent.chart.js NO-BLD
18/11/19 16:59:51.903 165 W1 <U> GUEST 7D631AD32F252DB7B2A93750D893DAA5 null -1 /coreframe-webponent/myProject/webponent.visual.pie.js NO-BLD
18/11/19 17:07:54.509 169 W1 <U> GUEST 7D631AD32F252DB7B2A93750D893DAA5 null -1 /coreframe-webponent/myProject/list.jsp NO-BLD
18/11/19 17:07:54.560 164 W1 <U> GUEST 7D631AD32F252DB7B2A93750D893DAA5 null -1 /coreframe-webponent/myProject/jquery.min.js NO-BLD
18/11/19 17:07:54.560 164 W1 <U> GUEST 7D631AD32F252DB7B2A93750D893DAA5 null -1 /coreframe-webponent/myProject/raphael.js NO-BLD
18/11/19 17:07:54.560 164 W1 <U> GUEST 7D631AD32F252DB7B2A93750D893DAA5 null -1 /coreframe-webponent/myProject/comm/webponent.comm.common.js NO-BLD
18/11/19 17:07:54.560 164 W1 <U> GUEST 7D631AD32F252DB7B2A93750D893DAA5 null -1 /coreframe-webponent/myProject/webponent.visual.pie.js NO-BLD
18/11/19 17:07:54.579 170 W1 <U> GUEST 7D631AD32F252DB7B2A93750D893DAA5 null -1 /coreframe-webponent/myProject/webponent.chart.js NO-BLD
18/11/19 17:07:54.603 163 W1 <U> GUEST 7D631AD32F252DB7B2A93750D893DAA5 null -1 /coreframe-webponent/myProject/jquery.min.js NO-BLD
18/11/19 17:07:54.608 169 W1 <U> GUEST 7D631AD32F252DB7B2A93750D893DAA5 null -1 /coreframe-webponent/myProject/raphael.js NO-BLD
18/11/19 17:07:54.615 163 W1 <U> GUEST 7D631AD32F252DB7B2A93750D893DAA5 null -1 /coreframe-webponent/myProject/comm/webponent.comm.common.js NO-BLD
18/11/19 17:07:54.621 169 W1 <U> GUEST 7D631AD32F252DB7B2A93750D893DAA5 null -1 /coreframe-webponent/myProject/webponent.chart.js NO-BLD
18/11/19 17:07:54.626 164 W1 <U> GUEST 7D631AD32F252DB7B2A93750D893DAA5 null -1 /coreframe-webponent/myProject/webponent.visual.pie.js NO-BLD
18/11/19 17:07:56.076 170 W1 <U> GUEST 7D631AD32F252DB7B2A93750D893DAA5 null -1 /coreframe-webponent/myProject/list.jsp NO-BLD
18/11/19 17:07:56.156 169 W1 <U> GUEST 7D631AD32F252DB7B2A93750D893DAA5 null -1 /coreframe-webponent/myProject/jquery.min.js NO-BLD
18/11/19 17:07:56.156 169 W1 <U> GUEST 7D631AD32F252DB7B2A93750D893DAA5 null -1 /coreframe-webponent/myProject/raphael.js NO-BLD
18/11/19 17:07:56.156 169 W1 <U> GUEST 7D631AD32F252DB7B2A93750D893DAA5 null -1 /coreframe-webponent/myProject/comm/webponent.comm.common.js NO-BLD
18/11/19 17:07:56.156 169 W1 <U> GUEST 7D631AD32F252DB7B2A93750D893DAA5 null -1 /coreframe-webponent/myProject/webponent.chart.js NO-BLD
18/11/19 17:07:56.156 169 W1 <U> GUEST 7D631AD32F252DB7B2A93750D893DAA5 null -1 /coreframe-webponent/myProject/webponent.visual.pie.js NO-BLD
18/11/19 17:16:23.795 165 W1 <U> GUEST 7D631AD32F252DB7B2A93750D893DAA5 null -1 /coreframe-webponent/myProject/list.jsp NO-BLD
18/11/19 17:16:23.893 170 W1 <U> GUEST 7D631AD32F252DB7B2A93750D893DAA5 null -1 /coreframe-webponent/myProject/jquery.js NO-BLD
18/11/19 17:16:23.917 163 W1 <U> GUEST 7D631AD32F252DB7B2A93750D893DAA5 null -1 /coreframe-webponent/myProject/comm/webponent.comm.common.js NO-BLD
18/11/19 17:16:23.917 163 W1 <U> GUEST 7D631AD32F252DB7B2A93750D893DAA5 null -1 /coreframe-webponent/myProject/webponent.chart.js NO-BLD
18/11/19 17:16:23.917 163 W1 <U> GUEST 7D631AD32F252DB7B2A93750D893DAA5 null -1 /coreframe-webponent/myProject/webponent.visual.pie.js NO-BLD
18/11/19 17:16:24.053 169 W1 <U> GUEST 7D631AD32F252DB7B2A93750D893DAA5 null -1 /coreframe-webponent/myProject/raphael.js NO-BLD
18/11/19 17:16:24.216 168 W1 <U> GUEST 7D631AD32F252DB7B2A93750D893DAA5 null -1 /coreframe-webponent/myProject/comm/webponent.comm.common.js NO-BLD
18/11/19 17:16:24.218 164 W1 <U> GUEST 7D631AD32F252DB7B2A93750D893DAA5 null -1 /coreframe-webponent/myProject/webponent.chart.js NO-BLD
18/11/19 17:16:24.224 165 W1 <U> GUEST 7D631AD32F252DB7B2A93750D893DAA5 null -1 /coreframe-webponent/myProject/webponent.visual.pie.js NO-BLD
18/11/19 17:41:27.499 167 W1 <U> GUEST 7D631AD32F252DB7B2A93750D893DAA5 null -1 /coreframe-webponent/myProject/list.jsp NO-BLD
18/11/19 17:41:27.585 168 W1 <U> GUEST 7D631AD32F252DB7B2A93750D893DAA5 null -1 /coreframe-webponent/myProject/webponent.chart.js NO-BLD
18/11/19 17:41:27.592 163 W1 <U> GUEST 7D631AD32F252DB7B2A93750D893DAA5 null -1 /coreframe-webponent/myProject/webponent.visual.pie.js NO-BLD
18/11/19 17:41:27.608 170 W1 <U> GUEST 7D631AD32F252DB7B2A93750D893DAA5 null -1 /coreframe-webponent/myProject/comm/webponent.comm.common.js NO-BLD
18/11/19 17:41:27.626 166 W1 <U> GUEST 7D631AD32F252DB7B2A93750D893DAA5 null -1 /coreframe-webponent/myProject/jquery.js NO-BLD
18/11/19 17:41:27.839 168 W1 <U> GUEST 7D631AD32F252DB7B2A93750D893DAA5 null -1 /coreframe-webponent/myProject/list.jsp NO-BLD
18/11/19 17:41:27.927 170 W1 <U> GUEST 7D631AD32F252DB7B2A93750D893DAA5 null -1 /coreframe-webponent/myProject/webponent.visual.pie.js NO-BLD
18/11/19 17:41:27.940 163 W1 <U> GUEST 7D631AD32F252DB7B2A93750D893DAA5 null -1 /coreframe-webponent/myProject/webponent.chart.js NO-BLD
18/11/19 17:41:27.940 163 W1 <U> GUEST 7D631AD32F252DB7B2A93750D893DAA5 null -1 /coreframe-webponent/myProject/comm/webponent.comm.common.js NO-BLD
18/11/19 17:41:27.999 167 W1 <U> GUEST 7D631AD32F252DB7B2A93750D893DAA5 null -1 /coreframe-webponent/myProject/raphael.js NO-BLD
18/11/19 17:41:28.038 165 W1 <U> GUEST 7D631AD32F252DB7B2A93750D893DAA5 null -1 /coreframe-webponent/myProject/jquery.js NO-BLD
18/11/19 17:41:28.062 163 W1 <U> GUEST 7D631AD32F252DB7B2A93750D893DAA5 null -1 /coreframe-webponent/myProject/raphael.js NO-BLD
18/11/19 17:41:28.389 169 W1 <U> GUEST 7D631AD32F252DB7B2A93750D893DAA5 null -1 /coreframe-webponent/myProject/comm/webponent.comm.common.js NO-BLD
18/11/19 17:41:28.530 166 W1 <U> GUEST 7D631AD32F252DB7B2A93750D893DAA5 null -1 /coreframe-webponent/myProject/webponent.chart.js NO-BLD
18/11/19 17:41:28.541 164 W1 <U> GUEST 7D631AD32F252DB7B2A93750D893DAA5 null -1 /coreframe-webponent/myProject/webponent.visual.pie.js NO-BLD
18/11/19 17:55:15.924 212 W1 <U> GUEST 7D631AD32F252DB7B2A93750D893DAA5 null -1 /coreframe-webponent/myProject/list.jsp NO-BLD
18/11/19 17:55:15.996 213 W1 <U> GUEST 7D631AD32F252DB7B2A93750D893DAA5 null -1 /coreframe-webponent/myProject/jquery.js NO-BLD
18/11/19 17:55:16.045 215 W1 <U> GUEST 7D631AD32F252DB7B2A93750D893DAA5 null -1 /coreframe-webponent/myProject/webponent.visual.pie.js NO-BLD
18/11/19 17:55:16.047 211 W1 <U> GUEST 7D631AD32F252DB7B2A93750D893DAA5 null -1 /coreframe-webponent/myProject/comm/webponent.comm.common.js NO-BLD
18/11/19 17:55:16.048 208 W1 <U> GUEST 7D631AD32F252DB7B2A93750D893DAA5 null -1 /coreframe-webponent/myProject/webponent.chart.js NO-BLD
18/11/19 17:55:16.063 208 W1 <U> GUEST 7D631AD32F252DB7B2A93750D893DAA5 null -1 /coreframe-webponent/myProject/jquery.js NO-BLD
18/11/19 17:55:16.107 210 W1 <U> GUEST 7D631AD32F252DB7B2A93750D893DAA5 null -1 /coreframe-webponent/myProject/raphael.js NO-BLD
18/11/19 17:55:16.221 211 W1 <U> GUEST 7D631AD32F252DB7B2A93750D893DAA5 null -1 /coreframe-webponent/myProject/comm/webponent.comm.common.js NO-BLD
18/11/19 17:55:16.231 212 W1 <U> GUEST 7D631AD32F252DB7B2A93750D893DAA5 null -1 /coreframe-webponent/myProject/webponent.chart.js NO-BLD
18/11/19 17:55:16.232 214 W1 <U> GUEST 7D631AD32F252DB7B2A93750D893DAA5 null -1 /coreframe-webponent/myProject/webponent.visual.pie.js NO-BLD
18/11/19 17:55:24.917 211 W1 <U> GUEST 7D631AD32F252DB7B2A93750D893DAA5 null -1 /coreframe-webponent/myProject/list.jsp NO-BLD
18/11/19 17:55:24.969 214 W1 <U> GUEST 7D631AD32F252DB7B2A93750D893DAA5 null -1 /coreframe-webponent/myProject/jquery.js NO-BLD
18/11/19 17:55:24.969 214 W1 <U> GUEST 7D631AD32F252DB7B2A93750D893DAA5 null -1 /coreframe-webponent/myProject/comm/webponent.comm.common.js NO-BLD
18/11/19 17:55:24.994 215 W1 <U> GUEST 7D631AD32F252DB7B2A93750D893DAA5 null -1 /coreframe-webponent/myProject/webponent.chart.js NO-BLD
18/11/19 17:55:24.994 215 W1 <U> GUEST 7D631AD32F252DB7B2A93750D893DAA5 null -1 /coreframe-webponent/myProject/webponent.visual.pie.js NO-BLD
18/11/19 17:55:25.023 209 W1 <U> GUEST 7D631AD32F252DB7B2A93750D893DAA5 null -1 /coreframe-webponent/myProject/raphael.js NO-BLD
18/11/19 17:55:25.121 209 W1 <U> GUEST 7D631AD32F252DB7B2A93750D893DAA5 null -1 /coreframe-webponent/myProject/comm/webponent.comm.common.js NO-BLD
18/11/19 17:55:25.154 212 W1 <U> GUEST 7D631AD32F252DB7B2A93750D893DAA5 null -1 /coreframe-webponent/myProject/webponent.chart.js NO-BLD
18/11/19 17:55:25.171 213 W1 <U> GUEST 7D631AD32F252DB7B2A93750D893DAA5 null -1 /coreframe-webponent/myProject/webponent.visual.pie.js NO-BLD
18/11/19 18:01:18.992 210 W1 <U> GUEST 7D631AD32F252DB7B2A93750D893DAA5 null -1 /coreframe-webponent/myProject/list.jsp NO-BLD
18/11/19 18:01:19.062 215 W1 <U> GUEST 7D631AD32F252DB7B2A93750D893DAA5 null -1 /coreframe-webponent/myProject/jquery.js NO-BLD
18/11/19 18:01:19.086 212 W1 <U> GUEST 7D631AD32F252DB7B2A93750D893DAA5 null -1 /coreframe-webponent/myProject/webponent.chart.js NO-BLD
18/11/19 18:01:19.086 212 W1 <U> GUEST 7D631AD32F252DB7B2A93750D893DAA5 null -1 /coreframe-webponent/myProject/comm/webponent.comm.common.js NO-BLD
18/11/19 18:01:19.086 212 W1 <U> GUEST 7D631AD32F252DB7B2A93750D893DAA5 null -1 /coreframe-webponent/myProject/webponent.visual.pie.js NO-BLD
18/11/19 18:01:19.131 212 W1 <U> GUEST 7D631AD32F252DB7B2A93750D893DAA5 null -1 /coreframe-webponent/myProject/raphael.js NO-BLD
18/11/19 18:01:19.221 212 W1 <U> GUEST 7D631AD32F252DB7B2A93750D893DAA5 null -1 /coreframe-webponent/myProject/comm/webponent.comm.common.js NO-BLD
18/11/19 18:01:19.248 215 W1 <U> GUEST 7D631AD32F252DB7B2A93750D893DAA5 null -1 /coreframe-webponent/myProject/webponent.chart.js NO-BLD
18/11/19 18:01:19.263 210 W1 <U> GUEST 7D631AD32F252DB7B2A93750D893DAA5 null -1 /coreframe-webponent/myProject/webponent.visual.pie.js NO-BLD
18/11/19 18:01:19.347 209 W1 <U> GUEST 7D631AD32F252DB7B2A93750D893DAA5 null -1 /coreframe-webponent/myProject/list.jsp NO-BLD
18/11/19 18:01:19.383 215 W1 <U> GUEST 7D631AD32F252DB7B2A93750D893DAA5 null -1 /coreframe-webponent/myProject/jquery.js NO-BLD
18/11/19 18:01:19.397 208 W1 <U> GUEST 7D631AD32F252DB7B2A93750D893DAA5 null -1 /coreframe-webponent/myProject/comm/webponent.comm.common.js NO-BLD
18/11/19 18:01:19.397 208 W1 <U> GUEST 7D631AD32F252DB7B2A93750D893DAA5 null -1 /coreframe-webponent/myProject/webponent.visual.pie.js NO-BLD
18/11/19 18:01:19.419 210 W1 <U> GUEST 7D631AD32F252DB7B2A93750D893DAA5 null -1 /coreframe-webponent/myProject/list.jsp NO-BLD
18/11/19 18:01:19.419 210 W1 <U> GUEST 7D631AD32F252DB7B2A93750D893DAA5 null -1 /coreframe-webponent/myProject/webponent.chart.js NO-BLD
18/11/19 18:01:19.449 210 W1 <U> GUEST 7D631AD32F252DB7B2A93750D893DAA5 null -1 /coreframe-webponent/myProject/raphael.js NO-BLD
18/11/19 18:01:19.528 211 W1 <U> GUEST 7D631AD32F252DB7B2A93750D893DAA5 null -1 /coreframe-webponent/myProject/jquery.js NO-BLD
18/11/19 18:01:19.528 211 W1 <U> GUEST 7D631AD32F252DB7B2A93750D893DAA5 null -1 /coreframe-webponent/myProject/comm/webponent.comm.common.js NO-BLD
18/11/19 18:01:19.528 211 W1 <U> GUEST 7D631AD32F252DB7B2A93750D893DAA5 null -1 /coreframe-webponent/myProject/webponent.chart.js NO-BLD
18/11/19 18:01:19.544 210 W1 <U> GUEST 7D631AD32F252DB7B2A93750D893DAA5 null -1 /coreframe-webponent/myProject/webponent.visual.pie.js NO-BLD
18/11/19 18:01:19.584 209 W1 <U> GUEST 7D631AD32F252DB7B2A93750D893DAA5 null -1 /coreframe-webponent/myProject/raphael.js NO-BLD
18/11/19 18:01:19.584 209 W1 <U> GUEST 7D631AD32F252DB7B2A93750D893DAA5 null -1 /coreframe-webponent/myProject/jquery.js NO-BLD
18/11/19 18:01:19.705 212 W1 <U> GUEST 7D631AD32F252DB7B2A93750D893DAA5 null -1 /coreframe-webponent/myProject/comm/webponent.comm.common.js NO-BLD
18/11/19 18:01:19.774 208 W1 <U> GUEST 7D631AD32F252DB7B2A93750D893DAA5 null -1 /coreframe-webponent/myProject/webponent.chart.js NO-BLD
18/11/19 18:01:19.801 209 W1 <U> GUEST 7D631AD32F252DB7B2A93750D893DAA5 null -1 /coreframe-webponent/myProject/webponent.visual.pie.js NO-BLD
18/11/19 18:26:46.927 213 W1 <U> GUEST 7D631AD32F252DB7B2A93750D893DAA5 null -1 /coreframe-webponent/myProject/list.jsp NO-BLD
18/11/19 18:26:46.987 208 W1 <U> GUEST 7D631AD32F252DB7B2A93750D893DAA5 null -1 /coreframe-webponent/myProject/webponent.visual.pie.js NO-BLD
18/11/19 18:26:47.000 212 W1 <U> GUEST 7D631AD32F252DB7B2A93750D893DAA5 null -1 /coreframe-webponent/myProject/webponent.chart.js NO-BLD
18/11/19 18:26:47.000 212 W1 <U> GUEST 7D631AD32F252DB7B2A93750D893DAA5 null -1 /coreframe-webponent/myProject/jquery.js NO-BLD
18/11/19 18:26:47.000 212 W1 <U> GUEST 7D631AD32F252DB7B2A93750D893DAA5 null -1 /coreframe-webponent/myProject/comm/webponent.comm.common.js NO-BLD
18/11/19 18:26:47.069 212 W1 <U> GUEST 7D631AD32F252DB7B2A93750D893DAA5 null -1 /coreframe-webponent/myProject/raphael.js NO-BLD
18/11/19 18:26:47.196 209 W1 <U> GUEST 7D631AD32F252DB7B2A93750D893DAA5 null -1 /coreframe-webponent/myProject/comm/webponent.comm.common.js NO-BLD
18/11/19 18:26:47.216 215 W1 <U> GUEST 7D631AD32F252DB7B2A93750D893DAA5 null -1 /coreframe-webponent/myProject/webponent.chart.js NO-BLD
18/11/19 18:26:47.249 210 W1 <U> GUEST 7D631AD32F252DB7B2A93750D893DAA5 null -1 /coreframe-webponent/myProject/webponent.visual.pie.js NO-BLD
18/11/19 18:26:56.932 208 W1 <U> GUEST 7D631AD32F252DB7B2A93750D893DAA5 null -1 /coreframe-webponent/myProject/list.jsp NO-BLD
18/11/19 18:26:56.994 210 W1 <U> GUEST 7D631AD32F252DB7B2A93750D893DAA5 null -1 /coreframe-webponent/myProject/jquery.js NO-BLD
18/11/19 18:26:56.996 215 W1 <U> GUEST 7D631AD32F252DB7B2A93750D893DAA5 null -1 /coreframe-webponent/myProject/webponent.visual.pie.js NO-BLD
18/11/19 18:26:57.003 212 W1 <U> GUEST 7D631AD32F252DB7B2A93750D893DAA5 null -1 /coreframe-webponent/myProject/comm/webponent.comm.common.js NO-BLD
18/11/19 18:26:57.011 209 W1 <U> GUEST 7D631AD32F252DB7B2A93750D893DAA5 null -1 /coreframe-webponent/myProject/webponent.chart.js NO-BLD
18/11/19 18:26:57.051 215 W1 <U> GUEST 7D631AD32F252DB7B2A93750D893DAA5 null -1 /coreframe-webponent/myProject/raphael.js NO-BLD
18/11/19 18:26:57.162 215 W1 <U> GUEST 7D631AD32F252DB7B2A93750D893DAA5 null -1 /coreframe-webponent/myProject/comm/webponent.comm.common.js NO-BLD
18/11/19 18:26:57.199 212 W1 <U> GUEST 7D631AD32F252DB7B2A93750D893DAA5 null -1 /coreframe-webponent/myProject/list.jsp NO-BLD
18/11/19 18:26:57.276 208 W1 <U> GUEST 7D631AD32F252DB7B2A93750D893DAA5 null -1 /coreframe-webponent/myProject/webponent.chart.js NO-BLD
18/11/19 18:26:57.394 210 W1 <U> GUEST 7D631AD32F252DB7B2A93750D893DAA5 null -1 /coreframe-webponent/myProject/list.jsp NO-BLD
18/11/19 18:26:57.394 210 W1 <U> GUEST 7D631AD32F252DB7B2A93750D893DAA5 null -1 /coreframe-webponent/myProject/jquery.js NO-BLD
18/11/19 18:26:57.394 211 W1 <U> GUEST 7D631AD32F252DB7B2A93750D893DAA5 null -1 /coreframe-webponent/myProject/webponent.visual.pie.js NO-BLD
18/11/19 18:26:57.394 211 W1 <U> GUEST 7D631AD32F252DB7B2A93750D893DAA5 null -1 /coreframe-webponent/myProject/comm/webponent.comm.common.js NO-BLD
18/11/19 18:26:57.394 211 W1 <U> GUEST 7D631AD32F252DB7B2A93750D893DAA5 null -1 /coreframe-webponent/myProject/webponent.chart.js NO-BLD
18/11/19 18:26:57.403 210 W1 <U> GUEST 7D631AD32F252DB7B2A93750D893DAA5 null -1 /coreframe-webponent/myProject/jquery.js NO-BLD
18/11/19 18:26:57.417 212 W1 <U> GUEST 7D631AD32F252DB7B2A93750D893DAA5 null -1 /coreframe-webponent/myProject/raphael.js NO-BLD
18/11/19 18:26:57.438 209 W1 <U> GUEST 7D631AD32F252DB7B2A93750D893DAA5 null -1 /coreframe-webponent/myProject/webponent.chart.js NO-BLD
18/11/19 18:26:57.438 208 W1 <U> GUEST 7D631AD32F252DB7B2A93750D893DAA5 null -1 /coreframe-webponent/myProject/comm/webponent.comm.common.js NO-BLD
18/11/19 18:26:57.454 211 W1 <U> GUEST 7D631AD32F252DB7B2A93750D893DAA5 null -1 /coreframe-webponent/myProject/webponent.visual.pie.js NO-BLD
18/11/19 18:26:57.486 211 W1 <U> GUEST 7D631AD32F252DB7B2A93750D893DAA5 null -1 /coreframe-webponent/myProject/list.jsp NO-BLD
18/11/19 18:26:57.495 210 W1 <U> GUEST 7D631AD32F252DB7B2A93750D893DAA5 null -1 /coreframe-webponent/myProject/list.jsp NO-BLD
18/11/19 18:26:57.520 208 W1 <U> GUEST 7D631AD32F252DB7B2A93750D893DAA5 null -1 /coreframe-webponent/myProject/raphael.js NO-BLD
18/11/19 18:26:57.604 210 W1 <U> GUEST 7D631AD32F252DB7B2A93750D893DAA5 null -1 /coreframe-webponent/myProject/jquery.js NO-BLD
18/11/19 18:26:57.678 214 W1 <U> GUEST 7D631AD32F252DB7B2A93750D893DAA5 null -1 /coreframe-webponent/myProject/comm/webponent.comm.common.js NO-BLD
18/11/19 18:26:57.678 214 W1 <U> GUEST 7D631AD32F252DB7B2A93750D893DAA5 null -1 /coreframe-webponent/myProject/webponent.chart.js NO-BLD
18/11/19 18:26:57.678 214 W1 <U> GUEST 7D631AD32F252DB7B2A93750D893DAA5 null -1 /coreframe-webponent/myProject/webponent.visual.pie.js NO-BLD
18/11/19 18:26:57.742 212 W1 <U> GUEST 7D631AD32F252DB7B2A93750D893DAA5 null -1 /coreframe-webponent/myProject/raphael.js NO-BLD
18/11/19 18:26:57.763 209 W1 <U> GUEST 7D631AD32F252DB7B2A93750D893DAA5 null -1 /coreframe-webponent/myProject/list.jsp NO-BLD
18/11/19 18:26:57.763 209 W1 <U> GUEST 7D631AD32F252DB7B2A93750D893DAA5 null -1 /coreframe-webponent/myProject/list.jsp NO-BLD
18/11/19 18:26:57.881 212 W1 <U> GUEST 7D631AD32F252DB7B2A93750D893DAA5 null -1 /coreframe-webponent/myProject/comm/webponent.comm.common.js NO-BLD
18/11/19 18:26:57.993 212 W1 <U> GUEST 7D631AD32F252DB7B2A93750D893DAA5 null -1 /coreframe-webponent/myProject/jquery.js NO-BLD
18/11/19 18:26:58.029 213 W1 <U> GUEST 7D631AD32F252DB7B2A93750D893DAA5 null -1 /coreframe-webponent/myProject/webponent.chart.js NO-BLD
18/11/19 18:26:58.030 213 W1 <U> GUEST 7D631AD32F252DB7B2A93750D893DAA5 null -1 /coreframe-webponent/myProject/comm/webponent.comm.common.js NO-BLD
18/11/19 18:26:58.030 213 W1 <U> GUEST 7D631AD32F252DB7B2A93750D893DAA5 null -1 /coreframe-webponent/myProject/webponent.visual.pie.js NO-BLD
18/11/19 18:26:58.097 214 W1 <U> GUEST 7D631AD32F252DB7B2A93750D893DAA5 null -1 /coreframe-webponent/myProject/raphael.js NO-BLD
18/11/19 18:26:58.216 208 W1 <U> GUEST 7D631AD32F252DB7B2A93750D893DAA5 null -1 /coreframe-webponent/myProject/comm/webponent.comm.common.js NO-BLD
18/11/19 18:26:58.251 212 W1 <U> GUEST 7D631AD32F252DB7B2A93750D893DAA5 null -1 /coreframe-webponent/myProject/webponent.chart.js NO-BLD
18/11/19 18:26:58.253 214 W1 <U> GUEST 7D631AD32F252DB7B2A93750D893DAA5 null -1 /coreframe-webponent/myProject/webponent.visual.pie.js NO-BLD
18/11/19 18:27:41.943 211 W1 <U> GUEST 7D631AD32F252DB7B2A93750D893DAA5 null -1 /coreframe-webponent/myProject/list.jsp NO-BLD
18/11/19 18:27:42.115 213 W1 <U> GUEST 7D631AD32F252DB7B2A93750D893DAA5 null -1 /coreframe-webponent/myProject/raphael.js NO-BLD
18/11/19 18:27:42.115 213 W1 <U> GUEST 7D631AD32F252DB7B2A93750D893DAA5 null -1 /coreframe-webponent/myProject/webponent.chart.js NO-BLD
18/11/19 18:27:42.115 213 W1 <U> GUEST 7D631AD32F252DB7B2A93750D893DAA5 null -1 /coreframe-webponent/myProject/webponent.visual.pie.js NO-BLD
18/11/19 18:27:42.115 213 W1 <U> GUEST 7D631AD32F252DB7B2A93750D893DAA5 null -1 /coreframe-webponent/myProject/comm/webponent.comm.common.js NO-BLD
18/11/19 18:27:42.465 212 W1 <U> GUEST 7D631AD32F252DB7B2A93750D893DAA5 null -1 /coreframe-webponent/myProject/js/jquery.js NO-BLD
18/11/19 18:27:42.627 210 W1 <U> GUEST 7D631AD32F252DB7B2A93750D893DAA5 null -1 /coreframe-webponent/myProject/comm/webponent.comm.common.js NO-BLD
18/11/19 18:27:42.691 210 W1 <U> GUEST 7D631AD32F252DB7B2A93750D893DAA5 null -1 /coreframe-webponent/myProject/webponent.chart.js NO-BLD
18/11/19 18:27:42.699 215 W1 <U> GUEST 7D631AD32F252DB7B2A93750D893DAA5 null -1 /coreframe-webponent/myProject/webponent.visual.pie.js NO-BLD
18/11/19 18:27:46.619 214 W1 <U> GUEST 7D631AD32F252DB7B2A93750D893DAA5 null -1 /coreframe-webponent/myProject/list.jsp NO-BLD
18/11/19 18:27:46.661 215 W1 <U> GUEST 7D631AD32F252DB7B2A93750D893DAA5 null -1 /coreframe-webponent/myProject/webponent.visual.pie.js NO-BLD
18/11/19 18:27:46.679 213 W1 <U> GUEST 7D631AD32F252DB7B2A93750D893DAA5 null -1 /coreframe-webponent/myProject/comm/webponent.comm.common.js NO-BLD
18/11/19 18:27:46.679 213 W1 <U> GUEST 7D631AD32F252DB7B2A93750D893DAA5 null -1 /coreframe-webponent/myProject/webponent.chart.js NO-BLD
18/11/19 18:27:46.827 214 W1 <U> GUEST 7D631AD32F252DB7B2A93750D893DAA5 null -1 /coreframe-webponent/myProject/js/jquery.js NO-BLD
18/11/19 18:27:46.914 214 W1 <U> GUEST 7D631AD32F252DB7B2A93750D893DAA5 null -1 /coreframe-webponent/myProject/raphael.js NO-BLD
18/11/19 18:27:47.116 208 W1 <U> GUEST 7D631AD32F252DB7B2A93750D893DAA5 null -1 /coreframe-webponent/myProject/comm/webponent.comm.common.js NO-BLD
18/11/19 18:27:47.207 214 W1 <U> GUEST 7D631AD32F252DB7B2A93750D893DAA5 null -1 /coreframe-webponent/myProject/webponent.chart.js NO-BLD
18/11/19 18:27:47.207 214 W1 <U> GUEST 7D631AD32F252DB7B2A93750D893DAA5 null -1 /coreframe-webponent/myProject/webponent.visual.pie.js NO-BLD
18/11/19 18:27:56.216 212 W1 <U> GUEST 7D631AD32F252DB7B2A93750D893DAA5 null -1 /coreframe-webponent/myProject/list.jsp NO-BLD
18/11/19 18:27:56.327 211 W1 <U> GUEST 7D631AD32F252DB7B2A93750D893DAA5 null -1 /coreframe-webponent/myProject/webponent.visual.pie.js NO-BLD
18/11/19 18:27:56.327 211 W1 <U> GUEST 7D631AD32F252DB7B2A93750D893DAA5 null -1 /coreframe-webponent/myProject/comm/webponent.comm.common.js NO-BLD
18/11/19 18:27:56.327 211 W1 <U> GUEST 7D631AD32F252DB7B2A93750D893DAA5 null -1 /coreframe-webponent/myProject/webponent.chart.js NO-BLD
18/11/19 18:27:56.365 215 W1 <U> GUEST 7D631AD32F252DB7B2A93750D893DAA5 null -1 /coreframe-webponent/myProject/js/jquery.js NO-BLD
18/11/19 18:27:56.413 209 W1 <U> GUEST 7D631AD32F252DB7B2A93750D893DAA5 null -1 /coreframe-webponent/myProject/raphael.js NO-BLD
18/11/19 18:27:56.566 213 W1 <U> GUEST 7D631AD32F252DB7B2A93750D893DAA5 null -1 /coreframe-webponent/myProject/comm/webponent.comm.common.js NO-BLD
18/11/19 18:27:56.615 214 W1 <U> GUEST 7D631AD32F252DB7B2A93750D893DAA5 null -1 /coreframe-webponent/myProject/webponent.chart.js NO-BLD
18/11/19 18:27:56.619 208 W1 <U> GUEST 7D631AD32F252DB7B2A93750D893DAA5 null -1 /coreframe-webponent/myProject/webponent.visual.pie.js NO-BLD
18/11/19 18:29:59.395 210 W1 <U> GUEST 7D631AD32F252DB7B2A93750D893DAA5 null -1 /coreframe-webponent/myProject/list.jsp NO-BLD
18/11/19 18:29:59.561 212 W1 <U> GUEST 7D631AD32F252DB7B2A93750D893DAA5 null -1 /coreframe-webponent/myProject/comm/webponent.comm.common.js NO-BLD
18/11/19 18:29:59.564 212 W1 <U> GUEST 7D631AD32F252DB7B2A93750D893DAA5 null -1 /coreframe-webponent/myProject/webponent.chart.js NO-BLD
18/11/19 18:29:59.601 214 W1 <U> GUEST 7D631AD32F252DB7B2A93750D893DAA5 null -1 /coreframe-webponent/myProject/js/jquery.js NO-BLD
18/11/19 18:29:59.601 214 W1 <U> GUEST 7D631AD32F252DB7B2A93750D893DAA5 null -1 /coreframe-webponent/myProject/webponent.visual.pie.js NO-BLD
18/11/19 18:29:59.640 213 W1 <U> GUEST 7D631AD32F252DB7B2A93750D893DAA5 null -1 /coreframe-webponent/myProject/list.jsp NO-BLD
18/11/19 18:29:59.719 208 W1 <U> GUEST 7D631AD32F252DB7B2A93750D893DAA5 null -1 /coreframe-webponent/myProject/raphael.js NO-BLD
18/11/19 18:29:59.738 213 W1 <U> GUEST 7D631AD32F252DB7B2A93750D893DAA5 null -1 /coreframe-webponent/myProject/list.jsp NO-BLD
18/11/19 18:29:59.840 209 W1 <U> GUEST 7D631AD32F252DB7B2A93750D893DAA5 null -1 /coreframe-webponent/myProject/comm/webponent.comm.common.js NO-BLD
18/11/19 18:29:59.847 212 W1 <U> GUEST 7D631AD32F252DB7B2A93750D893DAA5 null -1 /coreframe-webponent/myProject/webponent.chart.js NO-BLD
18/11/19 18:29:59.847 212 W1 <U> GUEST 7D631AD32F252DB7B2A93750D893DAA5 null -1 /coreframe-webponent/myProject/webponent.visual.pie.js NO-BLD
18/11/19 18:29:59.880 213 W1 <U> GUEST 7D631AD32F252DB7B2A93750D893DAA5 null -1 /coreframe-webponent/myProject/js/jquery.js NO-BLD
18/11/19 18:30:00.024 210 W1 <U> GUEST 7D631AD32F252DB7B2A93750D893DAA5 null -1 /coreframe-webponent/myProject/raphael.js NO-BLD
18/11/19 18:30:00.164 208 W1 <U> GUEST 7D631AD32F252DB7B2A93750D893DAA5 null -1 /coreframe-webponent/myProject/comm/webponent.comm.common.js NO-BLD
18/11/19 18:30:00.225 210 W1 <U> GUEST 7D631AD32F252DB7B2A93750D893DAA5 null -1 /coreframe-webponent/myProject/webponent.chart.js NO-BLD
18/11/19 18:30:00.225 210 W1 <U> GUEST 7D631AD32F252DB7B2A93750D893DAA5 null -1 /coreframe-webponent/myProject/webponent.visual.pie.js NO-BLD
18/11/19 18:30:27.622 213 W1 <U> GUEST 7D631AD32F252DB7B2A93750D893DAA5 null -1 /coreframe-webponent/myProject/list.jsp NO-BLD
18/11/19 18:30:27.622 213 W1 <U> GUEST 7D631AD32F252DB7B2A93750D893DAA5 null -1 /coreframe-webponent/myProject/list.jsp NO-BLD
18/11/19 18:30:27.953 210 W1 <U> GUEST 7D631AD32F252DB7B2A93750D893DAA5 null -1 /coreframe-webponent/myProject/comm/webponent.comm.common.js NO-BLD
18/11/19 18:30:27.953 210 W1 <U> GUEST 7D631AD32F252DB7B2A93750D893DAA5 null -1 /coreframe-webponent/myProject/raphael.js NO-BLD
18/11/19 18:30:27.954 210 W1 <U> GUEST 7D631AD32F252DB7B2A93750D893DAA5 null -1 /coreframe-webponent/myProject/webponent.chart.js NO-BLD
18/11/19 18:30:27.954 210 W1 <U> GUEST 7D631AD32F252DB7B2A93750D893DAA5 null -1 /coreframe-webponent/myProject/webponent.visual.pie.js NO-BLD
18/11/19 18:30:28.116 214 W1 <U> GUEST 7D631AD32F252DB7B2A93750D893DAA5 null -1 /coreframe-webponent/myProject/js/jquery.js NO-BLD
18/11/19 18:30:28.344 211 W1 <U> GUEST 7D631AD32F252DB7B2A93750D893DAA5 null -1 /coreframe-webponent/myProject/comm/webponent.comm.common.js NO-BLD
18/11/19 18:30:28.391 215 W1 <U> GUEST 7D631AD32F252DB7B2A93750D893DAA5 null -1 /coreframe-webponent/myProject/webponent.chart.js NO-BLD
18/11/19 18:30:28.396 208 W1 <U> GUEST 7D631AD32F252DB7B2A93750D893DAA5 null -1 /coreframe-webponent/myProject/list.jsp NO-BLD
18/11/19 18:30:28.408 213 W1 <U> GUEST 7D631AD32F252DB7B2A93750D893DAA5 null -1 /coreframe-webponent/myProject/webponent.visual.pie.js NO-BLD
18/11/19 18:30:28.454 214 W1 <U> GUEST 7D631AD32F252DB7B2A93750D893DAA5 null -1 /coreframe-webponent/myProject/comm/webponent.comm.common.js NO-BLD
18/11/19 18:30:28.454 214 W1 <U> GUEST 7D631AD32F252DB7B2A93750D893DAA5 null -1 /coreframe-webponent/myProject/webponent.chart.js NO-BLD
18/11/19 18:30:28.454 214 W1 <U> GUEST 7D631AD32F252DB7B2A93750D893DAA5 null -1 /coreframe-webponent/myProject/webponent.visual.pie.js NO-BLD
18/11/19 18:30:28.489 215 W1 <U> GUEST 7D631AD32F252DB7B2A93750D893DAA5 null -1 /coreframe-webponent/myProject/js/jquery.js NO-BLD
18/11/19 18:30:28.511 208 W1 <U> GUEST 7D631AD32F252DB7B2A93750D893DAA5 null -1 /coreframe-webponent/myProject/raphael.js NO-BLD
18/11/19 18:30:28.771 215 W1 <U> GUEST 7D631AD32F252DB7B2A93750D893DAA5 null -1 /coreframe-webponent/myProject/comm/webponent.comm.common.js NO-BLD
18/11/19 18:30:28.824 210 W1 <U> GUEST 7D631AD32F252DB7B2A93750D893DAA5 null -1 /coreframe-webponent/myProject/webponent.chart.js NO-BLD
18/11/19 18:30:28.824 210 W1 <U> GUEST 7D631AD32F252DB7B2A93750D893DAA5 null -1 /coreframe-webponent/myProject/webponent.visual.pie.js NO-BLD
