18/11/20 10:03:36.882 192 W1 <U> GUEST 7E82B3008724ED88E98BEB8D6977838F null -1 /coreframe-webponent/myProject/list.jsp NO-BLD
18/11/20 10:03:37.485 189 W1 <U> GUEST 7E82B3008724ED88E98BEB8D6977838F null -1 /coreframe-webponent/myProject/webponent.chart.js NO-BLD
18/11/20 10:03:37.485 189 W1 <U> GUEST 7E82B3008724ED88E98BEB8D6977838F null -1 /coreframe-webponent/myProject/comm/webponent.comm.common.js NO-BLD
18/11/20 10:03:37.485 189 W1 <U> GUEST 7E82B3008724ED88E98BEB8D6977838F null -1 /coreframe-webponent/myProject/webponent.visual.pie.js NO-BLD
18/11/20 10:03:37.605 188 W1 <U> GUEST 7E82B3008724ED88E98BEB8D6977838F null -1 /coreframe-webponent/myProject/js/jquery.js NO-BLD
18/11/20 10:03:37.801 190 W1 <U> GUEST 7E82B3008724ED88E98BEB8D6977838F null -1 /coreframe-webponent/myProject/raphael.js NO-BLD
18/11/20 10:03:37.894 190 W1 <U> GUEST 7E82B3008724ED88E98BEB8D6977838F null -1 /coreframe-webponent/myProject/comm/webponent.comm.common.js NO-BLD
18/11/20 10:03:37.999 193 W1 <U> GUEST 7E82B3008724ED88E98BEB8D6977838F null -1 /coreframe-webponent/myProject/webponent.chart.js NO-BLD
18/11/20 10:03:38.040 192 W1 <U> GUEST 7E82B3008724ED88E98BEB8D6977838F null -1 /coreframe-webponent/myProject/webponent.visual.pie.js NO-BLD
18/11/20 10:03:52.309 189 W1 <U> GUEST 7E82B3008724ED88E98BEB8D6977838F null -1 /coreframe-webponent/myProject/list.jsp NO-BLD
18/11/20 10:03:52.366 190 W1 <U> GUEST 7E82B3008724ED88E98BEB8D6977838F null -1 /coreframe-webponent/myProject/jquery.min.js NO-BLD
18/11/20 10:03:52.387 188 W1 <U> GUEST 7E82B3008724ED88E98BEB8D6977838F null -1 /coreframe-webponent/myProject/webponent.chart.js NO-BLD
18/11/20 10:03:52.444 195 W1 <U> GUEST 7E82B3008724ED88E98BEB8D6977838F null -1 /coreframe-webponent/myProject/webponent.visual.pie.js NO-BLD
18/11/20 10:03:52.444 195 W1 <U> GUEST 7E82B3008724ED88E98BEB8D6977838F null -1 /coreframe-webponent/myProject/comm/webponent.comm.common.js NO-BLD
18/11/20 10:03:52.549 192 W1 <U> GUEST 7E82B3008724ED88E98BEB8D6977838F null -1 /coreframe-webponent/myProject/js/jquery.js NO-BLD
18/11/20 10:03:52.628 191 W1 <U> GUEST 7E82B3008724ED88E98BEB8D6977838F null -1 /coreframe-webponent/myProject/raphael.js NO-BLD
18/11/20 10:03:52.722 195 W1 <U> GUEST 7E82B3008724ED88E98BEB8D6977838F null -1 /coreframe-webponent/myProject/comm/webponent.comm.common.js NO-BLD
18/11/20 10:03:52.807 190 W1 <U> GUEST 7E82B3008724ED88E98BEB8D6977838F null -1 /coreframe-webponent/myProject/webponent.chart.js NO-BLD
18/11/20 10:03:52.835 195 W1 <U> GUEST 7E82B3008724ED88E98BEB8D6977838F null -1 /coreframe-webponent/myProject/webponent.visual.pie.js NO-BLD
18/11/20 10:04:21.066 191 W1 <U> GUEST 7E82B3008724ED88E98BEB8D6977838F null -1 /coreframe-webponent/myProject/list.jsp NO-BLD
18/11/20 10:04:58.935 189 W1 <U> GUEST 7E82B3008724ED88E98BEB8D6977838F null -1 /coreframe-webponent/myProject/list.jsp NO-BLD
18/11/20 10:08:02.285 189 W1 <U> GUEST 7E82B3008724ED88E98BEB8D6977838F null -1 /coreframe-webponent/myProject/list.jsp NO-BLD
18/11/20 10:08:08.049 194 W1 <U> GUEST 7E82B3008724ED88E98BEB8D6977838F null -1 /coreframe-webponent/myProject/list.jsp NO-BLD
18/11/20 10:08:38.684 193 W1 <U> GUEST 7E82B3008724ED88E98BEB8D6977838F null -1 /coreframe-webponent/myProject/list.jsp NO-BLD
18/11/20 10:08:39.802 192 W1 <U> GUEST 7E82B3008724ED88E98BEB8D6977838F null -1 /coreframe-webponent/myProject/list.jsp NO-BLD
18/11/20 10:09:05.383 194 W1 <U> GUEST 7E82B3008724ED88E98BEB8D6977838F null -1 /coreframe-webponent/myProject/list.jsp NO-BLD
18/11/20 10:09:06.282 195 W1 <U> GUEST 7E82B3008724ED88E98BEB8D6977838F null -1 /coreframe-webponent/myProject/list.jsp NO-BLD
18/11/20 10:09:06.363 189 W1 <U> GUEST 7E82B3008724ED88E98BEB8D6977838F null -1 /coreframe-webponent/myProject/list.jsp NO-BLD
18/11/20 10:09:06.813 193 W1 <U> GUEST 7E82B3008724ED88E98BEB8D6977838F null -1 /coreframe-webponent/myProject/list.jsp NO-BLD
18/11/20 10:09:06.939 190 W1 <U> GUEST 7E82B3008724ED88E98BEB8D6977838F null -1 /coreframe-webponent/myProject/list.jsp NO-BLD
18/11/20 10:09:07.134 192 W1 <U> GUEST 7E82B3008724ED88E98BEB8D6977838F null -1 /coreframe-webponent/myProject/list.jsp NO-BLD
18/11/20 10:09:32.721 191 W1 <U> GUEST 7E82B3008724ED88E98BEB8D6977838F null -1 /coreframe-webponent/myProject/list.jsp NO-BLD
18/11/20 10:09:33.823 193 W1 <U> GUEST 7E82B3008724ED88E98BEB8D6977838F null -1 /coreframe-webponent/myProject/list.jsp NO-BLD
18/11/20 10:09:34.319 190 W1 <U> GUEST 7E82B3008724ED88E98BEB8D6977838F null -1 /coreframe-webponent/myProject/list.jsp NO-BLD
18/11/20 10:09:34.404 193 W1 <U> GUEST 7E82B3008724ED88E98BEB8D6977838F null -1 /coreframe-webponent/myProject/list.jsp NO-BLD
18/11/20 10:09:34.994 192 W1 <U> GUEST 7E82B3008724ED88E98BEB8D6977838F null -1 /coreframe-webponent/myProject/list.jsp NO-BLD
18/11/20 10:09:35.114 189 W1 <U> GUEST 7E82B3008724ED88E98BEB8D6977838F null -1 /coreframe-webponent/myProject/list.jsp NO-BLD
18/11/20 10:09:35.226 192 W1 <U> GUEST 7E82B3008724ED88E98BEB8D6977838F null -1 /coreframe-webponent/myProject/list.jsp NO-BLD
18/11/20 10:09:35.384 192 W1 <U> GUEST 7E82B3008724ED88E98BEB8D6977838F null -1 /coreframe-webponent/myProject/list.jsp NO-BLD
18/11/20 10:09:37.810 189 W1 <U> GUEST 7E82B3008724ED88E98BEB8D6977838F null -1 /coreframe-webponent/myProject/list.jsp NO-BLD
18/11/20 10:10:36.091 044 W1 <U> GUEST 7E82B3008724ED88E98BEB8D6977838F null -1 /coreframe-webponent/myProject/list.jsp NO-BLD
18/11/20 10:12:36.340 041 W1 <U> GUEST 7E82B3008724ED88E98BEB8D6977838F null -1 /coreframe-webponent/myProject/list.jsp NO-BLD
18/11/20 10:12:36.399 039 W1 <U> GUEST 7E82B3008724ED88E98BEB8D6977838F null -1 /coreframe-webponent/myProject/webponent.licenseKey.js NO-BLD
18/11/20 10:12:37.196 044 W1 <U> GUEST 7E82B3008724ED88E98BEB8D6977838F null -1 /coreframe-webponent/myProject/list.jsp NO-BLD
18/11/20 10:12:38.336 040 W1 <U> GUEST 7E82B3008724ED88E98BEB8D6977838F null -1 /coreframe-webponent/myProject/list.jsp NO-BLD
18/11/20 10:13:48.256 041 W1 <U> GUEST 7E82B3008724ED88E98BEB8D6977838F null -1 /coreframe-webponent/myProject/list.jsp NO-BLD
18/11/20 10:13:48.340 040 W1 <U> GUEST 7E82B3008724ED88E98BEB8D6977838F null -1 /coreframe-webponent/myProject/webponent.licenseKey.js NO-BLD
18/11/20 10:14:17.719 041 W1 <U> GUEST 7E82B3008724ED88E98BEB8D6977838F null -1 /coreframe-webponent/myProject/list.jsp NO-BLD
18/11/20 10:14:17.829 043 W1 <U> GUEST 7E82B3008724ED88E98BEB8D6977838F null -1 /coreframe-webponent/myProject/webponent.licenseKey.js NO-BLD
18/11/20 10:14:18.045 038 W1 <U> GUEST 7E82B3008724ED88E98BEB8D6977838F null -1 /coreframe-webponent/myProject/list.jsp NO-BLD
18/11/20 10:14:18.148 043 W1 <U> GUEST 7E82B3008724ED88E98BEB8D6977838F null -1 /coreframe-webponent/myProject/webponent.licenseKey.js NO-BLD
18/11/20 10:15:32.299 044 W1 <U> GUEST 7E82B3008724ED88E98BEB8D6977838F null -1 /coreframe-webponent/myProject/list.jsp NO-BLD
18/11/20 10:15:32.432 042 W1 <U> GUEST 7E82B3008724ED88E98BEB8D6977838F null -1 /coreframe-webponent/myProject/webponent.licenseKey.js NO-BLD
18/11/20 10:15:33.324 045 W1 <U> GUEST 7E82B3008724ED88E98BEB8D6977838F null -1 /coreframe-webponent/myProject/list.jsp NO-BLD
18/11/20 10:15:33.451 041 W1 <U> GUEST 7E82B3008724ED88E98BEB8D6977838F null -1 /coreframe-webponent/myProject/webponent.licenseKey.js NO-BLD
18/11/20 10:15:34.010 040 W1 <U> GUEST 7E82B3008724ED88E98BEB8D6977838F null -1 /coreframe-webponent/myProject/list.jsp NO-BLD
18/11/20 10:15:34.129 039 W1 <U> GUEST 7E82B3008724ED88E98BEB8D6977838F null -1 /coreframe-webponent/myProject/webponent.licenseKey.js NO-BLD
18/11/20 10:15:34.330 043 W1 <U> GUEST 7E82B3008724ED88E98BEB8D6977838F null -1 /coreframe-webponent/myProject/list.jsp NO-BLD
18/11/20 10:15:34.406 045 W1 <U> GUEST 7E82B3008724ED88E98BEB8D6977838F null -1 /coreframe-webponent/myProject/webponent.licenseKey.js NO-BLD
18/11/20 10:15:34.645 038 W1 <U> GUEST 7E82B3008724ED88E98BEB8D6977838F null -1 /coreframe-webponent/myProject/list.jsp NO-BLD
18/11/20 10:15:34.763 043 W1 <U> GUEST 7E82B3008724ED88E98BEB8D6977838F null -1 /coreframe-webponent/myProject/webponent.licenseKey.js NO-BLD
18/11/20 10:15:35.571 044 W1 <U> GUEST 7E82B3008724ED88E98BEB8D6977838F null -1 /coreframe-webponent/myProject/list.jsp NO-BLD
18/11/20 10:15:35.664 043 W1 <U> GUEST 7E82B3008724ED88E98BEB8D6977838F null -1 /coreframe-webponent/myProject/webponent.licenseKey.js NO-BLD
18/11/20 10:15:35.879 039 W1 <U> GUEST 7E82B3008724ED88E98BEB8D6977838F null -1 /coreframe-webponent/myProject/list.jsp NO-BLD
18/11/20 10:15:35.931 038 W1 <U> GUEST 7E82B3008724ED88E98BEB8D6977838F null -1 /coreframe-webponent/myProject/webponent.licenseKey.js NO-BLD
18/11/20 10:17:46.947 041 W1 <U> GUEST 7E82B3008724ED88E98BEB8D6977838F null -1 /coreframe-webponent/myProject/list.jsp NO-BLD
18/11/20 10:17:47.020 040 W1 <U> GUEST 7E82B3008724ED88E98BEB8D6977838F null -1 /coreframe-webponent/myProject/webponent.licenseKey.js NO-BLD
18/11/20 10:17:47.812 045 W1 <U> GUEST 7E82B3008724ED88E98BEB8D6977838F null -1 /coreframe-webponent/myProject/list.jsp NO-BLD
18/11/20 10:17:47.888 038 W1 <U> GUEST 7E82B3008724ED88E98BEB8D6977838F null -1 /coreframe-webponent/myProject/webponent.licenseKey.js NO-BLD
18/11/20 10:17:48.109 043 W1 <U> GUEST 7E82B3008724ED88E98BEB8D6977838F null -1 /coreframe-webponent/myProject/list.jsp NO-BLD
18/11/20 10:17:48.218 043 W1 <U> GUEST 7E82B3008724ED88E98BEB8D6977838F null -1 /coreframe-webponent/myProject/webponent.licenseKey.js NO-BLD
18/11/20 10:17:48.391 038 W1 <U> GUEST 7E82B3008724ED88E98BEB8D6977838F null -1 /coreframe-webponent/myProject/list.jsp NO-BLD
18/11/20 10:17:48.470 040 W1 <U> GUEST 7E82B3008724ED88E98BEB8D6977838F null -1 /coreframe-webponent/myProject/webponent.licenseKey.js NO-BLD
18/11/20 10:20:34.413 039 W1 <U> GUEST 7E82B3008724ED88E98BEB8D6977838F null -1 /coreframe-webponent/myProject/list.jsp NO-BLD
18/11/20 10:20:34.414 039 W1 <U> GUEST 7E82B3008724ED88E98BEB8D6977838F null -1 /coreframe-webponent/myProject/list.jsp NO-BLD
18/11/20 10:20:34.526 039 W1 <U> GUEST 7E82B3008724ED88E98BEB8D6977838F null -1 /coreframe-webponent/myProject/webponent.licenseKey.js NO-BLD
18/11/20 10:21:10.134 040 W1 <U> GUEST 7E82B3008724ED88E98BEB8D6977838F null -1 /coreframe-webponent/myProject/list.jsp NO-BLD
18/11/20 10:21:10.177 041 W1 <U> GUEST 7E82B3008724ED88E98BEB8D6977838F null -1 /coreframe-webponent/myProject/webponent.licenseKey.js NO-BLD
18/11/20 10:21:26.477 041 W1 <U> GUEST 7E82B3008724ED88E98BEB8D6977838F null -1 /coreframe-webponent/myProject/list.jsp NO-BLD
18/11/20 10:21:26.522 044 W1 <U> GUEST 7E82B3008724ED88E98BEB8D6977838F null -1 /coreframe-webponent/myProject/webponent.licenseKey.js NO-BLD
18/11/20 10:24:18.404 041 W1 <U> GUEST 7E82B3008724ED88E98BEB8D6977838F null -1 /coreframe-webponent/myProject/list.jsp NO-BLD
18/11/20 10:24:18.550 040 W1 <U> GUEST 7E82B3008724ED88E98BEB8D6977838F null -1 /coreframe-webponent/myProject/webponent.licenseKey.js NO-BLD
18/11/20 10:24:19.229 039 W1 <U> GUEST 7E82B3008724ED88E98BEB8D6977838F null -1 /coreframe-webponent/myProject/list.jsp NO-BLD
18/11/20 10:24:19.283 043 W1 <U> GUEST 7E82B3008724ED88E98BEB8D6977838F null -1 /coreframe-webponent/myProject/webponent.licenseKey.js NO-BLD
18/11/20 10:24:19.827 042 W1 <U> GUEST 7E82B3008724ED88E98BEB8D6977838F null -1 /coreframe-webponent/myProject/list.jsp NO-BLD
18/11/20 10:24:19.882 045 W1 <U> GUEST 7E82B3008724ED88E98BEB8D6977838F null -1 /coreframe-webponent/myProject/webponent.licenseKey.js NO-BLD
18/11/20 10:24:20.584 039 W1 <U> GUEST 7E82B3008724ED88E98BEB8D6977838F null -1 /coreframe-webponent/myProject/list.jsp NO-BLD
18/11/20 10:24:20.770 042 W1 <U> GUEST 7E82B3008724ED88E98BEB8D6977838F null -1 /coreframe-webponent/myProject/webponent.licenseKey.js NO-BLD
18/11/20 10:24:20.868 040 W1 <U> GUEST 7E82B3008724ED88E98BEB8D6977838F null -1 /coreframe-webponent/myProject/list.jsp NO-BLD
18/11/20 10:24:20.949 038 W1 <U> GUEST 7E82B3008724ED88E98BEB8D6977838F null -1 /coreframe-webponent/myProject/webponent.licenseKey.js NO-BLD
18/11/20 10:24:20.993 042 W1 <U> GUEST 7E82B3008724ED88E98BEB8D6977838F null -1 /coreframe-webponent/myProject/list.jsp NO-BLD
18/11/20 10:24:21.070 040 W1 <U> GUEST 7E82B3008724ED88E98BEB8D6977838F null -1 /coreframe-webponent/myProject/webponent.licenseKey.js NO-BLD
18/11/20 10:24:27.142 039 W1 <U> GUEST 7E82B3008724ED88E98BEB8D6977838F null -1 /coreframe-webponent/myProject/list.jsp NO-BLD
18/11/20 10:24:27.213 041 W1 <U> GUEST 7E82B3008724ED88E98BEB8D6977838F null -1 /coreframe-webponent/myProject/webponent.licenseKey.js NO-BLD
18/11/20 10:24:43.201 040 W1 <U> GUEST 7E82B3008724ED88E98BEB8D6977838F null -1 /coreframe-webponent/myProject/list.jsp NO-BLD
18/11/20 10:24:43.445 038 W1 <U> GUEST 7E82B3008724ED88E98BEB8D6977838F null -1 /coreframe-webponent/myProject/webponent.licenseKey.js NO-BLD
18/11/20 10:34:39.331 040 W1 <U> GUEST 7E82B3008724ED88E98BEB8D6977838F null -1 /coreframe-webponent/myProject/list.jsp NO-BLD
18/11/20 10:34:39.496 043 W1 <U> GUEST 7E82B3008724ED88E98BEB8D6977838F null -1 /coreframe-webponent/myProject/webponent.licenseKey.js NO-BLD
18/11/20 10:34:39.981 038 W1 <U> GUEST 7E82B3008724ED88E98BEB8D6977838F null -1 /coreframe-webponent/myProject/list.jsp NO-BLD
18/11/20 10:34:40.105 038 W1 <U> GUEST 7E82B3008724ED88E98BEB8D6977838F null -1 /coreframe-webponent/myProject/webponent.licenseKey.js NO-BLD
18/11/20 11:09:00.213 044 W1 <U> GUEST 7E82B3008724ED88E98BEB8D6977838F null -1 /coreframe-webponent/myProject/list.jsp NO-BLD
18/11/20 11:09:00.380 042 W1 <U> GUEST 7E82B3008724ED88E98BEB8D6977838F null -1 /coreframe-webponent/myProject/webponent.licenseKey.js NO-BLD
18/11/20 11:14:24.798 043 W1 <U> GUEST 7E82B3008724ED88E98BEB8D6977838F null -1 /coreframe-webponent/myProject/list.jsp NO-BLD
18/11/20 11:14:25.052 043 W1 <U> GUEST 7E82B3008724ED88E98BEB8D6977838F null -1 /coreframe-webponent/myProject/webponent.licenseKey.js NO-BLD
18/11/20 11:19:00.351 038 W1 <U> GUEST 7E82B3008724ED88E98BEB8D6977838F null -1 /coreframe-webponent/myProject/list.jsp NO-BLD
18/11/20 11:19:00.569 040 W1 <U> GUEST 7E82B3008724ED88E98BEB8D6977838F null -1 /coreframe-webponent/myProject/webponent.licenseKey.js NO-BLD
18/11/20 11:19:01.110 043 W1 <U> GUEST 7E82B3008724ED88E98BEB8D6977838F null -1 /coreframe-webponent/myProject/list.jsp NO-BLD
18/11/20 11:19:01.142 044 W1 <U> GUEST 7E82B3008724ED88E98BEB8D6977838F null -1 /coreframe-webponent/myProject/webponent.licenseKey.js NO-BLD
18/11/20 11:19:02.637 040 W1 <U> GUEST 7E82B3008724ED88E98BEB8D6977838F null -1 /coreframe-webponent/myProject/list.jsp NO-BLD
18/11/20 11:19:02.669 043 W1 <U> GUEST 7E82B3008724ED88E98BEB8D6977838F null -1 /coreframe-webponent/myProject/webponent.licenseKey.js NO-BLD
18/11/20 11:19:36.506 042 W1 <U> GUEST 7E82B3008724ED88E98BEB8D6977838F null -1 /coreframe-webponent/myProject/list.jsp NO-BLD
18/11/20 11:19:36.701 040 W1 <U> GUEST 7E82B3008724ED88E98BEB8D6977838F null -1 /coreframe-webponent/myProject/webponent.licenseKey.js NO-BLD
18/11/20 11:19:48.597 044 W1 <U> GUEST 7E82B3008724ED88E98BEB8D6977838F null -1 /coreframe-webponent/myProject/list.jsp NO-BLD
18/11/20 11:19:48.669 040 W1 <U> GUEST 7E82B3008724ED88E98BEB8D6977838F null -1 /coreframe-webponent/myProject/webponent.licenseKey.js NO-BLD
18/11/20 11:20:52.571 041 W1 <U> GUEST 7E82B3008724ED88E98BEB8D6977838F null -1 /coreframe-webponent/myProject/list.jsp NO-BLD
18/11/20 11:20:52.726 038 W1 <U> GUEST 7E82B3008724ED88E98BEB8D6977838F null -1 /coreframe-webponent/myProject/webponent.licenseKey.js NO-BLD
18/11/20 11:21:04.649 045 W1 <U> GUEST 7E82B3008724ED88E98BEB8D6977838F null -1 /coreframe-webponent/myProject/list.jsp NO-BLD
18/11/20 11:21:04.930 039 W1 <U> GUEST 7E82B3008724ED88E98BEB8D6977838F null -1 /coreframe-webponent/myProject/webponent.licenseKey.js NO-BLD
18/11/20 11:32:07.653 043 W1 <U> GUEST 7E82B3008724ED88E98BEB8D6977838F null -1 /coreframe-webponent/myProject/list.jsp NO-BLD
18/11/20 11:32:07.719 044 W1 <U> GUEST 7E82B3008724ED88E98BEB8D6977838F null -1 /coreframe-webponent/myProject/webponent.licenseKey.js NO-BLD
